<?xml version="1.0" encoding="UTF-8"?>
<!-- Generated by org.testng.reporters.JUnitXMLReporter -->
<testsuite ignored="0" hostname="DESKTOP-7SBKKJ1" failures="17" tests="82" name="PSF" time="832.709" errors="0" timestamp="2024-11-15T15:55:56 IST">
  <testcase classname="PSf_Static_Report.Prelimnary_NPS_report" name="Username" time="1.516"/>
  <testcase classname="PSf_Static_Report.Prelimnary_NPS_report" name="Password" time="1.415"/>
  <testcase classname="PSf_Static_Report.Prelimnary_NPS_report" name="Captcha" time="2.274"/>
  <testcase classname="PSf_Static_Report.Prelimnary_NPS_report" name="SUBMIT_Button" time="2.195"/>
  <testcase classname="PSf_Static_Report.Prelimnary_NPS_report" name="Click_On_PSF" time="44.959"/>
  <testcase classname="PSf_Static_Report.Prelimnary_NPS_report" name="Remove_PouP" time="1.151"/>
  <testcase classname="PSf_Static_Report.Prelimnary_NPS_report" name="Click_On_Static_Reports" time="1.117"/>
  <testcase classname="PSf_Static_Report.Prelimnary_NPS_report" name="Click_On_Preliminary_NPS_Report" time="5.124"/>
  <testcase classname="PSf_Static_Report.Prelimnary_NPS_report" name="Click_On_Workshop" time="27.259">
    <failure type="java.lang.AssertionError" message="No Data Found for Workshop_Wise Tab In Premilinary_NPS_Report For input string: &amp;quot;0%&amp;quot;">
      <![CDATA[java.lang.AssertionError: No Data Found for Workshop_Wise Tab In Premilinary_NPS_Report For input string: "0%"
at PSf_Static_Report.Prelimnary_NPS_report.Click_On_Workshop(Prelimnary_NPS_report.java:227)
at java.base/java.util.ArrayList.forEach(ArrayList.java:1597)
... Removed 26 stack frames]]>
    </failure>
  </testcase> <!-- Click_On_Workshop -->
  <testcase classname="PSf_Static_Report.Prelimnary_NPS_report" name="Click_On_Day_Wise" time="24.771">
    <failure type="java.lang.AssertionError" message="No Data Found for Day_Wise Tab In Premilinary_NPS_Report For input string: &amp;quot;0 %&amp;quot;">
      <![CDATA[java.lang.AssertionError: No Data Found for Day_Wise Tab In Premilinary_NPS_Report For input string: "0 %"
at PSf_Static_Report.Prelimnary_NPS_report.Click_On_Day_Wise(Prelimnary_NPS_report.java:342)
at java.base/java.util.ArrayList.forEach(ArrayList.java:1597)
... Removed 26 stack frames]]>
    </failure>
  </testcase> <!-- Click_On_Day_Wise -->
  <testcase classname="PSf_Static_Report.Prelimnary_NPS_report" name="Click_On_Service_Type_Wise" time="24.767">
    <failure type="java.lang.AssertionError" message="No Data Found for Service_Type_Wise Tab In Premilinary_NPS_Report For input string: &amp;quot;0 %&amp;quot;">
      <![CDATA[java.lang.AssertionError: No Data Found for Service_Type_Wise Tab In Premilinary_NPS_Report For input string: "0 %"
at PSf_Static_Report.Prelimnary_NPS_report.Click_On_Service_Type_Wise(Prelimnary_NPS_report.java:284)
at java.base/java.util.ArrayList.forEach(ArrayList.java:1597)
... Removed 26 stack frames]]>
    </failure>
  </testcase> <!-- Click_On_Service_Type_Wise -->
  <testcase classname="PSf_Static_Report.Prelimnary_NPS_report" name="Comparison_0f_all_Data" time="0.0">
    <failure type="java.lang.AssertionError" message="Compare Percent_Promoter_of_workshopWise_With_dayWise expected [0 %] but found [0%]">
      <![CDATA[java.lang.AssertionError: Compare Percent_Promoter_of_workshopWise_With_dayWise expected [0 %] but found [0%]
at PSf_Static_Report.Prelimnary_NPS_report.Comparison_0f_all_Data(Prelimnary_NPS_report.java:366)
at java.base/java.util.ArrayList.forEach(ArrayList.java:1597)
... Removed 30 stack frames]]>
    </failure>
  </testcase> <!-- Comparison_0f_all_Data -->
  <testcase classname="PSf_Static_Report.Allocation_Rule_Log" name="Username" time="1.314"/>
  <testcase classname="PSf_Static_Report.Allocation_Rule_Log" name="Password" time="1.365"/>
  <testcase classname="PSf_Static_Report.Allocation_Rule_Log" name="Captcha" time="2.258"/>
  <testcase classname="PSf_Static_Report.Allocation_Rule_Log" name="SUBMIT_Button" time="2.169"/>
  <testcase classname="PSf_Static_Report.Allocation_Rule_Log" name="Click_On_PSF" time="44.449"/>
  <testcase classname="PSf_Static_Report.Allocation_Rule_Log" name="Remove_PouP" time="1.178"/>
  <testcase classname="PSf_Static_Report.Allocation_Rule_Log" name="Click_On_Static_Reports" time="1.086"/>
  <testcase classname="PSf_Static_Report.Allocation_Rule_Log" name="Click_On_Allocation_Rule_Log" time="5.104"/>
  <testcase classname="PSf_Static_Report.Allocation_Rule_Log" name="Data_Check_Of_Allocation_Rule_Log" time="0.047"/>
  <testcase classname="PSf_Static_Report.Complaint_Report" name="Username" time="1.286"/>
  <testcase classname="PSf_Static_Report.Complaint_Report" name="Password" time="1.467"/>
  <testcase classname="PSf_Static_Report.Complaint_Report" name="Captcha" time="2.258"/>
  <testcase classname="PSf_Static_Report.Complaint_Report" name="SUBMIT_Button" time="2.187"/>
  <testcase classname="PSf_Static_Report.Complaint_Report" name="Click_On_PSF" time="24.708"/>
  <testcase classname="PSf_Static_Report.Complaint_Report" name="Remove_PouP" time="1.187"/>
  <testcase classname="PSf_Static_Report.Complaint_Report" name="Click_On_Static_Reports" time="1.116"/>
  <testcase classname="PSf_Static_Report.Complaint_Report" name="Click_On_Complaint_Report" time="5.148"/>
  <testcase classname="PSf_Static_Report.Complaint_Report" name="Click_On_Workshop" time="22.901"/>
  <testcase classname="PSf_Static_Report.Complaint_Report" name="Click_On_Day_Wise" time="22.102"/>
  <testcase classname="PSf_Static_Report.Complaint_Report" name="Click_On_Service_Type_Wise" time="22.091"/>
  <testcase classname="PSf_Static_Report.Complaint_Report" name="Comparison_0f_all_Data" time="0.0"/>
  <testcase classname="PSf_Static_Report.PSF_Last_Attempt_Report" name="Username" time="1.527"/>
  <testcase classname="PSf_Static_Report.PSF_Last_Attempt_Report" name="Password" time="1.567"/>
  <testcase classname="PSf_Static_Report.PSF_Last_Attempt_Report" name="Captcha" time="2.206"/>
  <testcase classname="PSf_Static_Report.PSF_Last_Attempt_Report" name="SUBMIT_Button" time="2.18"/>
  <testcase classname="PSf_Static_Report.PSF_Last_Attempt_Report" name="Click_On_PSF" time="46.02"/>
  <testcase classname="PSf_Static_Report.PSF_Last_Attempt_Report" name="Remove_PouP" time="1.234"/>
  <testcase classname="PSf_Static_Report.PSF_Last_Attempt_Report" name="Click_On_Static_Reports" time="1.098"/>
  <testcase classname="PSf_Static_Report.PSF_Last_Attempt_Report" name="Click_On_Last_Attempt_Report" time="3.094"/>
  <testcase classname="PSf_Static_Report.PSF_Last_Attempt_Report" name="Click_On_Generate" time="16.385"/>
  <testcase classname="PSf_Static_Report.PSF_Last_Attempt_Report" name="Click_On_Workshop" time="3.6"/>
  <testcase classname="PSf_Static_Report.PSF_Last_Attempt_Report" name="Click_On_DayWise" time="21.909"/>
  <testcase classname="PSf_Static_Report.PSF_Last_Attempt_Report" name="Click_On_Service_Type_Wise" time="21.958"/>
  <testcase classname="PSf_Static_Report.PSF_Last_Attempt_Report" name="Comparison_0f_all_Data" time="0.0">
    <failure type="java.lang.AssertionError" message="Compare Psf_Calibration_done_of_workshopWise_With_Service_TypeWise expected [null] but found [12]">
      <![CDATA[java.lang.AssertionError: Compare Psf_Calibration_done_of_workshopWise_With_Service_TypeWise expected [null] but found [12]
at PSf_Static_Report.PSF_Last_Attempt_Report.Comparison_0f_all_Data(PSF_Last_Attempt_Report.java:375)
at java.base/java.util.ArrayList.forEach(ArrayList.java:1597)
... Removed 30 stack frames]]>
    </failure>
  </testcase> <!-- Comparison_0f_all_Data -->
  <testcase classname="PSf_Static_Report.PRF_Report" name="Username" time="1.47"/>
  <testcase classname="PSf_Static_Report.PRF_Report" name="Password" time="1.412"/>
  <testcase classname="PSf_Static_Report.PRF_Report" name="Captcha" time="2.214"/>
  <testcase classname="PSf_Static_Report.PRF_Report" name="SUBMIT_Button" time="2.206"/>
  <testcase classname="PSf_Static_Report.PRF_Report" name="Click_On_PSF" time="22.357"/>
  <testcase classname="PSf_Static_Report.PRF_Report" name="Remove_PouP" time="1.169"/>
  <testcase classname="PSf_Static_Report.PRF_Report" name="Click_On_Static_Reports" time="1.09"/>
  <testcase classname="PSf_Static_Report.PRF_Report" name="Click_On_PRF_Report" time="5.122"/>
  <testcase classname="PSf_Static_Report.PRF_Report" name="Click_On_Workshop" time="26.072">
    <failure type="java.lang.AssertionError" message="No Data Found for Workshop_Wise In PRF_Report : 0">
      <![CDATA[java.lang.AssertionError: No Data Found for Workshop_Wise In PRF_Report : 0
at PSf_Static_Report.PRF_Report.Click_On_Workshop(PRF_Report.java:229)
at java.base/java.util.ArrayList.forEach(ArrayList.java:1597)
... Removed 26 stack frames]]>
    </failure>
  </testcase> <!-- Click_On_Workshop -->
  <testcase classname="PSf_Static_Report.PRF_Report" name="Click_On_Day_Wise" time="22.102">
    <failure type="java.lang.AssertionError" message="No Data Found for Day_Wise In PRF_Report : 0">
      <![CDATA[java.lang.AssertionError: No Data Found for Day_Wise In PRF_Report : 0
at PSf_Static_Report.PRF_Report.Click_On_Day_Wise(PRF_Report.java:308)
at java.base/java.util.ArrayList.forEach(ArrayList.java:1597)
... Removed 26 stack frames]]>
    </failure>
  </testcase> <!-- Click_On_Day_Wise -->
  <testcase classname="PSf_Static_Report.PRF_Report" name="Click_On_Service_Type_Wise" time="22.133">
    <failure type="java.lang.AssertionError" message="No Data Found for Service_Type_Wise In PRF_Report : 0">
      <![CDATA[java.lang.AssertionError: No Data Found for Service_Type_Wise In PRF_Report : 0
at PSf_Static_Report.PRF_Report.Click_On_Service_Type_Wise(PRF_Report.java:385)
at java.base/java.util.ArrayList.forEach(ArrayList.java:1597)
... Removed 26 stack frames]]>
    </failure>
  </testcase> <!-- Click_On_Service_Type_Wise -->
  <testcase classname="PSf_Static_Report.PRF_Report" name="Comparison_0f_all_Data" time="0.0">
    <failure type="java.lang.AssertionError" message="Compare Complaints_closed_Percent_of_workshopWise_With_Service_TypeWise expected [0 %] but found [0%]">
      <![CDATA[java.lang.AssertionError: Compare Complaints_closed_Percent_of_workshopWise_With_Service_TypeWise expected [0 %] but found [0%]
at PSf_Static_Report.PRF_Report.Comparison_0f_all_Data(PRF_Report.java:423)
at java.base/java.util.ArrayList.forEach(ArrayList.java:1597)
... Removed 30 stack frames]]>
    </failure>
  </testcase> <!-- Comparison_0f_all_Data -->
  <testcase classname="PSf_Static_Report.PSF_Calibration_Report" name="Username" time="1.44"/>
  <testcase classname="PSf_Static_Report.PSF_Calibration_Report" name="Password" time="1.496"/>
  <testcase classname="PSf_Static_Report.PSF_Calibration_Report" name="Captcha" time="2.23"/>
  <testcase classname="PSf_Static_Report.PSF_Calibration_Report" name="SUBMIT_Button" time="2.202"/>
  <testcase classname="PSf_Static_Report.PSF_Calibration_Report" name="Click_On_PSF" time="23.384"/>
  <testcase classname="PSf_Static_Report.PSF_Calibration_Report" name="Remove_PouP" time="1.155"/>
  <testcase classname="PSf_Static_Report.PSF_Calibration_Report" name="Click_On_Static_Reports" time="1.104"/>
  <testcase classname="PSf_Static_Report.PSF_Calibration_Report" name="Click_On_PSF_Calibration_Report" time="5.104"/>
  <testcase classname="PSf_Static_Report.PSF_Calibration_Report" name="Click_On_Workshop" time="26.17">
    <failure type="java.lang.AssertionError" message="No Data Found for Workshop_Wise In PSF_Calibration_Reoport : 0">
      <![CDATA[java.lang.AssertionError: No Data Found for Workshop_Wise In PSF_Calibration_Reoport : 0
at PSf_Static_Report.PSF_Calibration_Report.Click_On_Workshop(PSF_Calibration_Report.java:241)
at java.base/java.util.ArrayList.forEach(ArrayList.java:1597)
... Removed 26 stack frames]]>
    </failure>
  </testcase> <!-- Click_On_Workshop -->
  <testcase classname="PSf_Static_Report.PSF_Calibration_Report" name="Click_On_Day_Wise" time="34.541">
    <failure type="org.openqa.selenium.NoSuchElementException" message="no such element: Unable to locate element: {&amp;quot;method&amp;quot;:&amp;quot;xpath&amp;quot;,&amp;quot;selector&amp;quot;:&amp;quot;(//tr[td[contains(., &amp;apos;Total&amp;apos;)]])[1]/td[5]&amp;quot;}
  (Session info: chrome=131.0.6778.69)
For documentation on this error, please visit: https://www.selenium.dev/documentation/webdriver/troubleshooting/errors#no-such-element-exception
Build info: version: &amp;apos;4.21.0&amp;apos;, revision: &amp;apos;79ed462ef4&amp;apos;
System info: os.name: &amp;apos;Windows 11&amp;apos;, os.arch: &amp;apos;amd64&amp;apos;, os.version: &amp;apos;10.0&amp;apos;, java.version: &amp;apos;22.0.1&amp;apos;
Driver info: org.openqa.selenium.chrome.ChromeDriver
Command: [3829d78a238eaed5e8283bf28e7183e6, findElement {using=xpath, value=(//tr[td[contains(., &amp;apos;Total&amp;apos;)]])[1]/td[5]}]
Capabilities {acceptInsecureCerts: false, browserName: chrome, browserVersion: 131.0.6778.69, chrome: {chromedriverVersion: 131.0.6778.69 (77e2244bbcda..., userDataDir: C:\WINDOWS\TEMP\scoped_dir9...}, fedcm:accounts: true, goog:chromeOptions: {debuggerAddress: localhost:61056}, networkConnectionEnabled: false, pageLoadStrategy: normal, platformName: windows, proxy: Proxy(), se:cdp: ws://localhost:61056/devtoo..., se:cdpVersion: 131.0.6778.69, setWindowRect: true, strictFileInteractability: false, timeouts: {implicit: 0, pageLoad: 300000, script: 30000}, unhandledPromptBehavior: dismiss and notify, webauthn:extension:credBlob: true, webauthn:extension:largeBlob: true, webauthn:extension:minPinLength: true, webauthn:extension:prf: true, webauthn:virtualAuthenticators: true}
Session ID: 3829d78a238eaed5e8283bf28e7183e6">
      <![CDATA[org.openqa.selenium.NoSuchElementException: no such element: Unable to locate element: {"method":"xpath","selector":"(//tr[td[contains(., 'Total')]])[1]/td[5]"}
  (Session info: chrome=131.0.6778.69)
For documentation on this error, please visit: https://www.selenium.dev/documentation/webdriver/troubleshooting/errors#no-such-element-exception
Build info: version: '4.21.0', revision: '79ed462ef4'
System info: os.name: 'Windows 11', os.arch: 'amd64', os.version: '10.0', java.version: '22.0.1'
Driver info: org.openqa.selenium.chrome.ChromeDriver
Command: [3829d78a238eaed5e8283bf28e7183e6, findElement {using=xpath, value=(//tr[td[contains(., 'Total')]])[1]/td[5]}]
Capabilities {acceptInsecureCerts: false, browserName: chrome, browserVersion: 131.0.6778.69, chrome: {chromedriverVersion: 131.0.6778.69 (77e2244bbcda..., userDataDir: C:\WINDOWS\TEMP\scoped_dir9...}, fedcm:accounts: true, goog:chromeOptions: {debuggerAddress: localhost:61056}, networkConnectionEnabled: false, pageLoadStrategy: normal, platformName: windows, proxy: Proxy(), se:cdp: ws://localhost:61056/devtoo..., se:cdpVersion: 131.0.6778.69, setWindowRect: true, strictFileInteractability: false, timeouts: {implicit: 0, pageLoad: 300000, script: 30000}, unhandledPromptBehavior: dismiss and notify, webauthn:extension:credBlob: true, webauthn:extension:largeBlob: true, webauthn:extension:minPinLength: true, webauthn:extension:prf: true, webauthn:virtualAuthenticators: true}
Session ID: 3829d78a238eaed5e8283bf28e7183e6
at org.openqa.selenium.remote.ErrorCodec.decode(ErrorCodec.java:167)
at org.openqa.selenium.remote.codec.w3c.W3CHttpResponseCodec.decode(W3CHttpResponseCodec.java:138)
at org.openqa.selenium.remote.codec.w3c.W3CHttpResponseCodec.decode(W3CHttpResponseCodec.java:50)
at org.openqa.selenium.remote.HttpCommandExecutor.execute(HttpCommandExecutor.java:190)
at org.openqa.selenium.remote.service.DriverCommandExecutor.invokeExecute(DriverCommandExecutor.java:216)
at org.openqa.selenium.remote.service.DriverCommandExecutor.execute(DriverCommandExecutor.java:174)
at org.openqa.selenium.remote.RemoteWebDriver.execute(RemoteWebDriver.java:518)
at org.openqa.selenium.remote.ElementLocation$ElementFinder$2.findElement(ElementLocation.java:165)
at org.openqa.selenium.remote.ElementLocation.findElement(ElementLocation.java:59)
at org.openqa.selenium.remote.RemoteWebDriver.findElement(RemoteWebDriver.java:355)
at org.openqa.selenium.remote.RemoteWebDriver.findElement(RemoteWebDriver.java:349)
at PSf_Static_Report.PSF_Calibration_Report.Click_On_Day_Wise(PSF_Calibration_Report.java:268)
at java.base/java.util.ArrayList.forEach(ArrayList.java:1597)
... Removed 28 stack frames]]>
    </failure>
  </testcase> <!-- Click_On_Day_Wise -->
  <testcase classname="PSf_Static_Report.PSF_Calibration_Report" name="Click_On_Service_Type_Wise" time="34.488">
    <failure type="org.openqa.selenium.NoSuchElementException" message="no such element: Unable to locate element: {&amp;quot;method&amp;quot;:&amp;quot;xpath&amp;quot;,&amp;quot;selector&amp;quot;:&amp;quot;(//tr[td[contains(., &amp;apos;Total&amp;apos;)]])[1]/td[5]&amp;quot;}
  (Session info: chrome=131.0.6778.69)
For documentation on this error, please visit: https://www.selenium.dev/documentation/webdriver/troubleshooting/errors#no-such-element-exception
Build info: version: &amp;apos;4.21.0&amp;apos;, revision: &amp;apos;79ed462ef4&amp;apos;
System info: os.name: &amp;apos;Windows 11&amp;apos;, os.arch: &amp;apos;amd64&amp;apos;, os.version: &amp;apos;10.0&amp;apos;, java.version: &amp;apos;22.0.1&amp;apos;
Driver info: org.openqa.selenium.chrome.ChromeDriver
Command: [3829d78a238eaed5e8283bf28e7183e6, findElement {using=xpath, value=(//tr[td[contains(., &amp;apos;Total&amp;apos;)]])[1]/td[5]}]
Capabilities {acceptInsecureCerts: false, browserName: chrome, browserVersion: 131.0.6778.69, chrome: {chromedriverVersion: 131.0.6778.69 (77e2244bbcda..., userDataDir: C:\WINDOWS\TEMP\scoped_dir9...}, fedcm:accounts: true, goog:chromeOptions: {debuggerAddress: localhost:61056}, networkConnectionEnabled: false, pageLoadStrategy: normal, platformName: windows, proxy: Proxy(), se:cdp: ws://localhost:61056/devtoo..., se:cdpVersion: 131.0.6778.69, setWindowRect: true, strictFileInteractability: false, timeouts: {implicit: 0, pageLoad: 300000, script: 30000}, unhandledPromptBehavior: dismiss and notify, webauthn:extension:credBlob: true, webauthn:extension:largeBlob: true, webauthn:extension:minPinLength: true, webauthn:extension:prf: true, webauthn:virtualAuthenticators: true}
Session ID: 3829d78a238eaed5e8283bf28e7183e6">
      <![CDATA[org.openqa.selenium.NoSuchElementException: no such element: Unable to locate element: {"method":"xpath","selector":"(//tr[td[contains(., 'Total')]])[1]/td[5]"}
  (Session info: chrome=131.0.6778.69)
For documentation on this error, please visit: https://www.selenium.dev/documentation/webdriver/troubleshooting/errors#no-such-element-exception
Build info: version: '4.21.0', revision: '79ed462ef4'
System info: os.name: 'Windows 11', os.arch: 'amd64', os.version: '10.0', java.version: '22.0.1'
Driver info: org.openqa.selenium.chrome.ChromeDriver
Command: [3829d78a238eaed5e8283bf28e7183e6, findElement {using=xpath, value=(//tr[td[contains(., 'Total')]])[1]/td[5]}]
Capabilities {acceptInsecureCerts: false, browserName: chrome, browserVersion: 131.0.6778.69, chrome: {chromedriverVersion: 131.0.6778.69 (77e2244bbcda..., userDataDir: C:\WINDOWS\TEMP\scoped_dir9...}, fedcm:accounts: true, goog:chromeOptions: {debuggerAddress: localhost:61056}, networkConnectionEnabled: false, pageLoadStrategy: normal, platformName: windows, proxy: Proxy(), se:cdp: ws://localhost:61056/devtoo..., se:cdpVersion: 131.0.6778.69, setWindowRect: true, strictFileInteractability: false, timeouts: {implicit: 0, pageLoad: 300000, script: 30000}, unhandledPromptBehavior: dismiss and notify, webauthn:extension:credBlob: true, webauthn:extension:largeBlob: true, webauthn:extension:minPinLength: true, webauthn:extension:prf: true, webauthn:virtualAuthenticators: true}
Session ID: 3829d78a238eaed5e8283bf28e7183e6
at org.openqa.selenium.remote.ErrorCodec.decode(ErrorCodec.java:167)
at org.openqa.selenium.remote.codec.w3c.W3CHttpResponseCodec.decode(W3CHttpResponseCodec.java:138)
at org.openqa.selenium.remote.codec.w3c.W3CHttpResponseCodec.decode(W3CHttpResponseCodec.java:50)
at org.openqa.selenium.remote.HttpCommandExecutor.execute(HttpCommandExecutor.java:190)
at org.openqa.selenium.remote.service.DriverCommandExecutor.invokeExecute(DriverCommandExecutor.java:216)
at org.openqa.selenium.remote.service.DriverCommandExecutor.execute(DriverCommandExecutor.java:174)
at org.openqa.selenium.remote.RemoteWebDriver.execute(RemoteWebDriver.java:518)
at org.openqa.selenium.remote.ElementLocation$ElementFinder$2.findElement(ElementLocation.java:165)
at org.openqa.selenium.remote.ElementLocation.findElement(ElementLocation.java:59)
at org.openqa.selenium.remote.RemoteWebDriver.findElement(RemoteWebDriver.java:355)
at org.openqa.selenium.remote.RemoteWebDriver.findElement(RemoteWebDriver.java:349)
at PSf_Static_Report.PSF_Calibration_Report.Click_On_Service_Type_Wise(PSF_Calibration_Report.java:357)
at java.base/java.util.ArrayList.forEach(ArrayList.java:1597)
... Removed 28 stack frames]]>
    </failure>
  </testcase> <!-- Click_On_Service_Type_Wise -->
  <testcase classname="PSf_Static_Report.PSF_Calibration_Report" name="Comparison_0f_all_Data" time="0.009">
    <failure type="java.lang.AssertionError" message="Compare Total_PSF_Due_of_workshopWise_With_dayWise expected [null] but found [0]">
      <![CDATA[java.lang.AssertionError: Compare Total_PSF_Due_of_workshopWise_With_dayWise expected [null] but found [0]
at PSf_Static_Report.PSF_Calibration_Report.Comparison_0f_all_Data(PSF_Calibration_Report.java:460)
at java.base/java.util.ArrayList.forEach(ArrayList.java:1597)
... Removed 30 stack frames]]>
    </failure>
  </testcase> <!-- Comparison_0f_all_Data -->
  <testcase classname="PSf_Static_Report.PSF_Due_Analysis" name="Username" time="1.303"/>
  <testcase classname="PSf_Static_Report.PSF_Due_Analysis" name="Password" time="1.584"/>
  <testcase classname="PSf_Static_Report.PSF_Due_Analysis" name="Captcha" time="2.26"/>
  <testcase classname="PSf_Static_Report.PSF_Due_Analysis" name="SUBMIT_Button" time="2.199"/>
  <testcase classname="PSf_Static_Report.PSF_Due_Analysis" name="Click_On_PSF" time="28.606"/>
  <testcase classname="PSf_Static_Report.PSF_Due_Analysis" name="Remove_PouP" time="1.182"/>
  <testcase classname="PSf_Static_Report.PSF_Due_Analysis" name="Click_On_Static_Reports" time="1.094"/>
  <testcase classname="PSf_Static_Report.PSF_Due_Analysis" name="Click_On_PSF_Due_Analysis_Report" time="3.082"/>
  <testcase classname="PSf_Static_Report.PSF_Due_Analysis" name="Click_On_Day_Wise" time="34.435">
    <failure type="org.openqa.selenium.NoSuchElementException" message="no such element: Unable to locate element: {&amp;quot;method&amp;quot;:&amp;quot;xpath&amp;quot;,&amp;quot;selector&amp;quot;:&amp;quot;(//tr[td[contains(., &amp;apos;Total&amp;apos;)]])[1]/td[2]&amp;quot;}
  (Session info: chrome=131.0.6778.69)
For documentation on this error, please visit: https://www.selenium.dev/documentation/webdriver/troubleshooting/errors#no-such-element-exception
Build info: version: &amp;apos;4.21.0&amp;apos;, revision: &amp;apos;79ed462ef4&amp;apos;
System info: os.name: &amp;apos;Windows 11&amp;apos;, os.arch: &amp;apos;amd64&amp;apos;, os.version: &amp;apos;10.0&amp;apos;, java.version: &amp;apos;22.0.1&amp;apos;
Driver info: org.openqa.selenium.chrome.ChromeDriver
Command: [02d9dd638e0bc5042939e8c6b0745e8f, findElement {using=xpath, value=(//tr[td[contains(., &amp;apos;Total&amp;apos;)]])[1]/td[2]}]
Capabilities {acceptInsecureCerts: false, browserName: chrome, browserVersion: 131.0.6778.69, chrome: {chromedriverVersion: 131.0.6778.69 (77e2244bbcda..., userDataDir: C:\WINDOWS\TEMP\scoped_dir2...}, fedcm:accounts: true, goog:chromeOptions: {debuggerAddress: localhost:61187}, networkConnectionEnabled: false, pageLoadStrategy: normal, platformName: windows, proxy: Proxy(), se:cdp: ws://localhost:61187/devtoo..., se:cdpVersion: 131.0.6778.69, setWindowRect: true, strictFileInteractability: false, timeouts: {implicit: 0, pageLoad: 300000, script: 30000}, unhandledPromptBehavior: dismiss and notify, webauthn:extension:credBlob: true, webauthn:extension:largeBlob: true, webauthn:extension:minPinLength: true, webauthn:extension:prf: true, webauthn:virtualAuthenticators: true}
Session ID: 02d9dd638e0bc5042939e8c6b0745e8f">
      <![CDATA[org.openqa.selenium.NoSuchElementException: no such element: Unable to locate element: {"method":"xpath","selector":"(//tr[td[contains(., 'Total')]])[1]/td[2]"}
  (Session info: chrome=131.0.6778.69)
For documentation on this error, please visit: https://www.selenium.dev/documentation/webdriver/troubleshooting/errors#no-such-element-exception
Build info: version: '4.21.0', revision: '79ed462ef4'
System info: os.name: 'Windows 11', os.arch: 'amd64', os.version: '10.0', java.version: '22.0.1'
Driver info: org.openqa.selenium.chrome.ChromeDriver
Command: [02d9dd638e0bc5042939e8c6b0745e8f, findElement {using=xpath, value=(//tr[td[contains(., 'Total')]])[1]/td[2]}]
Capabilities {acceptInsecureCerts: false, browserName: chrome, browserVersion: 131.0.6778.69, chrome: {chromedriverVersion: 131.0.6778.69 (77e2244bbcda..., userDataDir: C:\WINDOWS\TEMP\scoped_dir2...}, fedcm:accounts: true, goog:chromeOptions: {debuggerAddress: localhost:61187}, networkConnectionEnabled: false, pageLoadStrategy: normal, platformName: windows, proxy: Proxy(), se:cdp: ws://localhost:61187/devtoo..., se:cdpVersion: 131.0.6778.69, setWindowRect: true, strictFileInteractability: false, timeouts: {implicit: 0, pageLoad: 300000, script: 30000}, unhandledPromptBehavior: dismiss and notify, webauthn:extension:credBlob: true, webauthn:extension:largeBlob: true, webauthn:extension:minPinLength: true, webauthn:extension:prf: true, webauthn:virtualAuthenticators: true}
Session ID: 02d9dd638e0bc5042939e8c6b0745e8f
at org.openqa.selenium.remote.ErrorCodec.decode(ErrorCodec.java:167)
at org.openqa.selenium.remote.codec.w3c.W3CHttpResponseCodec.decode(W3CHttpResponseCodec.java:138)
at org.openqa.selenium.remote.codec.w3c.W3CHttpResponseCodec.decode(W3CHttpResponseCodec.java:50)
at org.openqa.selenium.remote.HttpCommandExecutor.execute(HttpCommandExecutor.java:190)
at org.openqa.selenium.remote.service.DriverCommandExecutor.invokeExecute(DriverCommandExecutor.java:216)
at org.openqa.selenium.remote.service.DriverCommandExecutor.execute(DriverCommandExecutor.java:174)
at org.openqa.selenium.remote.RemoteWebDriver.execute(RemoteWebDriver.java:518)
at org.openqa.selenium.remote.ElementLocation$ElementFinder$2.findElement(ElementLocation.java:165)
at org.openqa.selenium.remote.ElementLocation.findElement(ElementLocation.java:59)
at org.openqa.selenium.remote.RemoteWebDriver.findElement(RemoteWebDriver.java:355)
at org.openqa.selenium.remote.RemoteWebDriver.findElement(RemoteWebDriver.java:349)
at PSf_Static_Report.PSF_Due_Analysis.Click_On_Day_Wise(PSF_Due_Analysis.java:273)
at java.base/java.util.ArrayList.forEach(ArrayList.java:1597)
... Removed 28 stack frames]]>
    </failure>
  </testcase> <!-- Click_On_Day_Wise -->
  <testcase classname="PSf_Static_Report.PSF_Due_Analysis" name="Click_On_Workshop" time="25.76">
    <failure type="java.lang.AssertionError" message="No Data Found for Workshop_Wise In PSF_Due_Analysis : 0">
      <![CDATA[java.lang.AssertionError: No Data Found for Workshop_Wise In PSF_Due_Analysis : 0
at PSf_Static_Report.PSF_Due_Analysis.Click_On_Workshop(PSF_Due_Analysis.java:246)
at java.base/java.util.ArrayList.forEach(ArrayList.java:1597)
... Removed 26 stack frames]]>
    </failure>
  </testcase> <!-- Click_On_Workshop -->
  <testcase classname="PSf_Static_Report.PSF_Due_Analysis" name="Click_On_Service_Type_Wise" time="18.237">
    <failure type="org.openqa.selenium.TimeoutException" message="Expected condition failed: waiting for presence of element located by: By.xpath: //*[text()=&amp;quot; Generate &amp;quot;] (tried for 10 second(s) with 500 milliseconds interval)">
      <![CDATA[org.openqa.selenium.TimeoutException: Expected condition failed: waiting for presence of element located by: By.xpath: //*[text()=" Generate "] (tried for 10 second(s) with 500 milliseconds interval)
at org.openqa.selenium.support.ui.WebDriverWait.timeoutException(WebDriverWait.java:84)
at org.openqa.selenium.support.ui.FluentWait.until(FluentWait.java:228)
at PSf_Static_Report.PSF_Due_Analysis.Click_On_Service_Type_Wise(PSF_Due_Analysis.java:345)
at java.base/java.util.ArrayList.forEach(ArrayList.java:1597)
Caused by: org.openqa.selenium.NoSuchElementException: no such element: Unable to locate element: {"method":"xpath","selector":"//*[text()=" Generate "]"}
  (Session info: chrome=131.0.6778.69)
For documentation on this error, please visit: https://www.selenium.dev/documentation/webdriver/troubleshooting/errors#no-such-element-exception
Build info: version: '4.21.0', revision: '79ed462ef4'
System info: os.name: 'Windows 11', os.arch: 'amd64', os.version: '10.0', java.version: '22.0.1'
Driver info: org.openqa.selenium.chrome.ChromeDriver
Command: [02d9dd638e0bc5042939e8c6b0745e8f, findElement {using=xpath, value=//*[text()=" Generate "]}]
Capabilities {acceptInsecureCerts: false, browserName: chrome, browserVersion: 131.0.6778.69, chrome: {chromedriverVersion: 131.0.6778.69 (77e2244bbcda..., userDataDir: C:\WINDOWS\TEMP\scoped_dir2...}, fedcm:accounts: true, goog:chromeOptions: {debuggerAddress: localhost:61187}, networkConnectionEnabled: false, pageLoadStrategy: normal, platformName: windows, proxy: Proxy(), se:cdp: ws://localhost:61187/devtoo..., se:cdpVersion: 131.0.6778.69, setWindowRect: true, strictFileInteractability: false, timeouts: {implicit: 0, pageLoad: 300000, script: 30000}, unhandledPromptBehavior: dismiss and notify, webauthn:extension:credBlob: true, webauthn:extension:largeBlob: true, webauthn:extension:minPinLength: true, webauthn:extension:prf: true, webauthn:virtualAuthenticators: true}
Session ID: 02d9dd638e0bc5042939e8c6b0745e8f
at org.openqa.selenium.remote.ErrorCodec.decode(ErrorCodec.java:167)
at org.openqa.selenium.remote.codec.w3c.W3CHttpResponseCodec.decode(W3CHttpResponseCodec.java:138)
at org.openqa.selenium.remote.codec.w3c.W3CHttpResponseCodec.decode(W3CHttpResponseCodec.java:50)
at org.openqa.selenium.remote.HttpCommandExecutor.execute(HttpCommandExecutor.java:190)
at org.openqa.selenium.remote.service.DriverCommandExecutor.invokeExecute(DriverCommandExecutor.java:216)
at org.openqa.selenium.remote.service.DriverCommandExecutor.execute(DriverCommandExecutor.java:174)
at org.openqa.selenium.remote.RemoteWebDriver.execute(RemoteWebDriver.java:518)
at org.openqa.selenium.remote.ElementLocation$ElementFinder$2.findElement(ElementLocation.java:165)
at org.openqa.selenium.remote.ElementLocation.findElement(ElementLocation.java:59)
at org.openqa.selenium.remote.RemoteWebDriver.findElement(RemoteWebDriver.java:355)
at org.openqa.selenium.remote.RemoteWebDriver.findElement(RemoteWebDriver.java:349)
at org.openqa.selenium.support.ui.ExpectedConditions$6.apply(ExpectedConditions.java:171)
at org.openqa.selenium.support.ui.ExpectedConditions$6.apply(ExpectedConditions.java:168)
at org.openqa.selenium.support.ui.FluentWait.until(FluentWait.java:203)
... 27 more
... Removed 28 stack frames]]>
    </failure>
  </testcase> <!-- Click_On_Service_Type_Wise -->
  <testcase classname="PSf_Static_Report.PSF_Due_Analysis" name="Comparison_0f_all_Data" time="0.0">
    <failure type="java.lang.AssertionError" message="Compare Total_Psf_Due_of_workshopWise_With_dayWise expected [null] but found [0]">
      <![CDATA[java.lang.AssertionError: Compare Total_Psf_Due_of_workshopWise_With_dayWise expected [null] but found [0]
at PSf_Static_Report.PSF_Due_Analysis.Comparison_0f_all_Data(PSF_Due_Analysis.java:437)
at java.base/java.util.ArrayList.forEach(ArrayList.java:1597)
... Removed 30 stack frames]]>
    </failure>
  </testcase> <!-- Comparison_0f_all_Data -->
</testsuite> <!-- PSF -->
