<?xml version="1.0" encoding="UTF-8"?>
<!-- Generated by org.testng.reporters.JUnitReportReporter -->
<testsuite hostname="DESKTOP-N9F7EI8" failures="1" tests="19" name="dBP_Login_ALL.KEy_Financials" time="11.024" errors="0" timestamp="2024-06-05T11:56:35 IST" skipped="0">
  <testcase classname="dBP_Login_ALL.KEy_Financials" name="click_on_IntrestCost" time="4.387"/>
  <system-out/>
  <testcase classname="dBP_Login_ALL.KEy_Financials" name="Clear_Data" time="3.276"/>
  <system-out/>
  <testcase classname="dBP_Login_ALL.KEy_Financials" name="sendTheVAlues" time="1.678"/>
  <system-out/>
  <testcase classname="dBP_Login_ALL.KEy_Financials" name="Save_the_Data" time="1.418">
    <failure message=" Message is Invalid expected [Saved Successfully] but found []" type="java.lang.AssertionError">
      <![CDATA[java.lang.AssertionError:  Message is Invalid expected [Saved Successfully] but found []
at org.testng.Assert.fail(Assert.java:99)
at org.testng.Assert.failNotEquals(Assert.java:1037)
at org.testng.Assert.assertEqualsImpl(Assert.java:140)
at org.testng.Assert.assertEquals(Assert.java:122)
at org.testng.Assert.assertEquals(Assert.java:629)
at dBP_Login_ALL.KEy_Financials.Save_the_Data(KEy_Financials.java:183)
at java.base/jdk.internal.reflect.DirectMethodHandleAccessor.invoke(DirectMethodHandleAccessor.java:104)
at java.base/java.lang.reflect.Method.invoke(Method.java:578)
at org.testng.internal.MethodInvocationHelper.invokeMethod(MethodInvocationHelper.java:133)
at org.testng.internal.TestInvoker.invokeMethod(TestInvoker.java:598)
at org.testng.internal.TestInvoker.invokeTestMethod(TestInvoker.java:173)
at org.testng.internal.MethodRunner.runInSequence(MethodRunner.java:46)
at org.testng.internal.TestInvoker$MethodInvocationAgent.invoke(TestInvoker.java:824)
at org.testng.internal.TestInvoker.invokeTestMethods(TestInvoker.java:146)
at org.testng.internal.TestMethodWorker.invokeTestMethods(TestMethodWorker.java:146)
at org.testng.internal.TestMethodWorker.run(TestMethodWorker.java:128)
at java.base/java.util.ArrayList.forEach(ArrayList.java:1511)
at org.testng.TestRunner.privateRun(TestRunner.java:794)
at org.testng.TestRunner.run(TestRunner.java:596)
at org.testng.SuiteRunner.runTest(SuiteRunner.java:377)
at org.testng.SuiteRunner.runSequentially(SuiteRunner.java:371)
at org.testng.SuiteRunner.privateRun(SuiteRunner.java:332)
at org.testng.SuiteRunner.run(SuiteRunner.java:276)
at org.testng.SuiteRunnerWorker.runSuite(SuiteRunnerWorker.java:53)
at org.testng.SuiteRunnerWorker.run(SuiteRunnerWorker.java:96)
at org.testng.TestNG.runSuitesSequentially(TestNG.java:1212)
at org.testng.TestNG.runSuitesLocally(TestNG.java:1134)
at org.testng.TestNG.runSuites(TestNG.java:1063)
at org.testng.TestNG.run(TestNG.java:1031)
at org.testng.remote.AbstractRemoteTestNG.run(AbstractRemoteTestNG.java:115)
at org.testng.remote.RemoteTestNG.initAndRun(RemoteTestNG.java:251)
at org.testng.remote.RemoteTestNG.main(RemoteTestNG.java:77)
]]>
    </failure>
  </testcase> <!-- Save_the_Data -->
  <system-out/>
  <testcase classname="dBP_Login_ALL.KEy_Financials" name="Share_Capital" time="0.033"/>
  <system-out/>
  <testcase classname="dBP_Login_ALL.KEy_Financials" name="Reserves_Surplus" time="0.016"/>
  <system-out/>
  <testcase classname="dBP_Login_ALL.KEy_Financials" name="Long_term_Debt" time="0.000"/>
  <system-out/>
  <testcase classname="dBP_Login_ALL.KEy_Financials" name="Short_term_Debt" time="0.000"/>
  <system-out/>
  <testcase classname="dBP_Login_ALL.KEy_Financials" name="Current_Asset" time="0.032"/>
  <system-out/>
  <testcase classname="dBP_Login_ALL.KEy_Financials" name="Current_Liabilities" time="0.016"/>
  <system-out/>
  <testcase classname="dBP_Login_ALL.KEy_Financials" name="Total_Asset" time="0.017"/>
  <system-out/>
  <testcase classname="dBP_Login_ALL.KEy_Financials" name="Total_Liabilities" time="0.016"/>
  <system-out/>
  <testcase classname="dBP_Login_ALL.KEy_Financials" name="Creditors" time="0.017"/>
  <system-out/>
  <testcase classname="dBP_Login_ALL.KEy_Financials" name="Debtors" time="0.018"/>
  <system-out/>
  <testcase classname="dBP_Login_ALL.KEy_Financials" name="Cash_in_Hand" time="0.017"/>
  <system-out/>
  <testcase classname="dBP_Login_ALL.KEy_Financials" name="Loans_Advances" time="0.033"/>
  <system-out/>
  <testcase classname="dBP_Login_ALL.KEy_Financials" name="Investment" time="0.022"/>
  <system-out/>
  <testcase classname="dBP_Login_ALL.KEy_Financials" name="Closing_Stock" time="0.019"/>
  <system-out/>
  <testcase classname="dBP_Login_ALL.KEy_Financials" name="Deferred_Tax_Liability" time="0.009"/>
  <system-out/>
</testsuite> <!-- dBP_Login_ALL.KEy_Financials -->
