<?xml version="1.0" encoding="UTF-8"?>
<!-- Generated by org.testng.reporters.JUnitReportReporter -->
<testsuite hostname="DESKTOP-N9F7EI8" failures="0" tests="9" name="dbp_Login_Extends.Discount" time="14.513" errors="1" timestamp="2024-06-05T11:12:42 IST" skipped="8">
  <testcase classname="dbp_Login_Extends.Discount" name="discount" time="14.513">
    <error message="element click intercepted: Element &lt;div _ngcontent-bjf-c164=&quot;&quot; mat-line=&quot;&quot; class=&quot;mat-line&quot;&gt;...&lt;/div&gt; is not clickable at point (77, 97). Other element would receive the click: &lt;mat-card _ngcontent-bjf-c71=&quot;&quot; class=&quot;mat-card mat-focus-indicator&quot; style=&quot;display: flex; justify-content: center; align-items: center; width: 100%; ;background: #ffffffd6; position: fixed; top: 0; height: 100%; left: 0;&quot;&gt;...&lt;/mat-card&gt;
  (Session info: chrome=125.0.6422.142)
Build info: version: &#039;4.20.0&#039;, revision: &#039;866c76ca80&#039;
System info: os.name: &#039;Windows 11&#039;, os.arch: &#039;amd64&#039;, os.version: &#039;10.0&#039;, java.version: &#039;20.0.2&#039;
Driver info: org.openqa.selenium.chrome.ChromeDriver
Command: [dd020d2ff2b7783889b08650777a05e4, clickElement {id=f.D2AB414C54358FCCFE2967DC17D87A1E.d.AA6A1C741737AE172ADDB2072E69F40F.e.239}]
Capabilities {acceptInsecureCerts: false, browserName: chrome, browserVersion: 125.0.6422.142, chrome: {chromedriverVersion: 125.0.6422.141 (4b1e8393712..., userDataDir: C:\Users\Thinkpad\AppData\L...}, fedcm:accounts: true, goog:chromeOptions: {debuggerAddress: localhost:65438}, networkConnectionEnabled: false, pageLoadStrategy: normal, platformName: windows, proxy: Proxy(), se:cdp: ws://localhost:65438/devtoo..., se:cdpVersion: 125.0.6422.142, setWindowRect: true, strictFileInteractability: false, timeouts: {implicit: 0, pageLoad: 300000, script: 30000}, unhandledPromptBehavior: dismiss and notify, webauthn:extension:credBlob: true, webauthn:extension:largeBlob: true, webauthn:extension:minPinLength: true, webauthn:extension:prf: true, webauthn:virtualAuthenticators: true}
Element: [[ChromeDriver: chrome on windows (dd020d2ff2b7783889b08650777a05e4)] -&gt; xpath: //*[contains(text(),&#039;Stock Sheet &#039;)]]
Session ID: dd020d2ff2b7783889b08650777a05e4" type="org.openqa.selenium.ElementClickInterceptedException">
      <![CDATA[org.openqa.selenium.ElementClickInterceptedException: element click intercepted: Element <div _ngcontent-bjf-c164="" mat-line="" class="mat-line">...</div> is not clickable at point (77, 97). Other element would receive the click: <mat-card _ngcontent-bjf-c71="" class="mat-card mat-focus-indicator" style="display: flex; justify-content: center; align-items: center; width: 100%; ;background: #ffffffd6; position: fixed; top: 0; height: 100%; left: 0;">...</mat-card>
  (Session info: chrome=125.0.6422.142)
Build info: version: '4.20.0', revision: '866c76ca80'
System info: os.name: 'Windows 11', os.arch: 'amd64', os.version: '10.0', java.version: '20.0.2'
Driver info: org.openqa.selenium.chrome.ChromeDriver
Command: [dd020d2ff2b7783889b08650777a05e4, clickElement {id=f.D2AB414C54358FCCFE2967DC17D87A1E.d.AA6A1C741737AE172ADDB2072E69F40F.e.239}]
Capabilities {acceptInsecureCerts: false, browserName: chrome, browserVersion: 125.0.6422.142, chrome: {chromedriverVersion: 125.0.6422.141 (4b1e8393712..., userDataDir: C:\Users\Thinkpad\AppData\L...}, fedcm:accounts: true, goog:chromeOptions: {debuggerAddress: localhost:65438}, networkConnectionEnabled: false, pageLoadStrategy: normal, platformName: windows, proxy: Proxy(), se:cdp: ws://localhost:65438/devtoo..., se:cdpVersion: 125.0.6422.142, setWindowRect: true, strictFileInteractability: false, timeouts: {implicit: 0, pageLoad: 300000, script: 30000}, unhandledPromptBehavior: dismiss and notify, webauthn:extension:credBlob: true, webauthn:extension:largeBlob: true, webauthn:extension:minPinLength: true, webauthn:extension:prf: true, webauthn:virtualAuthenticators: true}
Element: [[ChromeDriver: chrome on windows (dd020d2ff2b7783889b08650777a05e4)] -> xpath: //*[contains(text(),'Stock Sheet ')]]
Session ID: dd020d2ff2b7783889b08650777a05e4
at java.base/jdk.internal.reflect.DirectConstructorHandleAccessor.newInstance(DirectConstructorHandleAccessor.java:67)
at java.base/java.lang.reflect.Constructor.newInstanceWithCaller(Constructor.java:500)
at java.base/java.lang.reflect.Constructor.newInstance(Constructor.java:484)
at org.openqa.selenium.remote.ErrorCodec.decode(ErrorCodec.java:167)
at org.openqa.selenium.remote.codec.w3c.W3CHttpResponseCodec.decode(W3CHttpResponseCodec.java:138)
at org.openqa.selenium.remote.codec.w3c.W3CHttpResponseCodec.decode(W3CHttpResponseCodec.java:50)
at org.openqa.selenium.remote.HttpCommandExecutor.execute(HttpCommandExecutor.java:190)
at org.openqa.selenium.remote.service.DriverCommandExecutor.invokeExecute(DriverCommandExecutor.java:216)
at org.openqa.selenium.remote.service.DriverCommandExecutor.execute(DriverCommandExecutor.java:174)
at org.openqa.selenium.remote.RemoteWebDriver.execute(RemoteWebDriver.java:518)
at org.openqa.selenium.remote.RemoteWebElement.execute(RemoteWebElement.java:223)
at org.openqa.selenium.remote.RemoteWebElement.click(RemoteWebElement.java:76)
at dbp_Login_Extends.Discount.discount(Discount.java:85)
at java.base/jdk.internal.reflect.DirectMethodHandleAccessor.invoke(DirectMethodHandleAccessor.java:104)
at java.base/java.lang.reflect.Method.invoke(Method.java:578)
at org.testng.internal.MethodInvocationHelper.invokeMethod(MethodInvocationHelper.java:133)
at org.testng.internal.MethodInvocationHelper.invokeMethodConsideringTimeout(MethodInvocationHelper.java:62)
at org.testng.internal.ConfigInvoker.invokeConfigurationMethod(ConfigInvoker.java:385)
at org.testng.internal.ConfigInvoker.invokeConfigurations(ConfigInvoker.java:321)
at org.testng.internal.TestMethodWorker.invokeBeforeClassMethods(TestMethodWorker.java:176)
at org.testng.internal.TestMethodWorker.run(TestMethodWorker.java:122)
at java.base/java.util.ArrayList.forEach(ArrayList.java:1511)
at org.testng.TestRunner.privateRun(TestRunner.java:794)
at org.testng.TestRunner.run(TestRunner.java:596)
at org.testng.SuiteRunner.runTest(SuiteRunner.java:377)
at org.testng.SuiteRunner.runSequentially(SuiteRunner.java:371)
at org.testng.SuiteRunner.privateRun(SuiteRunner.java:332)
at org.testng.SuiteRunner.run(SuiteRunner.java:276)
at org.testng.SuiteRunnerWorker.runSuite(SuiteRunnerWorker.java:53)
at org.testng.SuiteRunnerWorker.run(SuiteRunnerWorker.java:96)
at org.testng.TestNG.runSuitesSequentially(TestNG.java:1212)
at org.testng.TestNG.runSuitesLocally(TestNG.java:1134)
at org.testng.TestNG.runSuites(TestNG.java:1063)
at org.testng.TestNG.run(TestNG.java:1031)
at org.testng.remote.AbstractRemoteTestNG.run(AbstractRemoteTestNG.java:115)
at org.testng.remote.RemoteTestNG.initAndRun(RemoteTestNG.java:251)
at org.testng.remote.RemoteTestNG.main(RemoteTestNG.java:77)
]]>
    </error>
  </testcase> <!-- discount -->
  <system-out/>
  <testcase classname="dbp_Login_Extends.Discount" name="Consumer_Offer_SPOT_RIPS" time="0.000">
    <skipped/>
  </testcase> <!-- Consumer_Offer_SPOT_RIPS -->
  <system-out/>
  <testcase classname="dbp_Login_Extends.Discount" name="ISL_RMK" time="0.000">
    <skipped/>
  </testcase> <!-- ISL_RMK -->
  <system-out/>
  <testcase classname="dbp_Login_Extends.Discount" name="Exchange_Bonus" time="0.000">
    <skipped/>
  </testcase> <!-- Exchange_Bonus -->
  <system-out/>
  <testcase classname="dbp_Login_Extends.Discount" name="Any_Regional_Office_Scheme" time="0.000">
    <skipped/>
  </testcase> <!-- Any_Regional_Office_Scheme -->
  <system-out/>
  <testcase classname="dbp_Login_Extends.Discount" name="Any_Other" time="0.000">
    <skipped/>
  </testcase> <!-- Any_Other -->
  <system-out/>
  <testcase classname="dbp_Login_Extends.Discount" name="Total_Discount" time="0.000">
    <skipped/>
  </testcase> <!-- Total_Discount -->
  <system-out/>
  <testcase classname="dbp_Login_Extends.Discount" name="Dealer_Discount_Compulsion_Matches_From_STOCKs" time="0.000">
    <skipped/>
  </testcase> <!-- Dealer_Discount_Compulsion_Matches_From_STOCKs -->
  <system-out/>
  <testcase classname="dbp_Login_Extends.Discount" name="Total_Discount_Matches_From_STOCKs" time="0.000">
    <skipped/>
  </testcase> <!-- Total_Discount_Matches_From_STOCKs -->
  <system-out/>
</testsuite> <!-- dbp_Login_Extends.Discount -->
