<?xml version="1.0" encoding="UTF-8"?>
<!-- Generated by org.testng.reporters.JUnitReportReporter -->
<testsuite hostname="DESKTOP-N9F7EI8" failures="0" tests="18" name="Import_DATA_Of_DBP.KEy_Financials" time="26.816" errors="1" timestamp="2024-06-04T15:43:14 IST" skipped="17">
  <testcase classname="Import_DATA_Of_DBP.KEy_Financials" name="click_on_IntrestCost" time="0.000">
    <skipped/>
  </testcase> <!-- click_on_IntrestCost -->
  <system-out/>
  <testcase classname="Import_DATA_Of_DBP.KEy_Financials" name="Setup" time="26.816">
    <error message="Expected condition failed: waiting for presence of element located by: By.cssSelector: [class=&quot;dealer-business px-0 py-4&quot;] (tried for 15 second(s) with 500 milliseconds interval)" type="org.openqa.selenium.TimeoutException">
      <![CDATA[org.openqa.selenium.TimeoutException: Expected condition failed: waiting for presence of element located by: By.cssSelector: [class="dealer-business px-0 py-4"] (tried for 15 second(s) with 500 milliseconds interval)
at org.openqa.selenium.support.ui.WebDriverWait.timeoutException(WebDriverWait.java:84)
at org.openqa.selenium.support.ui.FluentWait.until(FluentWait.java:228)
at Import_DATA_Of_DBP.Login_Page.Setup(Login_Page.java:52)
at java.base/jdk.internal.reflect.DirectMethodHandleAccessor.invoke(DirectMethodHandleAccessor.java:104)
at java.base/java.lang.reflect.Method.invoke(Method.java:578)
at org.testng.internal.MethodInvocationHelper.invokeMethod(MethodInvocationHelper.java:133)
at org.testng.internal.MethodInvocationHelper.invokeMethodConsideringTimeout(MethodInvocationHelper.java:62)
at org.testng.internal.ConfigInvoker.invokeConfigurationMethod(ConfigInvoker.java:385)
at org.testng.internal.ConfigInvoker.invokeConfigurations(ConfigInvoker.java:321)
at org.testng.internal.TestMethodWorker.invokeBeforeClassMethods(TestMethodWorker.java:176)
at org.testng.internal.TestMethodWorker.run(TestMethodWorker.java:122)
at java.base/java.util.ArrayList.forEach(ArrayList.java:1511)
at org.testng.TestRunner.privateRun(TestRunner.java:794)
at org.testng.TestRunner.run(TestRunner.java:596)
at org.testng.SuiteRunner.runTest(SuiteRunner.java:377)
at org.testng.SuiteRunner.runSequentially(SuiteRunner.java:371)
at org.testng.SuiteRunner.privateRun(SuiteRunner.java:332)
at org.testng.SuiteRunner.run(SuiteRunner.java:276)
at org.testng.SuiteRunnerWorker.runSuite(SuiteRunnerWorker.java:53)
at org.testng.SuiteRunnerWorker.run(SuiteRunnerWorker.java:96)
at org.testng.TestNG.runSuitesSequentially(TestNG.java:1212)
at org.testng.TestNG.runSuitesLocally(TestNG.java:1134)
at org.testng.TestNG.runSuites(TestNG.java:1063)
at org.testng.TestNG.run(TestNG.java:1031)
at org.testng.remote.AbstractRemoteTestNG.run(AbstractRemoteTestNG.java:115)
at org.testng.remote.RemoteTestNG.initAndRun(RemoteTestNG.java:251)
at org.testng.remote.RemoteTestNG.main(RemoteTestNG.java:77)
Caused by: org.openqa.selenium.NoSuchElementException: no such element: Unable to locate element: {"method":"css selector","selector":"[class="dealer-business px-0 py-4"]"}
  (Session info: chrome=125.0.6422.141)
For documentation on this error, please visit: https://www.selenium.dev/documentation/webdriver/troubleshooting/errors#no-such-element-exception
Build info: version: '4.20.0', revision: '866c76ca80'
System info: os.name: 'Windows 11', os.arch: 'amd64', os.version: '10.0', java.version: '20.0.2'
Driver info: org.openqa.selenium.chrome.ChromeDriver
Command: [ec1be97c1aae55ba5c5532807196957c, findElement {using=css selector, value=[class="dealer-business px-0 py-4"]}]
Capabilities {acceptInsecureCerts: false, browserName: chrome, browserVersion: 125.0.6422.141, chrome: {chromedriverVersion: 125.0.6422.141 (4b1e8393712..., userDataDir: C:\Users\Thinkpad\AppData\L...}, fedcm:accounts: true, goog:chromeOptions: {debuggerAddress: localhost:52416}, networkConnectionEnabled: false, pageLoadStrategy: normal, platformName: windows, proxy: Proxy(), se:cdp: ws://localhost:52416/devtoo..., se:cdpVersion: 125.0.6422.141, setWindowRect: true, strictFileInteractability: false, timeouts: {implicit: 0, pageLoad: 300000, script: 30000}, unhandledPromptBehavior: dismiss and notify, webauthn:extension:credBlob: true, webauthn:extension:largeBlob: true, webauthn:extension:minPinLength: true, webauthn:extension:prf: true, webauthn:virtualAuthenticators: true}
Session ID: ec1be97c1aae55ba5c5532807196957c
at java.base/jdk.internal.reflect.DirectConstructorHandleAccessor.newInstance(DirectConstructorHandleAccessor.java:67)
at java.base/java.lang.reflect.Constructor.newInstanceWithCaller(Constructor.java:500)
at java.base/java.lang.reflect.Constructor.newInstance(Constructor.java:484)
at org.openqa.selenium.remote.ErrorCodec.decode(ErrorCodec.java:167)
at org.openqa.selenium.remote.codec.w3c.W3CHttpResponseCodec.decode(W3CHttpResponseCodec.java:138)
at org.openqa.selenium.remote.codec.w3c.W3CHttpResponseCodec.decode(W3CHttpResponseCodec.java:50)
at org.openqa.selenium.remote.HttpCommandExecutor.execute(HttpCommandExecutor.java:190)
at org.openqa.selenium.remote.service.DriverCommandExecutor.invokeExecute(DriverCommandExecutor.java:216)
at org.openqa.selenium.remote.service.DriverCommandExecutor.execute(DriverCommandExecutor.java:174)
at org.openqa.selenium.remote.RemoteWebDriver.execute(RemoteWebDriver.java:518)
at org.openqa.selenium.remote.ElementLocation$ElementFinder$2.findElement(ElementLocation.java:165)
at org.openqa.selenium.remote.ElementLocation.findElement(ElementLocation.java:59)
at org.openqa.selenium.remote.RemoteWebDriver.findElement(RemoteWebDriver.java:355)
at org.openqa.selenium.remote.RemoteWebDriver.findElement(RemoteWebDriver.java:349)
at org.openqa.selenium.support.ui.ExpectedConditions$6.apply(ExpectedConditions.java:171)
at org.openqa.selenium.support.ui.ExpectedConditions$6.apply(ExpectedConditions.java:168)
at org.openqa.selenium.support.ui.FluentWait.until(FluentWait.java:203)
... 25 more
]]>
    </error>
  </testcase> <!-- Setup -->
  <system-out/>
  <testcase classname="Import_DATA_Of_DBP.KEy_Financials" name="sendTheVAlues" time="0.000">
    <skipped/>
  </testcase> <!-- sendTheVAlues -->
  <system-out/>
  <testcase classname="Import_DATA_Of_DBP.KEy_Financials" name="Share_Capital" time="0.000">
    <skipped/>
  </testcase> <!-- Share_Capital -->
  <system-out/>
  <testcase classname="Import_DATA_Of_DBP.KEy_Financials" name="Reserves_Surplus" time="0.000">
    <skipped/>
  </testcase> <!-- Reserves_Surplus -->
  <system-out/>
  <testcase classname="Import_DATA_Of_DBP.KEy_Financials" name="Long_term_Debt" time="0.000">
    <skipped/>
  </testcase> <!-- Long_term_Debt -->
  <system-out/>
  <testcase classname="Import_DATA_Of_DBP.KEy_Financials" name="Short_term_Debt" time="0.000">
    <skipped/>
  </testcase> <!-- Short_term_Debt -->
  <system-out/>
  <testcase classname="Import_DATA_Of_DBP.KEy_Financials" name="Total_Liabilities" time="0.000">
    <skipped/>
  </testcase> <!-- Total_Liabilities -->
  <system-out/>
  <testcase classname="Import_DATA_Of_DBP.KEy_Financials" name="Debtors" time="0.000">
    <skipped/>
  </testcase> <!-- Debtors -->
  <system-out/>
  <testcase classname="Import_DATA_Of_DBP.KEy_Financials" name="Total_Asset" time="0.000">
    <skipped/>
  </testcase> <!-- Total_Asset -->
  <system-out/>
  <testcase classname="Import_DATA_Of_DBP.KEy_Financials" name="Loans_Advances" time="0.000">
    <skipped/>
  </testcase> <!-- Loans_Advances -->
  <system-out/>
  <testcase classname="Import_DATA_Of_DBP.KEy_Financials" name="Deferred_Tax_Liability" time="0.000">
    <skipped/>
  </testcase> <!-- Deferred_Tax_Liability -->
  <system-out/>
  <testcase classname="Import_DATA_Of_DBP.KEy_Financials" name="Current_Asset" time="0.000">
    <skipped/>
  </testcase> <!-- Current_Asset -->
  <system-out/>
  <testcase classname="Import_DATA_Of_DBP.KEy_Financials" name="Creditors" time="0.000">
    <skipped/>
  </testcase> <!-- Creditors -->
  <system-out/>
  <testcase classname="Import_DATA_Of_DBP.KEy_Financials" name="Investment" time="0.000">
    <skipped/>
  </testcase> <!-- Investment -->
  <system-out/>
  <testcase classname="Import_DATA_Of_DBP.KEy_Financials" name="Closing_Stock" time="0.000">
    <skipped/>
  </testcase> <!-- Closing_Stock -->
  <system-out/>
  <testcase classname="Import_DATA_Of_DBP.KEy_Financials" name="Cash_in_Hand" time="0.000">
    <skipped/>
  </testcase> <!-- Cash_in_Hand -->
  <system-out/>
  <testcase classname="Import_DATA_Of_DBP.KEy_Financials" name="Current_Liabilities" time="0.000">
    <skipped/>
  </testcase> <!-- Current_Liabilities -->
  <system-out/>
</testsuite> <!-- Import_DATA_Of_DBP.KEy_Financials -->
