<?xml version="1.0" encoding="UTF-8"?>
<!-- Generated by org.testng.reporters.JUnitXMLReporter -->
<testsuite ignored="0" hostname="DESKTOP-N9F7EI8" failures="0" tests="8" name="Default test" time="3.123" errors="0" timestamp="2024-06-06T14:21:37 IST">
  <testcase classname="dBP_Login_ALL.Discount" name="@BeforeClass discount" time="3.021">
    <failure type="java.lang.NullPointerException" message="Cannot invoke &amp;quot;org.openqa.selenium.WebDriver.findElement(org.openqa.selenium.By)&amp;quot; because &amp;quot;dBP_Login_ALL.Discount.driver&amp;quot; is null">
      <![CDATA[java.lang.NullPointerException: Cannot invoke "org.openqa.selenium.WebDriver.findElement(org.openqa.selenium.By)" because "dBP_Login_ALL.Discount.driver" is null
at dBP_Login_ALL.Discount.discount(Discount.java:42)
at java.base/jdk.internal.reflect.DirectMethodHandleAccessor.invoke(DirectMethodHandleAccessor.java:104)
at java.base/java.lang.reflect.Method.invoke(Method.java:578)
at org.testng.internal.MethodInvocationHelper.invokeMethod(MethodInvocationHelper.java:133)
at org.testng.internal.MethodInvocationHelper.invokeMethodConsideringTimeout(MethodInvocationHelper.java:62)
at org.testng.internal.ConfigInvoker.invokeConfigurationMethod(ConfigInvoker.java:385)
at org.testng.internal.ConfigInvoker.invokeConfigurations(ConfigInvoker.java:321)
at org.testng.internal.TestMethodWorker.invokeBeforeClassMethods(TestMethodWorker.java:176)
at org.testng.internal.TestMethodWorker.run(TestMethodWorker.java:122)
at java.base/java.util.ArrayList.forEach(ArrayList.java:1511)
at org.testng.TestRunner.privateRun(TestRunner.java:794)
at org.testng.TestRunner.run(TestRunner.java:596)
at org.testng.SuiteRunner.runTest(SuiteRunner.java:377)
at org.testng.SuiteRunner.runSequentially(SuiteRunner.java:371)
at org.testng.SuiteRunner.privateRun(SuiteRunner.java:332)
at org.testng.SuiteRunner.run(SuiteRunner.java:276)
at org.testng.SuiteRunnerWorker.runSuite(SuiteRunnerWorker.java:53)
at org.testng.SuiteRunnerWorker.run(SuiteRunnerWorker.java:96)
at org.testng.TestNG.runSuitesSequentially(TestNG.java:1212)
at org.testng.TestNG.runSuitesLocally(TestNG.java:1134)
at org.testng.TestNG.runSuites(TestNG.java:1063)
at org.testng.TestNG.run(TestNG.java:1031)
at org.testng.remote.AbstractRemoteTestNG.run(AbstractRemoteTestNG.java:115)
at org.testng.remote.RemoteTestNG.initAndRun(RemoteTestNG.java:251)
at org.testng.remote.RemoteTestNG.main(RemoteTestNG.java:77)
]]>
    </failure>
  </testcase> <!-- @BeforeClass discount -->
  <testcase classname="dBP_Login_ALL.Discount" name="@AfterClass tearDown" time="-1.717663897165E9">
    <skipped/>
  </testcase> <!-- @AfterClass tearDown -->
  <testcase classname="dBP_Login_ALL.Discount" name="Consumer_Offer_SPOT_RIPS" time="0.0">
    <skipped/>
  </testcase> <!-- Consumer_Offer_SPOT_RIPS -->
  <testcase classname="dBP_Login_ALL.Discount" name="ISL_RMK" time="0.0">
    <skipped/>
  </testcase> <!-- ISL_RMK -->
  <testcase classname="dBP_Login_ALL.Discount" name="Exchange_Bonus" time="0.0">
    <skipped/>
  </testcase> <!-- Exchange_Bonus -->
  <testcase classname="dBP_Login_ALL.Discount" name="Any_Regional_Office_Scheme" time="0.0">
    <skipped/>
  </testcase> <!-- Any_Regional_Office_Scheme -->
  <testcase classname="dBP_Login_ALL.Discount" name="Any_Other" time="0.0">
    <skipped/>
  </testcase> <!-- Any_Other -->
  <testcase classname="dBP_Login_ALL.Discount" name="Total_Discount" time="0.0">
    <skipped/>
  </testcase> <!-- Total_Discount -->
  <testcase classname="dBP_Login_ALL.Discount" name="Dealer_Discount_Compulsion_Matches_From_STOCKs" time="0.0">
    <skipped/>
  </testcase> <!-- Dealer_Discount_Compulsion_Matches_From_STOCKs -->
  <testcase classname="dBP_Login_ALL.Discount" name="Total_Discount_Matches_From_STOCKs" time="0.0">
    <skipped/>
  </testcase> <!-- Total_Discount_Matches_From_STOCKs -->
</testsuite> <!-- Default test -->
