<?xml version="1.0" encoding="UTF-8"?>
<!-- Generated by org.testng.reporters.JUnitXMLReporter -->
<testsuite ignored="0" hostname="DESKTOP-7SBKKJ1" failures="20" tests="233" name="PSF" time="2685.489" errors="0" timestamp="2024-11-25T14:09:33 IST">
  <testcase classname="PSf_Static_Report_and_Call_Dispostion.LOGINs" name="Username" time="1.295"/>
  <testcase classname="PSf_Static_Report_and_Call_Dispostion.LOGINs" name="Password" time="1.488"/>
  <testcase classname="PSf_Static_Report_and_Call_Dispostion.LOGINs" name="Captcha" time="2.224"/>
  <testcase classname="PSf_Static_Report_and_Call_Dispostion.LOGINs" name="SUBMIT_Button" time="2.219"/>
  <testcase classname="PSf_Static_Report_and_Call_Dispostion.LOGINs" name="Click_On_PSF" time="45.756"/>
  <testcase classname="PSf_Static_Report_and_Call_Dispostion.LOGINs" name="Remove_PouP" time="1.168"/>
  <testcase classname="PSf_Static_Report_and_Call_Dispostion.Prelimnary_NPS_report" name="Click_On_Static_Reports" time="1.121"/>
  <testcase classname="PSf_Static_Report_and_Call_Dispostion.Prelimnary_NPS_report" name="Click_On_Preliminary_NPS_Report" time="5.104"/>
  <testcase classname="PSf_Static_Report_and_Call_Dispostion.Prelimnary_NPS_report" name="Click_On_Workshop" time="30.878"/>
  <testcase classname="PSf_Static_Report_and_Call_Dispostion.Prelimnary_NPS_report" name="Click_On_Day_Wise" time="24.829"/>
  <testcase classname="PSf_Static_Report_and_Call_Dispostion.Prelimnary_NPS_report" name="Click_On_Service_Type_Wise" time="24.885"/>
  <testcase classname="PSf_Static_Report_and_Call_Dispostion.Prelimnary_NPS_report" name="Comparison_0f_all_Data" time="0.006"/>
  <testcase classname="PSf_Static_Report_and_Call_Dispostion.LOGINs" name="Username" time="1.317"/>
  <testcase classname="PSf_Static_Report_and_Call_Dispostion.LOGINs" name="Password" time="1.369"/>
  <testcase classname="PSf_Static_Report_and_Call_Dispostion.LOGINs" name="Captcha" time="2.206"/>
  <testcase classname="PSf_Static_Report_and_Call_Dispostion.LOGINs" name="SUBMIT_Button" time="2.165"/>
  <testcase classname="PSf_Static_Report_and_Call_Dispostion.LOGINs" name="Click_On_PSF" time="44.111"/>
  <testcase classname="PSf_Static_Report_and_Call_Dispostion.LOGINs" name="Remove_PouP" time="1.174"/>
  <testcase classname="PSf_Static_Report_and_Call_Dispostion.Allocation_Rule_Log" name="Click_On_Static_Reports" time="1.094"/>
  <testcase classname="PSf_Static_Report_and_Call_Dispostion.Allocation_Rule_Log" name="Click_On_Allocation_Rule_Log" time="5.106"/>
  <testcase classname="PSf_Static_Report_and_Call_Dispostion.Allocation_Rule_Log" name="Data_Check_Of_Allocation_Rule_Log" time="0.047"/>
  <testcase classname="PSf_Static_Report_and_Call_Dispostion.LOGINs" name="Username" time="1.519"/>
  <testcase classname="PSf_Static_Report_and_Call_Dispostion.LOGINs" name="Password" time="1.519"/>
  <testcase classname="PSf_Static_Report_and_Call_Dispostion.LOGINs" name="Captcha" time="2.245"/>
  <testcase classname="PSf_Static_Report_and_Call_Dispostion.LOGINs" name="SUBMIT_Button" time="2.182"/>
  <testcase classname="PSf_Static_Report_and_Call_Dispostion.LOGINs" name="Click_On_PSF" time="41.186"/>
  <testcase classname="PSf_Static_Report_and_Call_Dispostion.LOGINs" name="Remove_PouP" time="1.201"/>
  <testcase classname="PSf_Static_Report_and_Call_Dispostion.Complaint_Report" name="Click_On_Static_Reports" time="1.101"/>
  <testcase classname="PSf_Static_Report_and_Call_Dispostion.Complaint_Report" name="Click_On_Complaint_Report" time="5.098"/>
  <testcase classname="PSf_Static_Report_and_Call_Dispostion.Complaint_Report" name="Click_On_Workshop" time="26.661"/>
  <testcase classname="PSf_Static_Report_and_Call_Dispostion.Complaint_Report" name="Click_On_Day_Wise" time="22.207"/>
  <testcase classname="PSf_Static_Report_and_Call_Dispostion.Complaint_Report" name="Click_On_Service_Type_Wise" time="22.033"/>
  <testcase classname="PSf_Static_Report_and_Call_Dispostion.Complaint_Report" name="Comparison_0f_all_Data" time="0.0"/>
  <testcase classname="PSf_Static_Report_and_Call_Dispostion.LOGINs" name="Username" time="1.363"/>
  <testcase classname="PSf_Static_Report_and_Call_Dispostion.LOGINs" name="Password" time="1.521"/>
  <testcase classname="PSf_Static_Report_and_Call_Dispostion.LOGINs" name="Captcha" time="2.242"/>
  <testcase classname="PSf_Static_Report_and_Call_Dispostion.LOGINs" name="SUBMIT_Button" time="2.193"/>
  <testcase classname="PSf_Static_Report_and_Call_Dispostion.LOGINs" name="Click_On_PSF" time="21.357"/>
  <testcase classname="PSf_Static_Report_and_Call_Dispostion.LOGINs" name="Remove_PouP" time="1.164"/>
  <testcase classname="PSf_Static_Report_and_Call_Dispostion.PSF_Last_Attempt_Report" name="Click_On_Static_Reports" time="1.098"/>
  <testcase classname="PSf_Static_Report_and_Call_Dispostion.PSF_Last_Attempt_Report" name="Click_On_Last_Attempt_Report" time="3.105"/>
  <testcase classname="PSf_Static_Report_and_Call_Dispostion.PSF_Last_Attempt_Report" name="Click_On_Generate" time="16.232"/>
  <testcase classname="PSf_Static_Report_and_Call_Dispostion.PSF_Last_Attempt_Report" name="Click_On_Workshop" time="3.633"/>
  <testcase classname="PSf_Static_Report_and_Call_Dispostion.PSF_Last_Attempt_Report" name="Click_On_DayWise" time="21.918"/>
  <testcase classname="PSf_Static_Report_and_Call_Dispostion.PSF_Last_Attempt_Report" name="Click_On_Service_Type_Wise" time="22.038"/>
  <testcase classname="PSf_Static_Report_and_Call_Dispostion.PSF_Last_Attempt_Report" name="Comparison_0f_all_Data" time="0.005">
    <failure type="java.lang.AssertionError" message="Compare Psf_Calibration_done_of_workshopWise_With_dayWise expected [2] but found [1]">
      <![CDATA[java.lang.AssertionError: Compare Psf_Calibration_done_of_workshopWise_With_dayWise expected [2] but found [1]
at PSf_Static_Report_and_Call_Dispostion.PSF_Last_Attempt_Report.Comparison_0f_all_Data(PSF_Last_Attempt_Report.java:292)
at java.base/java.util.ArrayList.forEach(ArrayList.java:1597)
... Removed 30 stack frames]]>
    </failure>
  </testcase> <!-- Comparison_0f_all_Data -->
  <testcase classname="PSf_Static_Report_and_Call_Dispostion.LOGINs" name="Username" time="1.523"/>
  <testcase classname="PSf_Static_Report_and_Call_Dispostion.LOGINs" name="Password" time="1.505"/>
  <testcase classname="PSf_Static_Report_and_Call_Dispostion.LOGINs" name="Captcha" time="2.255"/>
  <testcase classname="PSf_Static_Report_and_Call_Dispostion.LOGINs" name="SUBMIT_Button" time="2.158"/>
  <testcase classname="PSf_Static_Report_and_Call_Dispostion.LOGINs" name="Click_On_PSF" time="40.761"/>
  <testcase classname="PSf_Static_Report_and_Call_Dispostion.LOGINs" name="Remove_PouP" time="1.16"/>
  <testcase classname="PSf_Static_Report_and_Call_Dispostion.PRF_Report" name="Click_On_Static_Reports" time="1.082"/>
  <testcase classname="PSf_Static_Report_and_Call_Dispostion.PRF_Report" name="Click_On_PRF_Report" time="5.11"/>
  <testcase classname="PSf_Static_Report_and_Call_Dispostion.PRF_Report" name="Click_On_Workshop" time="29.467">
    <failure type="java.lang.AssertionError" message="No Data Found for Workshop_Wise In PRF_Report : 0">
      <![CDATA[java.lang.AssertionError: No Data Found for Workshop_Wise In PRF_Report : 0
at PSf_Static_Report_and_Call_Dispostion.PRF_Report.Click_On_Workshop(PRF_Report.java:161)
at java.base/java.util.ArrayList.forEach(ArrayList.java:1597)
... Removed 26 stack frames]]>
    </failure>
  </testcase> <!-- Click_On_Workshop -->
  <testcase classname="PSf_Static_Report_and_Call_Dispostion.PRF_Report" name="Click_On_Day_Wise" time="22.122">
    <failure type="java.lang.AssertionError" message="No Data Found for Day_Wise In PRF_Report : 0">
      <![CDATA[java.lang.AssertionError: No Data Found for Day_Wise In PRF_Report : 0
at PSf_Static_Report_and_Call_Dispostion.PRF_Report.Click_On_Day_Wise(PRF_Report.java:240)
at java.base/java.util.ArrayList.forEach(ArrayList.java:1597)
... Removed 26 stack frames]]>
    </failure>
  </testcase> <!-- Click_On_Day_Wise -->
  <testcase classname="PSf_Static_Report_and_Call_Dispostion.PRF_Report" name="Click_On_Service_Type_Wise" time="22.13">
    <failure type="java.lang.AssertionError" message="No Data Found for Service_Type_Wise In PRF_Report : 0">
      <![CDATA[java.lang.AssertionError: No Data Found for Service_Type_Wise In PRF_Report : 0
at PSf_Static_Report_and_Call_Dispostion.PRF_Report.Click_On_Service_Type_Wise(PRF_Report.java:317)
at java.base/java.util.ArrayList.forEach(ArrayList.java:1597)
... Removed 26 stack frames]]>
    </failure>
  </testcase> <!-- Click_On_Service_Type_Wise -->
  <testcase classname="PSf_Static_Report_and_Call_Dispostion.PRF_Report" name="Comparison_0f_all_Data" time="0.0">
    <failure type="java.lang.AssertionError" message="Compare Complaints_closed_Percent2_of_workshopWise_With_Service_TypeWise expected [0] but found [0%]">
      <![CDATA[java.lang.AssertionError: Compare Complaints_closed_Percent2_of_workshopWise_With_Service_TypeWise expected [0] but found [0%]
at PSf_Static_Report_and_Call_Dispostion.PRF_Report.Comparison_0f_all_Data(PRF_Report.java:362)
at java.base/java.util.ArrayList.forEach(ArrayList.java:1597)
... Removed 30 stack frames]]>
    </failure>
  </testcase> <!-- Comparison_0f_all_Data -->
  <testcase classname="PSf_Static_Report_and_Call_Dispostion.LOGINs" name="Username" time="1.513"/>
  <testcase classname="PSf_Static_Report_and_Call_Dispostion.LOGINs" name="Password" time="1.456"/>
  <testcase classname="PSf_Static_Report_and_Call_Dispostion.LOGINs" name="Captcha" time="2.224"/>
  <testcase classname="PSf_Static_Report_and_Call_Dispostion.LOGINs" name="SUBMIT_Button" time="2.188"/>
  <testcase classname="PSf_Static_Report_and_Call_Dispostion.LOGINs" name="Click_On_PSF" time="43.694"/>
  <testcase classname="PSf_Static_Report_and_Call_Dispostion.LOGINs" name="Remove_PouP" time="1.185"/>
  <testcase classname="PSf_Static_Report_and_Call_Dispostion.PSF_Calibration_Report" name="Click_On_Static_Reports" time="1.093"/>
  <testcase classname="PSf_Static_Report_and_Call_Dispostion.PSF_Calibration_Report" name="Click_On_PSF_Calibration_Report" time="5.088"/>
  <testcase classname="PSf_Static_Report_and_Call_Dispostion.PSF_Calibration_Report" name="Click_On_Workshop" time="30.158">
    <failure type="java.lang.AssertionError" message="No Data Found for Workshop_Wise In PSF_Calibration_Reoport : 0">
      <![CDATA[java.lang.AssertionError: No Data Found for Workshop_Wise In PSF_Calibration_Reoport : 0
at PSf_Static_Report_and_Call_Dispostion.PSF_Calibration_Report.Click_On_Workshop(PSF_Calibration_Report.java:173)
at java.base/java.util.ArrayList.forEach(ArrayList.java:1597)
... Removed 26 stack frames]]>
    </failure>
  </testcase> <!-- Click_On_Workshop -->
  <testcase classname="PSf_Static_Report_and_Call_Dispostion.PSF_Calibration_Report" name="Click_On_Day_Wise" time="22.465">
    <failure type="java.lang.AssertionError" message="No Data Found for Day_Wise In PSF_Calibration_Reoport : 0">
      <![CDATA[java.lang.AssertionError: No Data Found for Day_Wise In PSF_Calibration_Reoport : 0
at PSf_Static_Report_and_Call_Dispostion.PSF_Calibration_Report.Click_On_Day_Wise(PSF_Calibration_Report.java:264)
at java.base/java.util.ArrayList.forEach(ArrayList.java:1597)
... Removed 26 stack frames]]>
    </failure>
  </testcase> <!-- Click_On_Day_Wise -->
  <testcase classname="PSf_Static_Report_and_Call_Dispostion.PSF_Calibration_Report" name="Click_On_Service_Type_Wise" time="22.356">
    <failure type="java.lang.AssertionError" message="No Data Found for Service_Type_Wise In PSF_Due_Analysis : 0">
      <![CDATA[java.lang.AssertionError: No Data Found for Service_Type_Wise In PSF_Due_Analysis : 0
at PSf_Static_Report_and_Call_Dispostion.PSF_Calibration_Report.Click_On_Service_Type_Wise(PSF_Calibration_Report.java:354)
at java.base/java.util.ArrayList.forEach(ArrayList.java:1597)
... Removed 26 stack frames]]>
    </failure>
  </testcase> <!-- Click_On_Service_Type_Wise -->
  <testcase classname="PSf_Static_Report_and_Call_Dispostion.PSF_Calibration_Report" name="Comparison_0f_all_Data" time="0.0">
    <failure type="java.lang.AssertionError" message="Compare Done_Percent_of_workshopWise_With_dayWise expected [null] but found [0%]">
      <![CDATA[java.lang.AssertionError: Compare Done_Percent_of_workshopWise_With_dayWise expected [null] but found [0%]
at PSf_Static_Report_and_Call_Dispostion.PSF_Calibration_Report.Comparison_0f_all_Data(PSF_Calibration_Report.java:393)
at java.base/java.util.ArrayList.forEach(ArrayList.java:1597)
... Removed 30 stack frames]]>
    </failure>
  </testcase> <!-- Comparison_0f_all_Data -->
  <testcase classname="PSf_Static_Report_and_Call_Dispostion.LOGINs" name="Username" time="1.421"/>
  <testcase classname="PSf_Static_Report_and_Call_Dispostion.LOGINs" name="Password" time="1.489"/>
  <testcase classname="PSf_Static_Report_and_Call_Dispostion.LOGINs" name="Captcha" time="2.259"/>
  <testcase classname="PSf_Static_Report_and_Call_Dispostion.LOGINs" name="SUBMIT_Button" time="2.185"/>
  <testcase classname="PSf_Static_Report_and_Call_Dispostion.LOGINs" name="Click_On_PSF" time="23.645"/>
  <testcase classname="PSf_Static_Report_and_Call_Dispostion.LOGINs" name="Remove_PouP" time="1.157"/>
  <testcase classname="PSf_Static_Report_and_Call_Dispostion.PSF_Due_Analysis" name="Click_On_Static_Reports" time="1.07"/>
  <testcase classname="PSf_Static_Report_and_Call_Dispostion.PSF_Due_Analysis" name="Click_On_PSF_Due_Analysis_Report" time="3.097"/>
  <testcase classname="PSf_Static_Report_and_Call_Dispostion.PSF_Due_Analysis" name="Click_On_Day_Wise" time="34.58">
    <failure type="org.openqa.selenium.NoSuchElementException" message="no such element: Unable to locate element: {&amp;quot;method&amp;quot;:&amp;quot;xpath&amp;quot;,&amp;quot;selector&amp;quot;:&amp;quot;(//tr[td[contains(., &amp;apos;Total&amp;apos;)]])[1]/td[2]&amp;quot;}
  (Session info: chrome=131.0.6778.86)
For documentation on this error, please visit: https://www.selenium.dev/documentation/webdriver/troubleshooting/errors#no-such-element-exception
Build info: version: &amp;apos;4.21.0&amp;apos;, revision: &amp;apos;79ed462ef4&amp;apos;
System info: os.name: &amp;apos;Windows 11&amp;apos;, os.arch: &amp;apos;amd64&amp;apos;, os.version: &amp;apos;10.0&amp;apos;, java.version: &amp;apos;22.0.1&amp;apos;
Driver info: org.openqa.selenium.chrome.ChromeDriver
Command: [6e7fe19c398a0dd840638ee7fcae45f5, findElement {value=(//tr[td[contains(., &amp;apos;Total&amp;apos;)]])[1]/td[2], using=xpath}]
Capabilities {acceptInsecureCerts: false, browserName: chrome, browserVersion: 131.0.6778.86, chrome: {chromedriverVersion: 131.0.6778.85 (3d81e41b6f3a..., userDataDir: C:\WINDOWS\TEMP\scoped_dir2...}, fedcm:accounts: true, goog:chromeOptions: {debuggerAddress: localhost:60321}, networkConnectionEnabled: false, pageLoadStrategy: normal, platformName: windows, proxy: Proxy(), se:cdp: ws://localhost:60321/devtoo..., se:cdpVersion: 131.0.6778.86, setWindowRect: true, strictFileInteractability: false, timeouts: {implicit: 0, pageLoad: 300000, script: 30000}, unhandledPromptBehavior: dismiss and notify, webauthn:extension:credBlob: true, webauthn:extension:largeBlob: true, webauthn:extension:minPinLength: true, webauthn:extension:prf: true, webauthn:virtualAuthenticators: true}
Session ID: 6e7fe19c398a0dd840638ee7fcae45f5">
      <![CDATA[org.openqa.selenium.NoSuchElementException: no such element: Unable to locate element: {"method":"xpath","selector":"(//tr[td[contains(., 'Total')]])[1]/td[2]"}
  (Session info: chrome=131.0.6778.86)
For documentation on this error, please visit: https://www.selenium.dev/documentation/webdriver/troubleshooting/errors#no-such-element-exception
Build info: version: '4.21.0', revision: '79ed462ef4'
System info: os.name: 'Windows 11', os.arch: 'amd64', os.version: '10.0', java.version: '22.0.1'
Driver info: org.openqa.selenium.chrome.ChromeDriver
Command: [6e7fe19c398a0dd840638ee7fcae45f5, findElement {value=(//tr[td[contains(., 'Total')]])[1]/td[2], using=xpath}]
Capabilities {acceptInsecureCerts: false, browserName: chrome, browserVersion: 131.0.6778.86, chrome: {chromedriverVersion: 131.0.6778.85 (3d81e41b6f3a..., userDataDir: C:\WINDOWS\TEMP\scoped_dir2...}, fedcm:accounts: true, goog:chromeOptions: {debuggerAddress: localhost:60321}, networkConnectionEnabled: false, pageLoadStrategy: normal, platformName: windows, proxy: Proxy(), se:cdp: ws://localhost:60321/devtoo..., se:cdpVersion: 131.0.6778.86, setWindowRect: true, strictFileInteractability: false, timeouts: {implicit: 0, pageLoad: 300000, script: 30000}, unhandledPromptBehavior: dismiss and notify, webauthn:extension:credBlob: true, webauthn:extension:largeBlob: true, webauthn:extension:minPinLength: true, webauthn:extension:prf: true, webauthn:virtualAuthenticators: true}
Session ID: 6e7fe19c398a0dd840638ee7fcae45f5
at org.openqa.selenium.remote.ErrorCodec.decode(ErrorCodec.java:167)
at org.openqa.selenium.remote.codec.w3c.W3CHttpResponseCodec.decode(W3CHttpResponseCodec.java:138)
at org.openqa.selenium.remote.codec.w3c.W3CHttpResponseCodec.decode(W3CHttpResponseCodec.java:50)
at org.openqa.selenium.remote.HttpCommandExecutor.execute(HttpCommandExecutor.java:190)
at org.openqa.selenium.remote.service.DriverCommandExecutor.invokeExecute(DriverCommandExecutor.java:216)
at org.openqa.selenium.remote.service.DriverCommandExecutor.execute(DriverCommandExecutor.java:174)
at org.openqa.selenium.remote.RemoteWebDriver.execute(RemoteWebDriver.java:518)
at org.openqa.selenium.remote.ElementLocation$ElementFinder$2.findElement(ElementLocation.java:165)
at org.openqa.selenium.remote.ElementLocation.findElement(ElementLocation.java:59)
at org.openqa.selenium.remote.RemoteWebDriver.findElement(RemoteWebDriver.java:355)
at org.openqa.selenium.remote.RemoteWebDriver.findElement(RemoteWebDriver.java:349)
at PSf_Static_Report_and_Call_Dispostion.PSF_Due_Analysis.Click_On_Day_Wise(PSF_Due_Analysis.java:190)
at java.base/java.util.ArrayList.forEach(ArrayList.java:1597)
... Removed 28 stack frames]]>
    </failure>
  </testcase> <!-- Click_On_Day_Wise -->
  <testcase classname="PSf_Static_Report_and_Call_Dispostion.PSF_Due_Analysis" name="Click_On_Workshop" time="26.202">
    <failure type="java.lang.AssertionError" message="No Data Found for Workshop_Wise In PSF_Due_Analysis : 0">
      <![CDATA[java.lang.AssertionError: No Data Found for Workshop_Wise In PSF_Due_Analysis : 0
at PSf_Static_Report_and_Call_Dispostion.PSF_Due_Analysis.Click_On_Workshop(PSF_Due_Analysis.java:163)
at java.base/java.util.ArrayList.forEach(ArrayList.java:1597)
... Removed 26 stack frames]]>
    </failure>
  </testcase> <!-- Click_On_Workshop -->
  <testcase classname="PSf_Static_Report_and_Call_Dispostion.PSF_Due_Analysis" name="Click_On_Service_Type_Wise" time="18.221">
    <failure type="org.openqa.selenium.TimeoutException" message="Expected condition failed: waiting for presence of element located by: By.xpath: //*[text()=&amp;quot; Generate &amp;quot;] (tried for 10 second(s) with 500 milliseconds interval)">
      <![CDATA[org.openqa.selenium.TimeoutException: Expected condition failed: waiting for presence of element located by: By.xpath: //*[text()=" Generate "] (tried for 10 second(s) with 500 milliseconds interval)
at org.openqa.selenium.support.ui.WebDriverWait.timeoutException(WebDriverWait.java:84)
at org.openqa.selenium.support.ui.FluentWait.until(FluentWait.java:228)
at PSf_Static_Report_and_Call_Dispostion.PSF_Due_Analysis.Click_On_Service_Type_Wise(PSF_Due_Analysis.java:262)
at java.base/java.util.ArrayList.forEach(ArrayList.java:1597)
Caused by: org.openqa.selenium.NoSuchElementException: no such element: Unable to locate element: {"method":"xpath","selector":"//*[text()=" Generate "]"}
  (Session info: chrome=131.0.6778.86)
For documentation on this error, please visit: https://www.selenium.dev/documentation/webdriver/troubleshooting/errors#no-such-element-exception
Build info: version: '4.21.0', revision: '79ed462ef4'
System info: os.name: 'Windows 11', os.arch: 'amd64', os.version: '10.0', java.version: '22.0.1'
Driver info: org.openqa.selenium.chrome.ChromeDriver
Command: [6e7fe19c398a0dd840638ee7fcae45f5, findElement {value=//*[text()=" Generate "], using=xpath}]
Capabilities {acceptInsecureCerts: false, browserName: chrome, browserVersion: 131.0.6778.86, chrome: {chromedriverVersion: 131.0.6778.85 (3d81e41b6f3a..., userDataDir: C:\WINDOWS\TEMP\scoped_dir2...}, fedcm:accounts: true, goog:chromeOptions: {debuggerAddress: localhost:60321}, networkConnectionEnabled: false, pageLoadStrategy: normal, platformName: windows, proxy: Proxy(), se:cdp: ws://localhost:60321/devtoo..., se:cdpVersion: 131.0.6778.86, setWindowRect: true, strictFileInteractability: false, timeouts: {implicit: 0, pageLoad: 300000, script: 30000}, unhandledPromptBehavior: dismiss and notify, webauthn:extension:credBlob: true, webauthn:extension:largeBlob: true, webauthn:extension:minPinLength: true, webauthn:extension:prf: true, webauthn:virtualAuthenticators: true}
Session ID: 6e7fe19c398a0dd840638ee7fcae45f5
at org.openqa.selenium.remote.ErrorCodec.decode(ErrorCodec.java:167)
at org.openqa.selenium.remote.codec.w3c.W3CHttpResponseCodec.decode(W3CHttpResponseCodec.java:138)
at org.openqa.selenium.remote.codec.w3c.W3CHttpResponseCodec.decode(W3CHttpResponseCodec.java:50)
at org.openqa.selenium.remote.HttpCommandExecutor.execute(HttpCommandExecutor.java:190)
at org.openqa.selenium.remote.service.DriverCommandExecutor.invokeExecute(DriverCommandExecutor.java:216)
at org.openqa.selenium.remote.service.DriverCommandExecutor.execute(DriverCommandExecutor.java:174)
at org.openqa.selenium.remote.RemoteWebDriver.execute(RemoteWebDriver.java:518)
at org.openqa.selenium.remote.ElementLocation$ElementFinder$2.findElement(ElementLocation.java:165)
at org.openqa.selenium.remote.ElementLocation.findElement(ElementLocation.java:59)
at org.openqa.selenium.remote.RemoteWebDriver.findElement(RemoteWebDriver.java:355)
at org.openqa.selenium.remote.RemoteWebDriver.findElement(RemoteWebDriver.java:349)
at org.openqa.selenium.support.ui.ExpectedConditions$6.apply(ExpectedConditions.java:171)
at org.openqa.selenium.support.ui.ExpectedConditions$6.apply(ExpectedConditions.java:168)
at org.openqa.selenium.support.ui.FluentWait.until(FluentWait.java:203)
... 27 more
... Removed 28 stack frames]]>
    </failure>
  </testcase> <!-- Click_On_Service_Type_Wise -->
  <testcase classname="PSf_Static_Report_and_Call_Dispostion.PSF_Due_Analysis" name="Comparison_0f_all_Data" time="0.0">
    <failure type="java.lang.AssertionError" message="Compare Total_Psf_Due_of_workshopWise_With_dayWise expected [null] but found [0]">
      <![CDATA[java.lang.AssertionError: Compare Total_Psf_Due_of_workshopWise_With_dayWise expected [null] but found [0]
at PSf_Static_Report_and_Call_Dispostion.PSF_Due_Analysis.Comparison_0f_all_Data(PSF_Due_Analysis.java:354)
at java.base/java.util.ArrayList.forEach(ArrayList.java:1597)
... Removed 30 stack frames]]>
    </failure>
  </testcase> <!-- Comparison_0f_all_Data -->
  <testcase classname="PSf_Static_Report_and_Call_Dispostion.LOGINs" name="Username" time="1.436"/>
  <testcase classname="PSf_Static_Report_and_Call_Dispostion.LOGINs" name="Password" time="1.509"/>
  <testcase classname="PSf_Static_Report_and_Call_Dispostion.LOGINs" name="Captcha" time="2.268"/>
  <testcase classname="PSf_Static_Report_and_Call_Dispostion.LOGINs" name="SUBMIT_Button" time="2.186"/>
  <testcase classname="PSf_Static_Report_and_Call_Dispostion.LOGINs" name="Click_On_PSF" time="42.885"/>
  <testcase classname="PSf_Static_Report_and_Call_Dispostion.LOGINs" name="Remove_PouP" time="1.153"/>
  <testcase classname="PSf_Static_Report_and_Call_Dispostion.Psf_All_Fillter_Check" name="Fillters_check" time="6.045"/>
  <testcase classname="PSf_Static_Report_and_Call_Dispostion.Psf_All_Fillter_Check" name="Service_Advisor_Name_Fillter" time="3.449"/>
  <testcase classname="PSf_Static_Report_and_Call_Dispostion.Psf_All_Fillter_Check" name="removeFilterCheck" time="0.531"/>
  <testcase classname="PSf_Static_Report_and_Call_Dispostion.Psf_All_Fillter_Check" name="Technician_Name_Name_Fillter" time="23.122">
    <failure type="org.openqa.selenium.ElementNotInteractableException" message="element not interactable
  (Session info: chrome=131.0.6778.86)
Build info: version: &amp;apos;4.21.0&amp;apos;, revision: &amp;apos;79ed462ef4&amp;apos;
System info: os.name: &amp;apos;Windows 11&amp;apos;, os.arch: &amp;apos;amd64&amp;apos;, os.version: &amp;apos;10.0&amp;apos;, java.version: &amp;apos;22.0.1&amp;apos;
Driver info: org.openqa.selenium.chrome.ChromeDriver
Command: [d0f50bcef5a2791066119fcd8193e1d3, clickElement {id=f.DFCEBE844612A0B50B1A379B06AA52C1.d.50B0EDE8103CC051B5CF801FCA8D8A43.e.686}]
Capabilities {acceptInsecureCerts: false, browserName: chrome, browserVersion: 131.0.6778.86, chrome: {chromedriverVersion: 131.0.6778.85 (3d81e41b6f3a..., userDataDir: C:\WINDOWS\TEMP\scoped_dir3...}, fedcm:accounts: true, goog:chromeOptions: {debuggerAddress: localhost:60573}, networkConnectionEnabled: false, pageLoadStrategy: normal, platformName: windows, proxy: Proxy(), se:cdp: ws://localhost:60573/devtoo..., se:cdpVersion: 131.0.6778.86, setWindowRect: true, strictFileInteractability: false, timeouts: {implicit: 0, pageLoad: 300000, script: 30000}, unhandledPromptBehavior: dismiss and notify, webauthn:extension:credBlob: true, webauthn:extension:largeBlob: true, webauthn:extension:minPinLength: true, webauthn:extension:prf: true, webauthn:virtualAuthenticators: true}
Element: [[ChromeDriver: chrome on windows (d0f50bcef5a2791066119fcd8193e1d3)] -&amp;gt; xpath: (//*[@class=&amp;quot;mat-checkbox-inner-container&amp;quot;])[30]]
Session ID: d0f50bcef5a2791066119fcd8193e1d3">
      <![CDATA[org.openqa.selenium.ElementNotInteractableException: element not interactable
  (Session info: chrome=131.0.6778.86)
Build info: version: '4.21.0', revision: '79ed462ef4'
System info: os.name: 'Windows 11', os.arch: 'amd64', os.version: '10.0', java.version: '22.0.1'
Driver info: org.openqa.selenium.chrome.ChromeDriver
Command: [d0f50bcef5a2791066119fcd8193e1d3, clickElement {id=f.DFCEBE844612A0B50B1A379B06AA52C1.d.50B0EDE8103CC051B5CF801FCA8D8A43.e.686}]
Capabilities {acceptInsecureCerts: false, browserName: chrome, browserVersion: 131.0.6778.86, chrome: {chromedriverVersion: 131.0.6778.85 (3d81e41b6f3a..., userDataDir: C:\WINDOWS\TEMP\scoped_dir3...}, fedcm:accounts: true, goog:chromeOptions: {debuggerAddress: localhost:60573}, networkConnectionEnabled: false, pageLoadStrategy: normal, platformName: windows, proxy: Proxy(), se:cdp: ws://localhost:60573/devtoo..., se:cdpVersion: 131.0.6778.86, setWindowRect: true, strictFileInteractability: false, timeouts: {implicit: 0, pageLoad: 300000, script: 30000}, unhandledPromptBehavior: dismiss and notify, webauthn:extension:credBlob: true, webauthn:extension:largeBlob: true, webauthn:extension:minPinLength: true, webauthn:extension:prf: true, webauthn:virtualAuthenticators: true}
Element: [[ChromeDriver: chrome on windows (d0f50bcef5a2791066119fcd8193e1d3)] -> xpath: (//*[@class="mat-checkbox-inner-container"])[30]]
Session ID: d0f50bcef5a2791066119fcd8193e1d3
at org.openqa.selenium.remote.ErrorCodec.decode(ErrorCodec.java:167)
at org.openqa.selenium.remote.codec.w3c.W3CHttpResponseCodec.decode(W3CHttpResponseCodec.java:138)
at org.openqa.selenium.remote.codec.w3c.W3CHttpResponseCodec.decode(W3CHttpResponseCodec.java:50)
at org.openqa.selenium.remote.HttpCommandExecutor.execute(HttpCommandExecutor.java:190)
at org.openqa.selenium.remote.service.DriverCommandExecutor.invokeExecute(DriverCommandExecutor.java:216)
at org.openqa.selenium.remote.service.DriverCommandExecutor.execute(DriverCommandExecutor.java:174)
at org.openqa.selenium.remote.RemoteWebDriver.execute(RemoteWebDriver.java:518)
at org.openqa.selenium.remote.RemoteWebElement.execute(RemoteWebElement.java:223)
at org.openqa.selenium.remote.RemoteWebElement.click(RemoteWebElement.java:76)
at PSf_Static_Report_and_Call_Dispostion.Psf_All_Fillter_Check.clickCheckboxes(Psf_All_Fillter_Check.java:409)
at PSf_Static_Report_and_Call_Dispostion.Psf_All_Fillter_Check.Technician_Name_Name_Fillter(Psf_All_Fillter_Check.java:162)
at java.base/java.util.ArrayList.forEach(ArrayList.java:1597)
... Removed 28 stack frames]]>
    </failure>
  </testcase> <!-- Technician_Name_Name_Fillter -->
  <testcase classname="PSf_Static_Report_and_Call_Dispostion.Psf_All_Fillter_Check" name="removeFilterCheck2" time="0.487"/>
  <testcase classname="PSf_Static_Report_and_Call_Dispostion.Psf_All_Fillter_Check" name="FuelType_Fillter" time="16.753">
    <failure type="org.openqa.selenium.ElementNotInteractableException" message="element not interactable
  (Session info: chrome=131.0.6778.86)
Build info: version: &amp;apos;4.21.0&amp;apos;, revision: &amp;apos;79ed462ef4&amp;apos;
System info: os.name: &amp;apos;Windows 11&amp;apos;, os.arch: &amp;apos;amd64&amp;apos;, os.version: &amp;apos;10.0&amp;apos;, java.version: &amp;apos;22.0.1&amp;apos;
Driver info: org.openqa.selenium.chrome.ChromeDriver
Command: [d0f50bcef5a2791066119fcd8193e1d3, clickElement {id=f.DFCEBE844612A0B50B1A379B06AA52C1.d.50B0EDE8103CC051B5CF801FCA8D8A43.e.692}]
Capabilities {acceptInsecureCerts: false, browserName: chrome, browserVersion: 131.0.6778.86, chrome: {chromedriverVersion: 131.0.6778.85 (3d81e41b6f3a..., userDataDir: C:\WINDOWS\TEMP\scoped_dir3...}, fedcm:accounts: true, goog:chromeOptions: {debuggerAddress: localhost:60573}, networkConnectionEnabled: false, pageLoadStrategy: normal, platformName: windows, proxy: Proxy(), se:cdp: ws://localhost:60573/devtoo..., se:cdpVersion: 131.0.6778.86, setWindowRect: true, strictFileInteractability: false, timeouts: {implicit: 0, pageLoad: 300000, script: 30000}, unhandledPromptBehavior: dismiss and notify, webauthn:extension:credBlob: true, webauthn:extension:largeBlob: true, webauthn:extension:minPinLength: true, webauthn:extension:prf: true, webauthn:virtualAuthenticators: true}
Element: [[ChromeDriver: chrome on windows (d0f50bcef5a2791066119fcd8193e1d3)] -&amp;gt; xpath: (//*[@class=&amp;quot;mat-checkbox-inner-container&amp;quot;])[34]]
Session ID: d0f50bcef5a2791066119fcd8193e1d3">
      <![CDATA[org.openqa.selenium.ElementNotInteractableException: element not interactable
  (Session info: chrome=131.0.6778.86)
Build info: version: '4.21.0', revision: '79ed462ef4'
System info: os.name: 'Windows 11', os.arch: 'amd64', os.version: '10.0', java.version: '22.0.1'
Driver info: org.openqa.selenium.chrome.ChromeDriver
Command: [d0f50bcef5a2791066119fcd8193e1d3, clickElement {id=f.DFCEBE844612A0B50B1A379B06AA52C1.d.50B0EDE8103CC051B5CF801FCA8D8A43.e.692}]
Capabilities {acceptInsecureCerts: false, browserName: chrome, browserVersion: 131.0.6778.86, chrome: {chromedriverVersion: 131.0.6778.85 (3d81e41b6f3a..., userDataDir: C:\WINDOWS\TEMP\scoped_dir3...}, fedcm:accounts: true, goog:chromeOptions: {debuggerAddress: localhost:60573}, networkConnectionEnabled: false, pageLoadStrategy: normal, platformName: windows, proxy: Proxy(), se:cdp: ws://localhost:60573/devtoo..., se:cdpVersion: 131.0.6778.86, setWindowRect: true, strictFileInteractability: false, timeouts: {implicit: 0, pageLoad: 300000, script: 30000}, unhandledPromptBehavior: dismiss and notify, webauthn:extension:credBlob: true, webauthn:extension:largeBlob: true, webauthn:extension:minPinLength: true, webauthn:extension:prf: true, webauthn:virtualAuthenticators: true}
Element: [[ChromeDriver: chrome on windows (d0f50bcef5a2791066119fcd8193e1d3)] -> xpath: (//*[@class="mat-checkbox-inner-container"])[34]]
Session ID: d0f50bcef5a2791066119fcd8193e1d3
at org.openqa.selenium.remote.ErrorCodec.decode(ErrorCodec.java:167)
at org.openqa.selenium.remote.codec.w3c.W3CHttpResponseCodec.decode(W3CHttpResponseCodec.java:138)
at org.openqa.selenium.remote.codec.w3c.W3CHttpResponseCodec.decode(W3CHttpResponseCodec.java:50)
at org.openqa.selenium.remote.HttpCommandExecutor.execute(HttpCommandExecutor.java:190)
at org.openqa.selenium.remote.service.DriverCommandExecutor.invokeExecute(DriverCommandExecutor.java:216)
at org.openqa.selenium.remote.service.DriverCommandExecutor.execute(DriverCommandExecutor.java:174)
at org.openqa.selenium.remote.RemoteWebDriver.execute(RemoteWebDriver.java:518)
at org.openqa.selenium.remote.RemoteWebElement.execute(RemoteWebElement.java:223)
at org.openqa.selenium.remote.RemoteWebElement.click(RemoteWebElement.java:76)
at PSf_Static_Report_and_Call_Dispostion.Psf_All_Fillter_Check.clickCheckboxes(Psf_All_Fillter_Check.java:409)
at PSf_Static_Report_and_Call_Dispostion.Psf_All_Fillter_Check.FuelType_Fillter(Psf_All_Fillter_Check.java:188)
at java.base/java.util.ArrayList.forEach(ArrayList.java:1597)
... Removed 28 stack frames]]>
    </failure>
  </testcase> <!-- FuelType_Fillter -->
  <testcase classname="PSf_Static_Report_and_Call_Dispostion.Psf_All_Fillter_Check" name="removeFilterCheck3" time="16.092">
    <failure type="org.openqa.selenium.TimeoutException" message="Expected condition failed: waiting for element to be clickable: By.xpath: //*[text()=&amp;quot;close&amp;quot;] (tried for 10 second(s) with 500 milliseconds interval)
Build info: version: &amp;apos;4.21.0&amp;apos;, revision: &amp;apos;79ed462ef4&amp;apos;
System info: os.name: &amp;apos;Windows 11&amp;apos;, os.arch: &amp;apos;amd64&amp;apos;, os.version: &amp;apos;10.0&amp;apos;, java.version: &amp;apos;22.0.1&amp;apos;
Driver info: org.openqa.selenium.chrome.ChromeDriver
Capabilities {acceptInsecureCerts: false, browserName: chrome, browserVersion: 131.0.6778.86, chrome: {chromedriverVersion: 131.0.6778.85 (3d81e41b6f3a..., userDataDir: C:\WINDOWS\TEMP\scoped_dir3...}, fedcm:accounts: true, goog:chromeOptions: {debuggerAddress: localhost:60573}, networkConnectionEnabled: false, pageLoadStrategy: normal, platformName: windows, proxy: Proxy(), se:cdp: ws://localhost:60573/devtoo..., se:cdpVersion: 131.0.6778.86, setWindowRect: true, strictFileInteractability: false, timeouts: {implicit: 0, pageLoad: 300000, script: 30000}, unhandledPromptBehavior: dismiss and notify, webauthn:extension:credBlob: true, webauthn:extension:largeBlob: true, webauthn:extension:minPinLength: true, webauthn:extension:prf: true, webauthn:virtualAuthenticators: true}
Session ID: d0f50bcef5a2791066119fcd8193e1d3">
      <![CDATA[org.openqa.selenium.TimeoutException: Expected condition failed: waiting for element to be clickable: By.xpath: //*[text()="close"] (tried for 10 second(s) with 500 milliseconds interval)
Build info: version: '4.21.0', revision: '79ed462ef4'
System info: os.name: 'Windows 11', os.arch: 'amd64', os.version: '10.0', java.version: '22.0.1'
Driver info: org.openqa.selenium.chrome.ChromeDriver
Capabilities {acceptInsecureCerts: false, browserName: chrome, browserVersion: 131.0.6778.86, chrome: {chromedriverVersion: 131.0.6778.85 (3d81e41b6f3a..., userDataDir: C:\WINDOWS\TEMP\scoped_dir3...}, fedcm:accounts: true, goog:chromeOptions: {debuggerAddress: localhost:60573}, networkConnectionEnabled: false, pageLoadStrategy: normal, platformName: windows, proxy: Proxy(), se:cdp: ws://localhost:60573/devtoo..., se:cdpVersion: 131.0.6778.86, setWindowRect: true, strictFileInteractability: false, timeouts: {implicit: 0, pageLoad: 300000, script: 30000}, unhandledPromptBehavior: dismiss and notify, webauthn:extension:credBlob: true, webauthn:extension:largeBlob: true, webauthn:extension:minPinLength: true, webauthn:extension:prf: true, webauthn:virtualAuthenticators: true}
Session ID: d0f50bcef5a2791066119fcd8193e1d3
at org.openqa.selenium.support.ui.WebDriverWait.timeoutException(WebDriverWait.java:84)
at org.openqa.selenium.support.ui.FluentWait.until(FluentWait.java:228)
at PSf_Static_Report_and_Call_Dispostion.Psf_All_Fillter_Check.clickElementWithWait(Psf_All_Fillter_Check.java:400)
at PSf_Static_Report_and_Call_Dispostion.Psf_All_Fillter_Check.removeFilterCheck3(Psf_All_Fillter_Check.java:196)
at java.base/java.util.ArrayList.forEach(ArrayList.java:1597)
... Removed 25 stack frames]]>
    </failure>
  </testcase> <!-- removeFilterCheck3 -->
  <testcase classname="PSf_Static_Report_and_Call_Dispostion.Psf_All_Fillter_Check" name="Model_name_Fillter" time="26.475">
    <failure type="org.openqa.selenium.ElementNotInteractableException" message="element not interactable
  (Session info: chrome=131.0.6778.86)
Build info: version: &amp;apos;4.21.0&amp;apos;, revision: &amp;apos;79ed462ef4&amp;apos;
System info: os.name: &amp;apos;Windows 11&amp;apos;, os.arch: &amp;apos;amd64&amp;apos;, os.version: &amp;apos;10.0&amp;apos;, java.version: &amp;apos;22.0.1&amp;apos;
Driver info: org.openqa.selenium.chrome.ChromeDriver
Command: [d0f50bcef5a2791066119fcd8193e1d3, clickElement {id=f.DFCEBE844612A0B50B1A379B06AA52C1.d.50B0EDE8103CC051B5CF801FCA8D8A43.e.738}]
Capabilities {acceptInsecureCerts: false, browserName: chrome, browserVersion: 131.0.6778.86, chrome: {chromedriverVersion: 131.0.6778.85 (3d81e41b6f3a..., userDataDir: C:\WINDOWS\TEMP\scoped_dir3...}, fedcm:accounts: true, goog:chromeOptions: {debuggerAddress: localhost:60573}, networkConnectionEnabled: false, pageLoadStrategy: normal, platformName: windows, proxy: Proxy(), se:cdp: ws://localhost:60573/devtoo..., se:cdpVersion: 131.0.6778.86, setWindowRect: true, strictFileInteractability: false, timeouts: {implicit: 0, pageLoad: 300000, script: 30000}, unhandledPromptBehavior: dismiss and notify, webauthn:extension:credBlob: true, webauthn:extension:largeBlob: true, webauthn:extension:minPinLength: true, webauthn:extension:prf: true, webauthn:virtualAuthenticators: true}
Element: [[ChromeDriver: chrome on windows (d0f50bcef5a2791066119fcd8193e1d3)] -&amp;gt; xpath: (//*[@class=&amp;quot;mat-checkbox-inner-container&amp;quot;])[71]]
Session ID: d0f50bcef5a2791066119fcd8193e1d3">
      <![CDATA[org.openqa.selenium.ElementNotInteractableException: element not interactable
  (Session info: chrome=131.0.6778.86)
Build info: version: '4.21.0', revision: '79ed462ef4'
System info: os.name: 'Windows 11', os.arch: 'amd64', os.version: '10.0', java.version: '22.0.1'
Driver info: org.openqa.selenium.chrome.ChromeDriver
Command: [d0f50bcef5a2791066119fcd8193e1d3, clickElement {id=f.DFCEBE844612A0B50B1A379B06AA52C1.d.50B0EDE8103CC051B5CF801FCA8D8A43.e.738}]
Capabilities {acceptInsecureCerts: false, browserName: chrome, browserVersion: 131.0.6778.86, chrome: {chromedriverVersion: 131.0.6778.85 (3d81e41b6f3a..., userDataDir: C:\WINDOWS\TEMP\scoped_dir3...}, fedcm:accounts: true, goog:chromeOptions: {debuggerAddress: localhost:60573}, networkConnectionEnabled: false, pageLoadStrategy: normal, platformName: windows, proxy: Proxy(), se:cdp: ws://localhost:60573/devtoo..., se:cdpVersion: 131.0.6778.86, setWindowRect: true, strictFileInteractability: false, timeouts: {implicit: 0, pageLoad: 300000, script: 30000}, unhandledPromptBehavior: dismiss and notify, webauthn:extension:credBlob: true, webauthn:extension:largeBlob: true, webauthn:extension:minPinLength: true, webauthn:extension:prf: true, webauthn:virtualAuthenticators: true}
Element: [[ChromeDriver: chrome on windows (d0f50bcef5a2791066119fcd8193e1d3)] -> xpath: (//*[@class="mat-checkbox-inner-container"])[71]]
Session ID: d0f50bcef5a2791066119fcd8193e1d3
at org.openqa.selenium.remote.ErrorCodec.decode(ErrorCodec.java:167)
at org.openqa.selenium.remote.codec.w3c.W3CHttpResponseCodec.decode(W3CHttpResponseCodec.java:138)
at org.openqa.selenium.remote.codec.w3c.W3CHttpResponseCodec.decode(W3CHttpResponseCodec.java:50)
at org.openqa.selenium.remote.HttpCommandExecutor.execute(HttpCommandExecutor.java:190)
at org.openqa.selenium.remote.service.DriverCommandExecutor.invokeExecute(DriverCommandExecutor.java:216)
at org.openqa.selenium.remote.service.DriverCommandExecutor.execute(DriverCommandExecutor.java:174)
at org.openqa.selenium.remote.RemoteWebDriver.execute(RemoteWebDriver.java:518)
at org.openqa.selenium.remote.RemoteWebElement.execute(RemoteWebElement.java:223)
at org.openqa.selenium.remote.RemoteWebElement.click(RemoteWebElement.java:76)
at PSf_Static_Report_and_Call_Dispostion.Psf_All_Fillter_Check.clickCheckboxes(Psf_All_Fillter_Check.java:409)
at PSf_Static_Report_and_Call_Dispostion.Psf_All_Fillter_Check.Model_name_Fillter(Psf_All_Fillter_Check.java:255)
at java.base/java.util.ArrayList.forEach(ArrayList.java:1597)
... Removed 28 stack frames]]>
    </failure>
  </testcase> <!-- Model_name_Fillter -->
  <testcase classname="PSf_Static_Report_and_Call_Dispostion.Psf_All_Fillter_Check" name="removeFilterCheck4" time="0.567"/>
  <testcase classname="PSf_Static_Report_and_Call_Dispostion.Psf_All_Fillter_Check" name="Model_Variant_Fillter" time="26.553"/>
  <testcase classname="PSf_Static_Report_and_Call_Dispostion.Psf_All_Fillter_Check" name="removeFilterCheck5" time="0.751"/>
  <testcase classname="PSf_Static_Report_and_Call_Dispostion.Psf_All_Fillter_Check" name="Click_On_Refresh" time="18.576"/>
  <testcase classname="PSf_Static_Report_and_Call_Dispostion.LOGINs" name="Username" time="1.391"/>
  <testcase classname="PSf_Static_Report_and_Call_Dispostion.LOGINs" name="Password" time="1.367"/>
  <testcase classname="PSf_Static_Report_and_Call_Dispostion.LOGINs" name="Captcha" time="2.248"/>
  <testcase classname="PSf_Static_Report_and_Call_Dispostion.LOGINs" name="SUBMIT_Button" time="2.176"/>
  <testcase classname="PSf_Static_Report_and_Call_Dispostion.LOGINs" name="Click_On_PSF" time="43.582"/>
  <testcase classname="PSf_Static_Report_and_Call_Dispostion.LOGINs" name="Remove_PouP" time="1.189"/>
  <testcase classname="PSf_Static_Report_and_Call_Dispostion.Call_me_Later_for_Service_Rating" name="PSF_Calibration_Due" time="40.693"/>
  <testcase classname="PSf_Static_Report_and_Call_Dispostion.LOGINs" name="Username" time="1.538"/>
  <testcase classname="PSf_Static_Report_and_Call_Dispostion.LOGINs" name="Password" time="1.522"/>
  <testcase classname="PSf_Static_Report_and_Call_Dispostion.LOGINs" name="Captcha" time="2.242"/>
  <testcase classname="PSf_Static_Report_and_Call_Dispostion.LOGINs" name="SUBMIT_Button" time="2.232"/>
  <testcase classname="PSf_Static_Report_and_Call_Dispostion.LOGINs" name="Click_On_PSF" time="22.118"/>
  <testcase classname="PSf_Static_Report_and_Call_Dispostion.LOGINs" name="Remove_PouP" time="1.156"/>
  <testcase classname="PSf_Static_Report_and_Call_Dispostion.Call_Me_Later" name="CAll_Me_Later" time="52.589"/>
  <testcase classname="PSf_Static_Report_and_Call_Dispostion.LOGINs" name="Username" time="1.427"/>
  <testcase classname="PSf_Static_Report_and_Call_Dispostion.LOGINs" name="Password" time="1.418"/>
  <testcase classname="PSf_Static_Report_and_Call_Dispostion.LOGINs" name="Captcha" time="2.271"/>
  <testcase classname="PSf_Static_Report_and_Call_Dispostion.LOGINs" name="SUBMIT_Button" time="2.18"/>
  <testcase classname="PSf_Static_Report_and_Call_Dispostion.LOGINs" name="Click_On_PSF" time="19.487"/>
  <testcase classname="PSf_Static_Report_and_Call_Dispostion.LOGINs" name="Remove_PouP" time="1.191"/>
  <testcase classname="PSf_Static_Report_and_Call_Dispostion.Not_Intrested_In_Providing_Feedback" name="PSF_Calibration_Due" time="67.379"/>
  <testcase classname="PSf_Static_Report_and_Call_Dispostion.LOGINs" name="Username" time="1.266"/>
  <testcase classname="PSf_Static_Report_and_Call_Dispostion.LOGINs" name="Password" time="1.578"/>
  <testcase classname="PSf_Static_Report_and_Call_Dispostion.LOGINs" name="Captcha" time="2.257"/>
  <testcase classname="PSf_Static_Report_and_Call_Dispostion.LOGINs" name="SUBMIT_Button" time="2.217"/>
  <testcase classname="PSf_Static_Report_and_Call_Dispostion.LOGINs" name="Click_On_PSF" time="22.719"/>
  <testcase classname="PSf_Static_Report_and_Call_Dispostion.LOGINs" name="Remove_PouP" time="1.16"/>
  <testcase classname="PSf_Static_Report_and_Call_Dispostion.Not_Picked_Up_of_Service_Rating" name="PSF_Calibration_Due" time="22.278">
    <failure type="org.openqa.selenium.ElementClickInterceptedException" message="element click intercepted: Element &amp;lt;span _ngcontent-vkn-c188=&amp;quot;&amp;quot; style=&amp;quot;transform: rotateZ(-600deg);&amp;quot;&amp;gt;...&amp;lt;/span&amp;gt; is not clickable at point (578, 300). Other element would receive the click: &amp;lt;div _ngcontent-vkn-c188=&amp;quot;&amp;quot; class=&amp;quot;clock-face__number clock-face__number--inner ng-star-inserted&amp;quot; style=&amp;quot;height: 85px; transform: rotateZ(630deg) translateX(-50%);&amp;quot;&amp;gt;...&amp;lt;/div&amp;gt;
  (Session info: chrome=131.0.6778.86)
Build info: version: &amp;apos;4.21.0&amp;apos;, revision: &amp;apos;79ed462ef4&amp;apos;
System info: os.name: &amp;apos;Windows 11&amp;apos;, os.arch: &amp;apos;amd64&amp;apos;, os.version: &amp;apos;10.0&amp;apos;, java.version: &amp;apos;22.0.1&amp;apos;
Driver info: org.openqa.selenium.chrome.ChromeDriver
Command: [3be3ddd978f3a910ad9ebbaebf73e294, clickElement {id=f.A86C4AE7FA185FB20FCAAEBF2FBA86FD.d.58C0E6C8AC3CE8B7EF32C21A5B29021A.e.964}]
Capabilities {acceptInsecureCerts: false, browserName: chrome, browserVersion: 131.0.6778.86, chrome: {chromedriverVersion: 131.0.6778.85 (3d81e41b6f3a..., userDataDir: C:\WINDOWS\TEMP\scoped_dir2...}, fedcm:accounts: true, goog:chromeOptions: {debuggerAddress: localhost:61488}, networkConnectionEnabled: false, pageLoadStrategy: normal, platformName: windows, proxy: Proxy(), se:cdp: ws://localhost:61488/devtoo..., se:cdpVersion: 131.0.6778.86, setWindowRect: true, strictFileInteractability: false, timeouts: {implicit: 0, pageLoad: 300000, script: 30000}, unhandledPromptBehavior: dismiss and notify, webauthn:extension:credBlob: true, webauthn:extension:largeBlob: true, webauthn:extension:minPinLength: true, webauthn:extension:prf: true, webauthn:virtualAuthenticators: true}
Element: [[ChromeDriver: chrome on windows (3be3ddd978f3a910ad9ebbaebf73e294)] -&amp;gt; xpath: //*[text()=&amp;quot; 20&amp;quot;]]
Session ID: 3be3ddd978f3a910ad9ebbaebf73e294">
      <![CDATA[org.openqa.selenium.ElementClickInterceptedException: element click intercepted: Element <span _ngcontent-vkn-c188="" style="transform: rotateZ(-600deg);">...</span> is not clickable at point (578, 300). Other element would receive the click: <div _ngcontent-vkn-c188="" class="clock-face__number clock-face__number--inner ng-star-inserted" style="height: 85px; transform: rotateZ(630deg) translateX(-50%);">...</div>
  (Session info: chrome=131.0.6778.86)
Build info: version: '4.21.0', revision: '79ed462ef4'
System info: os.name: 'Windows 11', os.arch: 'amd64', os.version: '10.0', java.version: '22.0.1'
Driver info: org.openqa.selenium.chrome.ChromeDriver
Command: [3be3ddd978f3a910ad9ebbaebf73e294, clickElement {id=f.A86C4AE7FA185FB20FCAAEBF2FBA86FD.d.58C0E6C8AC3CE8B7EF32C21A5B29021A.e.964}]
Capabilities {acceptInsecureCerts: false, browserName: chrome, browserVersion: 131.0.6778.86, chrome: {chromedriverVersion: 131.0.6778.85 (3d81e41b6f3a..., userDataDir: C:\WINDOWS\TEMP\scoped_dir2...}, fedcm:accounts: true, goog:chromeOptions: {debuggerAddress: localhost:61488}, networkConnectionEnabled: false, pageLoadStrategy: normal, platformName: windows, proxy: Proxy(), se:cdp: ws://localhost:61488/devtoo..., se:cdpVersion: 131.0.6778.86, setWindowRect: true, strictFileInteractability: false, timeouts: {implicit: 0, pageLoad: 300000, script: 30000}, unhandledPromptBehavior: dismiss and notify, webauthn:extension:credBlob: true, webauthn:extension:largeBlob: true, webauthn:extension:minPinLength: true, webauthn:extension:prf: true, webauthn:virtualAuthenticators: true}
Element: [[ChromeDriver: chrome on windows (3be3ddd978f3a910ad9ebbaebf73e294)] -> xpath: //*[text()=" 20"]]
Session ID: 3be3ddd978f3a910ad9ebbaebf73e294
at org.openqa.selenium.remote.ErrorCodec.decode(ErrorCodec.java:167)
at org.openqa.selenium.remote.codec.w3c.W3CHttpResponseCodec.decode(W3CHttpResponseCodec.java:138)
at org.openqa.selenium.remote.codec.w3c.W3CHttpResponseCodec.decode(W3CHttpResponseCodec.java:50)
at org.openqa.selenium.remote.HttpCommandExecutor.execute(HttpCommandExecutor.java:190)
at org.openqa.selenium.remote.service.DriverCommandExecutor.invokeExecute(DriverCommandExecutor.java:216)
at org.openqa.selenium.remote.service.DriverCommandExecutor.execute(DriverCommandExecutor.java:174)
at org.openqa.selenium.remote.RemoteWebDriver.execute(RemoteWebDriver.java:518)
at org.openqa.selenium.remote.RemoteWebElement.execute(RemoteWebElement.java:223)
at org.openqa.selenium.remote.RemoteWebElement.click(RemoteWebElement.java:76)
at PSf_Static_Report_and_Call_Dispostion.Not_Picked_Up_of_Service_Rating.PSF_Calibration_Due(Not_Picked_Up_of_Service_Rating.java:75)
at java.base/java.util.ArrayList.forEach(ArrayList.java:1597)
... Removed 28 stack frames]]>
    </failure>
  </testcase> <!-- PSF_Calibration_Due -->
  <testcase classname="PSf_Static_Report_and_Call_Dispostion.LOGINs" name="Username" time="1.287"/>
  <testcase classname="PSf_Static_Report_and_Call_Dispostion.LOGINs" name="Password" time="1.368"/>
  <testcase classname="PSf_Static_Report_and_Call_Dispostion.LOGINs" name="Captcha" time="2.278"/>
  <testcase classname="PSf_Static_Report_and_Call_Dispostion.LOGINs" name="SUBMIT_Button" time="2.173"/>
  <testcase classname="PSf_Static_Report_and_Call_Dispostion.LOGINs" name="Click_On_PSF" time="41.821"/>
  <testcase classname="PSf_Static_Report_and_Call_Dispostion.LOGINs" name="Remove_PouP" time="1.19"/>
  <testcase classname="PSf_Static_Report_and_Call_Dispostion.Number_Busy_of_Service_Rating" name="PSF_Calibration_Due" time="21.927">
    <failure type="org.openqa.selenium.ElementClickInterceptedException" message="element click intercepted: Element &amp;lt;span _ngcontent-ebr-c188=&amp;quot;&amp;quot; style=&amp;quot;transform: rotateZ(-600deg);&amp;quot;&amp;gt;...&amp;lt;/span&amp;gt; is not clickable at point (578, 286). Other element would receive the click: &amp;lt;span _ngcontent-ebr-c188=&amp;quot;&amp;quot; style=&amp;quot;transform: rotateZ(-630deg);&amp;quot;&amp;gt;...&amp;lt;/span&amp;gt;
  (Session info: chrome=131.0.6778.86)
Build info: version: &amp;apos;4.21.0&amp;apos;, revision: &amp;apos;79ed462ef4&amp;apos;
System info: os.name: &amp;apos;Windows 11&amp;apos;, os.arch: &amp;apos;amd64&amp;apos;, os.version: &amp;apos;10.0&amp;apos;, java.version: &amp;apos;22.0.1&amp;apos;
Driver info: org.openqa.selenium.chrome.ChromeDriver
Command: [1ef956544bb688457d66ef3ed950bcea, clickElement {id=f.FB3007B780F32344B65B0882A502A934.d.6D6CEEB96DCF6DE71D6B546A0B947B94.e.1044}]
Capabilities {acceptInsecureCerts: false, browserName: chrome, browserVersion: 131.0.6778.86, chrome: {chromedriverVersion: 131.0.6778.85 (3d81e41b6f3a..., userDataDir: C:\WINDOWS\TEMP\scoped_dir5...}, fedcm:accounts: true, goog:chromeOptions: {debuggerAddress: localhost:61624}, networkConnectionEnabled: false, pageLoadStrategy: normal, platformName: windows, proxy: Proxy(), se:cdp: ws://localhost:61624/devtoo..., se:cdpVersion: 131.0.6778.86, setWindowRect: true, strictFileInteractability: false, timeouts: {implicit: 0, pageLoad: 300000, script: 30000}, unhandledPromptBehavior: dismiss and notify, webauthn:extension:credBlob: true, webauthn:extension:largeBlob: true, webauthn:extension:minPinLength: true, webauthn:extension:prf: true, webauthn:virtualAuthenticators: true}
Element: [[ChromeDriver: chrome on windows (1ef956544bb688457d66ef3ed950bcea)] -&amp;gt; xpath: //*[text()=&amp;quot; 20&amp;quot;]]
Session ID: 1ef956544bb688457d66ef3ed950bcea">
      <![CDATA[org.openqa.selenium.ElementClickInterceptedException: element click intercepted: Element <span _ngcontent-ebr-c188="" style="transform: rotateZ(-600deg);">...</span> is not clickable at point (578, 286). Other element would receive the click: <span _ngcontent-ebr-c188="" style="transform: rotateZ(-630deg);">...</span>
  (Session info: chrome=131.0.6778.86)
Build info: version: '4.21.0', revision: '79ed462ef4'
System info: os.name: 'Windows 11', os.arch: 'amd64', os.version: '10.0', java.version: '22.0.1'
Driver info: org.openqa.selenium.chrome.ChromeDriver
Command: [1ef956544bb688457d66ef3ed950bcea, clickElement {id=f.FB3007B780F32344B65B0882A502A934.d.6D6CEEB96DCF6DE71D6B546A0B947B94.e.1044}]
Capabilities {acceptInsecureCerts: false, browserName: chrome, browserVersion: 131.0.6778.86, chrome: {chromedriverVersion: 131.0.6778.85 (3d81e41b6f3a..., userDataDir: C:\WINDOWS\TEMP\scoped_dir5...}, fedcm:accounts: true, goog:chromeOptions: {debuggerAddress: localhost:61624}, networkConnectionEnabled: false, pageLoadStrategy: normal, platformName: windows, proxy: Proxy(), se:cdp: ws://localhost:61624/devtoo..., se:cdpVersion: 131.0.6778.86, setWindowRect: true, strictFileInteractability: false, timeouts: {implicit: 0, pageLoad: 300000, script: 30000}, unhandledPromptBehavior: dismiss and notify, webauthn:extension:credBlob: true, webauthn:extension:largeBlob: true, webauthn:extension:minPinLength: true, webauthn:extension:prf: true, webauthn:virtualAuthenticators: true}
Element: [[ChromeDriver: chrome on windows (1ef956544bb688457d66ef3ed950bcea)] -> xpath: //*[text()=" 20"]]
Session ID: 1ef956544bb688457d66ef3ed950bcea
at org.openqa.selenium.remote.ErrorCodec.decode(ErrorCodec.java:167)
at org.openqa.selenium.remote.codec.w3c.W3CHttpResponseCodec.decode(W3CHttpResponseCodec.java:138)
at org.openqa.selenium.remote.codec.w3c.W3CHttpResponseCodec.decode(W3CHttpResponseCodec.java:50)
at org.openqa.selenium.remote.HttpCommandExecutor.execute(HttpCommandExecutor.java:190)
at org.openqa.selenium.remote.service.DriverCommandExecutor.invokeExecute(DriverCommandExecutor.java:216)
at org.openqa.selenium.remote.service.DriverCommandExecutor.execute(DriverCommandExecutor.java:174)
at org.openqa.selenium.remote.RemoteWebDriver.execute(RemoteWebDriver.java:518)
at org.openqa.selenium.remote.RemoteWebElement.execute(RemoteWebElement.java:223)
at org.openqa.selenium.remote.RemoteWebElement.click(RemoteWebElement.java:76)
at PSf_Static_Report_and_Call_Dispostion.Number_Busy_of_Service_Rating.PSF_Calibration_Due(Number_Busy_of_Service_Rating.java:75)
at java.base/java.util.ArrayList.forEach(ArrayList.java:1597)
... Removed 28 stack frames]]>
    </failure>
  </testcase> <!-- PSF_Calibration_Due -->
  <testcase classname="PSf_Static_Report_and_Call_Dispostion.LOGINs" name="Username" time="1.534"/>
  <testcase classname="PSf_Static_Report_and_Call_Dispostion.LOGINs" name="Password" time="1.401"/>
  <testcase classname="PSf_Static_Report_and_Call_Dispostion.LOGINs" name="Captcha" time="2.216"/>
  <testcase classname="PSf_Static_Report_and_Call_Dispostion.LOGINs" name="SUBMIT_Button" time="2.186"/>
  <testcase classname="PSf_Static_Report_and_Call_Dispostion.LOGINs" name="Click_On_PSF" time="24.428"/>
  <testcase classname="PSf_Static_Report_and_Call_Dispostion.LOGINs" name="Remove_PouP" time="1.153"/>
  <testcase classname="PSf_Static_Report_and_Call_Dispostion.PSF_Customer_satisfied_With_service_Rating" name="Click_On_Total_Due_Psf" time="0.046"/>
  <testcase classname="PSf_Static_Report_and_Call_Dispostion.PSF_Customer_satisfied_With_service_Rating" name="Check_Call_Dispostion_Service_Rating_Excellent" time="61.739"/>
  <testcase classname="PSf_Static_Report_and_Call_Dispostion.LOGINs" name="Username" time="1.262"/>
  <testcase classname="PSf_Static_Report_and_Call_Dispostion.LOGINs" name="Password" time="1.318"/>
  <testcase classname="PSf_Static_Report_and_Call_Dispostion.LOGINs" name="Captcha" time="2.244"/>
  <testcase classname="PSf_Static_Report_and_Call_Dispostion.LOGINs" name="SUBMIT_Button" time="2.151"/>
  <testcase classname="PSf_Static_Report_and_Call_Dispostion.LOGINs" name="Click_On_PSF" time="42.188"/>
  <testcase classname="PSf_Static_Report_and_Call_Dispostion.LOGINs" name="Remove_PouP" time="1.174"/>
  <testcase classname="PSf_Static_Report_and_Call_Dispostion.PSF_No_Raise_A_Complaint_Of_service_Rating" name="Click_On_Total_Due_Psf" time="0.042"/>
  <testcase classname="PSf_Static_Report_and_Call_Dispostion.PSF_No_Raise_A_Complaint_Of_service_Rating" name="Check_Call_Dispostion_Service_Rating" time="69.749"/>
  <testcase classname="PSf_Static_Report_and_Call_Dispostion.PSF_No_Raise_A_Complaint_Of_service_Rating" name="Open_Complaint_Management_tab" time="29.724"/>
  <testcase classname="PSf_Static_Report_and_Call_Dispostion.PSF_No_Raise_A_Complaint_Of_service_Rating" name="Upload_file" time="10.083"/>
  <testcase classname="PSf_Static_Report_and_Call_Dispostion.PSF_No_Raise_A_Complaint_Of_service_Rating" name="Clcik_On_Resolved_Complaint" time="16.695"/>
  <testcase classname="PSf_Static_Report_and_Call_Dispostion.PSF_No_Raise_A_Complaint_Of_service_Rating" name="Customer_Will_Be_Available_In_Closed_Complaints" time="6.301"/>
  <testcase classname="PSf_Static_Report_and_Call_Dispostion.LOGINs" name="Username" time="1.313"/>
  <testcase classname="PSf_Static_Report_and_Call_Dispostion.LOGINs" name="Password" time="1.412"/>
  <testcase classname="PSf_Static_Report_and_Call_Dispostion.LOGINs" name="Captcha" time="2.238"/>
  <testcase classname="PSf_Static_Report_and_Call_Dispostion.LOGINs" name="SUBMIT_Button" time="2.166"/>
  <testcase classname="PSf_Static_Report_and_Call_Dispostion.LOGINs" name="Click_On_PSF" time="43.234"/>
  <testcase classname="PSf_Static_Report_and_Call_Dispostion.LOGINs" name="Remove_PouP" time="1.191"/>
  <testcase classname="PSf_Static_Report_and_Call_Dispostion.Wrong_Number" name="PSF_Calibration_Due" time="39.676"/>
  <testcase classname="PSf_Static_Report_and_Call_Dispostion.LOGINs" name="Username" time="1.456"/>
  <testcase classname="PSf_Static_Report_and_Call_Dispostion.LOGINs" name="Password" time="1.455"/>
  <testcase classname="PSf_Static_Report_and_Call_Dispostion.LOGINs" name="Captcha" time="2.212"/>
  <testcase classname="PSf_Static_Report_and_Call_Dispostion.LOGINs" name="SUBMIT_Button" time="2.182"/>
  <testcase classname="PSf_Static_Report_and_Call_Dispostion.LOGINs" name="Click_On_PSF" time="20.323"/>
  <testcase classname="PSf_Static_Report_and_Call_Dispostion.LOGINs" name="Remove_PouP" time="1.186"/>
  <testcase classname="PSf_Static_Report_and_Call_Dispostion.PSF_Service_Rating__Very_Good" name="Click_On_Total_Due_Psf" time="0.036"/>
  <testcase classname="PSf_Static_Report_and_Call_Dispostion.PSF_Service_Rating__Very_Good" name="Check_Call_Dispostion_Service_Rating_Very_Good" time="41.974"/>
  <testcase classname="PSf_Static_Report_and_Call_Dispostion.PSF_Service_Rating__Very_Good" name="Check_Yes_Customer_Is_Satisfied" time="21.033"/>
  <testcase classname="PSf_Static_Report_and_Call_Dispostion.LOGINs" name="Username" time="1.401"/>
  <testcase classname="PSf_Static_Report_and_Call_Dispostion.LOGINs" name="Password" time="1.383"/>
  <testcase classname="PSf_Static_Report_and_Call_Dispostion.LOGINs" name="Captcha" time="2.242"/>
  <testcase classname="PSf_Static_Report_and_Call_Dispostion.LOGINs" name="SUBMIT_Button" time="2.191"/>
  <testcase classname="PSf_Static_Report_and_Call_Dispostion.LOGINs" name="Click_On_PSF" time="22.719"/>
  <testcase classname="PSf_Static_Report_and_Call_Dispostion.LOGINs" name="Remove_PouP" time="1.161"/>
  <testcase classname="PSf_Static_Report_and_Call_Dispostion.Psf_Service_Rating_Select_Good" name="Click_On_Total_Due_Psf" time="0.066"/>
  <testcase classname="PSf_Static_Report_and_Call_Dispostion.Psf_Service_Rating_Select_Good" name="Check_Call_Dispostion_Service_Rating__Good" time="42.515"/>
  <testcase classname="PSf_Static_Report_and_Call_Dispostion.Psf_Service_Rating_Select_Good" name="Check_Yes_Customer_Is_Satisfied" time="20.994"/>
  <testcase classname="PSf_Static_Report_and_Call_Dispostion.LOGINs" name="Username" time="1.379"/>
  <testcase classname="PSf_Static_Report_and_Call_Dispostion.LOGINs" name="Password" time="1.523"/>
  <testcase classname="PSf_Static_Report_and_Call_Dispostion.LOGINs" name="Captcha" time="2.221"/>
  <testcase classname="PSf_Static_Report_and_Call_Dispostion.LOGINs" name="SUBMIT_Button" time="2.202"/>
  <testcase classname="PSf_Static_Report_and_Call_Dispostion.LOGINs" name="Click_On_PSF" time="44.212"/>
  <testcase classname="PSf_Static_Report_and_Call_Dispostion.LOGINs" name="Remove_PouP" time="1.178"/>
  <testcase classname="PSf_Static_Report_and_Call_Dispostion.Psf_Service_Rating_Select_Average" name="Click_On_Total_Due_Psf" time="0.038"/>
  <testcase classname="PSf_Static_Report_and_Call_Dispostion.Psf_Service_Rating_Select_Average" name="Check_Call_Dispostion_Service_Rating__Average" time="43.503"/>
  <testcase classname="PSf_Static_Report_and_Call_Dispostion.Psf_Service_Rating_Select_Average" name="Click_Open_Complaint_Management" time="12.628"/>
  <testcase classname="PSf_Static_Report_and_Call_Dispostion.Psf_Service_Rating_Select_Average" name="Click__On_InProgress_To_Update_Complaint_Status" time="24.323"/>
  <testcase classname="PSf_Static_Report_and_Call_Dispostion.Psf_Service_Rating_Select_Average" name="Click__On_Resolved_Complaints_To_Update_Complaint_Status" time="19.705"/>
  <testcase classname="PSf_Static_Report_and_Call_Dispostion.Psf_Service_Rating_Select_Average" name="Upload_file" time="9.408"/>
  <testcase classname="PSf_Static_Report_and_Call_Dispostion.Psf_Service_Rating_Select_Average" name="Customer_Will_Be_Available_In_Resolved_Complaints" time="11.619"/>
  <testcase classname="PSf_Static_Report_and_Call_Dispostion.LOGINs" name="Username" time="1.312"/>
  <testcase classname="PSf_Static_Report_and_Call_Dispostion.LOGINs" name="Password" time="1.53"/>
  <testcase classname="PSf_Static_Report_and_Call_Dispostion.LOGINs" name="Captcha" time="2.195"/>
  <testcase classname="PSf_Static_Report_and_Call_Dispostion.LOGINs" name="SUBMIT_Button" time="2.179"/>
  <testcase classname="PSf_Static_Report_and_Call_Dispostion.LOGINs" name="Click_On_PSF" time="42.052"/>
  <testcase classname="PSf_Static_Report_and_Call_Dispostion.LOGINs" name="Remove_PouP" time="1.222"/>
  <testcase classname="PSf_Static_Report_and_Call_Dispostion.Psf_Service_Rating_Select_Poor" name="Click_On_Total_Due_Psf" time="0.035"/>
  <testcase classname="PSf_Static_Report_and_Call_Dispostion.Psf_Service_Rating_Select_Poor" name="Check_Call_Dispostion_Service_Rating__Poor" time="43.833"/>
  <testcase classname="PSf_Static_Report_and_Call_Dispostion.Psf_Service_Rating_Select_Poor" name="Click_Open_Complaint_Management" time="12.716"/>
  <testcase classname="PSf_Static_Report_and_Call_Dispostion.Psf_Service_Rating_Select_Poor" name="Click__On_InProgress_To_Update_Complaint_Status" time="24.025"/>
  <testcase classname="PSf_Static_Report_and_Call_Dispostion.Psf_Service_Rating_Select_Poor" name="Click__On_Resolved_Complaints_To_Update_Complaint_Status" time="19.036"/>
  <testcase classname="PSf_Static_Report_and_Call_Dispostion.Psf_Service_Rating_Select_Poor" name="Upload_file" time="9.399"/>
  <testcase classname="PSf_Static_Report_and_Call_Dispostion.Psf_Service_Rating_Select_Poor" name="Customer_Will_Be_Available_In_Resolved_Complaints" time="11.428"/>
  <testcase classname="PSf_Static_Report_and_Call_Dispostion.LOGINs" name="Username" time="1.339"/>
  <testcase classname="PSf_Static_Report_and_Call_Dispostion.LOGINs" name="Password" time="1.457"/>
  <testcase classname="PSf_Static_Report_and_Call_Dispostion.LOGINs" name="Captcha" time="2.276"/>
  <testcase classname="PSf_Static_Report_and_Call_Dispostion.LOGINs" name="SUBMIT_Button" time="2.185"/>
  <testcase classname="PSf_Static_Report_and_Call_Dispostion.LOGINs" name="Click_On_PSF" time="21.595"/>
  <testcase classname="PSf_Static_Report_and_Call_Dispostion.LOGINs" name="Remove_PouP" time="1.197"/>
  <testcase classname="PSf_Static_Report_and_Call_Dispostion.Reshedule_The_Appointment_In_Complaint_Mangemnet" name="Click_On_The_Complaint_Management" time="3.086"/>
  <testcase classname="PSf_Static_Report_and_Call_Dispostion.Reshedule_The_Appointment_In_Complaint_Mangemnet" name="Click_On_In_Progress_Complaints" time="6.234"/>
  <testcase classname="PSf_Static_Report_and_Call_Dispostion.Reshedule_The_Appointment_In_Complaint_Mangemnet" name="Click_On_Reshedule_Appointment" time="31.406">
    <failure type="org.openqa.selenium.NoSuchElementException" message="no such element: Unable to locate element: {&amp;quot;method&amp;quot;:&amp;quot;xpath&amp;quot;,&amp;quot;selector&amp;quot;:&amp;quot;(//*[@id=&amp;quot;exampleFormControlTextarea1&amp;quot;])[3]&amp;quot;}
  (Session info: chrome=131.0.6778.86)
For documentation on this error, please visit: https://www.selenium.dev/documentation/webdriver/troubleshooting/errors#no-such-element-exception
Build info: version: &amp;apos;4.21.0&amp;apos;, revision: &amp;apos;79ed462ef4&amp;apos;
System info: os.name: &amp;apos;Windows 11&amp;apos;, os.arch: &amp;apos;amd64&amp;apos;, os.version: &amp;apos;10.0&amp;apos;, java.version: &amp;apos;22.0.1&amp;apos;
Driver info: org.openqa.selenium.chrome.ChromeDriver
Command: [86afa334104c7651e4bac5ac36fe9266, findElement {value=(//*[@id=&amp;quot;exampleFormControlTextarea1&amp;quot;])[3], using=xpath}]
Capabilities {acceptInsecureCerts: false, browserName: chrome, browserVersion: 131.0.6778.86, chrome: {chromedriverVersion: 131.0.6778.85 (3d81e41b6f3a..., userDataDir: C:\WINDOWS\TEMP\scoped_dir7...}, fedcm:accounts: true, goog:chromeOptions: {debuggerAddress: localhost:63628}, networkConnectionEnabled: false, pageLoadStrategy: normal, platformName: windows, proxy: Proxy(), se:cdp: ws://localhost:63628/devtoo..., se:cdpVersion: 131.0.6778.86, setWindowRect: true, strictFileInteractability: false, timeouts: {implicit: 0, pageLoad: 300000, script: 30000}, unhandledPromptBehavior: dismiss and notify, webauthn:extension:credBlob: true, webauthn:extension:largeBlob: true, webauthn:extension:minPinLength: true, webauthn:extension:prf: true, webauthn:virtualAuthenticators: true}
Session ID: 86afa334104c7651e4bac5ac36fe9266">
      <![CDATA[org.openqa.selenium.NoSuchElementException: no such element: Unable to locate element: {"method":"xpath","selector":"(//*[@id="exampleFormControlTextarea1"])[3]"}
  (Session info: chrome=131.0.6778.86)
For documentation on this error, please visit: https://www.selenium.dev/documentation/webdriver/troubleshooting/errors#no-such-element-exception
Build info: version: '4.21.0', revision: '79ed462ef4'
System info: os.name: 'Windows 11', os.arch: 'amd64', os.version: '10.0', java.version: '22.0.1'
Driver info: org.openqa.selenium.chrome.ChromeDriver
Command: [86afa334104c7651e4bac5ac36fe9266, findElement {value=(//*[@id="exampleFormControlTextarea1"])[3], using=xpath}]
Capabilities {acceptInsecureCerts: false, browserName: chrome, browserVersion: 131.0.6778.86, chrome: {chromedriverVersion: 131.0.6778.85 (3d81e41b6f3a..., userDataDir: C:\WINDOWS\TEMP\scoped_dir7...}, fedcm:accounts: true, goog:chromeOptions: {debuggerAddress: localhost:63628}, networkConnectionEnabled: false, pageLoadStrategy: normal, platformName: windows, proxy: Proxy(), se:cdp: ws://localhost:63628/devtoo..., se:cdpVersion: 131.0.6778.86, setWindowRect: true, strictFileInteractability: false, timeouts: {implicit: 0, pageLoad: 300000, script: 30000}, unhandledPromptBehavior: dismiss and notify, webauthn:extension:credBlob: true, webauthn:extension:largeBlob: true, webauthn:extension:minPinLength: true, webauthn:extension:prf: true, webauthn:virtualAuthenticators: true}
Session ID: 86afa334104c7651e4bac5ac36fe9266
at org.openqa.selenium.remote.ErrorCodec.decode(ErrorCodec.java:167)
at org.openqa.selenium.remote.codec.w3c.W3CHttpResponseCodec.decode(W3CHttpResponseCodec.java:138)
at org.openqa.selenium.remote.codec.w3c.W3CHttpResponseCodec.decode(W3CHttpResponseCodec.java:50)
at org.openqa.selenium.remote.HttpCommandExecutor.execute(HttpCommandExecutor.java:190)
at org.openqa.selenium.remote.service.DriverCommandExecutor.invokeExecute(DriverCommandExecutor.java:216)
at org.openqa.selenium.remote.service.DriverCommandExecutor.execute(DriverCommandExecutor.java:174)
at org.openqa.selenium.remote.RemoteWebDriver.execute(RemoteWebDriver.java:518)
at org.openqa.selenium.remote.ElementLocation$ElementFinder$2.findElement(ElementLocation.java:165)
at org.openqa.selenium.remote.ElementLocation.findElement(ElementLocation.java:59)
at org.openqa.selenium.remote.RemoteWebDriver.findElement(RemoteWebDriver.java:355)
at org.openqa.selenium.remote.RemoteWebDriver.findElement(RemoteWebDriver.java:349)
at PSf_Static_Report_and_Call_Dispostion.Reshedule_The_Appointment_In_Complaint_Mangemnet.Click_On_Reshedule_Appointment(Reshedule_The_Appointment_In_Complaint_Mangemnet.java:105)
at java.base/java.util.ArrayList.forEach(ArrayList.java:1597)
... Removed 28 stack frames]]>
    </failure>
  </testcase> <!-- Click_On_Reshedule_Appointment -->
  <testcase classname="PSf_Static_Report_and_Call_Dispostion.LOGINs" name="Username" time="1.422"/>
  <testcase classname="PSf_Static_Report_and_Call_Dispostion.LOGINs" name="Password" time="1.363"/>
  <testcase classname="PSf_Static_Report_and_Call_Dispostion.LOGINs" name="Captcha" time="2.286"/>
  <testcase classname="PSf_Static_Report_and_Call_Dispostion.LOGINs" name="SUBMIT_Button" time="2.17"/>
  <testcase classname="PSf_Static_Report_and_Call_Dispostion.LOGINs" name="Click_On_PSF" time="22.947"/>
  <testcase classname="PSf_Static_Report_and_Call_Dispostion.LOGINs" name="Remove_PouP" time="1.147"/>
  <testcase classname="PSf_Static_Report_and_Call_Dispostion.Call_Me_Later_In_Complaint_Mangement" name="Click_On_The_Complaint_Management" time="3.072"/>
  <testcase classname="PSf_Static_Report_and_Call_Dispostion.Call_Me_Later_In_Complaint_Mangement" name="Click_On_In_Progress_Complaints" time="6.299"/>
  <testcase classname="PSf_Static_Report_and_Call_Dispostion.Call_Me_Later_In_Complaint_Mangement" name="Click_On_Reshedule_Appointment" time="29.681"/>
  <testcase classname="PSf_Static_Report_and_Call_Dispostion.LOGINs" name="Username" time="1.341"/>
  <testcase classname="PSf_Static_Report_and_Call_Dispostion.LOGINs" name="Password" time="1.521"/>
  <testcase classname="PSf_Static_Report_and_Call_Dispostion.LOGINs" name="Captcha" time="2.2"/>
  <testcase classname="PSf_Static_Report_and_Call_Dispostion.LOGINs" name="SUBMIT_Button" time="2.279"/>
  <testcase classname="PSf_Static_Report_and_Call_Dispostion.LOGINs" name="Click_On_PSF" time="42.362"/>
  <testcase classname="PSf_Static_Report_and_Call_Dispostion.LOGINs" name="Remove_PouP" time="1.183"/>
  <testcase classname="PSf_Static_Report_and_Call_Dispostion.Number_Busy_in_Complaint_Management" name="Click_On_The_Complaint_Management" time="3.101"/>
  <testcase classname="PSf_Static_Report_and_Call_Dispostion.Number_Busy_in_Complaint_Management" name="Click_On_In_Progress_Complaints" time="6.282"/>
  <testcase classname="PSf_Static_Report_and_Call_Dispostion.Number_Busy_in_Complaint_Management" name="Click_On_Reshedule_Appointment" time="39.666"/>
</testsuite> <!-- PSF -->
