<?xml version="1.0" encoding="UTF-8"?>
<!-- Generated by org.testng.reporters.JUnitXMLReporter -->
<testsuite ignored="0" hostname="DESKTOP-7SBKKJ1" failures="3" tests="18" name="PSF" time="178.795" errors="0" timestamp="2024-11-12T17:39:51 IST">
  <testcase classname="PSF_CAll_Dispostion_Of_PSF.Psf_All_Fillter_Check" name="Username" time="1.159"/>
  <testcase classname="PSF_CAll_Dispostion_Of_PSF.Psf_All_Fillter_Check" name="Password" time="1.234"/>
  <testcase classname="PSF_CAll_Dispostion_Of_PSF.Psf_All_Fillter_Check" name="Captcha" time="2.159"/>
  <testcase classname="PSF_CAll_Dispostion_Of_PSF.Psf_All_Fillter_Check" name="SUBMIT_Button" time="2.07"/>
  <testcase classname="PSF_CAll_Dispostion_Of_PSF.Psf_All_Fillter_Check" name="Click_On_PSF" time="38.609"/>
  <testcase classname="PSF_CAll_Dispostion_Of_PSF.Psf_All_Fillter_Check" name="Remove_PouP" time="1.066"/>
  <testcase classname="PSF_CAll_Dispostion_Of_PSF.Psf_All_Fillter_Check" name="Fillters_check" time="5.501"/>
  <testcase classname="PSF_CAll_Dispostion_Of_PSF.Psf_All_Fillter_Check" name="Service_Advisor_Name_Fillter" time="1.9"/>
  <testcase classname="PSF_CAll_Dispostion_Of_PSF.Psf_All_Fillter_Check" name="removeFilterCheck" time="0.379"/>
  <testcase classname="PSF_CAll_Dispostion_Of_PSF.Psf_All_Fillter_Check" name="Technician_Name_Name_Fillter" time="20.654">
    <failure type="org.openqa.selenium.ElementNotInteractableException" message="element not interactable
  (Session info: chrome=130.0.6723.117)
Build info: version: &amp;apos;4.21.0&amp;apos;, revision: &amp;apos;79ed462ef4&amp;apos;
System info: os.name: &amp;apos;Windows 11&amp;apos;, os.arch: &amp;apos;amd64&amp;apos;, os.version: &amp;apos;10.0&amp;apos;, java.version: &amp;apos;22.0.1&amp;apos;
Driver info: org.openqa.selenium.chrome.ChromeDriver
Command: [660116009583ee9b6b71e311ae8cf372, clickElement {id=f.330CA00EEAD6B51000D8B81C54476A5E.d.0913AF66355E9AC1EF07DF3E54FB8464.e.703}]
Capabilities {acceptInsecureCerts: false, browserName: chrome, browserVersion: 130.0.6723.117, chrome: {chromedriverVersion: 130.0.6723.116 (6ac35f94ae3..., userDataDir: C:\WINDOWS\TEMP\scoped_dir2...}, fedcm:accounts: true, goog:chromeOptions: {debuggerAddress: localhost:65362}, networkConnectionEnabled: false, pageLoadStrategy: normal, platformName: windows, proxy: Proxy(), se:cdp: ws://localhost:65362/devtoo..., se:cdpVersion: 130.0.6723.117, setWindowRect: true, strictFileInteractability: false, timeouts: {implicit: 0, pageLoad: 300000, script: 30000}, unhandledPromptBehavior: dismiss and notify, webauthn:extension:credBlob: true, webauthn:extension:largeBlob: true, webauthn:extension:minPinLength: true, webauthn:extension:prf: true, webauthn:virtualAuthenticators: true}
Element: [[ChromeDriver: chrome on windows (660116009583ee9b6b71e311ae8cf372)] -&amp;gt; xpath: (//*[@class=&amp;quot;mat-checkbox-inner-container&amp;quot;])[33]]
Session ID: 660116009583ee9b6b71e311ae8cf372">
      <![CDATA[org.openqa.selenium.ElementNotInteractableException: element not interactable
  (Session info: chrome=130.0.6723.117)
Build info: version: '4.21.0', revision: '79ed462ef4'
System info: os.name: 'Windows 11', os.arch: 'amd64', os.version: '10.0', java.version: '22.0.1'
Driver info: org.openqa.selenium.chrome.ChromeDriver
Command: [660116009583ee9b6b71e311ae8cf372, clickElement {id=f.330CA00EEAD6B51000D8B81C54476A5E.d.0913AF66355E9AC1EF07DF3E54FB8464.e.703}]
Capabilities {acceptInsecureCerts: false, browserName: chrome, browserVersion: 130.0.6723.117, chrome: {chromedriverVersion: 130.0.6723.116 (6ac35f94ae3..., userDataDir: C:\WINDOWS\TEMP\scoped_dir2...}, fedcm:accounts: true, goog:chromeOptions: {debuggerAddress: localhost:65362}, networkConnectionEnabled: false, pageLoadStrategy: normal, platformName: windows, proxy: Proxy(), se:cdp: ws://localhost:65362/devtoo..., se:cdpVersion: 130.0.6723.117, setWindowRect: true, strictFileInteractability: false, timeouts: {implicit: 0, pageLoad: 300000, script: 30000}, unhandledPromptBehavior: dismiss and notify, webauthn:extension:credBlob: true, webauthn:extension:largeBlob: true, webauthn:extension:minPinLength: true, webauthn:extension:prf: true, webauthn:virtualAuthenticators: true}
Element: [[ChromeDriver: chrome on windows (660116009583ee9b6b71e311ae8cf372)] -> xpath: (//*[@class="mat-checkbox-inner-container"])[33]]
Session ID: 660116009583ee9b6b71e311ae8cf372
at org.openqa.selenium.remote.ErrorCodec.decode(ErrorCodec.java:167)
at org.openqa.selenium.remote.codec.w3c.W3CHttpResponseCodec.decode(W3CHttpResponseCodec.java:138)
at org.openqa.selenium.remote.codec.w3c.W3CHttpResponseCodec.decode(W3CHttpResponseCodec.java:50)
at org.openqa.selenium.remote.HttpCommandExecutor.execute(HttpCommandExecutor.java:190)
at org.openqa.selenium.remote.service.DriverCommandExecutor.invokeExecute(DriverCommandExecutor.java:216)
at org.openqa.selenium.remote.service.DriverCommandExecutor.execute(DriverCommandExecutor.java:174)
at org.openqa.selenium.remote.RemoteWebDriver.execute(RemoteWebDriver.java:518)
at org.openqa.selenium.remote.RemoteWebElement.execute(RemoteWebElement.java:223)
at org.openqa.selenium.remote.RemoteWebElement.click(RemoteWebElement.java:76)
at PSF_CAll_Dispostion_Of_PSF.Psf_All_Fillter_Check.clickCheckboxes(Psf_All_Fillter_Check.java:482)
at PSF_CAll_Dispostion_Of_PSF.Psf_All_Fillter_Check.Technician_Name_Name_Fillter(Psf_All_Fillter_Check.java:244)
at java.base/java.util.ArrayList.forEach(ArrayList.java:1597)
... Removed 28 stack frames]]>
    </failure>
  </testcase> <!-- Technician_Name_Name_Fillter -->
  <testcase classname="PSF_CAll_Dispostion_Of_PSF.Psf_All_Fillter_Check" name="removeFilterCheck2" time="0.244"/>
  <testcase classname="PSF_CAll_Dispostion_Of_PSF.Psf_All_Fillter_Check" name="FuelType_Fillter" time="16.936">
    <failure type="org.openqa.selenium.ElementNotInteractableException" message="element not interactable
  (Session info: chrome=130.0.6723.117)
Build info: version: &amp;apos;4.21.0&amp;apos;, revision: &amp;apos;79ed462ef4&amp;apos;
System info: os.name: &amp;apos;Windows 11&amp;apos;, os.arch: &amp;apos;amd64&amp;apos;, os.version: &amp;apos;10.0&amp;apos;, java.version: &amp;apos;22.0.1&amp;apos;
Driver info: org.openqa.selenium.chrome.ChromeDriver
Command: [660116009583ee9b6b71e311ae8cf372, clickElement {id=f.330CA00EEAD6B51000D8B81C54476A5E.d.0913AF66355E9AC1EF07DF3E54FB8464.e.712}]
Capabilities {acceptInsecureCerts: false, browserName: chrome, browserVersion: 130.0.6723.117, chrome: {chromedriverVersion: 130.0.6723.116 (6ac35f94ae3..., userDataDir: C:\WINDOWS\TEMP\scoped_dir2...}, fedcm:accounts: true, goog:chromeOptions: {debuggerAddress: localhost:65362}, networkConnectionEnabled: false, pageLoadStrategy: normal, platformName: windows, proxy: Proxy(), se:cdp: ws://localhost:65362/devtoo..., se:cdpVersion: 130.0.6723.117, setWindowRect: true, strictFileInteractability: false, timeouts: {implicit: 0, pageLoad: 300000, script: 30000}, unhandledPromptBehavior: dismiss and notify, webauthn:extension:credBlob: true, webauthn:extension:largeBlob: true, webauthn:extension:minPinLength: true, webauthn:extension:prf: true, webauthn:virtualAuthenticators: true}
Element: [[ChromeDriver: chrome on windows (660116009583ee9b6b71e311ae8cf372)] -&amp;gt; xpath: (//*[@class=&amp;quot;mat-checkbox-inner-container&amp;quot;])[36]]
Session ID: 660116009583ee9b6b71e311ae8cf372">
      <![CDATA[org.openqa.selenium.ElementNotInteractableException: element not interactable
  (Session info: chrome=130.0.6723.117)
Build info: version: '4.21.0', revision: '79ed462ef4'
System info: os.name: 'Windows 11', os.arch: 'amd64', os.version: '10.0', java.version: '22.0.1'
Driver info: org.openqa.selenium.chrome.ChromeDriver
Command: [660116009583ee9b6b71e311ae8cf372, clickElement {id=f.330CA00EEAD6B51000D8B81C54476A5E.d.0913AF66355E9AC1EF07DF3E54FB8464.e.712}]
Capabilities {acceptInsecureCerts: false, browserName: chrome, browserVersion: 130.0.6723.117, chrome: {chromedriverVersion: 130.0.6723.116 (6ac35f94ae3..., userDataDir: C:\WINDOWS\TEMP\scoped_dir2...}, fedcm:accounts: true, goog:chromeOptions: {debuggerAddress: localhost:65362}, networkConnectionEnabled: false, pageLoadStrategy: normal, platformName: windows, proxy: Proxy(), se:cdp: ws://localhost:65362/devtoo..., se:cdpVersion: 130.0.6723.117, setWindowRect: true, strictFileInteractability: false, timeouts: {implicit: 0, pageLoad: 300000, script: 30000}, unhandledPromptBehavior: dismiss and notify, webauthn:extension:credBlob: true, webauthn:extension:largeBlob: true, webauthn:extension:minPinLength: true, webauthn:extension:prf: true, webauthn:virtualAuthenticators: true}
Element: [[ChromeDriver: chrome on windows (660116009583ee9b6b71e311ae8cf372)] -> xpath: (//*[@class="mat-checkbox-inner-container"])[36]]
Session ID: 660116009583ee9b6b71e311ae8cf372
at org.openqa.selenium.remote.ErrorCodec.decode(ErrorCodec.java:167)
at org.openqa.selenium.remote.codec.w3c.W3CHttpResponseCodec.decode(W3CHttpResponseCodec.java:138)
at org.openqa.selenium.remote.codec.w3c.W3CHttpResponseCodec.decode(W3CHttpResponseCodec.java:50)
at org.openqa.selenium.remote.HttpCommandExecutor.execute(HttpCommandExecutor.java:190)
at org.openqa.selenium.remote.service.DriverCommandExecutor.invokeExecute(DriverCommandExecutor.java:216)
at org.openqa.selenium.remote.service.DriverCommandExecutor.execute(DriverCommandExecutor.java:174)
at org.openqa.selenium.remote.RemoteWebDriver.execute(RemoteWebDriver.java:518)
at org.openqa.selenium.remote.RemoteWebElement.execute(RemoteWebElement.java:223)
at org.openqa.selenium.remote.RemoteWebElement.click(RemoteWebElement.java:76)
at PSF_CAll_Dispostion_Of_PSF.Psf_All_Fillter_Check.clickCheckboxes(Psf_All_Fillter_Check.java:482)
at PSF_CAll_Dispostion_Of_PSF.Psf_All_Fillter_Check.FuelType_Fillter(Psf_All_Fillter_Check.java:270)
at java.base/java.util.ArrayList.forEach(ArrayList.java:1597)
... Removed 28 stack frames]]>
    </failure>
  </testcase> <!-- FuelType_Fillter -->
  <testcase classname="PSF_CAll_Dispostion_Of_PSF.Psf_All_Fillter_Check" name="removeFilterCheck3" time="0.339"/>
  <testcase classname="PSF_CAll_Dispostion_Of_PSF.Psf_All_Fillter_Check" name="Model_name_Fillter" time="23.067">
    <failure type="org.openqa.selenium.ElementNotInteractableException" message="element not interactable
  (Session info: chrome=130.0.6723.117)
Build info: version: &amp;apos;4.21.0&amp;apos;, revision: &amp;apos;79ed462ef4&amp;apos;
System info: os.name: &amp;apos;Windows 11&amp;apos;, os.arch: &amp;apos;amd64&amp;apos;, os.version: &amp;apos;10.0&amp;apos;, java.version: &amp;apos;22.0.1&amp;apos;
Driver info: org.openqa.selenium.chrome.ChromeDriver
Command: [660116009583ee9b6b71e311ae8cf372, clickElement {id=f.330CA00EEAD6B51000D8B81C54476A5E.d.0913AF66355E9AC1EF07DF3E54FB8464.e.763}]
Capabilities {acceptInsecureCerts: false, browserName: chrome, browserVersion: 130.0.6723.117, chrome: {chromedriverVersion: 130.0.6723.116 (6ac35f94ae3..., userDataDir: C:\WINDOWS\TEMP\scoped_dir2...}, fedcm:accounts: true, goog:chromeOptions: {debuggerAddress: localhost:65362}, networkConnectionEnabled: false, pageLoadStrategy: normal, platformName: windows, proxy: Proxy(), se:cdp: ws://localhost:65362/devtoo..., se:cdpVersion: 130.0.6723.117, setWindowRect: true, strictFileInteractability: false, timeouts: {implicit: 0, pageLoad: 300000, script: 30000}, unhandledPromptBehavior: dismiss and notify, webauthn:extension:credBlob: true, webauthn:extension:largeBlob: true, webauthn:extension:minPinLength: true, webauthn:extension:prf: true, webauthn:virtualAuthenticators: true}
Element: [[ChromeDriver: chrome on windows (660116009583ee9b6b71e311ae8cf372)] -&amp;gt; xpath: (//*[@class=&amp;quot;mat-checkbox-inner-container&amp;quot;])[77]]
Session ID: 660116009583ee9b6b71e311ae8cf372">
      <![CDATA[org.openqa.selenium.ElementNotInteractableException: element not interactable
  (Session info: chrome=130.0.6723.117)
Build info: version: '4.21.0', revision: '79ed462ef4'
System info: os.name: 'Windows 11', os.arch: 'amd64', os.version: '10.0', java.version: '22.0.1'
Driver info: org.openqa.selenium.chrome.ChromeDriver
Command: [660116009583ee9b6b71e311ae8cf372, clickElement {id=f.330CA00EEAD6B51000D8B81C54476A5E.d.0913AF66355E9AC1EF07DF3E54FB8464.e.763}]
Capabilities {acceptInsecureCerts: false, browserName: chrome, browserVersion: 130.0.6723.117, chrome: {chromedriverVersion: 130.0.6723.116 (6ac35f94ae3..., userDataDir: C:\WINDOWS\TEMP\scoped_dir2...}, fedcm:accounts: true, goog:chromeOptions: {debuggerAddress: localhost:65362}, networkConnectionEnabled: false, pageLoadStrategy: normal, platformName: windows, proxy: Proxy(), se:cdp: ws://localhost:65362/devtoo..., se:cdpVersion: 130.0.6723.117, setWindowRect: true, strictFileInteractability: false, timeouts: {implicit: 0, pageLoad: 300000, script: 30000}, unhandledPromptBehavior: dismiss and notify, webauthn:extension:credBlob: true, webauthn:extension:largeBlob: true, webauthn:extension:minPinLength: true, webauthn:extension:prf: true, webauthn:virtualAuthenticators: true}
Element: [[ChromeDriver: chrome on windows (660116009583ee9b6b71e311ae8cf372)] -> xpath: (//*[@class="mat-checkbox-inner-container"])[77]]
Session ID: 660116009583ee9b6b71e311ae8cf372
at org.openqa.selenium.remote.ErrorCodec.decode(ErrorCodec.java:167)
at org.openqa.selenium.remote.codec.w3c.W3CHttpResponseCodec.decode(W3CHttpResponseCodec.java:138)
at org.openqa.selenium.remote.codec.w3c.W3CHttpResponseCodec.decode(W3CHttpResponseCodec.java:50)
at org.openqa.selenium.remote.HttpCommandExecutor.execute(HttpCommandExecutor.java:190)
at org.openqa.selenium.remote.service.DriverCommandExecutor.invokeExecute(DriverCommandExecutor.java:216)
at org.openqa.selenium.remote.service.DriverCommandExecutor.execute(DriverCommandExecutor.java:174)
at org.openqa.selenium.remote.RemoteWebDriver.execute(RemoteWebDriver.java:518)
at org.openqa.selenium.remote.RemoteWebElement.execute(RemoteWebElement.java:223)
at org.openqa.selenium.remote.RemoteWebElement.click(RemoteWebElement.java:76)
at PSF_CAll_Dispostion_Of_PSF.Psf_All_Fillter_Check.clickCheckboxes(Psf_All_Fillter_Check.java:482)
at PSF_CAll_Dispostion_Of_PSF.Psf_All_Fillter_Check.Model_name_Fillter(Psf_All_Fillter_Check.java:337)
at java.base/java.util.ArrayList.forEach(ArrayList.java:1597)
... Removed 28 stack frames]]>
    </failure>
  </testcase> <!-- Model_name_Fillter -->
  <testcase classname="PSF_CAll_Dispostion_Of_PSF.Psf_All_Fillter_Check" name="removeFilterCheck4" time="0.298"/>
  <testcase classname="PSF_CAll_Dispostion_Of_PSF.Psf_All_Fillter_Check" name="Model_Variant_Fillter" time="14.15"/>
  <testcase classname="PSF_CAll_Dispostion_Of_PSF.Psf_All_Fillter_Check" name="removeFilterCheck5" time="0.441"/>
  <testcase classname="PSF_CAll_Dispostion_Of_PSF.Psf_All_Fillter_Check" name="Click_On_Refresh" time="40.487"/>
</testsuite> <!-- PSF -->
