<html>
<head>
<title>TestNG:  PSF</title>
<link href="../testng.css" rel="stylesheet" type="text/css" />
<link href="../my-testng.css" rel="stylesheet" type="text/css" />

<style type="text/css">
.log { display: none;} 
.stack-trace { display: none;} 
</style>
<script type="text/javascript">
<!--
function flip(e) {
  current = e.style.display;
  if (current == 'block') {
    e.style.display = 'none';
    return 0;
  }
  else {
    e.style.display = 'block';
    return 1;
  }
}

function toggleBox(szDivId, elem, msg1, msg2)
{
  var res = -1;  if (document.getElementById) {
    res = flip(document.getElementById(szDivId));
  }
  else if (document.all) {
    // this is the way old msie versions work
    res = flip(document.all[szDivId]);
  }
  if(elem) {
    if(res == 0) elem.innerHTML = msg1; else elem.innerHTML = msg2;
  }

}

function toggleAllBoxes() {
  if (document.getElementsByTagName) {
    d = document.getElementsByTagName('div');
    for (i = 0; i < d.length; i++) {
      if (d[i].className == 'log') {
        flip(d[i]);
      }
    }
  }
}

// -->
</script>

</head>
<body>
<h2 align='center'>PSF</h2><table border='1' align="center">
<tr>
<td>Tests passed/Failed/Skipped:</td><td>15/3/0</td>
</tr><tr>
<td>Started on:</td><td>Tue Nov 12 17:36:52 IST 2024</td>
</tr>
<tr><td>Total time:</td><td>178 seconds (178795 ms)</td>
</tr><tr>
<td>Included groups:</td><td></td>
</tr><tr>
<td>Excluded groups:</td><td></td>
</tr>
</table><p/>
<small><i>(Hover the method name to see the test class name)</i></small><p/>
<table width='100%' border='1' class='invocation-failed'>
<tr><td colspan='4' align='center'><b>FAILED TESTS</b></td></tr>
<tr><td><b>Test method</b></td>
<td width="30%"><b>Exception</b></td>
<td width="10%"><b>Time (seconds)</b></td>
<td><b>Instance</b></td>
</tr>
<tr>
<td title='PSF_CAll_Dispostion_Of_PSF.Psf_All_Fillter_Check.Model_name_Fillter()'><b>Model_name_Fillter</b><br>Test class: PSF_CAll_Dispostion_Of_PSF.Psf_All_Fillter_Check</td>
<td><div><pre>org.openqa.selenium.ElementNotInteractableException: element not interactable
  (Session info: chrome=130.0.6723.117)
Build info: version: &apos;4.21.0&apos;, revision: &apos;79ed462ef4&apos;
System info: os.name: &apos;Windows 11&apos;, os.arch: &apos;amd64&apos;, os.version: &apos;10.0&apos;, java.version: &apos;22.0.1&apos;
Driver info: org.openqa.selenium.chrome.ChromeDriver
Command: [660116009583ee9b6b71e311ae8cf372, clickElement {id=f.330CA00EEAD6B51000D8B81C54476A5E.d.0913AF66355E9AC1EF07DF3E54FB8464.e.763}]
Capabilities {acceptInsecureCerts: false, browserName: chrome, browserVersion: 130.0.6723.117, chrome: {chromedriverVersion: 130.0.6723.116 (6ac35f94ae3..., userDataDir: C:\WINDOWS\TEMP\scoped_dir2...}, fedcm:accounts: true, goog:chromeOptions: {debuggerAddress: localhost:65362}, networkConnectionEnabled: false, pageLoadStrategy: normal, platformName: windows, proxy: Proxy(), se:cdp: ws://localhost:65362/devtoo..., se:cdpVersion: 130.0.6723.117, setWindowRect: true, strictFileInteractability: false, timeouts: {implicit: 0, pageLoad: 300000, script: 30000}, unhandledPromptBehavior: dismiss and notify, webauthn:extension:credBlob: true, webauthn:extension:largeBlob: true, webauthn:extension:minPinLength: true, webauthn:extension:prf: true, webauthn:virtualAuthenticators: true}
Element: [[ChromeDriver: chrome on windows (660116009583ee9b6b71e311ae8cf372)] -&gt; xpath: (//*[@class=&quot;mat-checkbox-inner-container&quot;])[77]]
Session ID: 660116009583ee9b6b71e311ae8cf372
	at org.openqa.selenium.remote.ErrorCodec.decode(ErrorCodec.java:167)
	at org.openqa.selenium.remote.codec.w3c.W3CHttpResponseCodec.decode(W3CHttpResponseCodec.java:138)
	at org.openqa.selenium.remote.codec.w3c.W3CHttpResponseCodec.decode(W3CHttpResponseCodec.java:50)
	at org.openqa.selenium.remote.HttpCommandExecutor.execute(HttpCommandExecutor.java:190)
	at org.openqa.selenium.remote.service.DriverCommandExecutor.invokeExecute(DriverCommandExecutor.java:216)
	at org.openqa.selenium.remote.service.DriverCommandExecutor.execute(DriverCommandExecutor.java:174)
	at org.openqa.selenium.remote.RemoteWebDriver.execute(RemoteWebDriver.java:518)
	at org.openqa.selenium.remote.RemoteWebElement.execute(RemoteWebElement.java:223)
	at org.openqa.selenium.remote.RemoteWebElement.click(RemoteWebElement.java:76)
	at PSF_CAll_Dispostion_Of_PSF.Psf_All_Fillter_Check.clickCheckboxes(Psf_All_Fillter_Check.java:482)
	at PSF_CAll_Dispostion_Of_PSF.Psf_All_Fillter_Check.Model_name_Fillter(Psf_All_Fillter_Check.java:337)
	at java.base/java.util.ArrayList.forEach(ArrayList.java:1597)
... Removed 28 stack frames</pre></div><a href='#' onClick='toggleBox("stack-trace1701798620", this, "Click to show all stack frames", "Click to hide stack frames")'>Click to show all stack frames</a>
<div class='stack-trace' id='stack-trace1701798620'><pre>org.openqa.selenium.ElementNotInteractableException: element not interactable
  (Session info: chrome=130.0.6723.117)
Build info: version: &apos;4.21.0&apos;, revision: &apos;79ed462ef4&apos;
System info: os.name: &apos;Windows 11&apos;, os.arch: &apos;amd64&apos;, os.version: &apos;10.0&apos;, java.version: &apos;22.0.1&apos;
Driver info: org.openqa.selenium.chrome.ChromeDriver
Command: [660116009583ee9b6b71e311ae8cf372, clickElement {id=f.330CA00EEAD6B51000D8B81C54476A5E.d.0913AF66355E9AC1EF07DF3E54FB8464.e.763}]
Capabilities {acceptInsecureCerts: false, browserName: chrome, browserVersion: 130.0.6723.117, chrome: {chromedriverVersion: 130.0.6723.116 (6ac35f94ae3..., userDataDir: C:\WINDOWS\TEMP\scoped_dir2...}, fedcm:accounts: true, goog:chromeOptions: {debuggerAddress: localhost:65362}, networkConnectionEnabled: false, pageLoadStrategy: normal, platformName: windows, proxy: Proxy(), se:cdp: ws://localhost:65362/devtoo..., se:cdpVersion: 130.0.6723.117, setWindowRect: true, strictFileInteractability: false, timeouts: {implicit: 0, pageLoad: 300000, script: 30000}, unhandledPromptBehavior: dismiss and notify, webauthn:extension:credBlob: true, webauthn:extension:largeBlob: true, webauthn:extension:minPinLength: true, webauthn:extension:prf: true, webauthn:virtualAuthenticators: true}
Element: [[ChromeDriver: chrome on windows (660116009583ee9b6b71e311ae8cf372)] -&gt; xpath: (//*[@class=&quot;mat-checkbox-inner-container&quot;])[77]]
Session ID: 660116009583ee9b6b71e311ae8cf372
	at java.base/jdk.internal.reflect.DirectConstructorHandleAccessor.newInstance(DirectConstructorHandleAccessor.java:62)
	at java.base/java.lang.reflect.Constructor.newInstanceWithCaller(Constructor.java:502)
	at java.base/java.lang.reflect.Constructor.newInstance(Constructor.java:486)
	at org.openqa.selenium.remote.ErrorCodec.decode(ErrorCodec.java:167)
	at org.openqa.selenium.remote.codec.w3c.W3CHttpResponseCodec.decode(W3CHttpResponseCodec.java:138)
	at org.openqa.selenium.remote.codec.w3c.W3CHttpResponseCodec.decode(W3CHttpResponseCodec.java:50)
	at org.openqa.selenium.remote.HttpCommandExecutor.execute(HttpCommandExecutor.java:190)
	at org.openqa.selenium.remote.service.DriverCommandExecutor.invokeExecute(DriverCommandExecutor.java:216)
	at org.openqa.selenium.remote.service.DriverCommandExecutor.execute(DriverCommandExecutor.java:174)
	at org.openqa.selenium.remote.RemoteWebDriver.execute(RemoteWebDriver.java:518)
	at org.openqa.selenium.remote.RemoteWebElement.execute(RemoteWebElement.java:223)
	at org.openqa.selenium.remote.RemoteWebElement.click(RemoteWebElement.java:76)
	at PSF_CAll_Dispostion_Of_PSF.Psf_All_Fillter_Check.clickCheckboxes(Psf_All_Fillter_Check.java:482)
	at PSF_CAll_Dispostion_Of_PSF.Psf_All_Fillter_Check.Model_name_Fillter(Psf_All_Fillter_Check.java:337)
	at java.base/jdk.internal.reflect.DirectMethodHandleAccessor.invoke(DirectMethodHandleAccessor.java:103)
	at java.base/java.lang.reflect.Method.invoke(Method.java:580)
	at org.testng.internal.MethodInvocationHelper.invokeMethod(MethodInvocationHelper.java:133)
	at org.testng.internal.TestInvoker.invokeMethod(TestInvoker.java:598)
	at org.testng.internal.TestInvoker.invokeTestMethod(TestInvoker.java:173)
	at org.testng.internal.MethodRunner.runInSequence(MethodRunner.java:46)
	at org.testng.internal.TestInvoker$MethodInvocationAgent.invoke(TestInvoker.java:824)
	at org.testng.internal.TestInvoker.invokeTestMethods(TestInvoker.java:146)
	at org.testng.internal.TestMethodWorker.invokeTestMethods(TestMethodWorker.java:146)
	at org.testng.internal.TestMethodWorker.run(TestMethodWorker.java:128)
	at java.base/java.util.ArrayList.forEach(ArrayList.java:1597)
	at org.testng.TestRunner.privateRun(TestRunner.java:794)
	at org.testng.TestRunner.run(TestRunner.java:596)
	at org.testng.SuiteRunner.runTest(SuiteRunner.java:377)
	at org.testng.SuiteRunner.runSequentially(SuiteRunner.java:371)
	at org.testng.SuiteRunner.privateRun(SuiteRunner.java:332)
	at org.testng.SuiteRunner.run(SuiteRunner.java:276)
	at org.testng.SuiteRunnerWorker.runSuite(SuiteRunnerWorker.java:53)
	at org.testng.SuiteRunnerWorker.run(SuiteRunnerWorker.java:96)
	at org.testng.TestNG.runSuitesSequentially(TestNG.java:1212)
	at org.testng.TestNG.runSuitesLocally(TestNG.java:1134)
	at org.testng.TestNG.runSuites(TestNG.java:1063)
	at org.testng.TestNG.run(TestNG.java:1031)
	at org.testng.remote.AbstractRemoteTestNG.run(AbstractRemoteTestNG.java:115)
	at org.testng.remote.RemoteTestNG.initAndRun(RemoteTestNG.java:293)
	at org.testng.remote.RemoteTestNG.main(RemoteTestNG.java:91)
</pre></div></td>
<td>23</td>
<td>PSF_CAll_Dispostion_Of_PSF.Psf_All_Fillter_Check@23f5b5dc</td></tr>
<tr>
<td title='PSF_CAll_Dispostion_Of_PSF.Psf_All_Fillter_Check.FuelType_Fillter()'><b>FuelType_Fillter</b><br>Test class: PSF_CAll_Dispostion_Of_PSF.Psf_All_Fillter_Check</td>
<td><div><pre>org.openqa.selenium.ElementNotInteractableException: element not interactable
  (Session info: chrome=130.0.6723.117)
Build info: version: &apos;4.21.0&apos;, revision: &apos;79ed462ef4&apos;
System info: os.name: &apos;Windows 11&apos;, os.arch: &apos;amd64&apos;, os.version: &apos;10.0&apos;, java.version: &apos;22.0.1&apos;
Driver info: org.openqa.selenium.chrome.ChromeDriver
Command: [660116009583ee9b6b71e311ae8cf372, clickElement {id=f.330CA00EEAD6B51000D8B81C54476A5E.d.0913AF66355E9AC1EF07DF3E54FB8464.e.712}]
Capabilities {acceptInsecureCerts: false, browserName: chrome, browserVersion: 130.0.6723.117, chrome: {chromedriverVersion: 130.0.6723.116 (6ac35f94ae3..., userDataDir: C:\WINDOWS\TEMP\scoped_dir2...}, fedcm:accounts: true, goog:chromeOptions: {debuggerAddress: localhost:65362}, networkConnectionEnabled: false, pageLoadStrategy: normal, platformName: windows, proxy: Proxy(), se:cdp: ws://localhost:65362/devtoo..., se:cdpVersion: 130.0.6723.117, setWindowRect: true, strictFileInteractability: false, timeouts: {implicit: 0, pageLoad: 300000, script: 30000}, unhandledPromptBehavior: dismiss and notify, webauthn:extension:credBlob: true, webauthn:extension:largeBlob: true, webauthn:extension:minPinLength: true, webauthn:extension:prf: true, webauthn:virtualAuthenticators: true}
Element: [[ChromeDriver: chrome on windows (660116009583ee9b6b71e311ae8cf372)] -&gt; xpath: (//*[@class=&quot;mat-checkbox-inner-container&quot;])[36]]
Session ID: 660116009583ee9b6b71e311ae8cf372
	at org.openqa.selenium.remote.ErrorCodec.decode(ErrorCodec.java:167)
	at org.openqa.selenium.remote.codec.w3c.W3CHttpResponseCodec.decode(W3CHttpResponseCodec.java:138)
	at org.openqa.selenium.remote.codec.w3c.W3CHttpResponseCodec.decode(W3CHttpResponseCodec.java:50)
	at org.openqa.selenium.remote.HttpCommandExecutor.execute(HttpCommandExecutor.java:190)
	at org.openqa.selenium.remote.service.DriverCommandExecutor.invokeExecute(DriverCommandExecutor.java:216)
	at org.openqa.selenium.remote.service.DriverCommandExecutor.execute(DriverCommandExecutor.java:174)
	at org.openqa.selenium.remote.RemoteWebDriver.execute(RemoteWebDriver.java:518)
	at org.openqa.selenium.remote.RemoteWebElement.execute(RemoteWebElement.java:223)
	at org.openqa.selenium.remote.RemoteWebElement.click(RemoteWebElement.java:76)
	at PSF_CAll_Dispostion_Of_PSF.Psf_All_Fillter_Check.clickCheckboxes(Psf_All_Fillter_Check.java:482)
	at PSF_CAll_Dispostion_Of_PSF.Psf_All_Fillter_Check.FuelType_Fillter(Psf_All_Fillter_Check.java:270)
	at java.base/java.util.ArrayList.forEach(ArrayList.java:1597)
... Removed 28 stack frames</pre></div><a href='#' onClick='toggleBox("stack-trace910260820", this, "Click to show all stack frames", "Click to hide stack frames")'>Click to show all stack frames</a>
<div class='stack-trace' id='stack-trace910260820'><pre>org.openqa.selenium.ElementNotInteractableException: element not interactable
  (Session info: chrome=130.0.6723.117)
Build info: version: &apos;4.21.0&apos;, revision: &apos;79ed462ef4&apos;
System info: os.name: &apos;Windows 11&apos;, os.arch: &apos;amd64&apos;, os.version: &apos;10.0&apos;, java.version: &apos;22.0.1&apos;
Driver info: org.openqa.selenium.chrome.ChromeDriver
Command: [660116009583ee9b6b71e311ae8cf372, clickElement {id=f.330CA00EEAD6B51000D8B81C54476A5E.d.0913AF66355E9AC1EF07DF3E54FB8464.e.712}]
Capabilities {acceptInsecureCerts: false, browserName: chrome, browserVersion: 130.0.6723.117, chrome: {chromedriverVersion: 130.0.6723.116 (6ac35f94ae3..., userDataDir: C:\WINDOWS\TEMP\scoped_dir2...}, fedcm:accounts: true, goog:chromeOptions: {debuggerAddress: localhost:65362}, networkConnectionEnabled: false, pageLoadStrategy: normal, platformName: windows, proxy: Proxy(), se:cdp: ws://localhost:65362/devtoo..., se:cdpVersion: 130.0.6723.117, setWindowRect: true, strictFileInteractability: false, timeouts: {implicit: 0, pageLoad: 300000, script: 30000}, unhandledPromptBehavior: dismiss and notify, webauthn:extension:credBlob: true, webauthn:extension:largeBlob: true, webauthn:extension:minPinLength: true, webauthn:extension:prf: true, webauthn:virtualAuthenticators: true}
Element: [[ChromeDriver: chrome on windows (660116009583ee9b6b71e311ae8cf372)] -&gt; xpath: (//*[@class=&quot;mat-checkbox-inner-container&quot;])[36]]
Session ID: 660116009583ee9b6b71e311ae8cf372
	at java.base/jdk.internal.reflect.DirectConstructorHandleAccessor.newInstance(DirectConstructorHandleAccessor.java:62)
	at java.base/java.lang.reflect.Constructor.newInstanceWithCaller(Constructor.java:502)
	at java.base/java.lang.reflect.Constructor.newInstance(Constructor.java:486)
	at org.openqa.selenium.remote.ErrorCodec.decode(ErrorCodec.java:167)
	at org.openqa.selenium.remote.codec.w3c.W3CHttpResponseCodec.decode(W3CHttpResponseCodec.java:138)
	at org.openqa.selenium.remote.codec.w3c.W3CHttpResponseCodec.decode(W3CHttpResponseCodec.java:50)
	at org.openqa.selenium.remote.HttpCommandExecutor.execute(HttpCommandExecutor.java:190)
	at org.openqa.selenium.remote.service.DriverCommandExecutor.invokeExecute(DriverCommandExecutor.java:216)
	at org.openqa.selenium.remote.service.DriverCommandExecutor.execute(DriverCommandExecutor.java:174)
	at org.openqa.selenium.remote.RemoteWebDriver.execute(RemoteWebDriver.java:518)
	at org.openqa.selenium.remote.RemoteWebElement.execute(RemoteWebElement.java:223)
	at org.openqa.selenium.remote.RemoteWebElement.click(RemoteWebElement.java:76)
	at PSF_CAll_Dispostion_Of_PSF.Psf_All_Fillter_Check.clickCheckboxes(Psf_All_Fillter_Check.java:482)
	at PSF_CAll_Dispostion_Of_PSF.Psf_All_Fillter_Check.FuelType_Fillter(Psf_All_Fillter_Check.java:270)
	at java.base/jdk.internal.reflect.DirectMethodHandleAccessor.invoke(DirectMethodHandleAccessor.java:103)
	at java.base/java.lang.reflect.Method.invoke(Method.java:580)
	at org.testng.internal.MethodInvocationHelper.invokeMethod(MethodInvocationHelper.java:133)
	at org.testng.internal.TestInvoker.invokeMethod(TestInvoker.java:598)
	at org.testng.internal.TestInvoker.invokeTestMethod(TestInvoker.java:173)
	at org.testng.internal.MethodRunner.runInSequence(MethodRunner.java:46)
	at org.testng.internal.TestInvoker$MethodInvocationAgent.invoke(TestInvoker.java:824)
	at org.testng.internal.TestInvoker.invokeTestMethods(TestInvoker.java:146)
	at org.testng.internal.TestMethodWorker.invokeTestMethods(TestMethodWorker.java:146)
	at org.testng.internal.TestMethodWorker.run(TestMethodWorker.java:128)
	at java.base/java.util.ArrayList.forEach(ArrayList.java:1597)
	at org.testng.TestRunner.privateRun(TestRunner.java:794)
	at org.testng.TestRunner.run(TestRunner.java:596)
	at org.testng.SuiteRunner.runTest(SuiteRunner.java:377)
	at org.testng.SuiteRunner.runSequentially(SuiteRunner.java:371)
	at org.testng.SuiteRunner.privateRun(SuiteRunner.java:332)
	at org.testng.SuiteRunner.run(SuiteRunner.java:276)
	at org.testng.SuiteRunnerWorker.runSuite(SuiteRunnerWorker.java:53)
	at org.testng.SuiteRunnerWorker.run(SuiteRunnerWorker.java:96)
	at org.testng.TestNG.runSuitesSequentially(TestNG.java:1212)
	at org.testng.TestNG.runSuitesLocally(TestNG.java:1134)
	at org.testng.TestNG.runSuites(TestNG.java:1063)
	at org.testng.TestNG.run(TestNG.java:1031)
	at org.testng.remote.AbstractRemoteTestNG.run(AbstractRemoteTestNG.java:115)
	at org.testng.remote.RemoteTestNG.initAndRun(RemoteTestNG.java:293)
	at org.testng.remote.RemoteTestNG.main(RemoteTestNG.java:91)
</pre></div></td>
<td>16</td>
<td>PSF_CAll_Dispostion_Of_PSF.Psf_All_Fillter_Check@23f5b5dc</td></tr>
<tr>
<td title='PSF_CAll_Dispostion_Of_PSF.Psf_All_Fillter_Check.Technician_Name_Name_Fillter()'><b>Technician_Name_Name_Fillter</b><br>Test class: PSF_CAll_Dispostion_Of_PSF.Psf_All_Fillter_Check</td>
<td><div><pre>org.openqa.selenium.ElementNotInteractableException: element not interactable
  (Session info: chrome=130.0.6723.117)
Build info: version: &apos;4.21.0&apos;, revision: &apos;79ed462ef4&apos;
System info: os.name: &apos;Windows 11&apos;, os.arch: &apos;amd64&apos;, os.version: &apos;10.0&apos;, java.version: &apos;22.0.1&apos;
Driver info: org.openqa.selenium.chrome.ChromeDriver
Command: [660116009583ee9b6b71e311ae8cf372, clickElement {id=f.330CA00EEAD6B51000D8B81C54476A5E.d.0913AF66355E9AC1EF07DF3E54FB8464.e.703}]
Capabilities {acceptInsecureCerts: false, browserName: chrome, browserVersion: 130.0.6723.117, chrome: {chromedriverVersion: 130.0.6723.116 (6ac35f94ae3..., userDataDir: C:\WINDOWS\TEMP\scoped_dir2...}, fedcm:accounts: true, goog:chromeOptions: {debuggerAddress: localhost:65362}, networkConnectionEnabled: false, pageLoadStrategy: normal, platformName: windows, proxy: Proxy(), se:cdp: ws://localhost:65362/devtoo..., se:cdpVersion: 130.0.6723.117, setWindowRect: true, strictFileInteractability: false, timeouts: {implicit: 0, pageLoad: 300000, script: 30000}, unhandledPromptBehavior: dismiss and notify, webauthn:extension:credBlob: true, webauthn:extension:largeBlob: true, webauthn:extension:minPinLength: true, webauthn:extension:prf: true, webauthn:virtualAuthenticators: true}
Element: [[ChromeDriver: chrome on windows (660116009583ee9b6b71e311ae8cf372)] -&gt; xpath: (//*[@class=&quot;mat-checkbox-inner-container&quot;])[33]]
Session ID: 660116009583ee9b6b71e311ae8cf372
	at org.openqa.selenium.remote.ErrorCodec.decode(ErrorCodec.java:167)
	at org.openqa.selenium.remote.codec.w3c.W3CHttpResponseCodec.decode(W3CHttpResponseCodec.java:138)
	at org.openqa.selenium.remote.codec.w3c.W3CHttpResponseCodec.decode(W3CHttpResponseCodec.java:50)
	at org.openqa.selenium.remote.HttpCommandExecutor.execute(HttpCommandExecutor.java:190)
	at org.openqa.selenium.remote.service.DriverCommandExecutor.invokeExecute(DriverCommandExecutor.java:216)
	at org.openqa.selenium.remote.service.DriverCommandExecutor.execute(DriverCommandExecutor.java:174)
	at org.openqa.selenium.remote.RemoteWebDriver.execute(RemoteWebDriver.java:518)
	at org.openqa.selenium.remote.RemoteWebElement.execute(RemoteWebElement.java:223)
	at org.openqa.selenium.remote.RemoteWebElement.click(RemoteWebElement.java:76)
	at PSF_CAll_Dispostion_Of_PSF.Psf_All_Fillter_Check.clickCheckboxes(Psf_All_Fillter_Check.java:482)
	at PSF_CAll_Dispostion_Of_PSF.Psf_All_Fillter_Check.Technician_Name_Name_Fillter(Psf_All_Fillter_Check.java:244)
	at java.base/java.util.ArrayList.forEach(ArrayList.java:1597)
... Removed 28 stack frames</pre></div><a href='#' onClick='toggleBox("stack-trace268490061", this, "Click to show all stack frames", "Click to hide stack frames")'>Click to show all stack frames</a>
<div class='stack-trace' id='stack-trace268490061'><pre>org.openqa.selenium.ElementNotInteractableException: element not interactable
  (Session info: chrome=130.0.6723.117)
Build info: version: &apos;4.21.0&apos;, revision: &apos;79ed462ef4&apos;
System info: os.name: &apos;Windows 11&apos;, os.arch: &apos;amd64&apos;, os.version: &apos;10.0&apos;, java.version: &apos;22.0.1&apos;
Driver info: org.openqa.selenium.chrome.ChromeDriver
Command: [660116009583ee9b6b71e311ae8cf372, clickElement {id=f.330CA00EEAD6B51000D8B81C54476A5E.d.0913AF66355E9AC1EF07DF3E54FB8464.e.703}]
Capabilities {acceptInsecureCerts: false, browserName: chrome, browserVersion: 130.0.6723.117, chrome: {chromedriverVersion: 130.0.6723.116 (6ac35f94ae3..., userDataDir: C:\WINDOWS\TEMP\scoped_dir2...}, fedcm:accounts: true, goog:chromeOptions: {debuggerAddress: localhost:65362}, networkConnectionEnabled: false, pageLoadStrategy: normal, platformName: windows, proxy: Proxy(), se:cdp: ws://localhost:65362/devtoo..., se:cdpVersion: 130.0.6723.117, setWindowRect: true, strictFileInteractability: false, timeouts: {implicit: 0, pageLoad: 300000, script: 30000}, unhandledPromptBehavior: dismiss and notify, webauthn:extension:credBlob: true, webauthn:extension:largeBlob: true, webauthn:extension:minPinLength: true, webauthn:extension:prf: true, webauthn:virtualAuthenticators: true}
Element: [[ChromeDriver: chrome on windows (660116009583ee9b6b71e311ae8cf372)] -&gt; xpath: (//*[@class=&quot;mat-checkbox-inner-container&quot;])[33]]
Session ID: 660116009583ee9b6b71e311ae8cf372
	at java.base/jdk.internal.reflect.DirectConstructorHandleAccessor.newInstance(DirectConstructorHandleAccessor.java:62)
	at java.base/java.lang.reflect.Constructor.newInstanceWithCaller(Constructor.java:502)
	at java.base/java.lang.reflect.Constructor.newInstance(Constructor.java:486)
	at org.openqa.selenium.remote.ErrorCodec.decode(ErrorCodec.java:167)
	at org.openqa.selenium.remote.codec.w3c.W3CHttpResponseCodec.decode(W3CHttpResponseCodec.java:138)
	at org.openqa.selenium.remote.codec.w3c.W3CHttpResponseCodec.decode(W3CHttpResponseCodec.java:50)
	at org.openqa.selenium.remote.HttpCommandExecutor.execute(HttpCommandExecutor.java:190)
	at org.openqa.selenium.remote.service.DriverCommandExecutor.invokeExecute(DriverCommandExecutor.java:216)
	at org.openqa.selenium.remote.service.DriverCommandExecutor.execute(DriverCommandExecutor.java:174)
	at org.openqa.selenium.remote.RemoteWebDriver.execute(RemoteWebDriver.java:518)
	at org.openqa.selenium.remote.RemoteWebElement.execute(RemoteWebElement.java:223)
	at org.openqa.selenium.remote.RemoteWebElement.click(RemoteWebElement.java:76)
	at PSF_CAll_Dispostion_Of_PSF.Psf_All_Fillter_Check.clickCheckboxes(Psf_All_Fillter_Check.java:482)
	at PSF_CAll_Dispostion_Of_PSF.Psf_All_Fillter_Check.Technician_Name_Name_Fillter(Psf_All_Fillter_Check.java:244)
	at java.base/jdk.internal.reflect.DirectMethodHandleAccessor.invoke(DirectMethodHandleAccessor.java:103)
	at java.base/java.lang.reflect.Method.invoke(Method.java:580)
	at org.testng.internal.MethodInvocationHelper.invokeMethod(MethodInvocationHelper.java:133)
	at org.testng.internal.TestInvoker.invokeMethod(TestInvoker.java:598)
	at org.testng.internal.TestInvoker.invokeTestMethod(TestInvoker.java:173)
	at org.testng.internal.MethodRunner.runInSequence(MethodRunner.java:46)
	at org.testng.internal.TestInvoker$MethodInvocationAgent.invoke(TestInvoker.java:824)
	at org.testng.internal.TestInvoker.invokeTestMethods(TestInvoker.java:146)
	at org.testng.internal.TestMethodWorker.invokeTestMethods(TestMethodWorker.java:146)
	at org.testng.internal.TestMethodWorker.run(TestMethodWorker.java:128)
	at java.base/java.util.ArrayList.forEach(ArrayList.java:1597)
	at org.testng.TestRunner.privateRun(TestRunner.java:794)
	at org.testng.TestRunner.run(TestRunner.java:596)
	at org.testng.SuiteRunner.runTest(SuiteRunner.java:377)
	at org.testng.SuiteRunner.runSequentially(SuiteRunner.java:371)
	at org.testng.SuiteRunner.privateRun(SuiteRunner.java:332)
	at org.testng.SuiteRunner.run(SuiteRunner.java:276)
	at org.testng.SuiteRunnerWorker.runSuite(SuiteRunnerWorker.java:53)
	at org.testng.SuiteRunnerWorker.run(SuiteRunnerWorker.java:96)
	at org.testng.TestNG.runSuitesSequentially(TestNG.java:1212)
	at org.testng.TestNG.runSuitesLocally(TestNG.java:1134)
	at org.testng.TestNG.runSuites(TestNG.java:1063)
	at org.testng.TestNG.run(TestNG.java:1031)
	at org.testng.remote.AbstractRemoteTestNG.run(AbstractRemoteTestNG.java:115)
	at org.testng.remote.RemoteTestNG.initAndRun(RemoteTestNG.java:293)
	at org.testng.remote.RemoteTestNG.main(RemoteTestNG.java:91)
</pre></div></td>
<td>20</td>
<td>PSF_CAll_Dispostion_Of_PSF.Psf_All_Fillter_Check@23f5b5dc</td></tr>
</table><p>
<table width='100%' border='1' class='invocation-passed'>
<tr><td colspan='4' align='center'><b>PASSED TESTS</b></td></tr>
<tr><td><b>Test method</b></td>
<td width="30%"><b>Exception</b></td>
<td width="10%"><b>Time (seconds)</b></td>
<td><b>Instance</b></td>
</tr>
<tr>
<td title='PSF_CAll_Dispostion_Of_PSF.Psf_All_Fillter_Check.removeFilterCheck2()'><b>removeFilterCheck2</b><br>Test class: PSF_CAll_Dispostion_Of_PSF.Psf_All_Fillter_Check</td>
<td></td>
<td>0</td>
<td>PSF_CAll_Dispostion_Of_PSF.Psf_All_Fillter_Check@23f5b5dc</td></tr>
<tr>
<td title='PSF_CAll_Dispostion_Of_PSF.Psf_All_Fillter_Check.removeFilterCheck3()'><b>removeFilterCheck3</b><br>Test class: PSF_CAll_Dispostion_Of_PSF.Psf_All_Fillter_Check</td>
<td></td>
<td>0</td>
<td>PSF_CAll_Dispostion_Of_PSF.Psf_All_Fillter_Check@23f5b5dc</td></tr>
<tr>
<td title='PSF_CAll_Dispostion_Of_PSF.Psf_All_Fillter_Check.Remove_PouP()'><b>Remove_PouP</b><br>Test class: PSF_CAll_Dispostion_Of_PSF.Psf_All_Fillter_Check</td>
<td></td>
<td>1</td>
<td>PSF_CAll_Dispostion_Of_PSF.Psf_All_Fillter_Check@23f5b5dc</td></tr>
<tr>
<td title='PSF_CAll_Dispostion_Of_PSF.Psf_All_Fillter_Check.Click_On_PSF()'><b>Click_On_PSF</b><br>Test class: PSF_CAll_Dispostion_Of_PSF.Psf_All_Fillter_Check</td>
<td></td>
<td>38</td>
<td>PSF_CAll_Dispostion_Of_PSF.Psf_All_Fillter_Check@23f5b5dc</td></tr>
<tr>
<td title='PSF_CAll_Dispostion_Of_PSF.Psf_All_Fillter_Check.SUBMIT_Button()'><b>SUBMIT_Button</b><br>Test class: PSF_CAll_Dispostion_Of_PSF.Psf_All_Fillter_Check</td>
<td></td>
<td>2</td>
<td>PSF_CAll_Dispostion_Of_PSF.Psf_All_Fillter_Check@23f5b5dc</td></tr>
<tr>
<td title='PSF_CAll_Dispostion_Of_PSF.Psf_All_Fillter_Check.Click_On_Refresh()'><b>Click_On_Refresh</b><br>Test class: PSF_CAll_Dispostion_Of_PSF.Psf_All_Fillter_Check</td>
<td></td>
<td>40</td>
<td>PSF_CAll_Dispostion_Of_PSF.Psf_All_Fillter_Check@23f5b5dc</td></tr>
<tr>
<td title='PSF_CAll_Dispostion_Of_PSF.Psf_All_Fillter_Check.removeFilterCheck()'><b>removeFilterCheck</b><br>Test class: PSF_CAll_Dispostion_Of_PSF.Psf_All_Fillter_Check</td>
<td></td>
<td>0</td>
<td>PSF_CAll_Dispostion_Of_PSF.Psf_All_Fillter_Check@23f5b5dc</td></tr>
<tr>
<td title='PSF_CAll_Dispostion_Of_PSF.Psf_All_Fillter_Check.Service_Advisor_Name_Fillter()'><b>Service_Advisor_Name_Fillter</b><br>Test class: PSF_CAll_Dispostion_Of_PSF.Psf_All_Fillter_Check</td>
<td></td>
<td>1</td>
<td>PSF_CAll_Dispostion_Of_PSF.Psf_All_Fillter_Check@23f5b5dc</td></tr>
<tr>
<td title='PSF_CAll_Dispostion_Of_PSF.Psf_All_Fillter_Check.removeFilterCheck5()'><b>removeFilterCheck5</b><br>Test class: PSF_CAll_Dispostion_Of_PSF.Psf_All_Fillter_Check</td>
<td></td>
<td>0</td>
<td>PSF_CAll_Dispostion_Of_PSF.Psf_All_Fillter_Check@23f5b5dc</td></tr>
<tr>
<td title='PSF_CAll_Dispostion_Of_PSF.Psf_All_Fillter_Check.Password()'><b>Password</b><br>Test class: PSF_CAll_Dispostion_Of_PSF.Psf_All_Fillter_Check</td>
<td></td>
<td>1</td>
<td>PSF_CAll_Dispostion_Of_PSF.Psf_All_Fillter_Check@23f5b5dc</td></tr>
<tr>
<td title='PSF_CAll_Dispostion_Of_PSF.Psf_All_Fillter_Check.Captcha()'><b>Captcha</b><br>Test class: PSF_CAll_Dispostion_Of_PSF.Psf_All_Fillter_Check</td>
<td></td>
<td>2</td>
<td>PSF_CAll_Dispostion_Of_PSF.Psf_All_Fillter_Check@23f5b5dc</td></tr>
<tr>
<td title='PSF_CAll_Dispostion_Of_PSF.Psf_All_Fillter_Check.Username()'><b>Username</b><br>Test class: PSF_CAll_Dispostion_Of_PSF.Psf_All_Fillter_Check</td>
<td></td>
<td>1</td>
<td>PSF_CAll_Dispostion_Of_PSF.Psf_All_Fillter_Check@23f5b5dc</td></tr>
<tr>
<td title='PSF_CAll_Dispostion_Of_PSF.Psf_All_Fillter_Check.Fillters_check()'><b>Fillters_check</b><br>Test class: PSF_CAll_Dispostion_Of_PSF.Psf_All_Fillter_Check</td>
<td></td>
<td>5</td>
<td>PSF_CAll_Dispostion_Of_PSF.Psf_All_Fillter_Check@23f5b5dc</td></tr>
<tr>
<td title='PSF_CAll_Dispostion_Of_PSF.Psf_All_Fillter_Check.removeFilterCheck4()'><b>removeFilterCheck4</b><br>Test class: PSF_CAll_Dispostion_Of_PSF.Psf_All_Fillter_Check</td>
<td></td>
<td>0</td>
<td>PSF_CAll_Dispostion_Of_PSF.Psf_All_Fillter_Check@23f5b5dc</td></tr>
<tr>
<td title='PSF_CAll_Dispostion_Of_PSF.Psf_All_Fillter_Check.Model_Variant_Fillter()'><b>Model_Variant_Fillter</b><br>Test class: PSF_CAll_Dispostion_Of_PSF.Psf_All_Fillter_Check</td>
<td></td>
<td>14</td>
<td>PSF_CAll_Dispostion_Of_PSF.Psf_All_Fillter_Check@23f5b5dc</td></tr>
</table><p>
</body>
</html>