<html>
<head>
<title>TestNG:  PSF</title>
<link href="../testng.css" rel="stylesheet" type="text/css" />
<link href="../my-testng.css" rel="stylesheet" type="text/css" />

<style type="text/css">
.log { display: none;} 
.stack-trace { display: none;} 
</style>
<script type="text/javascript">
<!--
function flip(e) {
  current = e.style.display;
  if (current == 'block') {
    e.style.display = 'none';
    return 0;
  }
  else {
    e.style.display = 'block';
    return 1;
  }
}

function toggleBox(szDivId, elem, msg1, msg2)
{
  var res = -1;  if (document.getElementById) {
    res = flip(document.getElementById(szDivId));
  }
  else if (document.all) {
    // this is the way old msie versions work
    res = flip(document.all[szDivId]);
  }
  if(elem) {
    if(res == 0) elem.innerHTML = msg1; else elem.innerHTML = msg2;
  }

}

function toggleAllBoxes() {
  if (document.getElementsByTagName) {
    d = document.getElementsByTagName('div');
    for (i = 0; i < d.length; i++) {
      if (d[i].className == 'log') {
        flip(d[i]);
      }
    }
  }
}

// -->
</script>

</head>
<body>
<h2 align='center'>PSF</h2><table border='1' align="center">
<tr>
<td>Tests passed/Failed/Skipped:</td><td>179/27/0</td>
</tr><tr>
<td>Started on:</td><td>Wed Nov 20 09:56:28 IST 2024</td>
</tr>
<tr><td>Total time:</td><td>2532 seconds (2532058 ms)</td>
</tr><tr>
<td>Included groups:</td><td></td>
</tr><tr>
<td>Excluded groups:</td><td></td>
</tr>
</table><p/>
<small><i>(Hover the method name to see the test class name)</i></small><p/>
<table width='100%' border='1' class='invocation-failed'>
<tr><td colspan='4' align='center'><b>FAILED TESTS</b></td></tr>
<tr><td><b>Test method</b></td>
<td width="30%"><b>Exception</b></td>
<td width="10%"><b>Time (seconds)</b></td>
<td><b>Instance</b></td>
</tr>
<tr>
<td title='PSf_Static_Report.PSF_Due_Analysis.Comparison_0f_all_Data()'><b>Comparison_0f_all_Data</b><br>Test class: PSf_Static_Report.PSF_Due_Analysis</td>
<td><div><pre>java.lang.AssertionError: Compare Total_Psf_Due_of_workshopWise_With_dayWise expected [null] but found [0]
	at PSf_Static_Report.PSF_Due_Analysis.Comparison_0f_all_Data(PSF_Due_Analysis.java:437)
	at java.base/java.util.ArrayList.forEach(ArrayList.java:1597)
... Removed 30 stack frames</pre></div><a href='#' onClick='toggleBox("stack-trace426014054", this, "Click to show all stack frames", "Click to hide stack frames")'>Click to show all stack frames</a>
<div class='stack-trace' id='stack-trace426014054'><pre>java.lang.AssertionError: Compare Total_Psf_Due_of_workshopWise_With_dayWise expected [null] but found [0]
	at org.testng.Assert.fail(Assert.java:99)
	at org.testng.Assert.failNotEquals(Assert.java:1037)
	at org.testng.Assert.assertEqualsImpl(Assert.java:140)
	at org.testng.Assert.assertEquals(Assert.java:122)
	at org.testng.Assert.assertEquals(Assert.java:629)
	at PSf_Static_Report.PSF_Due_Analysis.Comparison_0f_all_Data(PSF_Due_Analysis.java:437)
	at java.base/jdk.internal.reflect.DirectMethodHandleAccessor.invoke(DirectMethodHandleAccessor.java:103)
	at java.base/java.lang.reflect.Method.invoke(Method.java:580)
	at org.testng.internal.MethodInvocationHelper.invokeMethod(MethodInvocationHelper.java:133)
	at org.testng.internal.TestInvoker.invokeMethod(TestInvoker.java:598)
	at org.testng.internal.TestInvoker.invokeTestMethod(TestInvoker.java:173)
	at org.testng.internal.MethodRunner.runInSequence(MethodRunner.java:46)
	at org.testng.internal.TestInvoker$MethodInvocationAgent.invoke(TestInvoker.java:824)
	at org.testng.internal.TestInvoker.invokeTestMethods(TestInvoker.java:146)
	at org.testng.internal.TestMethodWorker.invokeTestMethods(TestMethodWorker.java:146)
	at org.testng.internal.TestMethodWorker.run(TestMethodWorker.java:128)
	at java.base/java.util.ArrayList.forEach(ArrayList.java:1597)
	at org.testng.TestRunner.privateRun(TestRunner.java:794)
	at org.testng.TestRunner.run(TestRunner.java:596)
	at org.testng.SuiteRunner.runTest(SuiteRunner.java:377)
	at org.testng.SuiteRunner.runSequentially(SuiteRunner.java:371)
	at org.testng.SuiteRunner.privateRun(SuiteRunner.java:332)
	at org.testng.SuiteRunner.run(SuiteRunner.java:276)
	at org.testng.SuiteRunnerWorker.runSuite(SuiteRunnerWorker.java:53)
	at org.testng.SuiteRunnerWorker.run(SuiteRunnerWorker.java:96)
	at org.testng.TestNG.runSuitesSequentially(TestNG.java:1212)
	at org.testng.TestNG.runSuitesLocally(TestNG.java:1134)
	at org.testng.TestNG.runSuites(TestNG.java:1063)
	at org.testng.TestNG.run(TestNG.java:1031)
	at org.testng.remote.AbstractRemoteTestNG.run(AbstractRemoteTestNG.java:115)
	at org.testng.remote.RemoteTestNG.initAndRun(RemoteTestNG.java:293)
	at org.testng.remote.RemoteTestNG.main(RemoteTestNG.java:91)
</pre></div></td>
<td>0</td>
<td>PSf_Static_Report.PSF_Due_Analysis@1f9f6368</td></tr>
<tr>
<td title='PSf_Static_Report.PSF_Last_Attempt_Report.Click_On_DayWise()'><b>Click_On_DayWise</b><br>Test class: PSf_Static_Report.PSF_Last_Attempt_Report</td>
<td><div><pre>java.lang.AssertionError: No Data Found for Day Wise In Last_Attempt_Report : 0
	at PSf_Static_Report.PSF_Last_Attempt_Report.Click_On_DayWise(PSF_Last_Attempt_Report.java:273)
	at java.base/java.util.ArrayList.forEach(ArrayList.java:1597)
... Removed 26 stack frames</pre></div><a href='#' onClick='toggleBox("stack-trace709853193", this, "Click to show all stack frames", "Click to hide stack frames")'>Click to show all stack frames</a>
<div class='stack-trace' id='stack-trace709853193'><pre>java.lang.AssertionError: No Data Found for Day Wise In Last_Attempt_Report : 0
	at org.testng.Assert.fail(Assert.java:99)
	at PSf_Static_Report.PSF_Last_Attempt_Report.Click_On_DayWise(PSF_Last_Attempt_Report.java:273)
	at java.base/jdk.internal.reflect.DirectMethodHandleAccessor.invoke(DirectMethodHandleAccessor.java:103)
	at java.base/java.lang.reflect.Method.invoke(Method.java:580)
	at org.testng.internal.MethodInvocationHelper.invokeMethod(MethodInvocationHelper.java:133)
	at org.testng.internal.TestInvoker.invokeMethod(TestInvoker.java:598)
	at org.testng.internal.TestInvoker.invokeTestMethod(TestInvoker.java:173)
	at org.testng.internal.MethodRunner.runInSequence(MethodRunner.java:46)
	at org.testng.internal.TestInvoker$MethodInvocationAgent.invoke(TestInvoker.java:824)
	at org.testng.internal.TestInvoker.invokeTestMethods(TestInvoker.java:146)
	at org.testng.internal.TestMethodWorker.invokeTestMethods(TestMethodWorker.java:146)
	at org.testng.internal.TestMethodWorker.run(TestMethodWorker.java:128)
	at java.base/java.util.ArrayList.forEach(ArrayList.java:1597)
	at org.testng.TestRunner.privateRun(TestRunner.java:794)
	at org.testng.TestRunner.run(TestRunner.java:596)
	at org.testng.SuiteRunner.runTest(SuiteRunner.java:377)
	at org.testng.SuiteRunner.runSequentially(SuiteRunner.java:371)
	at org.testng.SuiteRunner.privateRun(SuiteRunner.java:332)
	at org.testng.SuiteRunner.run(SuiteRunner.java:276)
	at org.testng.SuiteRunnerWorker.runSuite(SuiteRunnerWorker.java:53)
	at org.testng.SuiteRunnerWorker.run(SuiteRunnerWorker.java:96)
	at org.testng.TestNG.runSuitesSequentially(TestNG.java:1212)
	at org.testng.TestNG.runSuitesLocally(TestNG.java:1134)
	at org.testng.TestNG.runSuites(TestNG.java:1063)
	at org.testng.TestNG.run(TestNG.java:1031)
	at org.testng.remote.AbstractRemoteTestNG.run(AbstractRemoteTestNG.java:115)
	at org.testng.remote.RemoteTestNG.initAndRun(RemoteTestNG.java:293)
	at org.testng.remote.RemoteTestNG.main(RemoteTestNG.java:91)
</pre></div></td>
<td>21</td>
<td>PSf_Static_Report.PSF_Last_Attempt_Report@7486b455</td></tr>
<tr>
<td title='PSf_Static_Report.PSF_Calibration_Report.Click_On_Day_Wise()'><b>Click_On_Day_Wise</b><br>Test class: PSf_Static_Report.PSF_Calibration_Report</td>
<td><div><pre>org.openqa.selenium.NoSuchElementException: no such element: Unable to locate element: {&quot;method&quot;:&quot;xpath&quot;,&quot;selector&quot;:&quot;(//tr[td[contains(., &apos;Total&apos;)]])[1]/td[5]&quot;}
  (Session info: chrome=131.0.6778.70)
For documentation on this error, please visit: https://www.selenium.dev/documentation/webdriver/troubleshooting/errors#no-such-element-exception
Build info: version: &apos;4.21.0&apos;, revision: &apos;79ed462ef4&apos;
System info: os.name: &apos;Windows 11&apos;, os.arch: &apos;amd64&apos;, os.version: &apos;10.0&apos;, java.version: &apos;22.0.1&apos;
Driver info: org.openqa.selenium.chrome.ChromeDriver
Command: [4254ca6c22b0b65dcbee262d598f3ee1, findElement {value=(//tr[td[contains(., &apos;Total&apos;)]])[1]/td[5], using=xpath}]
Capabilities {acceptInsecureCerts: false, browserName: chrome, browserVersion: 131.0.6778.70, chrome: {chromedriverVersion: 131.0.6778.69 (77e2244bbcda..., userDataDir: C:\WINDOWS\TEMP\scoped_dir1...}, fedcm:accounts: true, goog:chromeOptions: {debuggerAddress: localhost:56442}, networkConnectionEnabled: false, pageLoadStrategy: normal, platformName: windows, proxy: Proxy(), se:cdp: ws://localhost:56442/devtoo..., se:cdpVersion: 131.0.6778.70, setWindowRect: true, strictFileInteractability: false, timeouts: {implicit: 0, pageLoad: 300000, script: 30000}, unhandledPromptBehavior: dismiss and notify, webauthn:extension:credBlob: true, webauthn:extension:largeBlob: true, webauthn:extension:minPinLength: true, webauthn:extension:prf: true, webauthn:virtualAuthenticators: true}
Session ID: 4254ca6c22b0b65dcbee262d598f3ee1
	at org.openqa.selenium.remote.ErrorCodec.decode(ErrorCodec.java:167)
	at org.openqa.selenium.remote.codec.w3c.W3CHttpResponseCodec.decode(W3CHttpResponseCodec.java:138)
	at org.openqa.selenium.remote.codec.w3c.W3CHttpResponseCodec.decode(W3CHttpResponseCodec.java:50)
	at org.openqa.selenium.remote.HttpCommandExecutor.execute(HttpCommandExecutor.java:190)
	at org.openqa.selenium.remote.service.DriverCommandExecutor.invokeExecute(DriverCommandExecutor.java:216)
	at org.openqa.selenium.remote.service.DriverCommandExecutor.execute(DriverCommandExecutor.java:174)
	at org.openqa.selenium.remote.RemoteWebDriver.execute(RemoteWebDriver.java:518)
	at org.openqa.selenium.remote.ElementLocation$ElementFinder$2.findElement(ElementLocation.java:165)
	at org.openqa.selenium.remote.ElementLocation.findElement(ElementLocation.java:59)
	at org.openqa.selenium.remote.RemoteWebDriver.findElement(RemoteWebDriver.java:355)
	at org.openqa.selenium.remote.RemoteWebDriver.findElement(RemoteWebDriver.java:349)
	at PSf_Static_Report.PSF_Calibration_Report.Click_On_Day_Wise(PSF_Calibration_Report.java:268)
	at java.base/java.util.ArrayList.forEach(ArrayList.java:1597)
... Removed 28 stack frames</pre></div><a href='#' onClick='toggleBox("stack-trace2084324667", this, "Click to show all stack frames", "Click to hide stack frames")'>Click to show all stack frames</a>
<div class='stack-trace' id='stack-trace2084324667'><pre>org.openqa.selenium.NoSuchElementException: no such element: Unable to locate element: {&quot;method&quot;:&quot;xpath&quot;,&quot;selector&quot;:&quot;(//tr[td[contains(., &apos;Total&apos;)]])[1]/td[5]&quot;}
  (Session info: chrome=131.0.6778.70)
For documentation on this error, please visit: https://www.selenium.dev/documentation/webdriver/troubleshooting/errors#no-such-element-exception
Build info: version: &apos;4.21.0&apos;, revision: &apos;79ed462ef4&apos;
System info: os.name: &apos;Windows 11&apos;, os.arch: &apos;amd64&apos;, os.version: &apos;10.0&apos;, java.version: &apos;22.0.1&apos;
Driver info: org.openqa.selenium.chrome.ChromeDriver
Command: [4254ca6c22b0b65dcbee262d598f3ee1, findElement {value=(//tr[td[contains(., &apos;Total&apos;)]])[1]/td[5], using=xpath}]
Capabilities {acceptInsecureCerts: false, browserName: chrome, browserVersion: 131.0.6778.70, chrome: {chromedriverVersion: 131.0.6778.69 (77e2244bbcda..., userDataDir: C:\WINDOWS\TEMP\scoped_dir1...}, fedcm:accounts: true, goog:chromeOptions: {debuggerAddress: localhost:56442}, networkConnectionEnabled: false, pageLoadStrategy: normal, platformName: windows, proxy: Proxy(), se:cdp: ws://localhost:56442/devtoo..., se:cdpVersion: 131.0.6778.70, setWindowRect: true, strictFileInteractability: false, timeouts: {implicit: 0, pageLoad: 300000, script: 30000}, unhandledPromptBehavior: dismiss and notify, webauthn:extension:credBlob: true, webauthn:extension:largeBlob: true, webauthn:extension:minPinLength: true, webauthn:extension:prf: true, webauthn:virtualAuthenticators: true}
Session ID: 4254ca6c22b0b65dcbee262d598f3ee1
	at java.base/jdk.internal.reflect.DirectConstructorHandleAccessor.newInstance(DirectConstructorHandleAccessor.java:62)
	at java.base/java.lang.reflect.Constructor.newInstanceWithCaller(Constructor.java:502)
	at java.base/java.lang.reflect.Constructor.newInstance(Constructor.java:486)
	at org.openqa.selenium.remote.ErrorCodec.decode(ErrorCodec.java:167)
	at org.openqa.selenium.remote.codec.w3c.W3CHttpResponseCodec.decode(W3CHttpResponseCodec.java:138)
	at org.openqa.selenium.remote.codec.w3c.W3CHttpResponseCodec.decode(W3CHttpResponseCodec.java:50)
	at org.openqa.selenium.remote.HttpCommandExecutor.execute(HttpCommandExecutor.java:190)
	at org.openqa.selenium.remote.service.DriverCommandExecutor.invokeExecute(DriverCommandExecutor.java:216)
	at org.openqa.selenium.remote.service.DriverCommandExecutor.execute(DriverCommandExecutor.java:174)
	at org.openqa.selenium.remote.RemoteWebDriver.execute(RemoteWebDriver.java:518)
	at org.openqa.selenium.remote.ElementLocation$ElementFinder$2.findElement(ElementLocation.java:165)
	at org.openqa.selenium.remote.ElementLocation.findElement(ElementLocation.java:59)
	at org.openqa.selenium.remote.RemoteWebDriver.findElement(RemoteWebDriver.java:355)
	at org.openqa.selenium.remote.RemoteWebDriver.findElement(RemoteWebDriver.java:349)
	at PSf_Static_Report.PSF_Calibration_Report.Click_On_Day_Wise(PSF_Calibration_Report.java:268)
	at java.base/jdk.internal.reflect.DirectMethodHandleAccessor.invoke(DirectMethodHandleAccessor.java:103)
	at java.base/java.lang.reflect.Method.invoke(Method.java:580)
	at org.testng.internal.MethodInvocationHelper.invokeMethod(MethodInvocationHelper.java:133)
	at org.testng.internal.TestInvoker.invokeMethod(TestInvoker.java:598)
	at org.testng.internal.TestInvoker.invokeTestMethod(TestInvoker.java:173)
	at org.testng.internal.MethodRunner.runInSequence(MethodRunner.java:46)
	at org.testng.internal.TestInvoker$MethodInvocationAgent.invoke(TestInvoker.java:824)
	at org.testng.internal.TestInvoker.invokeTestMethods(TestInvoker.java:146)
	at org.testng.internal.TestMethodWorker.invokeTestMethods(TestMethodWorker.java:146)
	at org.testng.internal.TestMethodWorker.run(TestMethodWorker.java:128)
	at java.base/java.util.ArrayList.forEach(ArrayList.java:1597)
	at org.testng.TestRunner.privateRun(TestRunner.java:794)
	at org.testng.TestRunner.run(TestRunner.java:596)
	at org.testng.SuiteRunner.runTest(SuiteRunner.java:377)
	at org.testng.SuiteRunner.runSequentially(SuiteRunner.java:371)
	at org.testng.SuiteRunner.privateRun(SuiteRunner.java:332)
	at org.testng.SuiteRunner.run(SuiteRunner.java:276)
	at org.testng.SuiteRunnerWorker.runSuite(SuiteRunnerWorker.java:53)
	at org.testng.SuiteRunnerWorker.run(SuiteRunnerWorker.java:96)
	at org.testng.TestNG.runSuitesSequentially(TestNG.java:1212)
	at org.testng.TestNG.runSuitesLocally(TestNG.java:1134)
	at org.testng.TestNG.runSuites(TestNG.java:1063)
	at org.testng.TestNG.run(TestNG.java:1031)
	at org.testng.remote.AbstractRemoteTestNG.run(AbstractRemoteTestNG.java:115)
	at org.testng.remote.RemoteTestNG.initAndRun(RemoteTestNG.java:293)
	at org.testng.remote.RemoteTestNG.main(RemoteTestNG.java:91)
</pre></div></td>
<td>34</td>
<td>PSf_Static_Report.PSF_Calibration_Report@5efa40fe</td></tr>
<tr>
<td title='PSf_Static_Report.Prelimnary_NPS_report.Comparison_0f_all_Data()'><b>Comparison_0f_all_Data</b><br>Test class: PSf_Static_Report.Prelimnary_NPS_report</td>
<td><div><pre>java.lang.AssertionError: Compare Percent_Promoter_of_workshopWise_With_dayWise expected [0 %] but found [0%]
	at PSf_Static_Report.Prelimnary_NPS_report.Comparison_0f_all_Data(Prelimnary_NPS_report.java:366)
	at java.base/java.util.ArrayList.forEach(ArrayList.java:1597)
... Removed 30 stack frames</pre></div><a href='#' onClick='toggleBox("stack-trace1730465260", this, "Click to show all stack frames", "Click to hide stack frames")'>Click to show all stack frames</a>
<div class='stack-trace' id='stack-trace1730465260'><pre>java.lang.AssertionError: Compare Percent_Promoter_of_workshopWise_With_dayWise expected [0 %] but found [0%]
	at org.testng.Assert.fail(Assert.java:99)
	at org.testng.Assert.failNotEquals(Assert.java:1037)
	at org.testng.Assert.assertEqualsImpl(Assert.java:140)
	at org.testng.Assert.assertEquals(Assert.java:122)
	at org.testng.Assert.assertEquals(Assert.java:629)
	at PSf_Static_Report.Prelimnary_NPS_report.Comparison_0f_all_Data(Prelimnary_NPS_report.java:366)
	at java.base/jdk.internal.reflect.DirectMethodHandleAccessor.invoke(DirectMethodHandleAccessor.java:103)
	at java.base/java.lang.reflect.Method.invoke(Method.java:580)
	at org.testng.internal.MethodInvocationHelper.invokeMethod(MethodInvocationHelper.java:133)
	at org.testng.internal.TestInvoker.invokeMethod(TestInvoker.java:598)
	at org.testng.internal.TestInvoker.invokeTestMethod(TestInvoker.java:173)
	at org.testng.internal.MethodRunner.runInSequence(MethodRunner.java:46)
	at org.testng.internal.TestInvoker$MethodInvocationAgent.invoke(TestInvoker.java:824)
	at org.testng.internal.TestInvoker.invokeTestMethods(TestInvoker.java:146)
	at org.testng.internal.TestMethodWorker.invokeTestMethods(TestMethodWorker.java:146)
	at org.testng.internal.TestMethodWorker.run(TestMethodWorker.java:128)
	at java.base/java.util.ArrayList.forEach(ArrayList.java:1597)
	at org.testng.TestRunner.privateRun(TestRunner.java:794)
	at org.testng.TestRunner.run(TestRunner.java:596)
	at org.testng.SuiteRunner.runTest(SuiteRunner.java:377)
	at org.testng.SuiteRunner.runSequentially(SuiteRunner.java:371)
	at org.testng.SuiteRunner.privateRun(SuiteRunner.java:332)
	at org.testng.SuiteRunner.run(SuiteRunner.java:276)
	at org.testng.SuiteRunnerWorker.runSuite(SuiteRunnerWorker.java:53)
	at org.testng.SuiteRunnerWorker.run(SuiteRunnerWorker.java:96)
	at org.testng.TestNG.runSuitesSequentially(TestNG.java:1212)
	at org.testng.TestNG.runSuitesLocally(TestNG.java:1134)
	at org.testng.TestNG.runSuites(TestNG.java:1063)
	at org.testng.TestNG.run(TestNG.java:1031)
	at org.testng.remote.AbstractRemoteTestNG.run(AbstractRemoteTestNG.java:115)
	at org.testng.remote.RemoteTestNG.initAndRun(RemoteTestNG.java:293)
	at org.testng.remote.RemoteTestNG.main(RemoteTestNG.java:91)
</pre></div></td>
<td>0</td>
<td>PSf_Static_Report.Prelimnary_NPS_report@1b66c0fb</td></tr>
<tr>
<td title='PSf_Static_Report.Prelimnary_NPS_report.Click_On_Day_Wise()'><b>Click_On_Day_Wise</b><br>Test class: PSf_Static_Report.Prelimnary_NPS_report</td>
<td><div><pre>java.lang.AssertionError: No Data Found for Day_Wise Tab In Premilinary_NPS_Report For input string: &quot;0 %&quot;
	at PSf_Static_Report.Prelimnary_NPS_report.Click_On_Day_Wise(Prelimnary_NPS_report.java:342)
	at java.base/java.util.ArrayList.forEach(ArrayList.java:1597)
... Removed 26 stack frames</pre></div><a href='#' onClick='toggleBox("stack-trace1778422985", this, "Click to show all stack frames", "Click to hide stack frames")'>Click to show all stack frames</a>
<div class='stack-trace' id='stack-trace1778422985'><pre>java.lang.AssertionError: No Data Found for Day_Wise Tab In Premilinary_NPS_Report For input string: &quot;0 %&quot;
	at org.testng.Assert.fail(Assert.java:99)
	at PSf_Static_Report.Prelimnary_NPS_report.Click_On_Day_Wise(Prelimnary_NPS_report.java:342)
	at java.base/jdk.internal.reflect.DirectMethodHandleAccessor.invoke(DirectMethodHandleAccessor.java:103)
	at java.base/java.lang.reflect.Method.invoke(Method.java:580)
	at org.testng.internal.MethodInvocationHelper.invokeMethod(MethodInvocationHelper.java:133)
	at org.testng.internal.TestInvoker.invokeMethod(TestInvoker.java:598)
	at org.testng.internal.TestInvoker.invokeTestMethod(TestInvoker.java:173)
	at org.testng.internal.MethodRunner.runInSequence(MethodRunner.java:46)
	at org.testng.internal.TestInvoker$MethodInvocationAgent.invoke(TestInvoker.java:824)
	at org.testng.internal.TestInvoker.invokeTestMethods(TestInvoker.java:146)
	at org.testng.internal.TestMethodWorker.invokeTestMethods(TestMethodWorker.java:146)
	at org.testng.internal.TestMethodWorker.run(TestMethodWorker.java:128)
	at java.base/java.util.ArrayList.forEach(ArrayList.java:1597)
	at org.testng.TestRunner.privateRun(TestRunner.java:794)
	at org.testng.TestRunner.run(TestRunner.java:596)
	at org.testng.SuiteRunner.runTest(SuiteRunner.java:377)
	at org.testng.SuiteRunner.runSequentially(SuiteRunner.java:371)
	at org.testng.SuiteRunner.privateRun(SuiteRunner.java:332)
	at org.testng.SuiteRunner.run(SuiteRunner.java:276)
	at org.testng.SuiteRunnerWorker.runSuite(SuiteRunnerWorker.java:53)
	at org.testng.SuiteRunnerWorker.run(SuiteRunnerWorker.java:96)
	at org.testng.TestNG.runSuitesSequentially(TestNG.java:1212)
	at org.testng.TestNG.runSuitesLocally(TestNG.java:1134)
	at org.testng.TestNG.runSuites(TestNG.java:1063)
	at org.testng.TestNG.run(TestNG.java:1031)
	at org.testng.remote.AbstractRemoteTestNG.run(AbstractRemoteTestNG.java:115)
	at org.testng.remote.RemoteTestNG.initAndRun(RemoteTestNG.java:293)
	at org.testng.remote.RemoteTestNG.main(RemoteTestNG.java:91)
</pre></div></td>
<td>24</td>
<td>PSf_Static_Report.Prelimnary_NPS_report@1b66c0fb</td></tr>
<tr>
<td title='PSf_Static_Report.Complaint_Report.Click_On_Service_Type_Wise()'><b>Click_On_Service_Type_Wise</b><br>Test class: PSf_Static_Report.Complaint_Report</td>
<td><div><pre>java.lang.AssertionError: No Data Found for Service_Type_Wise In Complaints_Reports : 0
	at PSf_Static_Report.Complaint_Report.Click_On_Service_Type_Wise(Complaint_Report.java:345)
	at java.base/java.util.ArrayList.forEach(ArrayList.java:1597)
... Removed 26 stack frames</pre></div><a href='#' onClick='toggleBox("stack-trace1442089085", this, "Click to show all stack frames", "Click to hide stack frames")'>Click to show all stack frames</a>
<div class='stack-trace' id='stack-trace1442089085'><pre>java.lang.AssertionError: No Data Found for Service_Type_Wise In Complaints_Reports : 0
	at org.testng.Assert.fail(Assert.java:99)
	at PSf_Static_Report.Complaint_Report.Click_On_Service_Type_Wise(Complaint_Report.java:345)
	at java.base/jdk.internal.reflect.DirectMethodHandleAccessor.invoke(DirectMethodHandleAccessor.java:103)
	at java.base/java.lang.reflect.Method.invoke(Method.java:580)
	at org.testng.internal.MethodInvocationHelper.invokeMethod(MethodInvocationHelper.java:133)
	at org.testng.internal.TestInvoker.invokeMethod(TestInvoker.java:598)
	at org.testng.internal.TestInvoker.invokeTestMethod(TestInvoker.java:173)
	at org.testng.internal.MethodRunner.runInSequence(MethodRunner.java:46)
	at org.testng.internal.TestInvoker$MethodInvocationAgent.invoke(TestInvoker.java:824)
	at org.testng.internal.TestInvoker.invokeTestMethods(TestInvoker.java:146)
	at org.testng.internal.TestMethodWorker.invokeTestMethods(TestMethodWorker.java:146)
	at org.testng.internal.TestMethodWorker.run(TestMethodWorker.java:128)
	at java.base/java.util.ArrayList.forEach(ArrayList.java:1597)
	at org.testng.TestRunner.privateRun(TestRunner.java:794)
	at org.testng.TestRunner.run(TestRunner.java:596)
	at org.testng.SuiteRunner.runTest(SuiteRunner.java:377)
	at org.testng.SuiteRunner.runSequentially(SuiteRunner.java:371)
	at org.testng.SuiteRunner.privateRun(SuiteRunner.java:332)
	at org.testng.SuiteRunner.run(SuiteRunner.java:276)
	at org.testng.SuiteRunnerWorker.runSuite(SuiteRunnerWorker.java:53)
	at org.testng.SuiteRunnerWorker.run(SuiteRunnerWorker.java:96)
	at org.testng.TestNG.runSuitesSequentially(TestNG.java:1212)
	at org.testng.TestNG.runSuitesLocally(TestNG.java:1134)
	at org.testng.TestNG.runSuites(TestNG.java:1063)
	at org.testng.TestNG.run(TestNG.java:1031)
	at org.testng.remote.AbstractRemoteTestNG.run(AbstractRemoteTestNG.java:115)
	at org.testng.remote.RemoteTestNG.initAndRun(RemoteTestNG.java:293)
	at org.testng.remote.RemoteTestNG.main(RemoteTestNG.java:91)
</pre></div></td>
<td>22</td>
<td>PSf_Static_Report.Complaint_Report@23941fb4</td></tr>
<tr>
<td title='PSf_Static_Report.PSF_Last_Attempt_Report.Comparison_0f_all_Data()'><b>Comparison_0f_all_Data</b><br>Test class: PSf_Static_Report.PSF_Last_Attempt_Report</td>
<td><div><pre>java.lang.AssertionError: Compare Psf_Calibration_done_of_workshopWise_With_Service_TypeWise expected [null] but found [0]
	at PSf_Static_Report.PSF_Last_Attempt_Report.Comparison_0f_all_Data(PSF_Last_Attempt_Report.java:375)
	at java.base/java.util.ArrayList.forEach(ArrayList.java:1597)
... Removed 30 stack frames</pre></div><a href='#' onClick='toggleBox("stack-trace362311125", this, "Click to show all stack frames", "Click to hide stack frames")'>Click to show all stack frames</a>
<div class='stack-trace' id='stack-trace362311125'><pre>java.lang.AssertionError: Compare Psf_Calibration_done_of_workshopWise_With_Service_TypeWise expected [null] but found [0]
	at org.testng.Assert.fail(Assert.java:99)
	at org.testng.Assert.failNotEquals(Assert.java:1037)
	at org.testng.Assert.assertEqualsImpl(Assert.java:140)
	at org.testng.Assert.assertEquals(Assert.java:122)
	at org.testng.Assert.assertEquals(Assert.java:629)
	at PSf_Static_Report.PSF_Last_Attempt_Report.Comparison_0f_all_Data(PSF_Last_Attempt_Report.java:375)
	at java.base/jdk.internal.reflect.DirectMethodHandleAccessor.invoke(DirectMethodHandleAccessor.java:103)
	at java.base/java.lang.reflect.Method.invoke(Method.java:580)
	at org.testng.internal.MethodInvocationHelper.invokeMethod(MethodInvocationHelper.java:133)
	at org.testng.internal.TestInvoker.invokeMethod(TestInvoker.java:598)
	at org.testng.internal.TestInvoker.invokeTestMethod(TestInvoker.java:173)
	at org.testng.internal.MethodRunner.runInSequence(MethodRunner.java:46)
	at org.testng.internal.TestInvoker$MethodInvocationAgent.invoke(TestInvoker.java:824)
	at org.testng.internal.TestInvoker.invokeTestMethods(TestInvoker.java:146)
	at org.testng.internal.TestMethodWorker.invokeTestMethods(TestMethodWorker.java:146)
	at org.testng.internal.TestMethodWorker.run(TestMethodWorker.java:128)
	at java.base/java.util.ArrayList.forEach(ArrayList.java:1597)
	at org.testng.TestRunner.privateRun(TestRunner.java:794)
	at org.testng.TestRunner.run(TestRunner.java:596)
	at org.testng.SuiteRunner.runTest(SuiteRunner.java:377)
	at org.testng.SuiteRunner.runSequentially(SuiteRunner.java:371)
	at org.testng.SuiteRunner.privateRun(SuiteRunner.java:332)
	at org.testng.SuiteRunner.run(SuiteRunner.java:276)
	at org.testng.SuiteRunnerWorker.runSuite(SuiteRunnerWorker.java:53)
	at org.testng.SuiteRunnerWorker.run(SuiteRunnerWorker.java:96)
	at org.testng.TestNG.runSuitesSequentially(TestNG.java:1212)
	at org.testng.TestNG.runSuitesLocally(TestNG.java:1134)
	at org.testng.TestNG.runSuites(TestNG.java:1063)
	at org.testng.TestNG.run(TestNG.java:1031)
	at org.testng.remote.AbstractRemoteTestNG.run(AbstractRemoteTestNG.java:115)
	at org.testng.remote.RemoteTestNG.initAndRun(RemoteTestNG.java:293)
	at org.testng.remote.RemoteTestNG.main(RemoteTestNG.java:91)
</pre></div></td>
<td>0</td>
<td>PSf_Static_Report.PSF_Last_Attempt_Report@7486b455</td></tr>
<tr>
<td title='PSf_Static_Report.PRF_Report.Click_On_Service_Type_Wise()'><b>Click_On_Service_Type_Wise</b><br>Test class: PSf_Static_Report.PRF_Report</td>
<td><div><pre>java.lang.AssertionError: No Data Found for Service_Type_Wise In PRF_Report : 0
	at PSf_Static_Report.PRF_Report.Click_On_Service_Type_Wise(PRF_Report.java:385)
	at java.base/java.util.ArrayList.forEach(ArrayList.java:1597)
... Removed 26 stack frames</pre></div><a href='#' onClick='toggleBox("stack-trace1680630881", this, "Click to show all stack frames", "Click to hide stack frames")'>Click to show all stack frames</a>
<div class='stack-trace' id='stack-trace1680630881'><pre>java.lang.AssertionError: No Data Found for Service_Type_Wise In PRF_Report : 0
	at org.testng.Assert.fail(Assert.java:99)
	at PSf_Static_Report.PRF_Report.Click_On_Service_Type_Wise(PRF_Report.java:385)
	at java.base/jdk.internal.reflect.DirectMethodHandleAccessor.invoke(DirectMethodHandleAccessor.java:103)
	at java.base/java.lang.reflect.Method.invoke(Method.java:580)
	at org.testng.internal.MethodInvocationHelper.invokeMethod(MethodInvocationHelper.java:133)
	at org.testng.internal.TestInvoker.invokeMethod(TestInvoker.java:598)
	at org.testng.internal.TestInvoker.invokeTestMethod(TestInvoker.java:173)
	at org.testng.internal.MethodRunner.runInSequence(MethodRunner.java:46)
	at org.testng.internal.TestInvoker$MethodInvocationAgent.invoke(TestInvoker.java:824)
	at org.testng.internal.TestInvoker.invokeTestMethods(TestInvoker.java:146)
	at org.testng.internal.TestMethodWorker.invokeTestMethods(TestMethodWorker.java:146)
	at org.testng.internal.TestMethodWorker.run(TestMethodWorker.java:128)
	at java.base/java.util.ArrayList.forEach(ArrayList.java:1597)
	at org.testng.TestRunner.privateRun(TestRunner.java:794)
	at org.testng.TestRunner.run(TestRunner.java:596)
	at org.testng.SuiteRunner.runTest(SuiteRunner.java:377)
	at org.testng.SuiteRunner.runSequentially(SuiteRunner.java:371)
	at org.testng.SuiteRunner.privateRun(SuiteRunner.java:332)
	at org.testng.SuiteRunner.run(SuiteRunner.java:276)
	at org.testng.SuiteRunnerWorker.runSuite(SuiteRunnerWorker.java:53)
	at org.testng.SuiteRunnerWorker.run(SuiteRunnerWorker.java:96)
	at org.testng.TestNG.runSuitesSequentially(TestNG.java:1212)
	at org.testng.TestNG.runSuitesLocally(TestNG.java:1134)
	at org.testng.TestNG.runSuites(TestNG.java:1063)
	at org.testng.TestNG.run(TestNG.java:1031)
	at org.testng.remote.AbstractRemoteTestNG.run(AbstractRemoteTestNG.java:115)
	at org.testng.remote.RemoteTestNG.initAndRun(RemoteTestNG.java:293)
	at org.testng.remote.RemoteTestNG.main(RemoteTestNG.java:91)
</pre></div></td>
<td>22</td>
<td>PSf_Static_Report.PRF_Report@660acfb</td></tr>
<tr>
<td title='PSf_Static_Report.Psf_All_Fillter_Check.Technician_Name_Name_Fillter()'><b>Technician_Name_Name_Fillter</b><br>Test class: PSf_Static_Report.Psf_All_Fillter_Check</td>
<td><div><pre>org.openqa.selenium.ElementNotInteractableException: element not interactable
  (Session info: chrome=131.0.6778.70)
Build info: version: &apos;4.21.0&apos;, revision: &apos;79ed462ef4&apos;
System info: os.name: &apos;Windows 11&apos;, os.arch: &apos;amd64&apos;, os.version: &apos;10.0&apos;, java.version: &apos;22.0.1&apos;
Driver info: org.openqa.selenium.chrome.ChromeDriver
Command: [100337abd11da847681840b3c28bee49, clickElement {id=f.83C7788A93146886DE20409EBE1B47A5.d.DF04D3CE24C26F1A1EE7EE6B997E6A50.e.785}]
Capabilities {acceptInsecureCerts: false, browserName: chrome, browserVersion: 131.0.6778.70, chrome: {chromedriverVersion: 131.0.6778.69 (77e2244bbcda..., userDataDir: C:\WINDOWS\TEMP\scoped_dir1...}, fedcm:accounts: true, goog:chromeOptions: {debuggerAddress: localhost:56576}, networkConnectionEnabled: false, pageLoadStrategy: normal, platformName: windows, proxy: Proxy(), se:cdp: ws://localhost:56576/devtoo..., se:cdpVersion: 131.0.6778.70, setWindowRect: true, strictFileInteractability: false, timeouts: {implicit: 0, pageLoad: 300000, script: 30000}, unhandledPromptBehavior: dismiss and notify, webauthn:extension:credBlob: true, webauthn:extension:largeBlob: true, webauthn:extension:minPinLength: true, webauthn:extension:prf: true, webauthn:virtualAuthenticators: true}
Element: [[ChromeDriver: chrome on windows (100337abd11da847681840b3c28bee49)] -&gt; xpath: (//*[@class=&quot;mat-checkbox-inner-container&quot;])[31]]
Session ID: 100337abd11da847681840b3c28bee49
	at org.openqa.selenium.remote.ErrorCodec.decode(ErrorCodec.java:167)
	at org.openqa.selenium.remote.codec.w3c.W3CHttpResponseCodec.decode(W3CHttpResponseCodec.java:138)
	at org.openqa.selenium.remote.codec.w3c.W3CHttpResponseCodec.decode(W3CHttpResponseCodec.java:50)
	at org.openqa.selenium.remote.HttpCommandExecutor.execute(HttpCommandExecutor.java:190)
	at org.openqa.selenium.remote.service.DriverCommandExecutor.invokeExecute(DriverCommandExecutor.java:216)
	at org.openqa.selenium.remote.service.DriverCommandExecutor.execute(DriverCommandExecutor.java:174)
	at org.openqa.selenium.remote.RemoteWebDriver.execute(RemoteWebDriver.java:518)
	at org.openqa.selenium.remote.RemoteWebElement.execute(RemoteWebElement.java:223)
	at org.openqa.selenium.remote.RemoteWebElement.click(RemoteWebElement.java:76)
	at PSf_Static_Report.Psf_All_Fillter_Check.clickCheckboxes(Psf_All_Fillter_Check.java:492)
	at PSf_Static_Report.Psf_All_Fillter_Check.Technician_Name_Name_Fillter(Psf_All_Fillter_Check.java:245)
	at java.base/java.util.ArrayList.forEach(ArrayList.java:1597)
... Removed 28 stack frames</pre></div><a href='#' onClick='toggleBox("stack-trace2001493596", this, "Click to show all stack frames", "Click to hide stack frames")'>Click to show all stack frames</a>
<div class='stack-trace' id='stack-trace2001493596'><pre>org.openqa.selenium.ElementNotInteractableException: element not interactable
  (Session info: chrome=131.0.6778.70)
Build info: version: &apos;4.21.0&apos;, revision: &apos;79ed462ef4&apos;
System info: os.name: &apos;Windows 11&apos;, os.arch: &apos;amd64&apos;, os.version: &apos;10.0&apos;, java.version: &apos;22.0.1&apos;
Driver info: org.openqa.selenium.chrome.ChromeDriver
Command: [100337abd11da847681840b3c28bee49, clickElement {id=f.83C7788A93146886DE20409EBE1B47A5.d.DF04D3CE24C26F1A1EE7EE6B997E6A50.e.785}]
Capabilities {acceptInsecureCerts: false, browserName: chrome, browserVersion: 131.0.6778.70, chrome: {chromedriverVersion: 131.0.6778.69 (77e2244bbcda..., userDataDir: C:\WINDOWS\TEMP\scoped_dir1...}, fedcm:accounts: true, goog:chromeOptions: {debuggerAddress: localhost:56576}, networkConnectionEnabled: false, pageLoadStrategy: normal, platformName: windows, proxy: Proxy(), se:cdp: ws://localhost:56576/devtoo..., se:cdpVersion: 131.0.6778.70, setWindowRect: true, strictFileInteractability: false, timeouts: {implicit: 0, pageLoad: 300000, script: 30000}, unhandledPromptBehavior: dismiss and notify, webauthn:extension:credBlob: true, webauthn:extension:largeBlob: true, webauthn:extension:minPinLength: true, webauthn:extension:prf: true, webauthn:virtualAuthenticators: true}
Element: [[ChromeDriver: chrome on windows (100337abd11da847681840b3c28bee49)] -&gt; xpath: (//*[@class=&quot;mat-checkbox-inner-container&quot;])[31]]
Session ID: 100337abd11da847681840b3c28bee49
	at java.base/jdk.internal.reflect.DirectConstructorHandleAccessor.newInstance(DirectConstructorHandleAccessor.java:62)
	at java.base/java.lang.reflect.Constructor.newInstanceWithCaller(Constructor.java:502)
	at java.base/java.lang.reflect.Constructor.newInstance(Constructor.java:486)
	at org.openqa.selenium.remote.ErrorCodec.decode(ErrorCodec.java:167)
	at org.openqa.selenium.remote.codec.w3c.W3CHttpResponseCodec.decode(W3CHttpResponseCodec.java:138)
	at org.openqa.selenium.remote.codec.w3c.W3CHttpResponseCodec.decode(W3CHttpResponseCodec.java:50)
	at org.openqa.selenium.remote.HttpCommandExecutor.execute(HttpCommandExecutor.java:190)
	at org.openqa.selenium.remote.service.DriverCommandExecutor.invokeExecute(DriverCommandExecutor.java:216)
	at org.openqa.selenium.remote.service.DriverCommandExecutor.execute(DriverCommandExecutor.java:174)
	at org.openqa.selenium.remote.RemoteWebDriver.execute(RemoteWebDriver.java:518)
	at org.openqa.selenium.remote.RemoteWebElement.execute(RemoteWebElement.java:223)
	at org.openqa.selenium.remote.RemoteWebElement.click(RemoteWebElement.java:76)
	at PSf_Static_Report.Psf_All_Fillter_Check.clickCheckboxes(Psf_All_Fillter_Check.java:492)
	at PSf_Static_Report.Psf_All_Fillter_Check.Technician_Name_Name_Fillter(Psf_All_Fillter_Check.java:245)
	at java.base/jdk.internal.reflect.DirectMethodHandleAccessor.invoke(DirectMethodHandleAccessor.java:103)
	at java.base/java.lang.reflect.Method.invoke(Method.java:580)
	at org.testng.internal.MethodInvocationHelper.invokeMethod(MethodInvocationHelper.java:133)
	at org.testng.internal.TestInvoker.invokeMethod(TestInvoker.java:598)
	at org.testng.internal.TestInvoker.invokeTestMethod(TestInvoker.java:173)
	at org.testng.internal.MethodRunner.runInSequence(MethodRunner.java:46)
	at org.testng.internal.TestInvoker$MethodInvocationAgent.invoke(TestInvoker.java:824)
	at org.testng.internal.TestInvoker.invokeTestMethods(TestInvoker.java:146)
	at org.testng.internal.TestMethodWorker.invokeTestMethods(TestMethodWorker.java:146)
	at org.testng.internal.TestMethodWorker.run(TestMethodWorker.java:128)
	at java.base/java.util.ArrayList.forEach(ArrayList.java:1597)
	at org.testng.TestRunner.privateRun(TestRunner.java:794)
	at org.testng.TestRunner.run(TestRunner.java:596)
	at org.testng.SuiteRunner.runTest(SuiteRunner.java:377)
	at org.testng.SuiteRunner.runSequentially(SuiteRunner.java:371)
	at org.testng.SuiteRunner.privateRun(SuiteRunner.java:332)
	at org.testng.SuiteRunner.run(SuiteRunner.java:276)
	at org.testng.SuiteRunnerWorker.runSuite(SuiteRunnerWorker.java:53)
	at org.testng.SuiteRunnerWorker.run(SuiteRunnerWorker.java:96)
	at org.testng.TestNG.runSuitesSequentially(TestNG.java:1212)
	at org.testng.TestNG.runSuitesLocally(TestNG.java:1134)
	at org.testng.TestNG.runSuites(TestNG.java:1063)
	at org.testng.TestNG.run(TestNG.java:1031)
	at org.testng.remote.AbstractRemoteTestNG.run(AbstractRemoteTestNG.java:115)
	at org.testng.remote.RemoteTestNG.initAndRun(RemoteTestNG.java:293)
	at org.testng.remote.RemoteTestNG.main(RemoteTestNG.java:91)
</pre></div></td>
<td>23</td>
<td>PSf_Static_Report.Psf_All_Fillter_Check@1c9b0314</td></tr>
<tr>
<td title='PSf_Static_Report.Complaint_Report.Click_On_Day_Wise()'><b>Click_On_Day_Wise</b><br>Test class: PSf_Static_Report.Complaint_Report</td>
<td><div><pre>java.lang.AssertionError: No Data Found for Day_Wise In Complaints_Reports : 0
	at PSf_Static_Report.Complaint_Report.Click_On_Day_Wise(Complaint_Report.java:275)
	at java.base/java.util.ArrayList.forEach(ArrayList.java:1597)
... Removed 26 stack frames</pre></div><a href='#' onClick='toggleBox("stack-trace552266488", this, "Click to show all stack frames", "Click to hide stack frames")'>Click to show all stack frames</a>
<div class='stack-trace' id='stack-trace552266488'><pre>java.lang.AssertionError: No Data Found for Day_Wise In Complaints_Reports : 0
	at org.testng.Assert.fail(Assert.java:99)
	at PSf_Static_Report.Complaint_Report.Click_On_Day_Wise(Complaint_Report.java:275)
	at java.base/jdk.internal.reflect.DirectMethodHandleAccessor.invoke(DirectMethodHandleAccessor.java:103)
	at java.base/java.lang.reflect.Method.invoke(Method.java:580)
	at org.testng.internal.MethodInvocationHelper.invokeMethod(MethodInvocationHelper.java:133)
	at org.testng.internal.TestInvoker.invokeMethod(TestInvoker.java:598)
	at org.testng.internal.TestInvoker.invokeTestMethod(TestInvoker.java:173)
	at org.testng.internal.MethodRunner.runInSequence(MethodRunner.java:46)
	at org.testng.internal.TestInvoker$MethodInvocationAgent.invoke(TestInvoker.java:824)
	at org.testng.internal.TestInvoker.invokeTestMethods(TestInvoker.java:146)
	at org.testng.internal.TestMethodWorker.invokeTestMethods(TestMethodWorker.java:146)
	at org.testng.internal.TestMethodWorker.run(TestMethodWorker.java:128)
	at java.base/java.util.ArrayList.forEach(ArrayList.java:1597)
	at org.testng.TestRunner.privateRun(TestRunner.java:794)
	at org.testng.TestRunner.run(TestRunner.java:596)
	at org.testng.SuiteRunner.runTest(SuiteRunner.java:377)
	at org.testng.SuiteRunner.runSequentially(SuiteRunner.java:371)
	at org.testng.SuiteRunner.privateRun(SuiteRunner.java:332)
	at org.testng.SuiteRunner.run(SuiteRunner.java:276)
	at org.testng.SuiteRunnerWorker.runSuite(SuiteRunnerWorker.java:53)
	at org.testng.SuiteRunnerWorker.run(SuiteRunnerWorker.java:96)
	at org.testng.TestNG.runSuitesSequentially(TestNG.java:1212)
	at org.testng.TestNG.runSuitesLocally(TestNG.java:1134)
	at org.testng.TestNG.runSuites(TestNG.java:1063)
	at org.testng.TestNG.run(TestNG.java:1031)
	at org.testng.remote.AbstractRemoteTestNG.run(AbstractRemoteTestNG.java:115)
	at org.testng.remote.RemoteTestNG.initAndRun(RemoteTestNG.java:293)
	at org.testng.remote.RemoteTestNG.main(RemoteTestNG.java:91)
</pre></div></td>
<td>22</td>
<td>PSf_Static_Report.Complaint_Report@23941fb4</td></tr>
<tr>
<td title='PSf_Static_Report.Complaint_Report.Click_On_Workshop()'><b>Click_On_Workshop</b><br>Test class: PSf_Static_Report.Complaint_Report</td>
<td><div><pre>java.lang.AssertionError: No Data Found for Workshop_Wise In Complaints_Reports : 0
	at PSf_Static_Report.Complaint_Report.Click_On_Workshop(Complaint_Report.java:203)
	at java.base/java.util.ArrayList.forEach(ArrayList.java:1597)
... Removed 26 stack frames</pre></div><a href='#' onClick='toggleBox("stack-trace1789376127", this, "Click to show all stack frames", "Click to hide stack frames")'>Click to show all stack frames</a>
<div class='stack-trace' id='stack-trace1789376127'><pre>java.lang.AssertionError: No Data Found for Workshop_Wise In Complaints_Reports : 0
	at org.testng.Assert.fail(Assert.java:99)
	at PSf_Static_Report.Complaint_Report.Click_On_Workshop(Complaint_Report.java:203)
	at java.base/jdk.internal.reflect.DirectMethodHandleAccessor.invoke(DirectMethodHandleAccessor.java:103)
	at java.base/java.lang.reflect.Method.invoke(Method.java:580)
	at org.testng.internal.MethodInvocationHelper.invokeMethod(MethodInvocationHelper.java:133)
	at org.testng.internal.TestInvoker.invokeMethod(TestInvoker.java:598)
	at org.testng.internal.TestInvoker.invokeTestMethod(TestInvoker.java:173)
	at org.testng.internal.MethodRunner.runInSequence(MethodRunner.java:46)
	at org.testng.internal.TestInvoker$MethodInvocationAgent.invoke(TestInvoker.java:824)
	at org.testng.internal.TestInvoker.invokeTestMethods(TestInvoker.java:146)
	at org.testng.internal.TestMethodWorker.invokeTestMethods(TestMethodWorker.java:146)
	at org.testng.internal.TestMethodWorker.run(TestMethodWorker.java:128)
	at java.base/java.util.ArrayList.forEach(ArrayList.java:1597)
	at org.testng.TestRunner.privateRun(TestRunner.java:794)
	at org.testng.TestRunner.run(TestRunner.java:596)
	at org.testng.SuiteRunner.runTest(SuiteRunner.java:377)
	at org.testng.SuiteRunner.runSequentially(SuiteRunner.java:371)
	at org.testng.SuiteRunner.privateRun(SuiteRunner.java:332)
	at org.testng.SuiteRunner.run(SuiteRunner.java:276)
	at org.testng.SuiteRunnerWorker.runSuite(SuiteRunnerWorker.java:53)
	at org.testng.SuiteRunnerWorker.run(SuiteRunnerWorker.java:96)
	at org.testng.TestNG.runSuitesSequentially(TestNG.java:1212)
	at org.testng.TestNG.runSuitesLocally(TestNG.java:1134)
	at org.testng.TestNG.runSuites(TestNG.java:1063)
	at org.testng.TestNG.run(TestNG.java:1031)
	at org.testng.remote.AbstractRemoteTestNG.run(AbstractRemoteTestNG.java:115)
	at org.testng.remote.RemoteTestNG.initAndRun(RemoteTestNG.java:293)
	at org.testng.remote.RemoteTestNG.main(RemoteTestNG.java:91)
</pre></div></td>
<td>22</td>
<td>PSf_Static_Report.Complaint_Report@23941fb4</td></tr>
<tr>
<td title='PSf_Static_Report.PSF_Due_Analysis.Click_On_Workshop()'><b>Click_On_Workshop</b><br>Test class: PSf_Static_Report.PSF_Due_Analysis</td>
<td><div><pre>java.lang.AssertionError: No Data Found for Workshop_Wise In PSF_Due_Analysis : 0
	at PSf_Static_Report.PSF_Due_Analysis.Click_On_Workshop(PSF_Due_Analysis.java:246)
	at java.base/java.util.ArrayList.forEach(ArrayList.java:1597)
... Removed 26 stack frames</pre></div><a href='#' onClick='toggleBox("stack-trace260115480", this, "Click to show all stack frames", "Click to hide stack frames")'>Click to show all stack frames</a>
<div class='stack-trace' id='stack-trace260115480'><pre>java.lang.AssertionError: No Data Found for Workshop_Wise In PSF_Due_Analysis : 0
	at org.testng.Assert.fail(Assert.java:99)
	at PSf_Static_Report.PSF_Due_Analysis.Click_On_Workshop(PSF_Due_Analysis.java:246)
	at java.base/jdk.internal.reflect.DirectMethodHandleAccessor.invoke(DirectMethodHandleAccessor.java:103)
	at java.base/java.lang.reflect.Method.invoke(Method.java:580)
	at org.testng.internal.MethodInvocationHelper.invokeMethod(MethodInvocationHelper.java:133)
	at org.testng.internal.TestInvoker.invokeMethod(TestInvoker.java:598)
	at org.testng.internal.TestInvoker.invokeTestMethod(TestInvoker.java:173)
	at org.testng.internal.MethodRunner.runInSequence(MethodRunner.java:46)
	at org.testng.internal.TestInvoker$MethodInvocationAgent.invoke(TestInvoker.java:824)
	at org.testng.internal.TestInvoker.invokeTestMethods(TestInvoker.java:146)
	at org.testng.internal.TestMethodWorker.invokeTestMethods(TestMethodWorker.java:146)
	at org.testng.internal.TestMethodWorker.run(TestMethodWorker.java:128)
	at java.base/java.util.ArrayList.forEach(ArrayList.java:1597)
	at org.testng.TestRunner.privateRun(TestRunner.java:794)
	at org.testng.TestRunner.run(TestRunner.java:596)
	at org.testng.SuiteRunner.runTest(SuiteRunner.java:377)
	at org.testng.SuiteRunner.runSequentially(SuiteRunner.java:371)
	at org.testng.SuiteRunner.privateRun(SuiteRunner.java:332)
	at org.testng.SuiteRunner.run(SuiteRunner.java:276)
	at org.testng.SuiteRunnerWorker.runSuite(SuiteRunnerWorker.java:53)
	at org.testng.SuiteRunnerWorker.run(SuiteRunnerWorker.java:96)
	at org.testng.TestNG.runSuitesSequentially(TestNG.java:1212)
	at org.testng.TestNG.runSuitesLocally(TestNG.java:1134)
	at org.testng.TestNG.runSuites(TestNG.java:1063)
	at org.testng.TestNG.run(TestNG.java:1031)
	at org.testng.remote.AbstractRemoteTestNG.run(AbstractRemoteTestNG.java:115)
	at org.testng.remote.RemoteTestNG.initAndRun(RemoteTestNG.java:293)
	at org.testng.remote.RemoteTestNG.main(RemoteTestNG.java:91)
</pre></div></td>
<td>25</td>
<td>PSf_Static_Report.PSF_Due_Analysis@1f9f6368</td></tr>
<tr>
<td title='PSf_Static_Report.PSF_Last_Attempt_Report.Click_On_Service_Type_Wise()'><b>Click_On_Service_Type_Wise</b><br>Test class: PSf_Static_Report.PSF_Last_Attempt_Report</td>
<td><div><pre>java.lang.AssertionError: No Data Found for Service_Type_Wise In Last_Attempt_Report : 0
	at PSf_Static_Report.PSF_Last_Attempt_Report.Click_On_Service_Type_Wise(PSF_Last_Attempt_Report.java:339)
	at java.base/java.util.ArrayList.forEach(ArrayList.java:1597)
... Removed 26 stack frames</pre></div><a href='#' onClick='toggleBox("stack-trace1772797104", this, "Click to show all stack frames", "Click to hide stack frames")'>Click to show all stack frames</a>
<div class='stack-trace' id='stack-trace1772797104'><pre>java.lang.AssertionError: No Data Found for Service_Type_Wise In Last_Attempt_Report : 0
	at org.testng.Assert.fail(Assert.java:99)
	at PSf_Static_Report.PSF_Last_Attempt_Report.Click_On_Service_Type_Wise(PSF_Last_Attempt_Report.java:339)
	at java.base/jdk.internal.reflect.DirectMethodHandleAccessor.invoke(DirectMethodHandleAccessor.java:103)
	at java.base/java.lang.reflect.Method.invoke(Method.java:580)
	at org.testng.internal.MethodInvocationHelper.invokeMethod(MethodInvocationHelper.java:133)
	at org.testng.internal.TestInvoker.invokeMethod(TestInvoker.java:598)
	at org.testng.internal.TestInvoker.invokeTestMethod(TestInvoker.java:173)
	at org.testng.internal.MethodRunner.runInSequence(MethodRunner.java:46)
	at org.testng.internal.TestInvoker$MethodInvocationAgent.invoke(TestInvoker.java:824)
	at org.testng.internal.TestInvoker.invokeTestMethods(TestInvoker.java:146)
	at org.testng.internal.TestMethodWorker.invokeTestMethods(TestMethodWorker.java:146)
	at org.testng.internal.TestMethodWorker.run(TestMethodWorker.java:128)
	at java.base/java.util.ArrayList.forEach(ArrayList.java:1597)
	at org.testng.TestRunner.privateRun(TestRunner.java:794)
	at org.testng.TestRunner.run(TestRunner.java:596)
	at org.testng.SuiteRunner.runTest(SuiteRunner.java:377)
	at org.testng.SuiteRunner.runSequentially(SuiteRunner.java:371)
	at org.testng.SuiteRunner.privateRun(SuiteRunner.java:332)
	at org.testng.SuiteRunner.run(SuiteRunner.java:276)
	at org.testng.SuiteRunnerWorker.runSuite(SuiteRunnerWorker.java:53)
	at org.testng.SuiteRunnerWorker.run(SuiteRunnerWorker.java:96)
	at org.testng.TestNG.runSuitesSequentially(TestNG.java:1212)
	at org.testng.TestNG.runSuitesLocally(TestNG.java:1134)
	at org.testng.TestNG.runSuites(TestNG.java:1063)
	at org.testng.TestNG.run(TestNG.java:1031)
	at org.testng.remote.AbstractRemoteTestNG.run(AbstractRemoteTestNG.java:115)
	at org.testng.remote.RemoteTestNG.initAndRun(RemoteTestNG.java:293)
	at org.testng.remote.RemoteTestNG.main(RemoteTestNG.java:91)
</pre></div></td>
<td>21</td>
<td>PSf_Static_Report.PSF_Last_Attempt_Report@7486b455</td></tr>
<tr>
<td title='PSf_Static_Report.PRF_Report.Click_On_Workshop()'><b>Click_On_Workshop</b><br>Test class: PSf_Static_Report.PRF_Report</td>
<td><div><pre>java.lang.AssertionError: No Data Found for Workshop_Wise In PRF_Report : 0
	at PSf_Static_Report.PRF_Report.Click_On_Workshop(PRF_Report.java:229)
	at java.base/java.util.ArrayList.forEach(ArrayList.java:1597)
... Removed 26 stack frames</pre></div><a href='#' onClick='toggleBox("stack-trace1233246555", this, "Click to show all stack frames", "Click to hide stack frames")'>Click to show all stack frames</a>
<div class='stack-trace' id='stack-trace1233246555'><pre>java.lang.AssertionError: No Data Found for Workshop_Wise In PRF_Report : 0
	at org.testng.Assert.fail(Assert.java:99)
	at PSf_Static_Report.PRF_Report.Click_On_Workshop(PRF_Report.java:229)
	at java.base/jdk.internal.reflect.DirectMethodHandleAccessor.invoke(DirectMethodHandleAccessor.java:103)
	at java.base/java.lang.reflect.Method.invoke(Method.java:580)
	at org.testng.internal.MethodInvocationHelper.invokeMethod(MethodInvocationHelper.java:133)
	at org.testng.internal.TestInvoker.invokeMethod(TestInvoker.java:598)
	at org.testng.internal.TestInvoker.invokeTestMethod(TestInvoker.java:173)
	at org.testng.internal.MethodRunner.runInSequence(MethodRunner.java:46)
	at org.testng.internal.TestInvoker$MethodInvocationAgent.invoke(TestInvoker.java:824)
	at org.testng.internal.TestInvoker.invokeTestMethods(TestInvoker.java:146)
	at org.testng.internal.TestMethodWorker.invokeTestMethods(TestMethodWorker.java:146)
	at org.testng.internal.TestMethodWorker.run(TestMethodWorker.java:128)
	at java.base/java.util.ArrayList.forEach(ArrayList.java:1597)
	at org.testng.TestRunner.privateRun(TestRunner.java:794)
	at org.testng.TestRunner.run(TestRunner.java:596)
	at org.testng.SuiteRunner.runTest(SuiteRunner.java:377)
	at org.testng.SuiteRunner.runSequentially(SuiteRunner.java:371)
	at org.testng.SuiteRunner.privateRun(SuiteRunner.java:332)
	at org.testng.SuiteRunner.run(SuiteRunner.java:276)
	at org.testng.SuiteRunnerWorker.runSuite(SuiteRunnerWorker.java:53)
	at org.testng.SuiteRunnerWorker.run(SuiteRunnerWorker.java:96)
	at org.testng.TestNG.runSuitesSequentially(TestNG.java:1212)
	at org.testng.TestNG.runSuitesLocally(TestNG.java:1134)
	at org.testng.TestNG.runSuites(TestNG.java:1063)
	at org.testng.TestNG.run(TestNG.java:1031)
	at org.testng.remote.AbstractRemoteTestNG.run(AbstractRemoteTestNG.java:115)
	at org.testng.remote.RemoteTestNG.initAndRun(RemoteTestNG.java:293)
	at org.testng.remote.RemoteTestNG.main(RemoteTestNG.java:91)
</pre></div></td>
<td>26</td>
<td>PSf_Static_Report.PRF_Report@660acfb</td></tr>
<tr>
<td title='PSf_Static_Report.Psf_All_Fillter_Check.FuelType_Fillter()'><b>FuelType_Fillter</b><br>Test class: PSf_Static_Report.Psf_All_Fillter_Check</td>
<td><div><pre>org.openqa.selenium.ElementNotInteractableException: element not interactable
  (Session info: chrome=131.0.6778.70)
Build info: version: &apos;4.21.0&apos;, revision: &apos;79ed462ef4&apos;
System info: os.name: &apos;Windows 11&apos;, os.arch: &apos;amd64&apos;, os.version: &apos;10.0&apos;, java.version: &apos;22.0.1&apos;
Driver info: org.openqa.selenium.chrome.ChromeDriver
Command: [100337abd11da847681840b3c28bee49, clickElement {id=f.83C7788A93146886DE20409EBE1B47A5.d.DF04D3CE24C26F1A1EE7EE6B997E6A50.e.791}]
Capabilities {acceptInsecureCerts: false, browserName: chrome, browserVersion: 131.0.6778.70, chrome: {chromedriverVersion: 131.0.6778.69 (77e2244bbcda..., userDataDir: C:\WINDOWS\TEMP\scoped_dir1...}, fedcm:accounts: true, goog:chromeOptions: {debuggerAddress: localhost:56576}, networkConnectionEnabled: false, pageLoadStrategy: normal, platformName: windows, proxy: Proxy(), se:cdp: ws://localhost:56576/devtoo..., se:cdpVersion: 131.0.6778.70, setWindowRect: true, strictFileInteractability: false, timeouts: {implicit: 0, pageLoad: 300000, script: 30000}, unhandledPromptBehavior: dismiss and notify, webauthn:extension:credBlob: true, webauthn:extension:largeBlob: true, webauthn:extension:minPinLength: true, webauthn:extension:prf: true, webauthn:virtualAuthenticators: true}
Element: [[ChromeDriver: chrome on windows (100337abd11da847681840b3c28bee49)] -&gt; xpath: (//*[@class=&quot;mat-checkbox-inner-container&quot;])[34]]
Session ID: 100337abd11da847681840b3c28bee49
	at org.openqa.selenium.remote.ErrorCodec.decode(ErrorCodec.java:167)
	at org.openqa.selenium.remote.codec.w3c.W3CHttpResponseCodec.decode(W3CHttpResponseCodec.java:138)
	at org.openqa.selenium.remote.codec.w3c.W3CHttpResponseCodec.decode(W3CHttpResponseCodec.java:50)
	at org.openqa.selenium.remote.HttpCommandExecutor.execute(HttpCommandExecutor.java:190)
	at org.openqa.selenium.remote.service.DriverCommandExecutor.invokeExecute(DriverCommandExecutor.java:216)
	at org.openqa.selenium.remote.service.DriverCommandExecutor.execute(DriverCommandExecutor.java:174)
	at org.openqa.selenium.remote.RemoteWebDriver.execute(RemoteWebDriver.java:518)
	at org.openqa.selenium.remote.RemoteWebElement.execute(RemoteWebElement.java:223)
	at org.openqa.selenium.remote.RemoteWebElement.click(RemoteWebElement.java:76)
	at PSf_Static_Report.Psf_All_Fillter_Check.clickCheckboxes(Psf_All_Fillter_Check.java:492)
	at PSf_Static_Report.Psf_All_Fillter_Check.FuelType_Fillter(Psf_All_Fillter_Check.java:271)
	at java.base/java.util.ArrayList.forEach(ArrayList.java:1597)
... Removed 28 stack frames</pre></div><a href='#' onClick='toggleBox("stack-trace1918393987", this, "Click to show all stack frames", "Click to hide stack frames")'>Click to show all stack frames</a>
<div class='stack-trace' id='stack-trace1918393987'><pre>org.openqa.selenium.ElementNotInteractableException: element not interactable
  (Session info: chrome=131.0.6778.70)
Build info: version: &apos;4.21.0&apos;, revision: &apos;79ed462ef4&apos;
System info: os.name: &apos;Windows 11&apos;, os.arch: &apos;amd64&apos;, os.version: &apos;10.0&apos;, java.version: &apos;22.0.1&apos;
Driver info: org.openqa.selenium.chrome.ChromeDriver
Command: [100337abd11da847681840b3c28bee49, clickElement {id=f.83C7788A93146886DE20409EBE1B47A5.d.DF04D3CE24C26F1A1EE7EE6B997E6A50.e.791}]
Capabilities {acceptInsecureCerts: false, browserName: chrome, browserVersion: 131.0.6778.70, chrome: {chromedriverVersion: 131.0.6778.69 (77e2244bbcda..., userDataDir: C:\WINDOWS\TEMP\scoped_dir1...}, fedcm:accounts: true, goog:chromeOptions: {debuggerAddress: localhost:56576}, networkConnectionEnabled: false, pageLoadStrategy: normal, platformName: windows, proxy: Proxy(), se:cdp: ws://localhost:56576/devtoo..., se:cdpVersion: 131.0.6778.70, setWindowRect: true, strictFileInteractability: false, timeouts: {implicit: 0, pageLoad: 300000, script: 30000}, unhandledPromptBehavior: dismiss and notify, webauthn:extension:credBlob: true, webauthn:extension:largeBlob: true, webauthn:extension:minPinLength: true, webauthn:extension:prf: true, webauthn:virtualAuthenticators: true}
Element: [[ChromeDriver: chrome on windows (100337abd11da847681840b3c28bee49)] -&gt; xpath: (//*[@class=&quot;mat-checkbox-inner-container&quot;])[34]]
Session ID: 100337abd11da847681840b3c28bee49
	at java.base/jdk.internal.reflect.DirectConstructorHandleAccessor.newInstance(DirectConstructorHandleAccessor.java:62)
	at java.base/java.lang.reflect.Constructor.newInstanceWithCaller(Constructor.java:502)
	at java.base/java.lang.reflect.Constructor.newInstance(Constructor.java:486)
	at org.openqa.selenium.remote.ErrorCodec.decode(ErrorCodec.java:167)
	at org.openqa.selenium.remote.codec.w3c.W3CHttpResponseCodec.decode(W3CHttpResponseCodec.java:138)
	at org.openqa.selenium.remote.codec.w3c.W3CHttpResponseCodec.decode(W3CHttpResponseCodec.java:50)
	at org.openqa.selenium.remote.HttpCommandExecutor.execute(HttpCommandExecutor.java:190)
	at org.openqa.selenium.remote.service.DriverCommandExecutor.invokeExecute(DriverCommandExecutor.java:216)
	at org.openqa.selenium.remote.service.DriverCommandExecutor.execute(DriverCommandExecutor.java:174)
	at org.openqa.selenium.remote.RemoteWebDriver.execute(RemoteWebDriver.java:518)
	at org.openqa.selenium.remote.RemoteWebElement.execute(RemoteWebElement.java:223)
	at org.openqa.selenium.remote.RemoteWebElement.click(RemoteWebElement.java:76)
	at PSf_Static_Report.Psf_All_Fillter_Check.clickCheckboxes(Psf_All_Fillter_Check.java:492)
	at PSf_Static_Report.Psf_All_Fillter_Check.FuelType_Fillter(Psf_All_Fillter_Check.java:271)
	at java.base/jdk.internal.reflect.DirectMethodHandleAccessor.invoke(DirectMethodHandleAccessor.java:103)
	at java.base/java.lang.reflect.Method.invoke(Method.java:580)
	at org.testng.internal.MethodInvocationHelper.invokeMethod(MethodInvocationHelper.java:133)
	at org.testng.internal.TestInvoker.invokeMethod(TestInvoker.java:598)
	at org.testng.internal.TestInvoker.invokeTestMethod(TestInvoker.java:173)
	at org.testng.internal.MethodRunner.runInSequence(MethodRunner.java:46)
	at org.testng.internal.TestInvoker$MethodInvocationAgent.invoke(TestInvoker.java:824)
	at org.testng.internal.TestInvoker.invokeTestMethods(TestInvoker.java:146)
	at org.testng.internal.TestMethodWorker.invokeTestMethods(TestMethodWorker.java:146)
	at org.testng.internal.TestMethodWorker.run(TestMethodWorker.java:128)
	at java.base/java.util.ArrayList.forEach(ArrayList.java:1597)
	at org.testng.TestRunner.privateRun(TestRunner.java:794)
	at org.testng.TestRunner.run(TestRunner.java:596)
	at org.testng.SuiteRunner.runTest(SuiteRunner.java:377)
	at org.testng.SuiteRunner.runSequentially(SuiteRunner.java:371)
	at org.testng.SuiteRunner.privateRun(SuiteRunner.java:332)
	at org.testng.SuiteRunner.run(SuiteRunner.java:276)
	at org.testng.SuiteRunnerWorker.runSuite(SuiteRunnerWorker.java:53)
	at org.testng.SuiteRunnerWorker.run(SuiteRunnerWorker.java:96)
	at org.testng.TestNG.runSuitesSequentially(TestNG.java:1212)
	at org.testng.TestNG.runSuitesLocally(TestNG.java:1134)
	at org.testng.TestNG.runSuites(TestNG.java:1063)
	at org.testng.TestNG.run(TestNG.java:1031)
	at org.testng.remote.AbstractRemoteTestNG.run(AbstractRemoteTestNG.java:115)
	at org.testng.remote.RemoteTestNG.initAndRun(RemoteTestNG.java:293)
	at org.testng.remote.RemoteTestNG.main(RemoteTestNG.java:91)
</pre></div></td>
<td>16</td>
<td>PSf_Static_Report.Psf_All_Fillter_Check@1c9b0314</td></tr>
<tr>
<td title='PSf_Static_Report.Prelimnary_NPS_report.Click_On_Workshop()'><b>Click_On_Workshop</b><br>Test class: PSf_Static_Report.Prelimnary_NPS_report</td>
<td><div><pre>java.lang.AssertionError: No Data Found for Workshop_Wise Tab In Premilinary_NPS_Report For input string: &quot;0%&quot;
	at PSf_Static_Report.Prelimnary_NPS_report.Click_On_Workshop(Prelimnary_NPS_report.java:227)
	at java.base/java.util.ArrayList.forEach(ArrayList.java:1597)
... Removed 26 stack frames</pre></div><a href='#' onClick='toggleBox("stack-trace1512822728", this, "Click to show all stack frames", "Click to hide stack frames")'>Click to show all stack frames</a>
<div class='stack-trace' id='stack-trace1512822728'><pre>java.lang.AssertionError: No Data Found for Workshop_Wise Tab In Premilinary_NPS_Report For input string: &quot;0%&quot;
	at org.testng.Assert.fail(Assert.java:99)
	at PSf_Static_Report.Prelimnary_NPS_report.Click_On_Workshop(Prelimnary_NPS_report.java:227)
	at java.base/jdk.internal.reflect.DirectMethodHandleAccessor.invoke(DirectMethodHandleAccessor.java:103)
	at java.base/java.lang.reflect.Method.invoke(Method.java:580)
	at org.testng.internal.MethodInvocationHelper.invokeMethod(MethodInvocationHelper.java:133)
	at org.testng.internal.TestInvoker.invokeMethod(TestInvoker.java:598)
	at org.testng.internal.TestInvoker.invokeTestMethod(TestInvoker.java:173)
	at org.testng.internal.MethodRunner.runInSequence(MethodRunner.java:46)
	at org.testng.internal.TestInvoker$MethodInvocationAgent.invoke(TestInvoker.java:824)
	at org.testng.internal.TestInvoker.invokeTestMethods(TestInvoker.java:146)
	at org.testng.internal.TestMethodWorker.invokeTestMethods(TestMethodWorker.java:146)
	at org.testng.internal.TestMethodWorker.run(TestMethodWorker.java:128)
	at java.base/java.util.ArrayList.forEach(ArrayList.java:1597)
	at org.testng.TestRunner.privateRun(TestRunner.java:794)
	at org.testng.TestRunner.run(TestRunner.java:596)
	at org.testng.SuiteRunner.runTest(SuiteRunner.java:377)
	at org.testng.SuiteRunner.runSequentially(SuiteRunner.java:371)
	at org.testng.SuiteRunner.privateRun(SuiteRunner.java:332)
	at org.testng.SuiteRunner.run(SuiteRunner.java:276)
	at org.testng.SuiteRunnerWorker.runSuite(SuiteRunnerWorker.java:53)
	at org.testng.SuiteRunnerWorker.run(SuiteRunnerWorker.java:96)
	at org.testng.TestNG.runSuitesSequentially(TestNG.java:1212)
	at org.testng.TestNG.runSuitesLocally(TestNG.java:1134)
	at org.testng.TestNG.runSuites(TestNG.java:1063)
	at org.testng.TestNG.run(TestNG.java:1031)
	at org.testng.remote.AbstractRemoteTestNG.run(AbstractRemoteTestNG.java:115)
	at org.testng.remote.RemoteTestNG.initAndRun(RemoteTestNG.java:293)
	at org.testng.remote.RemoteTestNG.main(RemoteTestNG.java:91)
</pre></div></td>
<td>27</td>
<td>PSf_Static_Report.Prelimnary_NPS_report@1b66c0fb</td></tr>
<tr>
<td title='PSf_Static_Report.PRF_Report.Comparison_0f_all_Data()'><b>Comparison_0f_all_Data</b><br>Test class: PSf_Static_Report.PRF_Report</td>
<td><div><pre>java.lang.AssertionError: Compare Complaints_closed_Percent_of_workshopWise_With_Service_TypeWise expected [0 %] but found [0%]
	at PSf_Static_Report.PRF_Report.Comparison_0f_all_Data(PRF_Report.java:423)
	at java.base/java.util.ArrayList.forEach(ArrayList.java:1597)
... Removed 30 stack frames</pre></div><a href='#' onClick='toggleBox("stack-trace1313359405", this, "Click to show all stack frames", "Click to hide stack frames")'>Click to show all stack frames</a>
<div class='stack-trace' id='stack-trace1313359405'><pre>java.lang.AssertionError: Compare Complaints_closed_Percent_of_workshopWise_With_Service_TypeWise expected [0 %] but found [0%]
	at org.testng.Assert.fail(Assert.java:99)
	at org.testng.Assert.failNotEquals(Assert.java:1037)
	at org.testng.Assert.assertEqualsImpl(Assert.java:140)
	at org.testng.Assert.assertEquals(Assert.java:122)
	at org.testng.Assert.assertEquals(Assert.java:629)
	at PSf_Static_Report.PRF_Report.Comparison_0f_all_Data(PRF_Report.java:423)
	at java.base/jdk.internal.reflect.DirectMethodHandleAccessor.invoke(DirectMethodHandleAccessor.java:103)
	at java.base/java.lang.reflect.Method.invoke(Method.java:580)
	at org.testng.internal.MethodInvocationHelper.invokeMethod(MethodInvocationHelper.java:133)
	at org.testng.internal.TestInvoker.invokeMethod(TestInvoker.java:598)
	at org.testng.internal.TestInvoker.invokeTestMethod(TestInvoker.java:173)
	at org.testng.internal.MethodRunner.runInSequence(MethodRunner.java:46)
	at org.testng.internal.TestInvoker$MethodInvocationAgent.invoke(TestInvoker.java:824)
	at org.testng.internal.TestInvoker.invokeTestMethods(TestInvoker.java:146)
	at org.testng.internal.TestMethodWorker.invokeTestMethods(TestMethodWorker.java:146)
	at org.testng.internal.TestMethodWorker.run(TestMethodWorker.java:128)
	at java.base/java.util.ArrayList.forEach(ArrayList.java:1597)
	at org.testng.TestRunner.privateRun(TestRunner.java:794)
	at org.testng.TestRunner.run(TestRunner.java:596)
	at org.testng.SuiteRunner.runTest(SuiteRunner.java:377)
	at org.testng.SuiteRunner.runSequentially(SuiteRunner.java:371)
	at org.testng.SuiteRunner.privateRun(SuiteRunner.java:332)
	at org.testng.SuiteRunner.run(SuiteRunner.java:276)
	at org.testng.SuiteRunnerWorker.runSuite(SuiteRunnerWorker.java:53)
	at org.testng.SuiteRunnerWorker.run(SuiteRunnerWorker.java:96)
	at org.testng.TestNG.runSuitesSequentially(TestNG.java:1212)
	at org.testng.TestNG.runSuitesLocally(TestNG.java:1134)
	at org.testng.TestNG.runSuites(TestNG.java:1063)
	at org.testng.TestNG.run(TestNG.java:1031)
	at org.testng.remote.AbstractRemoteTestNG.run(AbstractRemoteTestNG.java:115)
	at org.testng.remote.RemoteTestNG.initAndRun(RemoteTestNG.java:293)
	at org.testng.remote.RemoteTestNG.main(RemoteTestNG.java:91)
</pre></div></td>
<td>0</td>
<td>PSf_Static_Report.PRF_Report@660acfb</td></tr>
<tr>
<td title='PSf_Static_Report.Psf_All_Fillter_Check.removeFilterCheck3()'><b>removeFilterCheck3</b><br>Test class: PSf_Static_Report.Psf_All_Fillter_Check</td>
<td><div><pre>org.openqa.selenium.TimeoutException: Expected condition failed: waiting for element to be clickable: By.xpath: //*[text()=&quot;close&quot;] (tried for 10 second(s) with 500 milliseconds interval)
Build info: version: &apos;4.21.0&apos;, revision: &apos;79ed462ef4&apos;
System info: os.name: &apos;Windows 11&apos;, os.arch: &apos;amd64&apos;, os.version: &apos;10.0&apos;, java.version: &apos;22.0.1&apos;
Driver info: org.openqa.selenium.chrome.ChromeDriver
Capabilities {acceptInsecureCerts: false, browserName: chrome, browserVersion: 131.0.6778.70, chrome: {chromedriverVersion: 131.0.6778.69 (77e2244bbcda..., userDataDir: C:\WINDOWS\TEMP\scoped_dir1...}, fedcm:accounts: true, goog:chromeOptions: {debuggerAddress: localhost:56576}, networkConnectionEnabled: false, pageLoadStrategy: normal, platformName: windows, proxy: Proxy(), se:cdp: ws://localhost:56576/devtoo..., se:cdpVersion: 131.0.6778.70, setWindowRect: true, strictFileInteractability: false, timeouts: {implicit: 0, pageLoad: 300000, script: 30000}, unhandledPromptBehavior: dismiss and notify, webauthn:extension:credBlob: true, webauthn:extension:largeBlob: true, webauthn:extension:minPinLength: true, webauthn:extension:prf: true, webauthn:virtualAuthenticators: true}
Session ID: 100337abd11da847681840b3c28bee49
	at org.openqa.selenium.support.ui.WebDriverWait.timeoutException(WebDriverWait.java:84)
	at org.openqa.selenium.support.ui.FluentWait.until(FluentWait.java:228)
	at PSf_Static_Report.Psf_All_Fillter_Check.clickElementWithWait(Psf_All_Fillter_Check.java:483)
	at PSf_Static_Report.Psf_All_Fillter_Check.removeFilterCheck3(Psf_All_Fillter_Check.java:279)
	at java.base/java.util.ArrayList.forEach(ArrayList.java:1597)
... Removed 25 stack frames</pre></div><a href='#' onClick='toggleBox("stack-trace1429830933", this, "Click to show all stack frames", "Click to hide stack frames")'>Click to show all stack frames</a>
<div class='stack-trace' id='stack-trace1429830933'><pre>org.openqa.selenium.TimeoutException: Expected condition failed: waiting for element to be clickable: By.xpath: //*[text()=&quot;close&quot;] (tried for 10 second(s) with 500 milliseconds interval)
Build info: version: &apos;4.21.0&apos;, revision: &apos;79ed462ef4&apos;
System info: os.name: &apos;Windows 11&apos;, os.arch: &apos;amd64&apos;, os.version: &apos;10.0&apos;, java.version: &apos;22.0.1&apos;
Driver info: org.openqa.selenium.chrome.ChromeDriver
Capabilities {acceptInsecureCerts: false, browserName: chrome, browserVersion: 131.0.6778.70, chrome: {chromedriverVersion: 131.0.6778.69 (77e2244bbcda..., userDataDir: C:\WINDOWS\TEMP\scoped_dir1...}, fedcm:accounts: true, goog:chromeOptions: {debuggerAddress: localhost:56576}, networkConnectionEnabled: false, pageLoadStrategy: normal, platformName: windows, proxy: Proxy(), se:cdp: ws://localhost:56576/devtoo..., se:cdpVersion: 131.0.6778.70, setWindowRect: true, strictFileInteractability: false, timeouts: {implicit: 0, pageLoad: 300000, script: 30000}, unhandledPromptBehavior: dismiss and notify, webauthn:extension:credBlob: true, webauthn:extension:largeBlob: true, webauthn:extension:minPinLength: true, webauthn:extension:prf: true, webauthn:virtualAuthenticators: true}
Session ID: 100337abd11da847681840b3c28bee49
	at org.openqa.selenium.support.ui.WebDriverWait.timeoutException(WebDriverWait.java:84)
	at org.openqa.selenium.support.ui.FluentWait.until(FluentWait.java:228)
	at PSf_Static_Report.Psf_All_Fillter_Check.clickElementWithWait(Psf_All_Fillter_Check.java:483)
	at PSf_Static_Report.Psf_All_Fillter_Check.removeFilterCheck3(Psf_All_Fillter_Check.java:279)
	at java.base/jdk.internal.reflect.DirectMethodHandleAccessor.invoke(DirectMethodHandleAccessor.java:103)
	at java.base/java.lang.reflect.Method.invoke(Method.java:580)
	at org.testng.internal.MethodInvocationHelper.invokeMethod(MethodInvocationHelper.java:133)
	at org.testng.internal.TestInvoker.invokeMethod(TestInvoker.java:598)
	at org.testng.internal.TestInvoker.invokeTestMethod(TestInvoker.java:173)
	at org.testng.internal.MethodRunner.runInSequence(MethodRunner.java:46)
	at org.testng.internal.TestInvoker$MethodInvocationAgent.invoke(TestInvoker.java:824)
	at org.testng.internal.TestInvoker.invokeTestMethods(TestInvoker.java:146)
	at org.testng.internal.TestMethodWorker.invokeTestMethods(TestMethodWorker.java:146)
	at org.testng.internal.TestMethodWorker.run(TestMethodWorker.java:128)
	at java.base/java.util.ArrayList.forEach(ArrayList.java:1597)
	at org.testng.TestRunner.privateRun(TestRunner.java:794)
	at org.testng.TestRunner.run(TestRunner.java:596)
	at org.testng.SuiteRunner.runTest(SuiteRunner.java:377)
	at org.testng.SuiteRunner.runSequentially(SuiteRunner.java:371)
	at org.testng.SuiteRunner.privateRun(SuiteRunner.java:332)
	at org.testng.SuiteRunner.run(SuiteRunner.java:276)
	at org.testng.SuiteRunnerWorker.runSuite(SuiteRunnerWorker.java:53)
	at org.testng.SuiteRunnerWorker.run(SuiteRunnerWorker.java:96)
	at org.testng.TestNG.runSuitesSequentially(TestNG.java:1212)
	at org.testng.TestNG.runSuitesLocally(TestNG.java:1134)
	at org.testng.TestNG.runSuites(TestNG.java:1063)
	at org.testng.TestNG.run(TestNG.java:1031)
	at org.testng.remote.AbstractRemoteTestNG.run(AbstractRemoteTestNG.java:115)
	at org.testng.remote.RemoteTestNG.initAndRun(RemoteTestNG.java:293)
	at org.testng.remote.RemoteTestNG.main(RemoteTestNG.java:91)
</pre></div></td>
<td>16</td>
<td>PSf_Static_Report.Psf_All_Fillter_Check@1c9b0314</td></tr>
<tr>
<td title='PSf_Static_Report.PSF_Last_Attempt_Report.Click_On_Workshop()'><b>Click_On_Workshop</b><br>Test class: PSf_Static_Report.PSF_Last_Attempt_Report</td>
<td><div><pre>java.lang.AssertionError: No Data Found for Workshop_Wise In Last_Attempt_Report : 0
	at PSf_Static_Report.PSF_Last_Attempt_Report.Click_On_Workshop(PSF_Last_Attempt_Report.java:206)
	at java.base/java.util.ArrayList.forEach(ArrayList.java:1597)
... Removed 26 stack frames</pre></div><a href='#' onClick='toggleBox("stack-trace503427379", this, "Click to show all stack frames", "Click to hide stack frames")'>Click to show all stack frames</a>
<div class='stack-trace' id='stack-trace503427379'><pre>java.lang.AssertionError: No Data Found for Workshop_Wise In Last_Attempt_Report : 0
	at org.testng.Assert.fail(Assert.java:99)
	at PSf_Static_Report.PSF_Last_Attempt_Report.Click_On_Workshop(PSF_Last_Attempt_Report.java:206)
	at java.base/jdk.internal.reflect.DirectMethodHandleAccessor.invoke(DirectMethodHandleAccessor.java:103)
	at java.base/java.lang.reflect.Method.invoke(Method.java:580)
	at org.testng.internal.MethodInvocationHelper.invokeMethod(MethodInvocationHelper.java:133)
	at org.testng.internal.TestInvoker.invokeMethod(TestInvoker.java:598)
	at org.testng.internal.TestInvoker.invokeTestMethod(TestInvoker.java:173)
	at org.testng.internal.MethodRunner.runInSequence(MethodRunner.java:46)
	at org.testng.internal.TestInvoker$MethodInvocationAgent.invoke(TestInvoker.java:824)
	at org.testng.internal.TestInvoker.invokeTestMethods(TestInvoker.java:146)
	at org.testng.internal.TestMethodWorker.invokeTestMethods(TestMethodWorker.java:146)
	at org.testng.internal.TestMethodWorker.run(TestMethodWorker.java:128)
	at java.base/java.util.ArrayList.forEach(ArrayList.java:1597)
	at org.testng.TestRunner.privateRun(TestRunner.java:794)
	at org.testng.TestRunner.run(TestRunner.java:596)
	at org.testng.SuiteRunner.runTest(SuiteRunner.java:377)
	at org.testng.SuiteRunner.runSequentially(SuiteRunner.java:371)
	at org.testng.SuiteRunner.privateRun(SuiteRunner.java:332)
	at org.testng.SuiteRunner.run(SuiteRunner.java:276)
	at org.testng.SuiteRunnerWorker.runSuite(SuiteRunnerWorker.java:53)
	at org.testng.SuiteRunnerWorker.run(SuiteRunnerWorker.java:96)
	at org.testng.TestNG.runSuitesSequentially(TestNG.java:1212)
	at org.testng.TestNG.runSuitesLocally(TestNG.java:1134)
	at org.testng.TestNG.runSuites(TestNG.java:1063)
	at org.testng.TestNG.run(TestNG.java:1031)
	at org.testng.remote.AbstractRemoteTestNG.run(AbstractRemoteTestNG.java:115)
	at org.testng.remote.RemoteTestNG.initAndRun(RemoteTestNG.java:293)
	at org.testng.remote.RemoteTestNG.main(RemoteTestNG.java:91)
</pre></div></td>
<td>3</td>
<td>PSf_Static_Report.PSF_Last_Attempt_Report@7486b455</td></tr>
<tr>
<td title='PSf_Static_Report.PRF_Report.Click_On_Day_Wise()'><b>Click_On_Day_Wise</b><br>Test class: PSf_Static_Report.PRF_Report</td>
<td><div><pre>java.lang.AssertionError: No Data Found for Day_Wise In PRF_Report : 0
	at PSf_Static_Report.PRF_Report.Click_On_Day_Wise(PRF_Report.java:308)
	at java.base/java.util.ArrayList.forEach(ArrayList.java:1597)
... Removed 26 stack frames</pre></div><a href='#' onClick='toggleBox("stack-trace793588415", this, "Click to show all stack frames", "Click to hide stack frames")'>Click to show all stack frames</a>
<div class='stack-trace' id='stack-trace793588415'><pre>java.lang.AssertionError: No Data Found for Day_Wise In PRF_Report : 0
	at org.testng.Assert.fail(Assert.java:99)
	at PSf_Static_Report.PRF_Report.Click_On_Day_Wise(PRF_Report.java:308)
	at java.base/jdk.internal.reflect.DirectMethodHandleAccessor.invoke(DirectMethodHandleAccessor.java:103)
	at java.base/java.lang.reflect.Method.invoke(Method.java:580)
	at org.testng.internal.MethodInvocationHelper.invokeMethod(MethodInvocationHelper.java:133)
	at org.testng.internal.TestInvoker.invokeMethod(TestInvoker.java:598)
	at org.testng.internal.TestInvoker.invokeTestMethod(TestInvoker.java:173)
	at org.testng.internal.MethodRunner.runInSequence(MethodRunner.java:46)
	at org.testng.internal.TestInvoker$MethodInvocationAgent.invoke(TestInvoker.java:824)
	at org.testng.internal.TestInvoker.invokeTestMethods(TestInvoker.java:146)
	at org.testng.internal.TestMethodWorker.invokeTestMethods(TestMethodWorker.java:146)
	at org.testng.internal.TestMethodWorker.run(TestMethodWorker.java:128)
	at java.base/java.util.ArrayList.forEach(ArrayList.java:1597)
	at org.testng.TestRunner.privateRun(TestRunner.java:794)
	at org.testng.TestRunner.run(TestRunner.java:596)
	at org.testng.SuiteRunner.runTest(SuiteRunner.java:377)
	at org.testng.SuiteRunner.runSequentially(SuiteRunner.java:371)
	at org.testng.SuiteRunner.privateRun(SuiteRunner.java:332)
	at org.testng.SuiteRunner.run(SuiteRunner.java:276)
	at org.testng.SuiteRunnerWorker.runSuite(SuiteRunnerWorker.java:53)
	at org.testng.SuiteRunnerWorker.run(SuiteRunnerWorker.java:96)
	at org.testng.TestNG.runSuitesSequentially(TestNG.java:1212)
	at org.testng.TestNG.runSuitesLocally(TestNG.java:1134)
	at org.testng.TestNG.runSuites(TestNG.java:1063)
	at org.testng.TestNG.run(TestNG.java:1031)
	at org.testng.remote.AbstractRemoteTestNG.run(AbstractRemoteTestNG.java:115)
	at org.testng.remote.RemoteTestNG.initAndRun(RemoteTestNG.java:293)
	at org.testng.remote.RemoteTestNG.main(RemoteTestNG.java:91)
</pre></div></td>
<td>22</td>
<td>PSf_Static_Report.PRF_Report@660acfb</td></tr>
<tr>
<td title='PSf_Static_Report.PSF_Calibration_Report.Click_On_Workshop()'><b>Click_On_Workshop</b><br>Test class: PSf_Static_Report.PSF_Calibration_Report</td>
<td><div><pre>java.lang.AssertionError: No Data Found for Workshop_Wise In PSF_Calibration_Reoport : 0
	at PSf_Static_Report.PSF_Calibration_Report.Click_On_Workshop(PSF_Calibration_Report.java:241)
	at java.base/java.util.ArrayList.forEach(ArrayList.java:1597)
... Removed 26 stack frames</pre></div><a href='#' onClick='toggleBox("stack-trace663317819", this, "Click to show all stack frames", "Click to hide stack frames")'>Click to show all stack frames</a>
<div class='stack-trace' id='stack-trace663317819'><pre>java.lang.AssertionError: No Data Found for Workshop_Wise In PSF_Calibration_Reoport : 0
	at org.testng.Assert.fail(Assert.java:99)
	at PSf_Static_Report.PSF_Calibration_Report.Click_On_Workshop(PSF_Calibration_Report.java:241)
	at java.base/jdk.internal.reflect.DirectMethodHandleAccessor.invoke(DirectMethodHandleAccessor.java:103)
	at java.base/java.lang.reflect.Method.invoke(Method.java:580)
	at org.testng.internal.MethodInvocationHelper.invokeMethod(MethodInvocationHelper.java:133)
	at org.testng.internal.TestInvoker.invokeMethod(TestInvoker.java:598)
	at org.testng.internal.TestInvoker.invokeTestMethod(TestInvoker.java:173)
	at org.testng.internal.MethodRunner.runInSequence(MethodRunner.java:46)
	at org.testng.internal.TestInvoker$MethodInvocationAgent.invoke(TestInvoker.java:824)
	at org.testng.internal.TestInvoker.invokeTestMethods(TestInvoker.java:146)
	at org.testng.internal.TestMethodWorker.invokeTestMethods(TestMethodWorker.java:146)
	at org.testng.internal.TestMethodWorker.run(TestMethodWorker.java:128)
	at java.base/java.util.ArrayList.forEach(ArrayList.java:1597)
	at org.testng.TestRunner.privateRun(TestRunner.java:794)
	at org.testng.TestRunner.run(TestRunner.java:596)
	at org.testng.SuiteRunner.runTest(SuiteRunner.java:377)
	at org.testng.SuiteRunner.runSequentially(SuiteRunner.java:371)
	at org.testng.SuiteRunner.privateRun(SuiteRunner.java:332)
	at org.testng.SuiteRunner.run(SuiteRunner.java:276)
	at org.testng.SuiteRunnerWorker.runSuite(SuiteRunnerWorker.java:53)
	at org.testng.SuiteRunnerWorker.run(SuiteRunnerWorker.java:96)
	at org.testng.TestNG.runSuitesSequentially(TestNG.java:1212)
	at org.testng.TestNG.runSuitesLocally(TestNG.java:1134)
	at org.testng.TestNG.runSuites(TestNG.java:1063)
	at org.testng.TestNG.run(TestNG.java:1031)
	at org.testng.remote.AbstractRemoteTestNG.run(AbstractRemoteTestNG.java:115)
	at org.testng.remote.RemoteTestNG.initAndRun(RemoteTestNG.java:293)
	at org.testng.remote.RemoteTestNG.main(RemoteTestNG.java:91)
</pre></div></td>
<td>26</td>
<td>PSf_Static_Report.PSF_Calibration_Report@5efa40fe</td></tr>
<tr>
<td title='PSf_Static_Report.PSF_Calibration_Report.Click_On_Service_Type_Wise()'><b>Click_On_Service_Type_Wise</b><br>Test class: PSf_Static_Report.PSF_Calibration_Report</td>
<td><div><pre>org.openqa.selenium.NoSuchElementException: no such element: Unable to locate element: {&quot;method&quot;:&quot;xpath&quot;,&quot;selector&quot;:&quot;(//tr[td[contains(., &apos;Total&apos;)]])[1]/td[5]&quot;}
  (Session info: chrome=131.0.6778.70)
For documentation on this error, please visit: https://www.selenium.dev/documentation/webdriver/troubleshooting/errors#no-such-element-exception
Build info: version: &apos;4.21.0&apos;, revision: &apos;79ed462ef4&apos;
System info: os.name: &apos;Windows 11&apos;, os.arch: &apos;amd64&apos;, os.version: &apos;10.0&apos;, java.version: &apos;22.0.1&apos;
Driver info: org.openqa.selenium.chrome.ChromeDriver
Command: [4254ca6c22b0b65dcbee262d598f3ee1, findElement {value=(//tr[td[contains(., &apos;Total&apos;)]])[1]/td[5], using=xpath}]
Capabilities {acceptInsecureCerts: false, browserName: chrome, browserVersion: 131.0.6778.70, chrome: {chromedriverVersion: 131.0.6778.69 (77e2244bbcda..., userDataDir: C:\WINDOWS\TEMP\scoped_dir1...}, fedcm:accounts: true, goog:chromeOptions: {debuggerAddress: localhost:56442}, networkConnectionEnabled: false, pageLoadStrategy: normal, platformName: windows, proxy: Proxy(), se:cdp: ws://localhost:56442/devtoo..., se:cdpVersion: 131.0.6778.70, setWindowRect: true, strictFileInteractability: false, timeouts: {implicit: 0, pageLoad: 300000, script: 30000}, unhandledPromptBehavior: dismiss and notify, webauthn:extension:credBlob: true, webauthn:extension:largeBlob: true, webauthn:extension:minPinLength: true, webauthn:extension:prf: true, webauthn:virtualAuthenticators: true}
Session ID: 4254ca6c22b0b65dcbee262d598f3ee1
	at org.openqa.selenium.remote.ErrorCodec.decode(ErrorCodec.java:167)
	at org.openqa.selenium.remote.codec.w3c.W3CHttpResponseCodec.decode(W3CHttpResponseCodec.java:138)
	at org.openqa.selenium.remote.codec.w3c.W3CHttpResponseCodec.decode(W3CHttpResponseCodec.java:50)
	at org.openqa.selenium.remote.HttpCommandExecutor.execute(HttpCommandExecutor.java:190)
	at org.openqa.selenium.remote.service.DriverCommandExecutor.invokeExecute(DriverCommandExecutor.java:216)
	at org.openqa.selenium.remote.service.DriverCommandExecutor.execute(DriverCommandExecutor.java:174)
	at org.openqa.selenium.remote.RemoteWebDriver.execute(RemoteWebDriver.java:518)
	at org.openqa.selenium.remote.ElementLocation$ElementFinder$2.findElement(ElementLocation.java:165)
	at org.openqa.selenium.remote.ElementLocation.findElement(ElementLocation.java:59)
	at org.openqa.selenium.remote.RemoteWebDriver.findElement(RemoteWebDriver.java:355)
	at org.openqa.selenium.remote.RemoteWebDriver.findElement(RemoteWebDriver.java:349)
	at PSf_Static_Report.PSF_Calibration_Report.Click_On_Service_Type_Wise(PSF_Calibration_Report.java:357)
	at java.base/java.util.ArrayList.forEach(ArrayList.java:1597)
... Removed 28 stack frames</pre></div><a href='#' onClick='toggleBox("stack-trace647580778", this, "Click to show all stack frames", "Click to hide stack frames")'>Click to show all stack frames</a>
<div class='stack-trace' id='stack-trace647580778'><pre>org.openqa.selenium.NoSuchElementException: no such element: Unable to locate element: {&quot;method&quot;:&quot;xpath&quot;,&quot;selector&quot;:&quot;(//tr[td[contains(., &apos;Total&apos;)]])[1]/td[5]&quot;}
  (Session info: chrome=131.0.6778.70)
For documentation on this error, please visit: https://www.selenium.dev/documentation/webdriver/troubleshooting/errors#no-such-element-exception
Build info: version: &apos;4.21.0&apos;, revision: &apos;79ed462ef4&apos;
System info: os.name: &apos;Windows 11&apos;, os.arch: &apos;amd64&apos;, os.version: &apos;10.0&apos;, java.version: &apos;22.0.1&apos;
Driver info: org.openqa.selenium.chrome.ChromeDriver
Command: [4254ca6c22b0b65dcbee262d598f3ee1, findElement {value=(//tr[td[contains(., &apos;Total&apos;)]])[1]/td[5], using=xpath}]
Capabilities {acceptInsecureCerts: false, browserName: chrome, browserVersion: 131.0.6778.70, chrome: {chromedriverVersion: 131.0.6778.69 (77e2244bbcda..., userDataDir: C:\WINDOWS\TEMP\scoped_dir1...}, fedcm:accounts: true, goog:chromeOptions: {debuggerAddress: localhost:56442}, networkConnectionEnabled: false, pageLoadStrategy: normal, platformName: windows, proxy: Proxy(), se:cdp: ws://localhost:56442/devtoo..., se:cdpVersion: 131.0.6778.70, setWindowRect: true, strictFileInteractability: false, timeouts: {implicit: 0, pageLoad: 300000, script: 30000}, unhandledPromptBehavior: dismiss and notify, webauthn:extension:credBlob: true, webauthn:extension:largeBlob: true, webauthn:extension:minPinLength: true, webauthn:extension:prf: true, webauthn:virtualAuthenticators: true}
Session ID: 4254ca6c22b0b65dcbee262d598f3ee1
	at java.base/jdk.internal.reflect.DirectConstructorHandleAccessor.newInstance(DirectConstructorHandleAccessor.java:62)
	at java.base/java.lang.reflect.Constructor.newInstanceWithCaller(Constructor.java:502)
	at java.base/java.lang.reflect.Constructor.newInstance(Constructor.java:486)
	at org.openqa.selenium.remote.ErrorCodec.decode(ErrorCodec.java:167)
	at org.openqa.selenium.remote.codec.w3c.W3CHttpResponseCodec.decode(W3CHttpResponseCodec.java:138)
	at org.openqa.selenium.remote.codec.w3c.W3CHttpResponseCodec.decode(W3CHttpResponseCodec.java:50)
	at org.openqa.selenium.remote.HttpCommandExecutor.execute(HttpCommandExecutor.java:190)
	at org.openqa.selenium.remote.service.DriverCommandExecutor.invokeExecute(DriverCommandExecutor.java:216)
	at org.openqa.selenium.remote.service.DriverCommandExecutor.execute(DriverCommandExecutor.java:174)
	at org.openqa.selenium.remote.RemoteWebDriver.execute(RemoteWebDriver.java:518)
	at org.openqa.selenium.remote.ElementLocation$ElementFinder$2.findElement(ElementLocation.java:165)
	at org.openqa.selenium.remote.ElementLocation.findElement(ElementLocation.java:59)
	at org.openqa.selenium.remote.RemoteWebDriver.findElement(RemoteWebDriver.java:355)
	at org.openqa.selenium.remote.RemoteWebDriver.findElement(RemoteWebDriver.java:349)
	at PSf_Static_Report.PSF_Calibration_Report.Click_On_Service_Type_Wise(PSF_Calibration_Report.java:357)
	at java.base/jdk.internal.reflect.DirectMethodHandleAccessor.invoke(DirectMethodHandleAccessor.java:103)
	at java.base/java.lang.reflect.Method.invoke(Method.java:580)
	at org.testng.internal.MethodInvocationHelper.invokeMethod(MethodInvocationHelper.java:133)
	at org.testng.internal.TestInvoker.invokeMethod(TestInvoker.java:598)
	at org.testng.internal.TestInvoker.invokeTestMethod(TestInvoker.java:173)
	at org.testng.internal.MethodRunner.runInSequence(MethodRunner.java:46)
	at org.testng.internal.TestInvoker$MethodInvocationAgent.invoke(TestInvoker.java:824)
	at org.testng.internal.TestInvoker.invokeTestMethods(TestInvoker.java:146)
	at org.testng.internal.TestMethodWorker.invokeTestMethods(TestMethodWorker.java:146)
	at org.testng.internal.TestMethodWorker.run(TestMethodWorker.java:128)
	at java.base/java.util.ArrayList.forEach(ArrayList.java:1597)
	at org.testng.TestRunner.privateRun(TestRunner.java:794)
	at org.testng.TestRunner.run(TestRunner.java:596)
	at org.testng.SuiteRunner.runTest(SuiteRunner.java:377)
	at org.testng.SuiteRunner.runSequentially(SuiteRunner.java:371)
	at org.testng.SuiteRunner.privateRun(SuiteRunner.java:332)
	at org.testng.SuiteRunner.run(SuiteRunner.java:276)
	at org.testng.SuiteRunnerWorker.runSuite(SuiteRunnerWorker.java:53)
	at org.testng.SuiteRunnerWorker.run(SuiteRunnerWorker.java:96)
	at org.testng.TestNG.runSuitesSequentially(TestNG.java:1212)
	at org.testng.TestNG.runSuitesLocally(TestNG.java:1134)
	at org.testng.TestNG.runSuites(TestNG.java:1063)
	at org.testng.TestNG.run(TestNG.java:1031)
	at org.testng.remote.AbstractRemoteTestNG.run(AbstractRemoteTestNG.java:115)
	at org.testng.remote.RemoteTestNG.initAndRun(RemoteTestNG.java:293)
	at org.testng.remote.RemoteTestNG.main(RemoteTestNG.java:91)
</pre></div></td>
<td>34</td>
<td>PSf_Static_Report.PSF_Calibration_Report@5efa40fe</td></tr>
<tr>
<td title='PSf_Static_Report.PSF_Calibration_Report.Comparison_0f_all_Data()'><b>Comparison_0f_all_Data</b><br>Test class: PSf_Static_Report.PSF_Calibration_Report</td>
<td><div><pre>java.lang.AssertionError: Compare Total_PSF_Due_of_workshopWise_With_dayWise expected [null] but found [0]
	at PSf_Static_Report.PSF_Calibration_Report.Comparison_0f_all_Data(PSF_Calibration_Report.java:460)
	at java.base/java.util.ArrayList.forEach(ArrayList.java:1597)
... Removed 30 stack frames</pre></div><a href='#' onClick='toggleBox("stack-trace668568559", this, "Click to show all stack frames", "Click to hide stack frames")'>Click to show all stack frames</a>
<div class='stack-trace' id='stack-trace668568559'><pre>java.lang.AssertionError: Compare Total_PSF_Due_of_workshopWise_With_dayWise expected [null] but found [0]
	at org.testng.Assert.fail(Assert.java:99)
	at org.testng.Assert.failNotEquals(Assert.java:1037)
	at org.testng.Assert.assertEqualsImpl(Assert.java:140)
	at org.testng.Assert.assertEquals(Assert.java:122)
	at org.testng.Assert.assertEquals(Assert.java:629)
	at PSf_Static_Report.PSF_Calibration_Report.Comparison_0f_all_Data(PSF_Calibration_Report.java:460)
	at java.base/jdk.internal.reflect.DirectMethodHandleAccessor.invoke(DirectMethodHandleAccessor.java:103)
	at java.base/java.lang.reflect.Method.invoke(Method.java:580)
	at org.testng.internal.MethodInvocationHelper.invokeMethod(MethodInvocationHelper.java:133)
	at org.testng.internal.TestInvoker.invokeMethod(TestInvoker.java:598)
	at org.testng.internal.TestInvoker.invokeTestMethod(TestInvoker.java:173)
	at org.testng.internal.MethodRunner.runInSequence(MethodRunner.java:46)
	at org.testng.internal.TestInvoker$MethodInvocationAgent.invoke(TestInvoker.java:824)
	at org.testng.internal.TestInvoker.invokeTestMethods(TestInvoker.java:146)
	at org.testng.internal.TestMethodWorker.invokeTestMethods(TestMethodWorker.java:146)
	at org.testng.internal.TestMethodWorker.run(TestMethodWorker.java:128)
	at java.base/java.util.ArrayList.forEach(ArrayList.java:1597)
	at org.testng.TestRunner.privateRun(TestRunner.java:794)
	at org.testng.TestRunner.run(TestRunner.java:596)
	at org.testng.SuiteRunner.runTest(SuiteRunner.java:377)
	at org.testng.SuiteRunner.runSequentially(SuiteRunner.java:371)
	at org.testng.SuiteRunner.privateRun(SuiteRunner.java:332)
	at org.testng.SuiteRunner.run(SuiteRunner.java:276)
	at org.testng.SuiteRunnerWorker.runSuite(SuiteRunnerWorker.java:53)
	at org.testng.SuiteRunnerWorker.run(SuiteRunnerWorker.java:96)
	at org.testng.TestNG.runSuitesSequentially(TestNG.java:1212)
	at org.testng.TestNG.runSuitesLocally(TestNG.java:1134)
	at org.testng.TestNG.runSuites(TestNG.java:1063)
	at org.testng.TestNG.run(TestNG.java:1031)
	at org.testng.remote.AbstractRemoteTestNG.run(AbstractRemoteTestNG.java:115)
	at org.testng.remote.RemoteTestNG.initAndRun(RemoteTestNG.java:293)
	at org.testng.remote.RemoteTestNG.main(RemoteTestNG.java:91)
</pre></div></td>
<td>0</td>
<td>PSf_Static_Report.PSF_Calibration_Report@5efa40fe</td></tr>
<tr>
<td title='PSf_Static_Report.Psf_All_Fillter_Check.Model_name_Fillter()'><b>Model_name_Fillter</b><br>Test class: PSf_Static_Report.Psf_All_Fillter_Check</td>
<td><div><pre>org.openqa.selenium.ElementNotInteractableException: element not interactable
  (Session info: chrome=131.0.6778.70)
Build info: version: &apos;4.21.0&apos;, revision: &apos;79ed462ef4&apos;
System info: os.name: &apos;Windows 11&apos;, os.arch: &apos;amd64&apos;, os.version: &apos;10.0&apos;, java.version: &apos;22.0.1&apos;
Driver info: org.openqa.selenium.chrome.ChromeDriver
Command: [100337abd11da847681840b3c28bee49, clickElement {id=f.83C7788A93146886DE20409EBE1B47A5.d.DF04D3CE24C26F1A1EE7EE6B997E6A50.e.843}]
Capabilities {acceptInsecureCerts: false, browserName: chrome, browserVersion: 131.0.6778.70, chrome: {chromedriverVersion: 131.0.6778.69 (77e2244bbcda..., userDataDir: C:\WINDOWS\TEMP\scoped_dir1...}, fedcm:accounts: true, goog:chromeOptions: {debuggerAddress: localhost:56576}, networkConnectionEnabled: false, pageLoadStrategy: normal, platformName: windows, proxy: Proxy(), se:cdp: ws://localhost:56576/devtoo..., se:cdpVersion: 131.0.6778.70, setWindowRect: true, strictFileInteractability: false, timeouts: {implicit: 0, pageLoad: 300000, script: 30000}, unhandledPromptBehavior: dismiss and notify, webauthn:extension:credBlob: true, webauthn:extension:largeBlob: true, webauthn:extension:minPinLength: true, webauthn:extension:prf: true, webauthn:virtualAuthenticators: true}
Element: [[ChromeDriver: chrome on windows (100337abd11da847681840b3c28bee49)] -&gt; xpath: (//*[@class=&quot;mat-checkbox-inner-container&quot;])[75]]
Session ID: 100337abd11da847681840b3c28bee49
	at org.openqa.selenium.remote.ErrorCodec.decode(ErrorCodec.java:167)
	at org.openqa.selenium.remote.codec.w3c.W3CHttpResponseCodec.decode(W3CHttpResponseCodec.java:138)
	at org.openqa.selenium.remote.codec.w3c.W3CHttpResponseCodec.decode(W3CHttpResponseCodec.java:50)
	at org.openqa.selenium.remote.HttpCommandExecutor.execute(HttpCommandExecutor.java:190)
	at org.openqa.selenium.remote.service.DriverCommandExecutor.invokeExecute(DriverCommandExecutor.java:216)
	at org.openqa.selenium.remote.service.DriverCommandExecutor.execute(DriverCommandExecutor.java:174)
	at org.openqa.selenium.remote.RemoteWebDriver.execute(RemoteWebDriver.java:518)
	at org.openqa.selenium.remote.RemoteWebElement.execute(RemoteWebElement.java:223)
	at org.openqa.selenium.remote.RemoteWebElement.click(RemoteWebElement.java:76)
	at PSf_Static_Report.Psf_All_Fillter_Check.clickCheckboxes(Psf_All_Fillter_Check.java:492)
	at PSf_Static_Report.Psf_All_Fillter_Check.Model_name_Fillter(Psf_All_Fillter_Check.java:338)
	at java.base/java.util.ArrayList.forEach(ArrayList.java:1597)
... Removed 28 stack frames</pre></div><a href='#' onClick='toggleBox("stack-trace51907310", this, "Click to show all stack frames", "Click to hide stack frames")'>Click to show all stack frames</a>
<div class='stack-trace' id='stack-trace51907310'><pre>org.openqa.selenium.ElementNotInteractableException: element not interactable
  (Session info: chrome=131.0.6778.70)
Build info: version: &apos;4.21.0&apos;, revision: &apos;79ed462ef4&apos;
System info: os.name: &apos;Windows 11&apos;, os.arch: &apos;amd64&apos;, os.version: &apos;10.0&apos;, java.version: &apos;22.0.1&apos;
Driver info: org.openqa.selenium.chrome.ChromeDriver
Command: [100337abd11da847681840b3c28bee49, clickElement {id=f.83C7788A93146886DE20409EBE1B47A5.d.DF04D3CE24C26F1A1EE7EE6B997E6A50.e.843}]
Capabilities {acceptInsecureCerts: false, browserName: chrome, browserVersion: 131.0.6778.70, chrome: {chromedriverVersion: 131.0.6778.69 (77e2244bbcda..., userDataDir: C:\WINDOWS\TEMP\scoped_dir1...}, fedcm:accounts: true, goog:chromeOptions: {debuggerAddress: localhost:56576}, networkConnectionEnabled: false, pageLoadStrategy: normal, platformName: windows, proxy: Proxy(), se:cdp: ws://localhost:56576/devtoo..., se:cdpVersion: 131.0.6778.70, setWindowRect: true, strictFileInteractability: false, timeouts: {implicit: 0, pageLoad: 300000, script: 30000}, unhandledPromptBehavior: dismiss and notify, webauthn:extension:credBlob: true, webauthn:extension:largeBlob: true, webauthn:extension:minPinLength: true, webauthn:extension:prf: true, webauthn:virtualAuthenticators: true}
Element: [[ChromeDriver: chrome on windows (100337abd11da847681840b3c28bee49)] -&gt; xpath: (//*[@class=&quot;mat-checkbox-inner-container&quot;])[75]]
Session ID: 100337abd11da847681840b3c28bee49
	at java.base/jdk.internal.reflect.DirectConstructorHandleAccessor.newInstance(DirectConstructorHandleAccessor.java:62)
	at java.base/java.lang.reflect.Constructor.newInstanceWithCaller(Constructor.java:502)
	at java.base/java.lang.reflect.Constructor.newInstance(Constructor.java:486)
	at org.openqa.selenium.remote.ErrorCodec.decode(ErrorCodec.java:167)
	at org.openqa.selenium.remote.codec.w3c.W3CHttpResponseCodec.decode(W3CHttpResponseCodec.java:138)
	at org.openqa.selenium.remote.codec.w3c.W3CHttpResponseCodec.decode(W3CHttpResponseCodec.java:50)
	at org.openqa.selenium.remote.HttpCommandExecutor.execute(HttpCommandExecutor.java:190)
	at org.openqa.selenium.remote.service.DriverCommandExecutor.invokeExecute(DriverCommandExecutor.java:216)
	at org.openqa.selenium.remote.service.DriverCommandExecutor.execute(DriverCommandExecutor.java:174)
	at org.openqa.selenium.remote.RemoteWebDriver.execute(RemoteWebDriver.java:518)
	at org.openqa.selenium.remote.RemoteWebElement.execute(RemoteWebElement.java:223)
	at org.openqa.selenium.remote.RemoteWebElement.click(RemoteWebElement.java:76)
	at PSf_Static_Report.Psf_All_Fillter_Check.clickCheckboxes(Psf_All_Fillter_Check.java:492)
	at PSf_Static_Report.Psf_All_Fillter_Check.Model_name_Fillter(Psf_All_Fillter_Check.java:338)
	at java.base/jdk.internal.reflect.DirectMethodHandleAccessor.invoke(DirectMethodHandleAccessor.java:103)
	at java.base/java.lang.reflect.Method.invoke(Method.java:580)
	at org.testng.internal.MethodInvocationHelper.invokeMethod(MethodInvocationHelper.java:133)
	at org.testng.internal.TestInvoker.invokeMethod(TestInvoker.java:598)
	at org.testng.internal.TestInvoker.invokeTestMethod(TestInvoker.java:173)
	at org.testng.internal.MethodRunner.runInSequence(MethodRunner.java:46)
	at org.testng.internal.TestInvoker$MethodInvocationAgent.invoke(TestInvoker.java:824)
	at org.testng.internal.TestInvoker.invokeTestMethods(TestInvoker.java:146)
	at org.testng.internal.TestMethodWorker.invokeTestMethods(TestMethodWorker.java:146)
	at org.testng.internal.TestMethodWorker.run(TestMethodWorker.java:128)
	at java.base/java.util.ArrayList.forEach(ArrayList.java:1597)
	at org.testng.TestRunner.privateRun(TestRunner.java:794)
	at org.testng.TestRunner.run(TestRunner.java:596)
	at org.testng.SuiteRunner.runTest(SuiteRunner.java:377)
	at org.testng.SuiteRunner.runSequentially(SuiteRunner.java:371)
	at org.testng.SuiteRunner.privateRun(SuiteRunner.java:332)
	at org.testng.SuiteRunner.run(SuiteRunner.java:276)
	at org.testng.SuiteRunnerWorker.runSuite(SuiteRunnerWorker.java:53)
	at org.testng.SuiteRunnerWorker.run(SuiteRunnerWorker.java:96)
	at org.testng.TestNG.runSuitesSequentially(TestNG.java:1212)
	at org.testng.TestNG.runSuitesLocally(TestNG.java:1134)
	at org.testng.TestNG.runSuites(TestNG.java:1063)
	at org.testng.TestNG.run(TestNG.java:1031)
	at org.testng.remote.AbstractRemoteTestNG.run(AbstractRemoteTestNG.java:115)
	at org.testng.remote.RemoteTestNG.initAndRun(RemoteTestNG.java:293)
	at org.testng.remote.RemoteTestNG.main(RemoteTestNG.java:91)
</pre></div></td>
<td>28</td>
<td>PSf_Static_Report.Psf_All_Fillter_Check@1c9b0314</td></tr>
<tr>
<td title='PSf_Static_Report.PSF_Due_Analysis.Click_On_Day_Wise()'><b>Click_On_Day_Wise</b><br>Test class: PSf_Static_Report.PSF_Due_Analysis</td>
<td><div><pre>org.openqa.selenium.NoSuchElementException: no such element: Unable to locate element: {&quot;method&quot;:&quot;xpath&quot;,&quot;selector&quot;:&quot;(//tr[td[contains(., &apos;Total&apos;)]])[1]/td[2]&quot;}
  (Session info: chrome=131.0.6778.70)
For documentation on this error, please visit: https://www.selenium.dev/documentation/webdriver/troubleshooting/errors#no-such-element-exception
Build info: version: &apos;4.21.0&apos;, revision: &apos;79ed462ef4&apos;
System info: os.name: &apos;Windows 11&apos;, os.arch: &apos;amd64&apos;, os.version: &apos;10.0&apos;, java.version: &apos;22.0.1&apos;
Driver info: org.openqa.selenium.chrome.ChromeDriver
Command: [ab802fbfd8198bda3dd7c407a4251cac, findElement {value=(//tr[td[contains(., &apos;Total&apos;)]])[1]/td[2], using=xpath}]
Capabilities {acceptInsecureCerts: false, browserName: chrome, browserVersion: 131.0.6778.70, chrome: {chromedriverVersion: 131.0.6778.69 (77e2244bbcda..., userDataDir: C:\WINDOWS\TEMP\scoped_dir1...}, fedcm:accounts: true, goog:chromeOptions: {debuggerAddress: localhost:56508}, networkConnectionEnabled: false, pageLoadStrategy: normal, platformName: windows, proxy: Proxy(), se:cdp: ws://localhost:56508/devtoo..., se:cdpVersion: 131.0.6778.70, setWindowRect: true, strictFileInteractability: false, timeouts: {implicit: 0, pageLoad: 300000, script: 30000}, unhandledPromptBehavior: dismiss and notify, webauthn:extension:credBlob: true, webauthn:extension:largeBlob: true, webauthn:extension:minPinLength: true, webauthn:extension:prf: true, webauthn:virtualAuthenticators: true}
Session ID: ab802fbfd8198bda3dd7c407a4251cac
	at org.openqa.selenium.remote.ErrorCodec.decode(ErrorCodec.java:167)
	at org.openqa.selenium.remote.codec.w3c.W3CHttpResponseCodec.decode(W3CHttpResponseCodec.java:138)
	at org.openqa.selenium.remote.codec.w3c.W3CHttpResponseCodec.decode(W3CHttpResponseCodec.java:50)
	at org.openqa.selenium.remote.HttpCommandExecutor.execute(HttpCommandExecutor.java:190)
	at org.openqa.selenium.remote.service.DriverCommandExecutor.invokeExecute(DriverCommandExecutor.java:216)
	at org.openqa.selenium.remote.service.DriverCommandExecutor.execute(DriverCommandExecutor.java:174)
	at org.openqa.selenium.remote.RemoteWebDriver.execute(RemoteWebDriver.java:518)
	at org.openqa.selenium.remote.ElementLocation$ElementFinder$2.findElement(ElementLocation.java:165)
	at org.openqa.selenium.remote.ElementLocation.findElement(ElementLocation.java:59)
	at org.openqa.selenium.remote.RemoteWebDriver.findElement(RemoteWebDriver.java:355)
	at org.openqa.selenium.remote.RemoteWebDriver.findElement(RemoteWebDriver.java:349)
	at PSf_Static_Report.PSF_Due_Analysis.Click_On_Day_Wise(PSF_Due_Analysis.java:273)
	at java.base/java.util.ArrayList.forEach(ArrayList.java:1597)
... Removed 28 stack frames</pre></div><a href='#' onClick='toggleBox("stack-trace715950807", this, "Click to show all stack frames", "Click to hide stack frames")'>Click to show all stack frames</a>
<div class='stack-trace' id='stack-trace715950807'><pre>org.openqa.selenium.NoSuchElementException: no such element: Unable to locate element: {&quot;method&quot;:&quot;xpath&quot;,&quot;selector&quot;:&quot;(//tr[td[contains(., &apos;Total&apos;)]])[1]/td[2]&quot;}
  (Session info: chrome=131.0.6778.70)
For documentation on this error, please visit: https://www.selenium.dev/documentation/webdriver/troubleshooting/errors#no-such-element-exception
Build info: version: &apos;4.21.0&apos;, revision: &apos;79ed462ef4&apos;
System info: os.name: &apos;Windows 11&apos;, os.arch: &apos;amd64&apos;, os.version: &apos;10.0&apos;, java.version: &apos;22.0.1&apos;
Driver info: org.openqa.selenium.chrome.ChromeDriver
Command: [ab802fbfd8198bda3dd7c407a4251cac, findElement {value=(//tr[td[contains(., &apos;Total&apos;)]])[1]/td[2], using=xpath}]
Capabilities {acceptInsecureCerts: false, browserName: chrome, browserVersion: 131.0.6778.70, chrome: {chromedriverVersion: 131.0.6778.69 (77e2244bbcda..., userDataDir: C:\WINDOWS\TEMP\scoped_dir1...}, fedcm:accounts: true, goog:chromeOptions: {debuggerAddress: localhost:56508}, networkConnectionEnabled: false, pageLoadStrategy: normal, platformName: windows, proxy: Proxy(), se:cdp: ws://localhost:56508/devtoo..., se:cdpVersion: 131.0.6778.70, setWindowRect: true, strictFileInteractability: false, timeouts: {implicit: 0, pageLoad: 300000, script: 30000}, unhandledPromptBehavior: dismiss and notify, webauthn:extension:credBlob: true, webauthn:extension:largeBlob: true, webauthn:extension:minPinLength: true, webauthn:extension:prf: true, webauthn:virtualAuthenticators: true}
Session ID: ab802fbfd8198bda3dd7c407a4251cac
	at java.base/jdk.internal.reflect.DirectConstructorHandleAccessor.newInstance(DirectConstructorHandleAccessor.java:62)
	at java.base/java.lang.reflect.Constructor.newInstanceWithCaller(Constructor.java:502)
	at java.base/java.lang.reflect.Constructor.newInstance(Constructor.java:486)
	at org.openqa.selenium.remote.ErrorCodec.decode(ErrorCodec.java:167)
	at org.openqa.selenium.remote.codec.w3c.W3CHttpResponseCodec.decode(W3CHttpResponseCodec.java:138)
	at org.openqa.selenium.remote.codec.w3c.W3CHttpResponseCodec.decode(W3CHttpResponseCodec.java:50)
	at org.openqa.selenium.remote.HttpCommandExecutor.execute(HttpCommandExecutor.java:190)
	at org.openqa.selenium.remote.service.DriverCommandExecutor.invokeExecute(DriverCommandExecutor.java:216)
	at org.openqa.selenium.remote.service.DriverCommandExecutor.execute(DriverCommandExecutor.java:174)
	at org.openqa.selenium.remote.RemoteWebDriver.execute(RemoteWebDriver.java:518)
	at org.openqa.selenium.remote.ElementLocation$ElementFinder$2.findElement(ElementLocation.java:165)
	at org.openqa.selenium.remote.ElementLocation.findElement(ElementLocation.java:59)
	at org.openqa.selenium.remote.RemoteWebDriver.findElement(RemoteWebDriver.java:355)
	at org.openqa.selenium.remote.RemoteWebDriver.findElement(RemoteWebDriver.java:349)
	at PSf_Static_Report.PSF_Due_Analysis.Click_On_Day_Wise(PSF_Due_Analysis.java:273)
	at java.base/jdk.internal.reflect.DirectMethodHandleAccessor.invoke(DirectMethodHandleAccessor.java:103)
	at java.base/java.lang.reflect.Method.invoke(Method.java:580)
	at org.testng.internal.MethodInvocationHelper.invokeMethod(MethodInvocationHelper.java:133)
	at org.testng.internal.TestInvoker.invokeMethod(TestInvoker.java:598)
	at org.testng.internal.TestInvoker.invokeTestMethod(TestInvoker.java:173)
	at org.testng.internal.MethodRunner.runInSequence(MethodRunner.java:46)
	at org.testng.internal.TestInvoker$MethodInvocationAgent.invoke(TestInvoker.java:824)
	at org.testng.internal.TestInvoker.invokeTestMethods(TestInvoker.java:146)
	at org.testng.internal.TestMethodWorker.invokeTestMethods(TestMethodWorker.java:146)
	at org.testng.internal.TestMethodWorker.run(TestMethodWorker.java:128)
	at java.base/java.util.ArrayList.forEach(ArrayList.java:1597)
	at org.testng.TestRunner.privateRun(TestRunner.java:794)
	at org.testng.TestRunner.run(TestRunner.java:596)
	at org.testng.SuiteRunner.runTest(SuiteRunner.java:377)
	at org.testng.SuiteRunner.runSequentially(SuiteRunner.java:371)
	at org.testng.SuiteRunner.privateRun(SuiteRunner.java:332)
	at org.testng.SuiteRunner.run(SuiteRunner.java:276)
	at org.testng.SuiteRunnerWorker.runSuite(SuiteRunnerWorker.java:53)
	at org.testng.SuiteRunnerWorker.run(SuiteRunnerWorker.java:96)
	at org.testng.TestNG.runSuitesSequentially(TestNG.java:1212)
	at org.testng.TestNG.runSuitesLocally(TestNG.java:1134)
	at org.testng.TestNG.runSuites(TestNG.java:1063)
	at org.testng.TestNG.run(TestNG.java:1031)
	at org.testng.remote.AbstractRemoteTestNG.run(AbstractRemoteTestNG.java:115)
	at org.testng.remote.RemoteTestNG.initAndRun(RemoteTestNG.java:293)
	at org.testng.remote.RemoteTestNG.main(RemoteTestNG.java:91)
</pre></div></td>
<td>34</td>
<td>PSf_Static_Report.PSF_Due_Analysis@1f9f6368</td></tr>
<tr>
<td title='PSf_Static_Report.PSF_Due_Analysis.Click_On_Service_Type_Wise()'><b>Click_On_Service_Type_Wise</b><br>Test class: PSf_Static_Report.PSF_Due_Analysis</td>
<td><div><pre>org.openqa.selenium.TimeoutException: Expected condition failed: waiting for presence of element located by: By.xpath: //*[text()=&quot; Generate &quot;] (tried for 10 second(s) with 500 milliseconds interval)
	at org.openqa.selenium.support.ui.WebDriverWait.timeoutException(WebDriverWait.java:84)
	at org.openqa.selenium.support.ui.FluentWait.until(FluentWait.java:228)
	at PSf_Static_Report.PSF_Due_Analysis.Click_On_Service_Type_Wise(PSF_Due_Analysis.java:345)
	at java.base/java.util.ArrayList.forEach(ArrayList.java:1597)
Caused by: org.openqa.selenium.NoSuchElementException: no such element: Unable to locate element: {&quot;method&quot;:&quot;xpath&quot;,&quot;selector&quot;:&quot;//*[text()=&quot; Generate &quot;]&quot;}
  (Session info: chrome=131.0.6778.70)
For documentation on this error, please visit: https://www.selenium.dev/documentation/webdriver/troubleshooting/errors#no-such-element-exception
Build info: version: &apos;4.21.0&apos;, revision: &apos;79ed462ef4&apos;
System info: os.name: &apos;Windows 11&apos;, os.arch: &apos;amd64&apos;, os.version: &apos;10.0&apos;, java.version: &apos;22.0.1&apos;
Driver info: org.openqa.selenium.chrome.ChromeDriver
Command: [ab802fbfd8198bda3dd7c407a4251cac, findElement {value=//*[text()=&quot; Generate &quot;], using=xpath}]
Capabilities {acceptInsecureCerts: false, browserName: chrome, browserVersion: 131.0.6778.70, chrome: {chromedriverVersion: 131.0.6778.69 (77e2244bbcda..., userDataDir: C:\WINDOWS\TEMP\scoped_dir1...}, fedcm:accounts: true, goog:chromeOptions: {debuggerAddress: localhost:56508}, networkConnectionEnabled: false, pageLoadStrategy: normal, platformName: windows, proxy: Proxy(), se:cdp: ws://localhost:56508/devtoo..., se:cdpVersion: 131.0.6778.70, setWindowRect: true, strictFileInteractability: false, timeouts: {implicit: 0, pageLoad: 300000, script: 30000}, unhandledPromptBehavior: dismiss and notify, webauthn:extension:credBlob: true, webauthn:extension:largeBlob: true, webauthn:extension:minPinLength: true, webauthn:extension:prf: true, webauthn:virtualAuthenticators: true}
Session ID: ab802fbfd8198bda3dd7c407a4251cac
	at org.openqa.selenium.remote.ErrorCodec.decode(ErrorCodec.java:167)
	at org.openqa.selenium.remote.codec.w3c.W3CHttpResponseCodec.decode(W3CHttpResponseCodec.java:138)
	at org.openqa.selenium.remote.codec.w3c.W3CHttpResponseCodec.decode(W3CHttpResponseCodec.java:50)
	at org.openqa.selenium.remote.HttpCommandExecutor.execute(HttpCommandExecutor.java:190)
	at org.openqa.selenium.remote.service.DriverCommandExecutor.invokeExecute(DriverCommandExecutor.java:216)
	at org.openqa.selenium.remote.service.DriverCommandExecutor.execute(DriverCommandExecutor.java:174)
	at org.openqa.selenium.remote.RemoteWebDriver.execute(RemoteWebDriver.java:518)
	at org.openqa.selenium.remote.ElementLocation$ElementFinder$2.findElement(ElementLocation.java:165)
	at org.openqa.selenium.remote.ElementLocation.findElement(ElementLocation.java:59)
	at org.openqa.selenium.remote.RemoteWebDriver.findElement(RemoteWebDriver.java:355)
	at org.openqa.selenium.remote.RemoteWebDriver.findElement(RemoteWebDriver.java:349)
	at org.openqa.selenium.support.ui.ExpectedConditions$6.apply(ExpectedConditions.java:171)
	at org.openqa.selenium.support.ui.ExpectedConditions$6.apply(ExpectedConditions.java:168)
	at org.openqa.selenium.support.ui.FluentWait.until(FluentWait.java:203)
	... 27 more
... Removed 28 stack frames</pre></div><a href='#' onClick='toggleBox("stack-trace776011197", this, "Click to show all stack frames", "Click to hide stack frames")'>Click to show all stack frames</a>
<div class='stack-trace' id='stack-trace776011197'><pre>org.openqa.selenium.TimeoutException: Expected condition failed: waiting for presence of element located by: By.xpath: //*[text()=&quot; Generate &quot;] (tried for 10 second(s) with 500 milliseconds interval)
	at org.openqa.selenium.support.ui.WebDriverWait.timeoutException(WebDriverWait.java:84)
	at org.openqa.selenium.support.ui.FluentWait.until(FluentWait.java:228)
	at PSf_Static_Report.PSF_Due_Analysis.Click_On_Service_Type_Wise(PSF_Due_Analysis.java:345)
	at java.base/jdk.internal.reflect.DirectMethodHandleAccessor.invoke(DirectMethodHandleAccessor.java:103)
	at java.base/java.lang.reflect.Method.invoke(Method.java:580)
	at org.testng.internal.MethodInvocationHelper.invokeMethod(MethodInvocationHelper.java:133)
	at org.testng.internal.TestInvoker.invokeMethod(TestInvoker.java:598)
	at org.testng.internal.TestInvoker.invokeTestMethod(TestInvoker.java:173)
	at org.testng.internal.MethodRunner.runInSequence(MethodRunner.java:46)
	at org.testng.internal.TestInvoker$MethodInvocationAgent.invoke(TestInvoker.java:824)
	at org.testng.internal.TestInvoker.invokeTestMethods(TestInvoker.java:146)
	at org.testng.internal.TestMethodWorker.invokeTestMethods(TestMethodWorker.java:146)
	at org.testng.internal.TestMethodWorker.run(TestMethodWorker.java:128)
	at java.base/java.util.ArrayList.forEach(ArrayList.java:1597)
	at org.testng.TestRunner.privateRun(TestRunner.java:794)
	at org.testng.TestRunner.run(TestRunner.java:596)
	at org.testng.SuiteRunner.runTest(SuiteRunner.java:377)
	at org.testng.SuiteRunner.runSequentially(SuiteRunner.java:371)
	at org.testng.SuiteRunner.privateRun(SuiteRunner.java:332)
	at org.testng.SuiteRunner.run(SuiteRunner.java:276)
	at org.testng.SuiteRunnerWorker.runSuite(SuiteRunnerWorker.java:53)
	at org.testng.SuiteRunnerWorker.run(SuiteRunnerWorker.java:96)
	at org.testng.TestNG.runSuitesSequentially(TestNG.java:1212)
	at org.testng.TestNG.runSuitesLocally(TestNG.java:1134)
	at org.testng.TestNG.runSuites(TestNG.java:1063)
	at org.testng.TestNG.run(TestNG.java:1031)
	at org.testng.remote.AbstractRemoteTestNG.run(AbstractRemoteTestNG.java:115)
	at org.testng.remote.RemoteTestNG.initAndRun(RemoteTestNG.java:293)
	at org.testng.remote.RemoteTestNG.main(RemoteTestNG.java:91)
Caused by: org.openqa.selenium.NoSuchElementException: no such element: Unable to locate element: {&quot;method&quot;:&quot;xpath&quot;,&quot;selector&quot;:&quot;//*[text()=&quot; Generate &quot;]&quot;}
  (Session info: chrome=131.0.6778.70)
For documentation on this error, please visit: https://www.selenium.dev/documentation/webdriver/troubleshooting/errors#no-such-element-exception
Build info: version: &apos;4.21.0&apos;, revision: &apos;79ed462ef4&apos;
System info: os.name: &apos;Windows 11&apos;, os.arch: &apos;amd64&apos;, os.version: &apos;10.0&apos;, java.version: &apos;22.0.1&apos;
Driver info: org.openqa.selenium.chrome.ChromeDriver
Command: [ab802fbfd8198bda3dd7c407a4251cac, findElement {value=//*[text()=&quot; Generate &quot;], using=xpath}]
Capabilities {acceptInsecureCerts: false, browserName: chrome, browserVersion: 131.0.6778.70, chrome: {chromedriverVersion: 131.0.6778.69 (77e2244bbcda..., userDataDir: C:\WINDOWS\TEMP\scoped_dir1...}, fedcm:accounts: true, goog:chromeOptions: {debuggerAddress: localhost:56508}, networkConnectionEnabled: false, pageLoadStrategy: normal, platformName: windows, proxy: Proxy(), se:cdp: ws://localhost:56508/devtoo..., se:cdpVersion: 131.0.6778.70, setWindowRect: true, strictFileInteractability: false, timeouts: {implicit: 0, pageLoad: 300000, script: 30000}, unhandledPromptBehavior: dismiss and notify, webauthn:extension:credBlob: true, webauthn:extension:largeBlob: true, webauthn:extension:minPinLength: true, webauthn:extension:prf: true, webauthn:virtualAuthenticators: true}
Session ID: ab802fbfd8198bda3dd7c407a4251cac
	at java.base/jdk.internal.reflect.DirectConstructorHandleAccessor.newInstance(DirectConstructorHandleAccessor.java:62)
	at java.base/java.lang.reflect.Constructor.newInstanceWithCaller(Constructor.java:502)
	at java.base/java.lang.reflect.Constructor.newInstance(Constructor.java:486)
	at org.openqa.selenium.remote.ErrorCodec.decode(ErrorCodec.java:167)
	at org.openqa.selenium.remote.codec.w3c.W3CHttpResponseCodec.decode(W3CHttpResponseCodec.java:138)
	at org.openqa.selenium.remote.codec.w3c.W3CHttpResponseCodec.decode(W3CHttpResponseCodec.java:50)
	at org.openqa.selenium.remote.HttpCommandExecutor.execute(HttpCommandExecutor.java:190)
	at org.openqa.selenium.remote.service.DriverCommandExecutor.invokeExecute(DriverCommandExecutor.java:216)
	at org.openqa.selenium.remote.service.DriverCommandExecutor.execute(DriverCommandExecutor.java:174)
	at org.openqa.selenium.remote.RemoteWebDriver.execute(RemoteWebDriver.java:518)
	at org.openqa.selenium.remote.ElementLocation$ElementFinder$2.findElement(ElementLocation.java:165)
	at org.openqa.selenium.remote.ElementLocation.findElement(ElementLocation.java:59)
	at org.openqa.selenium.remote.RemoteWebDriver.findElement(RemoteWebDriver.java:355)
	at org.openqa.selenium.remote.RemoteWebDriver.findElement(RemoteWebDriver.java:349)
	at org.openqa.selenium.support.ui.ExpectedConditions$6.apply(ExpectedConditions.java:171)
	at org.openqa.selenium.support.ui.ExpectedConditions$6.apply(ExpectedConditions.java:168)
	at org.openqa.selenium.support.ui.FluentWait.until(FluentWait.java:203)
	... 27 more
</pre></div></td>
<td>18</td>
<td>PSf_Static_Report.PSF_Due_Analysis@1f9f6368</td></tr>
<tr>
<td title='PSf_Static_Report.Prelimnary_NPS_report.Click_On_Service_Type_Wise()'><b>Click_On_Service_Type_Wise</b><br>Test class: PSf_Static_Report.Prelimnary_NPS_report</td>
<td><div><pre>java.lang.AssertionError: No Data Found for Service_Type_Wise Tab In Premilinary_NPS_Report For input string: &quot;0 %&quot;
	at PSf_Static_Report.Prelimnary_NPS_report.Click_On_Service_Type_Wise(Prelimnary_NPS_report.java:284)
	at java.base/java.util.ArrayList.forEach(ArrayList.java:1597)
... Removed 26 stack frames</pre></div><a href='#' onClick='toggleBox("stack-trace1266224518", this, "Click to show all stack frames", "Click to hide stack frames")'>Click to show all stack frames</a>
<div class='stack-trace' id='stack-trace1266224518'><pre>java.lang.AssertionError: No Data Found for Service_Type_Wise Tab In Premilinary_NPS_Report For input string: &quot;0 %&quot;
	at org.testng.Assert.fail(Assert.java:99)
	at PSf_Static_Report.Prelimnary_NPS_report.Click_On_Service_Type_Wise(Prelimnary_NPS_report.java:284)
	at java.base/jdk.internal.reflect.DirectMethodHandleAccessor.invoke(DirectMethodHandleAccessor.java:103)
	at java.base/java.lang.reflect.Method.invoke(Method.java:580)
	at org.testng.internal.MethodInvocationHelper.invokeMethod(MethodInvocationHelper.java:133)
	at org.testng.internal.TestInvoker.invokeMethod(TestInvoker.java:598)
	at org.testng.internal.TestInvoker.invokeTestMethod(TestInvoker.java:173)
	at org.testng.internal.MethodRunner.runInSequence(MethodRunner.java:46)
	at org.testng.internal.TestInvoker$MethodInvocationAgent.invoke(TestInvoker.java:824)
	at org.testng.internal.TestInvoker.invokeTestMethods(TestInvoker.java:146)
	at org.testng.internal.TestMethodWorker.invokeTestMethods(TestMethodWorker.java:146)
	at org.testng.internal.TestMethodWorker.run(TestMethodWorker.java:128)
	at java.base/java.util.ArrayList.forEach(ArrayList.java:1597)
	at org.testng.TestRunner.privateRun(TestRunner.java:794)
	at org.testng.TestRunner.run(TestRunner.java:596)
	at org.testng.SuiteRunner.runTest(SuiteRunner.java:377)
	at org.testng.SuiteRunner.runSequentially(SuiteRunner.java:371)
	at org.testng.SuiteRunner.privateRun(SuiteRunner.java:332)
	at org.testng.SuiteRunner.run(SuiteRunner.java:276)
	at org.testng.SuiteRunnerWorker.runSuite(SuiteRunnerWorker.java:53)
	at org.testng.SuiteRunnerWorker.run(SuiteRunnerWorker.java:96)
	at org.testng.TestNG.runSuitesSequentially(TestNG.java:1212)
	at org.testng.TestNG.runSuitesLocally(TestNG.java:1134)
	at org.testng.TestNG.runSuites(TestNG.java:1063)
	at org.testng.TestNG.run(TestNG.java:1031)
	at org.testng.remote.AbstractRemoteTestNG.run(AbstractRemoteTestNG.java:115)
	at org.testng.remote.RemoteTestNG.initAndRun(RemoteTestNG.java:293)
	at org.testng.remote.RemoteTestNG.main(RemoteTestNG.java:91)
</pre></div></td>
<td>24</td>
<td>PSf_Static_Report.Prelimnary_NPS_report@1b66c0fb</td></tr>
</table><p>
<table width='100%' border='1' class='invocation-passed'>
<tr><td colspan='4' align='center'><b>PASSED TESTS</b></td></tr>
<tr><td><b>Test method</b></td>
<td width="30%"><b>Exception</b></td>
<td width="10%"><b>Time (seconds)</b></td>
<td><b>Instance</b></td>
</tr>
<tr>
<td title='PSf_Static_Report.Psf_All_Fillter_Check.removeFilterCheck2()'><b>removeFilterCheck2</b><br>Test class: PSf_Static_Report.Psf_All_Fillter_Check</td>
<td></td>
<td>0</td>
<td>PSf_Static_Report.Psf_All_Fillter_Check@1c9b0314</td></tr>
<tr>
<td title='PSf_Static_Report.Wrong_Number.Password()'><b>Password</b><br>Test class: PSf_Static_Report.Wrong_Number</td>
<td></td>
<td>1</td>
<td>PSf_Static_Report.Wrong_Number@1224144a</td></tr>
<tr>
<td title='PSf_Static_Report.Psf_Service_Rating_Select_Poor.Upload_file()'><b>Upload_file</b><br>Test class: PSf_Static_Report.Psf_Service_Rating_Select_Poor</td>
<td></td>
<td>9</td>
<td>PSf_Static_Report.Psf_Service_Rating_Select_Poor@9816741</td></tr>
<tr>
<td title='PSf_Static_Report.Allocation_Rule_Log.Username()'><b>Username</b><br>Test class: PSf_Static_Report.Allocation_Rule_Log</td>
<td></td>
<td>1</td>
<td>PSf_Static_Report.Allocation_Rule_Log@1df8da7a</td></tr>
<tr>
<td title='PSf_Static_Report.PSF_Service_Rating__Very_Good.Remove_PouP()'><b>Remove_PouP</b><br>Test class: PSf_Static_Report.PSF_Service_Rating__Very_Good</td>
<td></td>
<td>1</td>
<td>PSf_Static_Report.PSF_Service_Rating__Very_Good@29f7cefd</td></tr>
<tr>
<td title='PSf_Static_Report.Psf_All_Fillter_Check.Password()'><b>Password</b><br>Test class: PSf_Static_Report.Psf_All_Fillter_Check</td>
<td></td>
<td>1</td>
<td>PSf_Static_Report.Psf_All_Fillter_Check@1c9b0314</td></tr>
<tr>
<td title='PSf_Static_Report.PSF_No_Raise_A_Complaint_Of_service_Rating.Click_On_PSF()'><b>Click_On_PSF</b><br>Test class: PSf_Static_Report.PSF_No_Raise_A_Complaint_Of_service_Rating</td>
<td></td>
<td>41</td>
<td>PSf_Static_Report.PSF_No_Raise_A_Complaint_Of_service_Rating@f58853c</td></tr>
<tr>
<td title='PSf_Static_Report.Allocation_Rule_Log.Password()'><b>Password</b><br>Test class: PSf_Static_Report.Allocation_Rule_Log</td>
<td></td>
<td>1</td>
<td>PSf_Static_Report.Allocation_Rule_Log@1df8da7a</td></tr>
<tr>
<td title='PSf_Static_Report.Psf_Service_Rating_Select_Average.Click__On_InProgress_To_Update_Complaint_Status()'><b>Click__On_InProgress_To_Update_Complaint_Status</b><br>Test class: PSf_Static_Report.Psf_Service_Rating_Select_Average</td>
<td></td>
<td>24</td>
<td>PSf_Static_Report.Psf_Service_Rating_Select_Average@3b35a229</td></tr>
<tr>
<td title='PSf_Static_Report.Call_me_Later_for_Service_Rating.Remove_PouP()'><b>Remove_PouP</b><br>Test class: PSf_Static_Report.Call_me_Later_for_Service_Rating</td>
<td></td>
<td>1</td>
<td>PSf_Static_Report.Call_me_Later_for_Service_Rating@45385f75</td></tr>
<tr>
<td title='PSf_Static_Report.Call_Me_Later.Password()'><b>Password</b><br>Test class: PSf_Static_Report.Call_Me_Later</td>
<td></td>
<td>1</td>
<td>PSf_Static_Report.Call_Me_Later@49c90a9c</td></tr>
<tr>
<td title='PSf_Static_Report.Call_me_Later_for_Service_Rating.Username()'><b>Username</b><br>Test class: PSf_Static_Report.Call_me_Later_for_Service_Rating</td>
<td></td>
<td>1</td>
<td>PSf_Static_Report.Call_me_Later_for_Service_Rating@45385f75</td></tr>
<tr>
<td title='PSf_Static_Report.Allocation_Rule_Log.Data_Check_Of_Allocation_Rule_Log()'><b>Data_Check_Of_Allocation_Rule_Log</b><br>Test class: PSf_Static_Report.Allocation_Rule_Log</td>
<td></td>
<td>0</td>
<td>PSf_Static_Report.Allocation_Rule_Log@1df8da7a</td></tr>
<tr>
<td title='PSf_Static_Report.Allocation_Rule_Log.Click_On_Static_Reports()'><b>Click_On_Static_Reports</b><br>Test class: PSf_Static_Report.Allocation_Rule_Log</td>
<td></td>
<td>1</td>
<td>PSf_Static_Report.Allocation_Rule_Log@1df8da7a</td></tr>
<tr>
<td title='PSf_Static_Report.Psf_All_Fillter_Check.removeFilterCheck5()'><b>removeFilterCheck5</b><br>Test class: PSf_Static_Report.Psf_All_Fillter_Check</td>
<td></td>
<td>0</td>
<td>PSf_Static_Report.Psf_All_Fillter_Check@1c9b0314</td></tr>
<tr>
<td title='PSf_Static_Report.PSF_No_Raise_A_Complaint_Of_service_Rating.Customer_Will_Be_Available_In_Closed_Complaints()'><b>Customer_Will_Be_Available_In_Closed_Complaints</b><br>Test class: PSf_Static_Report.PSF_No_Raise_A_Complaint_Of_service_Rating</td>
<td></td>
<td>6</td>
<td>PSf_Static_Report.PSF_No_Raise_A_Complaint_Of_service_Rating@f58853c</td></tr>
<tr>
<td title='PSf_Static_Report.Psf_Service_Rating_Select_Average.Click_On_PSF()'><b>Click_On_PSF</b><br>Test class: PSf_Static_Report.Psf_Service_Rating_Select_Average</td>
<td></td>
<td>22</td>
<td>PSf_Static_Report.Psf_Service_Rating_Select_Average@3b35a229</td></tr>
<tr>
<td title='PSf_Static_Report.Psf_All_Fillter_Check.Username()'><b>Username</b><br>Test class: PSf_Static_Report.Psf_All_Fillter_Check</td>
<td></td>
<td>1</td>
<td>PSf_Static_Report.Psf_All_Fillter_Check@1c9b0314</td></tr>
<tr>
<td title='PSf_Static_Report.Complaint_Report.Password()'><b>Password</b><br>Test class: PSf_Static_Report.Complaint_Report</td>
<td></td>
<td>1</td>
<td>PSf_Static_Report.Complaint_Report@23941fb4</td></tr>
<tr>
<td title='PSf_Static_Report.Complaint_Report.Click_On_PSF()'><b>Click_On_PSF</b><br>Test class: PSf_Static_Report.Complaint_Report</td>
<td></td>
<td>39</td>
<td>PSf_Static_Report.Complaint_Report@23941fb4</td></tr>
<tr>
<td title='PSf_Static_Report.Call_me_Later_for_Service_Rating.Captcha()'><b>Captcha</b><br>Test class: PSf_Static_Report.Call_me_Later_for_Service_Rating</td>
<td></td>
<td>2</td>
<td>PSf_Static_Report.Call_me_Later_for_Service_Rating@45385f75</td></tr>
<tr>
<td title='PSf_Static_Report.Call_me_Later_for_Service_Rating.PSF_Calibration_Due()'><b>PSF_Calibration_Due</b><br>Test class: PSf_Static_Report.Call_me_Later_for_Service_Rating</td>
<td></td>
<td>41</td>
<td>PSf_Static_Report.Call_me_Later_for_Service_Rating@45385f75</td></tr>
<tr>
<td title='PSf_Static_Report.Prelimnary_NPS_report.Password()'><b>Password</b><br>Test class: PSf_Static_Report.Prelimnary_NPS_report</td>
<td></td>
<td>1</td>
<td>PSf_Static_Report.Prelimnary_NPS_report@1b66c0fb</td></tr>
<tr>
<td title='PSf_Static_Report.Psf_Service_Rating_Select_Good.Captcha()'><b>Captcha</b><br>Test class: PSf_Static_Report.Psf_Service_Rating_Select_Good</td>
<td></td>
<td>2</td>
<td>PSf_Static_Report.Psf_Service_Rating_Select_Good@700fb871</td></tr>
<tr>
<td title='PSf_Static_Report.PRF_Report.SUBMIT_Button()'><b>SUBMIT_Button</b><br>Test class: PSf_Static_Report.PRF_Report</td>
<td></td>
<td>2</td>
<td>PSf_Static_Report.PRF_Report@660acfb</td></tr>
<tr>
<td title='PSf_Static_Report.PSF_Customer_satisfied_With_service_Rating.Click_On_PSF()'><b>Click_On_PSF</b><br>Test class: PSf_Static_Report.PSF_Customer_satisfied_With_service_Rating</td>
<td></td>
<td>44</td>
<td>PSf_Static_Report.PSF_Customer_satisfied_With_service_Rating@6f36c2f0</td></tr>
<tr>
<td title='PSf_Static_Report.Not_Intrested_In_Providing_Feedback.Remove_PouP()'><b>Remove_PouP</b><br>Test class: PSf_Static_Report.Not_Intrested_In_Providing_Feedback</td>
<td></td>
<td>1</td>
<td>PSf_Static_Report.Not_Intrested_In_Providing_Feedback@2d29b4ee</td></tr>
<tr>
<td title='PSf_Static_Report.Psf_Service_Rating_Select_Poor.Click_On_PSF()'><b>Click_On_PSF</b><br>Test class: PSf_Static_Report.Psf_Service_Rating_Select_Poor</td>
<td></td>
<td>23</td>
<td>PSf_Static_Report.Psf_Service_Rating_Select_Poor@9816741</td></tr>
<tr>
<td title='PSf_Static_Report.PSF_Due_Analysis.Username()'><b>Username</b><br>Test class: PSf_Static_Report.PSF_Due_Analysis</td>
<td></td>
<td>1</td>
<td>PSf_Static_Report.PSF_Due_Analysis@1f9f6368</td></tr>
<tr>
<td title='PSf_Static_Report.PSF_Calibration_Report.Captcha()'><b>Captcha</b><br>Test class: PSf_Static_Report.PSF_Calibration_Report</td>
<td></td>
<td>2</td>
<td>PSf_Static_Report.PSF_Calibration_Report@5efa40fe</td></tr>
<tr>
<td title='PSf_Static_Report.Psf_All_Fillter_Check.Click_On_Refresh()'><b>Click_On_Refresh</b><br>Test class: PSf_Static_Report.Psf_All_Fillter_Check</td>
<td></td>
<td>18</td>
<td>PSf_Static_Report.Psf_All_Fillter_Check@1c9b0314</td></tr>
<tr>
<td title='PSf_Static_Report.PSF_Due_Analysis.Remove_PouP()'><b>Remove_PouP</b><br>Test class: PSf_Static_Report.PSF_Due_Analysis</td>
<td></td>
<td>1</td>
<td>PSf_Static_Report.PSF_Due_Analysis@1f9f6368</td></tr>
<tr>
<td title='PSf_Static_Report.PSF_Last_Attempt_Report.SUBMIT_Button()'><b>SUBMIT_Button</b><br>Test class: PSf_Static_Report.PSF_Last_Attempt_Report</td>
<td></td>
<td>2</td>
<td>PSf_Static_Report.PSF_Last_Attempt_Report@7486b455</td></tr>
<tr>
<td title='PSf_Static_Report.Psf_Service_Rating_Select_Good.Password()'><b>Password</b><br>Test class: PSf_Static_Report.Psf_Service_Rating_Select_Good</td>
<td></td>
<td>1</td>
<td>PSf_Static_Report.Psf_Service_Rating_Select_Good@700fb871</td></tr>
<tr>
<td title='PSf_Static_Report.PSF_No_Raise_A_Complaint_Of_service_Rating.Click_On_Total_Due_Psf()'><b>Click_On_Total_Due_Psf</b><br>Test class: PSf_Static_Report.PSF_No_Raise_A_Complaint_Of_service_Rating</td>
<td></td>
<td>0</td>
<td>PSf_Static_Report.PSF_No_Raise_A_Complaint_Of_service_Rating@f58853c</td></tr>
<tr>
<td title='PSf_Static_Report.Number_Busy_of_Service_Rating.Remove_PouP()'><b>Remove_PouP</b><br>Test class: PSf_Static_Report.Number_Busy_of_Service_Rating</td>
<td></td>
<td>1</td>
<td>PSf_Static_Report.Number_Busy_of_Service_Rating@6e2aa843</td></tr>
<tr>
<td title='PSf_Static_Report.Not_Intrested_In_Providing_Feedback.Click_On_PSF()'><b>Click_On_PSF</b><br>Test class: PSf_Static_Report.Not_Intrested_In_Providing_Feedback</td>
<td></td>
<td>47</td>
<td>PSf_Static_Report.Not_Intrested_In_Providing_Feedback@2d29b4ee</td></tr>
<tr>
<td title='PSf_Static_Report.Not_Intrested_In_Providing_Feedback.SUBMIT_Button()'><b>SUBMIT_Button</b><br>Test class: PSf_Static_Report.Not_Intrested_In_Providing_Feedback</td>
<td></td>
<td>2</td>
<td>PSf_Static_Report.Not_Intrested_In_Providing_Feedback@2d29b4ee</td></tr>
<tr>
<td title='PSf_Static_Report.PSF_Calibration_Report.Username()'><b>Username</b><br>Test class: PSf_Static_Report.PSF_Calibration_Report</td>
<td></td>
<td>1</td>
<td>PSf_Static_Report.PSF_Calibration_Report@5efa40fe</td></tr>
<tr>
<td title='PSf_Static_Report.Number_Busy_of_Service_Rating.PSF_Calibration_Due()'><b>PSF_Calibration_Due</b><br>Test class: PSf_Static_Report.Number_Busy_of_Service_Rating</td>
<td></td>
<td>41</td>
<td>PSf_Static_Report.Number_Busy_of_Service_Rating@6e2aa843</td></tr>
<tr>
<td title='PSf_Static_Report.Not_Intrested_In_Providing_Feedback.Captcha()'><b>Captcha</b><br>Test class: PSf_Static_Report.Not_Intrested_In_Providing_Feedback</td>
<td></td>
<td>2</td>
<td>PSf_Static_Report.Not_Intrested_In_Providing_Feedback@2d29b4ee</td></tr>
<tr>
<td title='PSf_Static_Report.PSF_Customer_satisfied_With_service_Rating.Click_On_Total_Due_Psf()'><b>Click_On_Total_Due_Psf</b><br>Test class: PSf_Static_Report.PSF_Customer_satisfied_With_service_Rating</td>
<td></td>
<td>0</td>
<td>PSf_Static_Report.PSF_Customer_satisfied_With_service_Rating@6f36c2f0</td></tr>
<tr>
<td title='PSf_Static_Report.PSF_Due_Analysis.Click_On_PSF_Due_Analysis_Report()'><b>Click_On_PSF_Due_Analysis_Report</b><br>Test class: PSf_Static_Report.PSF_Due_Analysis</td>
<td></td>
<td>3</td>
<td>PSf_Static_Report.PSF_Due_Analysis@1f9f6368</td></tr>
<tr>
<td title='PSf_Static_Report.Allocation_Rule_Log.Click_On_Allocation_Rule_Log()'><b>Click_On_Allocation_Rule_Log</b><br>Test class: PSf_Static_Report.Allocation_Rule_Log</td>
<td></td>
<td>5</td>
<td>PSf_Static_Report.Allocation_Rule_Log@1df8da7a</td></tr>
<tr>
<td title='PSf_Static_Report.PRF_Report.Username()'><b>Username</b><br>Test class: PSf_Static_Report.PRF_Report</td>
<td></td>
<td>1</td>
<td>PSf_Static_Report.PRF_Report@660acfb</td></tr>
<tr>
<td title='PSf_Static_Report.PRF_Report.Captcha()'><b>Captcha</b><br>Test class: PSf_Static_Report.PRF_Report</td>
<td></td>
<td>2</td>
<td>PSf_Static_Report.PRF_Report@660acfb</td></tr>
<tr>
<td title='PSf_Static_Report.Psf_Service_Rating_Select_Poor.Remove_PouP()'><b>Remove_PouP</b><br>Test class: PSf_Static_Report.Psf_Service_Rating_Select_Poor</td>
<td></td>
<td>1</td>
<td>PSf_Static_Report.Psf_Service_Rating_Select_Poor@9816741</td></tr>
<tr>
<td title='PSf_Static_Report.Psf_Service_Rating_Select_Average.Check_Call_Dispostion_Service_Rating__Average()'><b>Check_Call_Dispostion_Service_Rating__Average</b><br>Test class: PSf_Static_Report.Psf_Service_Rating_Select_Average</td>
<td></td>
<td>43</td>
<td>PSf_Static_Report.Psf_Service_Rating_Select_Average@3b35a229</td></tr>
<tr>
<td title='PSf_Static_Report.PSF_Customer_satisfied_With_service_Rating.Captcha()'><b>Captcha</b><br>Test class: PSf_Static_Report.PSF_Customer_satisfied_With_service_Rating</td>
<td></td>
<td>2</td>
<td>PSf_Static_Report.PSF_Customer_satisfied_With_service_Rating@6f36c2f0</td></tr>
<tr>
<td title='PSf_Static_Report.PSF_Last_Attempt_Report.Password()'><b>Password</b><br>Test class: PSf_Static_Report.PSF_Last_Attempt_Report</td>
<td></td>
<td>1</td>
<td>PSf_Static_Report.PSF_Last_Attempt_Report@7486b455</td></tr>
<tr>
<td title='PSf_Static_Report.PSF_Service_Rating__Very_Good.SUBMIT_Button()'><b>SUBMIT_Button</b><br>Test class: PSf_Static_Report.PSF_Service_Rating__Very_Good</td>
<td></td>
<td>2</td>
<td>PSf_Static_Report.PSF_Service_Rating__Very_Good@29f7cefd</td></tr>
<tr>
<td title='PSf_Static_Report.Psf_All_Fillter_Check.SUBMIT_Button()'><b>SUBMIT_Button</b><br>Test class: PSf_Static_Report.Psf_All_Fillter_Check</td>
<td></td>
<td>2</td>
<td>PSf_Static_Report.Psf_All_Fillter_Check@1c9b0314</td></tr>
<tr>
<td title='PSf_Static_Report.PRF_Report.Click_On_PRF_Report()'><b>Click_On_PRF_Report</b><br>Test class: PSf_Static_Report.PRF_Report</td>
<td></td>
<td>5</td>
<td>PSf_Static_Report.PRF_Report@660acfb</td></tr>
<tr>
<td title='PSf_Static_Report.Number_Busy_of_Service_Rating.Password()'><b>Password</b><br>Test class: PSf_Static_Report.Number_Busy_of_Service_Rating</td>
<td></td>
<td>1</td>
<td>PSf_Static_Report.Number_Busy_of_Service_Rating@6e2aa843</td></tr>
<tr>
<td title='PSf_Static_Report.Call_Me_Later.Remove_PouP()'><b>Remove_PouP</b><br>Test class: PSf_Static_Report.Call_Me_Later</td>
<td></td>
<td>1</td>
<td>PSf_Static_Report.Call_Me_Later@49c90a9c</td></tr>
<tr>
<td title='PSf_Static_Report.Prelimnary_NPS_report.SUBMIT_Button()'><b>SUBMIT_Button</b><br>Test class: PSf_Static_Report.Prelimnary_NPS_report</td>
<td></td>
<td>2</td>
<td>PSf_Static_Report.Prelimnary_NPS_report@1b66c0fb</td></tr>
<tr>
<td title='PSf_Static_Report.Prelimnary_NPS_report.Click_On_Static_Reports()'><b>Click_On_Static_Reports</b><br>Test class: PSf_Static_Report.Prelimnary_NPS_report</td>
<td></td>
<td>1</td>
<td>PSf_Static_Report.Prelimnary_NPS_report@1b66c0fb</td></tr>
<tr>
<td title='PSf_Static_Report.Psf_Service_Rating_Select_Poor.Customer_Will_Be_Available_In_Resolved_Complaints()'><b>Customer_Will_Be_Available_In_Resolved_Complaints</b><br>Test class: PSf_Static_Report.Psf_Service_Rating_Select_Poor</td>
<td></td>
<td>20</td>
<td>PSf_Static_Report.Psf_Service_Rating_Select_Poor@9816741</td></tr>
<tr>
<td title='PSf_Static_Report.PSF_Calibration_Report.Remove_PouP()'><b>Remove_PouP</b><br>Test class: PSf_Static_Report.PSF_Calibration_Report</td>
<td></td>
<td>1</td>
<td>PSf_Static_Report.PSF_Calibration_Report@5efa40fe</td></tr>
<tr>
<td title='PSf_Static_Report.Call_me_Later_for_Service_Rating.SUBMIT_Button()'><b>SUBMIT_Button</b><br>Test class: PSf_Static_Report.Call_me_Later_for_Service_Rating</td>
<td></td>
<td>2</td>
<td>PSf_Static_Report.Call_me_Later_for_Service_Rating@45385f75</td></tr>
<tr>
<td title='PSf_Static_Report.PSF_Service_Rating__Very_Good.Click_On_PSF()'><b>Click_On_PSF</b><br>Test class: PSf_Static_Report.PSF_Service_Rating__Very_Good</td>
<td></td>
<td>46</td>
<td>PSf_Static_Report.PSF_Service_Rating__Very_Good@29f7cefd</td></tr>
<tr>
<td title='PSf_Static_Report.Wrong_Number.PSF_Calibration_Due()'><b>PSF_Calibration_Due</b><br>Test class: PSf_Static_Report.Wrong_Number</td>
<td></td>
<td>40</td>
<td>PSf_Static_Report.Wrong_Number@1224144a</td></tr>
<tr>
<td title='PSf_Static_Report.PSF_Customer_satisfied_With_service_Rating.Check_Call_Dispostion_Service_Rating_Excellent()'><b>Check_Call_Dispostion_Service_Rating_Excellent</b><br>Test class: PSf_Static_Report.PSF_Customer_satisfied_With_service_Rating</td>
<td></td>
<td>61</td>
<td>PSf_Static_Report.PSF_Customer_satisfied_With_service_Rating@6f36c2f0</td></tr>
<tr>
<td title='PSf_Static_Report.PSF_Due_Analysis.Password()'><b>Password</b><br>Test class: PSf_Static_Report.PSF_Due_Analysis</td>
<td></td>
<td>1</td>
<td>PSf_Static_Report.PSF_Due_Analysis@1f9f6368</td></tr>
<tr>
<td title='PSf_Static_Report.Not_Intrested_In_Providing_Feedback.Password()'><b>Password</b><br>Test class: PSf_Static_Report.Not_Intrested_In_Providing_Feedback</td>
<td></td>
<td>1</td>
<td>PSf_Static_Report.Not_Intrested_In_Providing_Feedback@2d29b4ee</td></tr>
<tr>
<td title='PSf_Static_Report.Psf_Service_Rating_Select_Good.Remove_PouP()'><b>Remove_PouP</b><br>Test class: PSf_Static_Report.Psf_Service_Rating_Select_Good</td>
<td></td>
<td>1</td>
<td>PSf_Static_Report.Psf_Service_Rating_Select_Good@700fb871</td></tr>
<tr>
<td title='PSf_Static_Report.Complaint_Report.Captcha()'><b>Captcha</b><br>Test class: PSf_Static_Report.Complaint_Report</td>
<td></td>
<td>2</td>
<td>PSf_Static_Report.Complaint_Report@23941fb4</td></tr>
<tr>
<td title='PSf_Static_Report.Call_Me_Later.Username()'><b>Username</b><br>Test class: PSf_Static_Report.Call_Me_Later</td>
<td></td>
<td>1</td>
<td>PSf_Static_Report.Call_Me_Later@49c90a9c</td></tr>
<tr>
<td title='PSf_Static_Report.Psf_Service_Rating_Select_Average.Click_On_Total_Due_Psf()'><b>Click_On_Total_Due_Psf</b><br>Test class: PSf_Static_Report.Psf_Service_Rating_Select_Average</td>
<td></td>
<td>0</td>
<td>PSf_Static_Report.Psf_Service_Rating_Select_Average@3b35a229</td></tr>
<tr>
<td title='PSf_Static_Report.Wrong_Number.Remove_PouP()'><b>Remove_PouP</b><br>Test class: PSf_Static_Report.Wrong_Number</td>
<td></td>
<td>1</td>
<td>PSf_Static_Report.Wrong_Number@1224144a</td></tr>
<tr>
<td title='PSf_Static_Report.Complaint_Report.Click_On_Complaint_Report()'><b>Click_On_Complaint_Report</b><br>Test class: PSf_Static_Report.Complaint_Report</td>
<td></td>
<td>5</td>
<td>PSf_Static_Report.Complaint_Report@23941fb4</td></tr>
<tr>
<td title='PSf_Static_Report.Call_Me_Later.CAll_Me_Later()'><b>CAll_Me_Later</b><br>Test class: PSf_Static_Report.Call_Me_Later</td>
<td></td>
<td>53</td>
<td>PSf_Static_Report.Call_Me_Later@49c90a9c</td></tr>
<tr>
<td title='PSf_Static_Report.PSF_Service_Rating__Very_Good.Check_Yes_Customer_Is_Satisfied()'><b>Check_Yes_Customer_Is_Satisfied</b><br>Test class: PSf_Static_Report.PSF_Service_Rating__Very_Good</td>
<td></td>
<td>27</td>
<td>PSf_Static_Report.PSF_Service_Rating__Very_Good@29f7cefd</td></tr>
<tr>
<td title='PSf_Static_Report.Complaint_Report.Username()'><b>Username</b><br>Test class: PSf_Static_Report.Complaint_Report</td>
<td></td>
<td>1</td>
<td>PSf_Static_Report.Complaint_Report@23941fb4</td></tr>
<tr>
<td title='PSf_Static_Report.Not_Intrested_In_Providing_Feedback.PSF_Calibration_Due()'><b>PSF_Calibration_Due</b><br>Test class: PSf_Static_Report.Not_Intrested_In_Providing_Feedback</td>
<td></td>
<td>67</td>
<td>PSf_Static_Report.Not_Intrested_In_Providing_Feedback@2d29b4ee</td></tr>
<tr>
<td title='PSf_Static_Report.PSF_Customer_satisfied_With_service_Rating.Password()'><b>Password</b><br>Test class: PSf_Static_Report.PSF_Customer_satisfied_With_service_Rating</td>
<td></td>
<td>1</td>
<td>PSf_Static_Report.PSF_Customer_satisfied_With_service_Rating@6f36c2f0</td></tr>
<tr>
<td title='PSf_Static_Report.PRF_Report.Password()'><b>Password</b><br>Test class: PSf_Static_Report.PRF_Report</td>
<td></td>
<td>1</td>
<td>PSf_Static_Report.PRF_Report@660acfb</td></tr>
<tr>
<td title='PSf_Static_Report.Psf_All_Fillter_Check.Fillters_check()'><b>Fillters_check</b><br>Test class: PSf_Static_Report.Psf_All_Fillter_Check</td>
<td></td>
<td>6</td>
<td>PSf_Static_Report.Psf_All_Fillter_Check@1c9b0314</td></tr>
<tr>
<td title='PSf_Static_Report.PRF_Report.Click_On_Static_Reports()'><b>Click_On_Static_Reports</b><br>Test class: PSf_Static_Report.PRF_Report</td>
<td></td>
<td>1</td>
<td>PSf_Static_Report.PRF_Report@660acfb</td></tr>
<tr>
<td title='PSf_Static_Report.Not_Picked_Up_of_Service_Rating.PSF_Calibration_Due()'><b>PSF_Calibration_Due</b><br>Test class: PSf_Static_Report.Not_Picked_Up_of_Service_Rating</td>
<td></td>
<td>41</td>
<td>PSf_Static_Report.Not_Picked_Up_of_Service_Rating@69ee81fc</td></tr>
<tr>
<td title='PSf_Static_Report.PRF_Report.Click_On_PSF()'><b>Click_On_PSF</b><br>Test class: PSf_Static_Report.PRF_Report</td>
<td></td>
<td>44</td>
<td>PSf_Static_Report.PRF_Report@660acfb</td></tr>
<tr>
<td title='PSf_Static_Report.PSF_No_Raise_A_Complaint_Of_service_Rating.Password()'><b>Password</b><br>Test class: PSf_Static_Report.PSF_No_Raise_A_Complaint_Of_service_Rating</td>
<td></td>
<td>1</td>
<td>PSf_Static_Report.PSF_No_Raise_A_Complaint_Of_service_Rating@f58853c</td></tr>
<tr>
<td title='PSf_Static_Report.Psf_Service_Rating_Select_Good.SUBMIT_Button()'><b>SUBMIT_Button</b><br>Test class: PSf_Static_Report.Psf_Service_Rating_Select_Good</td>
<td></td>
<td>2</td>
<td>PSf_Static_Report.Psf_Service_Rating_Select_Good@700fb871</td></tr>
<tr>
<td title='PSf_Static_Report.Psf_All_Fillter_Check.Click_On_PSF()'><b>Click_On_PSF</b><br>Test class: PSf_Static_Report.Psf_All_Fillter_Check</td>
<td></td>
<td>44</td>
<td>PSf_Static_Report.Psf_All_Fillter_Check@1c9b0314</td></tr>
<tr>
<td title='PSf_Static_Report.Call_Me_Later.Click_On_PSF()'><b>Click_On_PSF</b><br>Test class: PSf_Static_Report.Call_Me_Later</td>
<td></td>
<td>21</td>
<td>PSf_Static_Report.Call_Me_Later@49c90a9c</td></tr>
<tr>
<td title='PSf_Static_Report.Psf_All_Fillter_Check.Service_Advisor_Name_Fillter()'><b>Service_Advisor_Name_Fillter</b><br>Test class: PSf_Static_Report.Psf_All_Fillter_Check</td>
<td></td>
<td>3</td>
<td>PSf_Static_Report.Psf_All_Fillter_Check@1c9b0314</td></tr>
<tr>
<td title='PSf_Static_Report.Psf_Service_Rating_Select_Poor.SUBMIT_Button()'><b>SUBMIT_Button</b><br>Test class: PSf_Static_Report.Psf_Service_Rating_Select_Poor</td>
<td></td>
<td>2</td>
<td>PSf_Static_Report.Psf_Service_Rating_Select_Poor@9816741</td></tr>
<tr>
<td title='PSf_Static_Report.PSF_No_Raise_A_Complaint_Of_service_Rating.Captcha()'><b>Captcha</b><br>Test class: PSf_Static_Report.PSF_No_Raise_A_Complaint_Of_service_Rating</td>
<td></td>
<td>2</td>
<td>PSf_Static_Report.PSF_No_Raise_A_Complaint_Of_service_Rating@f58853c</td></tr>
<tr>
<td title='PSf_Static_Report.PSF_Service_Rating__Very_Good.Click_On_Total_Due_Psf()'><b>Click_On_Total_Due_Psf</b><br>Test class: PSf_Static_Report.PSF_Service_Rating__Very_Good</td>
<td></td>
<td>0</td>
<td>PSf_Static_Report.PSF_Service_Rating__Very_Good@29f7cefd</td></tr>
<tr>
<td title='PSf_Static_Report.Wrong_Number.SUBMIT_Button()'><b>SUBMIT_Button</b><br>Test class: PSf_Static_Report.Wrong_Number</td>
<td></td>
<td>2</td>
<td>PSf_Static_Report.Wrong_Number@1224144a</td></tr>
<tr>
<td title='PSf_Static_Report.Wrong_Number.Captcha()'><b>Captcha</b><br>Test class: PSf_Static_Report.Wrong_Number</td>
<td></td>
<td>2</td>
<td>PSf_Static_Report.Wrong_Number@1224144a</td></tr>
<tr>
<td title='PSf_Static_Report.Psf_Service_Rating_Select_Good.Click_On_PSF()'><b>Click_On_PSF</b><br>Test class: PSf_Static_Report.Psf_Service_Rating_Select_Good</td>
<td></td>
<td>43</td>
<td>PSf_Static_Report.Psf_Service_Rating_Select_Good@700fb871</td></tr>
<tr>
<td title='PSf_Static_Report.Complaint_Report.Click_On_Static_Reports()'><b>Click_On_Static_Reports</b><br>Test class: PSf_Static_Report.Complaint_Report</td>
<td></td>
<td>1</td>
<td>PSf_Static_Report.Complaint_Report@23941fb4</td></tr>
<tr>
<td title='PSf_Static_Report.Call_Me_Later.SUBMIT_Button()'><b>SUBMIT_Button</b><br>Test class: PSf_Static_Report.Call_Me_Later</td>
<td></td>
<td>2</td>
<td>PSf_Static_Report.Call_Me_Later@49c90a9c</td></tr>
<tr>
<td title='PSf_Static_Report.Not_Picked_Up_of_Service_Rating.Remove_PouP()'><b>Remove_PouP</b><br>Test class: PSf_Static_Report.Not_Picked_Up_of_Service_Rating</td>
<td></td>
<td>1</td>
<td>PSf_Static_Report.Not_Picked_Up_of_Service_Rating@69ee81fc</td></tr>
<tr>
<td title='PSf_Static_Report.Psf_All_Fillter_Check.Model_Variant_Fillter()'><b>Model_Variant_Fillter</b><br>Test class: PSf_Static_Report.Psf_All_Fillter_Check</td>
<td></td>
<td>26</td>
<td>PSf_Static_Report.Psf_All_Fillter_Check@1c9b0314</td></tr>
<tr>
<td title='PSf_Static_Report.Prelimnary_NPS_report.Click_On_Preliminary_NPS_Report()'><b>Click_On_Preliminary_NPS_Report</b><br>Test class: PSf_Static_Report.Prelimnary_NPS_report</td>
<td></td>
<td>5</td>
<td>PSf_Static_Report.Prelimnary_NPS_report@1b66c0fb</td></tr>
<tr>
<td title='PSf_Static_Report.Psf_All_Fillter_Check.Remove_PouP()'><b>Remove_PouP</b><br>Test class: PSf_Static_Report.Psf_All_Fillter_Check</td>
<td></td>
<td>1</td>
<td>PSf_Static_Report.Psf_All_Fillter_Check@1c9b0314</td></tr>
<tr>
<td title='PSf_Static_Report.Number_Busy_of_Service_Rating.Username()'><b>Username</b><br>Test class: PSf_Static_Report.Number_Busy_of_Service_Rating</td>
<td></td>
<td>1</td>
<td>PSf_Static_Report.Number_Busy_of_Service_Rating@6e2aa843</td></tr>
<tr>
<td title='PSf_Static_Report.Psf_Service_Rating_Select_Good.Check_Yes_Customer_Is_Satisfied()'><b>Check_Yes_Customer_Is_Satisfied</b><br>Test class: PSf_Static_Report.Psf_Service_Rating_Select_Good</td>
<td></td>
<td>21</td>
<td>PSf_Static_Report.Psf_Service_Rating_Select_Good@700fb871</td></tr>
<tr>
<td title='PSf_Static_Report.PSF_Last_Attempt_Report.Username()'><b>Username</b><br>Test class: PSf_Static_Report.PSF_Last_Attempt_Report</td>
<td></td>
<td>1</td>
<td>PSf_Static_Report.PSF_Last_Attempt_Report@7486b455</td></tr>
<tr>
<td title='PSf_Static_Report.Prelimnary_NPS_report.Captcha()'><b>Captcha</b><br>Test class: PSf_Static_Report.Prelimnary_NPS_report</td>
<td></td>
<td>2</td>
<td>PSf_Static_Report.Prelimnary_NPS_report@1b66c0fb</td></tr>
<tr>
<td title='PSf_Static_Report.Not_Picked_Up_of_Service_Rating.SUBMIT_Button()'><b>SUBMIT_Button</b><br>Test class: PSf_Static_Report.Not_Picked_Up_of_Service_Rating</td>
<td></td>
<td>2</td>
<td>PSf_Static_Report.Not_Picked_Up_of_Service_Rating@69ee81fc</td></tr>
<tr>
<td title='PSf_Static_Report.PSF_Last_Attempt_Report.Captcha()'><b>Captcha</b><br>Test class: PSf_Static_Report.PSF_Last_Attempt_Report</td>
<td></td>
<td>2</td>
<td>PSf_Static_Report.PSF_Last_Attempt_Report@7486b455</td></tr>
<tr>
<td title='PSf_Static_Report.Wrong_Number.Username()'><b>Username</b><br>Test class: PSf_Static_Report.Wrong_Number</td>
<td></td>
<td>1</td>
<td>PSf_Static_Report.Wrong_Number@1224144a</td></tr>
<tr>
<td title='PSf_Static_Report.Not_Picked_Up_of_Service_Rating.Username()'><b>Username</b><br>Test class: PSf_Static_Report.Not_Picked_Up_of_Service_Rating</td>
<td></td>
<td>1</td>
<td>PSf_Static_Report.Not_Picked_Up_of_Service_Rating@69ee81fc</td></tr>
<tr>
<td title='PSf_Static_Report.PSF_No_Raise_A_Complaint_Of_service_Rating.Remove_PouP()'><b>Remove_PouP</b><br>Test class: PSf_Static_Report.PSF_No_Raise_A_Complaint_Of_service_Rating</td>
<td></td>
<td>1</td>
<td>PSf_Static_Report.PSF_No_Raise_A_Complaint_Of_service_Rating@f58853c</td></tr>
<tr>
<td title='PSf_Static_Report.Call_me_Later_for_Service_Rating.Password()'><b>Password</b><br>Test class: PSf_Static_Report.Call_me_Later_for_Service_Rating</td>
<td></td>
<td>1</td>
<td>PSf_Static_Report.Call_me_Later_for_Service_Rating@45385f75</td></tr>
<tr>
<td title='PSf_Static_Report.Psf_All_Fillter_Check.removeFilterCheck4()'><b>removeFilterCheck4</b><br>Test class: PSf_Static_Report.Psf_All_Fillter_Check</td>
<td></td>
<td>0</td>
<td>PSf_Static_Report.Psf_All_Fillter_Check@1c9b0314</td></tr>
<tr>
<td title='PSf_Static_Report.PSF_Service_Rating__Very_Good.Username()'><b>Username</b><br>Test class: PSf_Static_Report.PSF_Service_Rating__Very_Good</td>
<td></td>
<td>1</td>
<td>PSf_Static_Report.PSF_Service_Rating__Very_Good@29f7cefd</td></tr>
<tr>
<td title='PSf_Static_Report.Psf_Service_Rating_Select_Poor.Password()'><b>Password</b><br>Test class: PSf_Static_Report.Psf_Service_Rating_Select_Poor</td>
<td></td>
<td>1</td>
<td>PSf_Static_Report.Psf_Service_Rating_Select_Poor@9816741</td></tr>
<tr>
<td title='PSf_Static_Report.Not_Picked_Up_of_Service_Rating.Captcha()'><b>Captcha</b><br>Test class: PSf_Static_Report.Not_Picked_Up_of_Service_Rating</td>
<td></td>
<td>2</td>
<td>PSf_Static_Report.Not_Picked_Up_of_Service_Rating@69ee81fc</td></tr>
<tr>
<td title='PSf_Static_Report.Psf_Service_Rating_Select_Good.Check_Call_Dispostion_Service_Rating__Good()'><b>Check_Call_Dispostion_Service_Rating__Good</b><br>Test class: PSf_Static_Report.Psf_Service_Rating_Select_Good</td>
<td></td>
<td>42</td>
<td>PSf_Static_Report.Psf_Service_Rating_Select_Good@700fb871</td></tr>
<tr>
<td title='PSf_Static_Report.Psf_Service_Rating_Select_Poor.Click__On_Resolved_Complaints_To_Update_Complaint_Status()'><b>Click__On_Resolved_Complaints_To_Update_Complaint_Status</b><br>Test class: PSf_Static_Report.Psf_Service_Rating_Select_Poor</td>
<td></td>
<td>19</td>
<td>PSf_Static_Report.Psf_Service_Rating_Select_Poor@9816741</td></tr>
<tr>
<td title='PSf_Static_Report.Not_Picked_Up_of_Service_Rating.Click_On_PSF()'><b>Click_On_PSF</b><br>Test class: PSf_Static_Report.Not_Picked_Up_of_Service_Rating</td>
<td></td>
<td>21</td>
<td>PSf_Static_Report.Not_Picked_Up_of_Service_Rating@69ee81fc</td></tr>
<tr>
<td title='PSf_Static_Report.Psf_Service_Rating_Select_Average.Username()'><b>Username</b><br>Test class: PSf_Static_Report.Psf_Service_Rating_Select_Average</td>
<td></td>
<td>1</td>
<td>PSf_Static_Report.Psf_Service_Rating_Select_Average@3b35a229</td></tr>
<tr>
<td title='PSf_Static_Report.Psf_Service_Rating_Select_Poor.Captcha()'><b>Captcha</b><br>Test class: PSf_Static_Report.Psf_Service_Rating_Select_Poor</td>
<td></td>
<td>2</td>
<td>PSf_Static_Report.Psf_Service_Rating_Select_Poor@9816741</td></tr>
<tr>
<td title='PSf_Static_Report.Psf_Service_Rating_Select_Average.Click__On_Resolved_Complaints_To_Update_Complaint_Status()'><b>Click__On_Resolved_Complaints_To_Update_Complaint_Status</b><br>Test class: PSf_Static_Report.Psf_Service_Rating_Select_Average</td>
<td></td>
<td>19</td>
<td>PSf_Static_Report.Psf_Service_Rating_Select_Average@3b35a229</td></tr>
<tr>
<td title='PSf_Static_Report.Psf_Service_Rating_Select_Good.Username()'><b>Username</b><br>Test class: PSf_Static_Report.Psf_Service_Rating_Select_Good</td>
<td></td>
<td>1</td>
<td>PSf_Static_Report.Psf_Service_Rating_Select_Good@700fb871</td></tr>
<tr>
<td title='PSf_Static_Report.PSF_Customer_satisfied_With_service_Rating.Username()'><b>Username</b><br>Test class: PSf_Static_Report.PSF_Customer_satisfied_With_service_Rating</td>
<td></td>
<td>1</td>
<td>PSf_Static_Report.PSF_Customer_satisfied_With_service_Rating@6f36c2f0</td></tr>
<tr>
<td title='PSf_Static_Report.Number_Busy_of_Service_Rating.Captcha()'><b>Captcha</b><br>Test class: PSf_Static_Report.Number_Busy_of_Service_Rating</td>
<td></td>
<td>2</td>
<td>PSf_Static_Report.Number_Busy_of_Service_Rating@6e2aa843</td></tr>
<tr>
<td title='PSf_Static_Report.Psf_Service_Rating_Select_Average.Click_Open_Complaint_Management()'><b>Click_Open_Complaint_Management</b><br>Test class: PSf_Static_Report.Psf_Service_Rating_Select_Average</td>
<td></td>
<td>12</td>
<td>PSf_Static_Report.Psf_Service_Rating_Select_Average@3b35a229</td></tr>
<tr>
<td title='PSf_Static_Report.PSF_Last_Attempt_Report.Remove_PouP()'><b>Remove_PouP</b><br>Test class: PSf_Static_Report.PSF_Last_Attempt_Report</td>
<td></td>
<td>1</td>
<td>PSf_Static_Report.PSF_Last_Attempt_Report@7486b455</td></tr>
<tr>
<td title='PSf_Static_Report.Psf_Service_Rating_Select_Good.Click_On_Total_Due_Psf()'><b>Click_On_Total_Due_Psf</b><br>Test class: PSf_Static_Report.Psf_Service_Rating_Select_Good</td>
<td></td>
<td>0</td>
<td>PSf_Static_Report.Psf_Service_Rating_Select_Good@700fb871</td></tr>
<tr>
<td title='PSf_Static_Report.Wrong_Number.Click_On_PSF()'><b>Click_On_PSF</b><br>Test class: PSf_Static_Report.Wrong_Number</td>
<td></td>
<td>47</td>
<td>PSf_Static_Report.Wrong_Number@1224144a</td></tr>
<tr>
<td title='PSf_Static_Report.Call_me_Later_for_Service_Rating.Click_On_PSF()'><b>Click_On_PSF</b><br>Test class: PSf_Static_Report.Call_me_Later_for_Service_Rating</td>
<td></td>
<td>44</td>
<td>PSf_Static_Report.Call_me_Later_for_Service_Rating@45385f75</td></tr>
<tr>
<td title='PSf_Static_Report.Complaint_Report.SUBMIT_Button()'><b>SUBMIT_Button</b><br>Test class: PSf_Static_Report.Complaint_Report</td>
<td></td>
<td>2</td>
<td>PSf_Static_Report.Complaint_Report@23941fb4</td></tr>
<tr>
<td title='PSf_Static_Report.PSF_Last_Attempt_Report.Click_On_Last_Attempt_Report()'><b>Click_On_Last_Attempt_Report</b><br>Test class: PSf_Static_Report.PSF_Last_Attempt_Report</td>
<td></td>
<td>3</td>
<td>PSf_Static_Report.PSF_Last_Attempt_Report@7486b455</td></tr>
<tr>
<td title='PSf_Static_Report.Psf_Service_Rating_Select_Average.Captcha()'><b>Captcha</b><br>Test class: PSf_Static_Report.Psf_Service_Rating_Select_Average</td>
<td></td>
<td>2</td>
<td>PSf_Static_Report.Psf_Service_Rating_Select_Average@3b35a229</td></tr>
<tr>
<td title='PSf_Static_Report.PSF_Last_Attempt_Report.Click_On_Generate()'><b>Click_On_Generate</b><br>Test class: PSf_Static_Report.PSF_Last_Attempt_Report</td>
<td></td>
<td>16</td>
<td>PSf_Static_Report.PSF_Last_Attempt_Report@7486b455</td></tr>
<tr>
<td title='PSf_Static_Report.PSF_Due_Analysis.Captcha()'><b>Captcha</b><br>Test class: PSf_Static_Report.PSF_Due_Analysis</td>
<td></td>
<td>2</td>
<td>PSf_Static_Report.PSF_Due_Analysis@1f9f6368</td></tr>
<tr>
<td title='PSf_Static_Report.Psf_Service_Rating_Select_Poor.Click__On_InProgress_To_Update_Complaint_Status()'><b>Click__On_InProgress_To_Update_Complaint_Status</b><br>Test class: PSf_Static_Report.Psf_Service_Rating_Select_Poor</td>
<td></td>
<td>24</td>
<td>PSf_Static_Report.Psf_Service_Rating_Select_Poor@9816741</td></tr>
<tr>
<td title='PSf_Static_Report.PSF_Last_Attempt_Report.Click_On_Static_Reports()'><b>Click_On_Static_Reports</b><br>Test class: PSf_Static_Report.PSF_Last_Attempt_Report</td>
<td></td>
<td>1</td>
<td>PSf_Static_Report.PSF_Last_Attempt_Report@7486b455</td></tr>
<tr>
<td title='PSf_Static_Report.PSF_Customer_satisfied_With_service_Rating.Remove_PouP()'><b>Remove_PouP</b><br>Test class: PSf_Static_Report.PSF_Customer_satisfied_With_service_Rating</td>
<td></td>
<td>1</td>
<td>PSf_Static_Report.PSF_Customer_satisfied_With_service_Rating@6f36c2f0</td></tr>
<tr>
<td title='PSf_Static_Report.Prelimnary_NPS_report.Remove_PouP()'><b>Remove_PouP</b><br>Test class: PSf_Static_Report.Prelimnary_NPS_report</td>
<td></td>
<td>1</td>
<td>PSf_Static_Report.Prelimnary_NPS_report@1b66c0fb</td></tr>
<tr>
<td title='PSf_Static_Report.Number_Busy_of_Service_Rating.Click_On_PSF()'><b>Click_On_PSF</b><br>Test class: PSf_Static_Report.Number_Busy_of_Service_Rating</td>
<td></td>
<td>41</td>
<td>PSf_Static_Report.Number_Busy_of_Service_Rating@6e2aa843</td></tr>
<tr>
<td title='PSf_Static_Report.Psf_Service_Rating_Select_Average.Upload_file()'><b>Upload_file</b><br>Test class: PSf_Static_Report.Psf_Service_Rating_Select_Average</td>
<td></td>
<td>9</td>
<td>PSf_Static_Report.Psf_Service_Rating_Select_Average@3b35a229</td></tr>
<tr>
<td title='PSf_Static_Report.Complaint_Report.Remove_PouP()'><b>Remove_PouP</b><br>Test class: PSf_Static_Report.Complaint_Report</td>
<td></td>
<td>1</td>
<td>PSf_Static_Report.Complaint_Report@23941fb4</td></tr>
<tr>
<td title='PSf_Static_Report.PSF_No_Raise_A_Complaint_Of_service_Rating.Clcik_On_Resolved_Complaint()'><b>Clcik_On_Resolved_Complaint</b><br>Test class: PSf_Static_Report.PSF_No_Raise_A_Complaint_Of_service_Rating</td>
<td></td>
<td>20</td>
<td>PSf_Static_Report.PSF_No_Raise_A_Complaint_Of_service_Rating@f58853c</td></tr>
<tr>
<td title='PSf_Static_Report.PSF_Service_Rating__Very_Good.Password()'><b>Password</b><br>Test class: PSf_Static_Report.PSF_Service_Rating__Very_Good</td>
<td></td>
<td>1</td>
<td>PSf_Static_Report.PSF_Service_Rating__Very_Good@29f7cefd</td></tr>
<tr>
<td title='PSf_Static_Report.PSF_No_Raise_A_Complaint_Of_service_Rating.SUBMIT_Button()'><b>SUBMIT_Button</b><br>Test class: PSf_Static_Report.PSF_No_Raise_A_Complaint_Of_service_Rating</td>
<td></td>
<td>2</td>
<td>PSf_Static_Report.PSF_No_Raise_A_Complaint_Of_service_Rating@f58853c</td></tr>
<tr>
<td title='PSf_Static_Report.Allocation_Rule_Log.SUBMIT_Button()'><b>SUBMIT_Button</b><br>Test class: PSf_Static_Report.Allocation_Rule_Log</td>
<td></td>
<td>2</td>
<td>PSf_Static_Report.Allocation_Rule_Log@1df8da7a</td></tr>
<tr>
<td title='PSf_Static_Report.PSF_Due_Analysis.SUBMIT_Button()'><b>SUBMIT_Button</b><br>Test class: PSf_Static_Report.PSF_Due_Analysis</td>
<td></td>
<td>2</td>
<td>PSf_Static_Report.PSF_Due_Analysis@1f9f6368</td></tr>
<tr>
<td title='PSf_Static_Report.Psf_Service_Rating_Select_Poor.Username()'><b>Username</b><br>Test class: PSf_Static_Report.Psf_Service_Rating_Select_Poor</td>
<td></td>
<td>1</td>
<td>PSf_Static_Report.Psf_Service_Rating_Select_Poor@9816741</td></tr>
<tr>
<td title='PSf_Static_Report.Psf_Service_Rating_Select_Average.Remove_PouP()'><b>Remove_PouP</b><br>Test class: PSf_Static_Report.Psf_Service_Rating_Select_Average</td>
<td></td>
<td>1</td>
<td>PSf_Static_Report.Psf_Service_Rating_Select_Average@3b35a229</td></tr>
<tr>
<td title='PSf_Static_Report.Psf_Service_Rating_Select_Average.Password()'><b>Password</b><br>Test class: PSf_Static_Report.Psf_Service_Rating_Select_Average</td>
<td></td>
<td>1</td>
<td>PSf_Static_Report.Psf_Service_Rating_Select_Average@3b35a229</td></tr>
<tr>
<td title='PSf_Static_Report.Prelimnary_NPS_report.Username()'><b>Username</b><br>Test class: PSf_Static_Report.Prelimnary_NPS_report</td>
<td></td>
<td>1</td>
<td>PSf_Static_Report.Prelimnary_NPS_report@1b66c0fb</td></tr>
<tr>
<td title='PSf_Static_Report.PRF_Report.Remove_PouP()'><b>Remove_PouP</b><br>Test class: PSf_Static_Report.PRF_Report</td>
<td></td>
<td>1</td>
<td>PSf_Static_Report.PRF_Report@660acfb</td></tr>
<tr>
<td title='PSf_Static_Report.PSF_Due_Analysis.Click_On_PSF()'><b>Click_On_PSF</b><br>Test class: PSf_Static_Report.PSF_Due_Analysis</td>
<td></td>
<td>24</td>
<td>PSf_Static_Report.PSF_Due_Analysis@1f9f6368</td></tr>
<tr>
<td title='PSf_Static_Report.PSF_No_Raise_A_Complaint_Of_service_Rating.Open_Complaint_Management_tab()'><b>Open_Complaint_Management_tab</b><br>Test class: PSf_Static_Report.PSF_No_Raise_A_Complaint_Of_service_Rating</td>
<td></td>
<td>28</td>
<td>PSf_Static_Report.PSF_No_Raise_A_Complaint_Of_service_Rating@f58853c</td></tr>
<tr>
<td title='PSf_Static_Report.PSF_Due_Analysis.Click_On_Static_Reports()'><b>Click_On_Static_Reports</b><br>Test class: PSf_Static_Report.PSF_Due_Analysis</td>
<td></td>
<td>1</td>
<td>PSf_Static_Report.PSF_Due_Analysis@1f9f6368</td></tr>
<tr>
<td title='PSf_Static_Report.Complaint_Report.Comparison_0f_all_Data()'><b>Comparison_0f_all_Data</b><br>Test class: PSf_Static_Report.Complaint_Report</td>
<td></td>
<td>0</td>
<td>PSf_Static_Report.Complaint_Report@23941fb4</td></tr>
<tr>
<td title='PSf_Static_Report.Not_Intrested_In_Providing_Feedback.Username()'><b>Username</b><br>Test class: PSf_Static_Report.Not_Intrested_In_Providing_Feedback</td>
<td></td>
<td>1</td>
<td>PSf_Static_Report.Not_Intrested_In_Providing_Feedback@2d29b4ee</td></tr>
<tr>
<td title='PSf_Static_Report.Psf_Service_Rating_Select_Poor.Check_Call_Dispostion_Service_Rating__Poor()'><b>Check_Call_Dispostion_Service_Rating__Poor</b><br>Test class: PSf_Static_Report.Psf_Service_Rating_Select_Poor</td>
<td></td>
<td>45</td>
<td>PSf_Static_Report.Psf_Service_Rating_Select_Poor@9816741</td></tr>
<tr>
<td title='PSf_Static_Report.PSF_No_Raise_A_Complaint_Of_service_Rating.Username()'><b>Username</b><br>Test class: PSf_Static_Report.PSF_No_Raise_A_Complaint_Of_service_Rating</td>
<td></td>
<td>1</td>
<td>PSf_Static_Report.PSF_No_Raise_A_Complaint_Of_service_Rating@f58853c</td></tr>
<tr>
<td title='PSf_Static_Report.PSF_No_Raise_A_Complaint_Of_service_Rating.Upload_file()'><b>Upload_file</b><br>Test class: PSf_Static_Report.PSF_No_Raise_A_Complaint_Of_service_Rating</td>
<td></td>
<td>9</td>
<td>PSf_Static_Report.PSF_No_Raise_A_Complaint_Of_service_Rating@f58853c</td></tr>
<tr>
<td title='PSf_Static_Report.Call_Me_Later.Captcha()'><b>Captcha</b><br>Test class: PSf_Static_Report.Call_Me_Later</td>
<td></td>
<td>2</td>
<td>PSf_Static_Report.Call_Me_Later@49c90a9c</td></tr>
<tr>
<td title='PSf_Static_Report.PSF_Calibration_Report.Click_On_PSF_Calibration_Report()'><b>Click_On_PSF_Calibration_Report</b><br>Test class: PSf_Static_Report.PSF_Calibration_Report</td>
<td></td>
<td>5</td>
<td>PSf_Static_Report.PSF_Calibration_Report@5efa40fe</td></tr>
<tr>
<td title='PSf_Static_Report.Psf_All_Fillter_Check.Captcha()'><b>Captcha</b><br>Test class: PSf_Static_Report.Psf_All_Fillter_Check</td>
<td></td>
<td>2</td>
<td>PSf_Static_Report.Psf_All_Fillter_Check@1c9b0314</td></tr>
<tr>
<td title='PSf_Static_Report.Allocation_Rule_Log.Remove_PouP()'><b>Remove_PouP</b><br>Test class: PSf_Static_Report.Allocation_Rule_Log</td>
<td></td>
<td>1</td>
<td>PSf_Static_Report.Allocation_Rule_Log@1df8da7a</td></tr>
<tr>
<td title='PSf_Static_Report.Psf_Service_Rating_Select_Average.SUBMIT_Button()'><b>SUBMIT_Button</b><br>Test class: PSf_Static_Report.Psf_Service_Rating_Select_Average</td>
<td></td>
<td>2</td>
<td>PSf_Static_Report.Psf_Service_Rating_Select_Average@3b35a229</td></tr>
<tr>
<td title='PSf_Static_Report.Not_Picked_Up_of_Service_Rating.Password()'><b>Password</b><br>Test class: PSf_Static_Report.Not_Picked_Up_of_Service_Rating</td>
<td></td>
<td>1</td>
<td>PSf_Static_Report.Not_Picked_Up_of_Service_Rating@69ee81fc</td></tr>
<tr>
<td title='PSf_Static_Report.PSF_Calibration_Report.Click_On_PSF()'><b>Click_On_PSF</b><br>Test class: PSf_Static_Report.PSF_Calibration_Report</td>
<td></td>
<td>20</td>
<td>PSf_Static_Report.PSF_Calibration_Report@5efa40fe</td></tr>
<tr>
<td title='PSf_Static_Report.Psf_Service_Rating_Select_Average.Customer_Will_Be_Available_In_Resolved_Complaints()'><b>Customer_Will_Be_Available_In_Resolved_Complaints</b><br>Test class: PSf_Static_Report.Psf_Service_Rating_Select_Average</td>
<td></td>
<td>11</td>
<td>PSf_Static_Report.Psf_Service_Rating_Select_Average@3b35a229</td></tr>
<tr>
<td title='PSf_Static_Report.PSF_Calibration_Report.Click_On_Static_Reports()'><b>Click_On_Static_Reports</b><br>Test class: PSf_Static_Report.PSF_Calibration_Report</td>
<td></td>
<td>1</td>
<td>PSf_Static_Report.PSF_Calibration_Report@5efa40fe</td></tr>
<tr>
<td title='PSf_Static_Report.PSF_Calibration_Report.Password()'><b>Password</b><br>Test class: PSf_Static_Report.PSF_Calibration_Report</td>
<td></td>
<td>1</td>
<td>PSf_Static_Report.PSF_Calibration_Report@5efa40fe</td></tr>
<tr>
<td title='PSf_Static_Report.Psf_Service_Rating_Select_Poor.Click_On_Total_Due_Psf()'><b>Click_On_Total_Due_Psf</b><br>Test class: PSf_Static_Report.Psf_Service_Rating_Select_Poor</td>
<td></td>
<td>0</td>
<td>PSf_Static_Report.Psf_Service_Rating_Select_Poor@9816741</td></tr>
<tr>
<td title='PSf_Static_Report.Allocation_Rule_Log.Captcha()'><b>Captcha</b><br>Test class: PSf_Static_Report.Allocation_Rule_Log</td>
<td></td>
<td>2</td>
<td>PSf_Static_Report.Allocation_Rule_Log@1df8da7a</td></tr>
<tr>
<td title='PSf_Static_Report.PSF_Customer_satisfied_With_service_Rating.SUBMIT_Button()'><b>SUBMIT_Button</b><br>Test class: PSf_Static_Report.PSF_Customer_satisfied_With_service_Rating</td>
<td></td>
<td>2</td>
<td>PSf_Static_Report.PSF_Customer_satisfied_With_service_Rating@6f36c2f0</td></tr>
<tr>
<td title='PSf_Static_Report.Psf_All_Fillter_Check.removeFilterCheck()'><b>removeFilterCheck</b><br>Test class: PSf_Static_Report.Psf_All_Fillter_Check</td>
<td></td>
<td>0</td>
<td>PSf_Static_Report.Psf_All_Fillter_Check@1c9b0314</td></tr>
<tr>
<td title='PSf_Static_Report.Allocation_Rule_Log.Click_On_PSF()'><b>Click_On_PSF</b><br>Test class: PSf_Static_Report.Allocation_Rule_Log</td>
<td></td>
<td>23</td>
<td>PSf_Static_Report.Allocation_Rule_Log@1df8da7a</td></tr>
<tr>
<td title='PSf_Static_Report.Prelimnary_NPS_report.Click_On_PSF()'><b>Click_On_PSF</b><br>Test class: PSf_Static_Report.Prelimnary_NPS_report</td>
<td></td>
<td>44</td>
<td>PSf_Static_Report.Prelimnary_NPS_report@1b66c0fb</td></tr>
<tr>
<td title='PSf_Static_Report.PSF_Calibration_Report.SUBMIT_Button()'><b>SUBMIT_Button</b><br>Test class: PSf_Static_Report.PSF_Calibration_Report</td>
<td></td>
<td>2</td>
<td>PSf_Static_Report.PSF_Calibration_Report@5efa40fe</td></tr>
<tr>
<td title='PSf_Static_Report.PSF_Service_Rating__Very_Good.Captcha()'><b>Captcha</b><br>Test class: PSf_Static_Report.PSF_Service_Rating__Very_Good</td>
<td></td>
<td>2</td>
<td>PSf_Static_Report.PSF_Service_Rating__Very_Good@29f7cefd</td></tr>
<tr>
<td title='PSf_Static_Report.Number_Busy_of_Service_Rating.SUBMIT_Button()'><b>SUBMIT_Button</b><br>Test class: PSf_Static_Report.Number_Busy_of_Service_Rating</td>
<td></td>
<td>2</td>
<td>PSf_Static_Report.Number_Busy_of_Service_Rating@6e2aa843</td></tr>
<tr>
<td title='PSf_Static_Report.Psf_Service_Rating_Select_Poor.Click_Open_Complaint_Management()'><b>Click_Open_Complaint_Management</b><br>Test class: PSf_Static_Report.Psf_Service_Rating_Select_Poor</td>
<td></td>
<td>12</td>
<td>PSf_Static_Report.Psf_Service_Rating_Select_Poor@9816741</td></tr>
<tr>
<td title='PSf_Static_Report.PSF_Last_Attempt_Report.Click_On_PSF()'><b>Click_On_PSF</b><br>Test class: PSf_Static_Report.PSF_Last_Attempt_Report</td>
<td></td>
<td>30</td>
<td>PSf_Static_Report.PSF_Last_Attempt_Report@7486b455</td></tr>
<tr>
<td title='PSf_Static_Report.PSF_Service_Rating__Very_Good.Check_Call_Dispostion_Service_Rating_Very_Good()'><b>Check_Call_Dispostion_Service_Rating_Very_Good</b><br>Test class: PSf_Static_Report.PSF_Service_Rating__Very_Good</td>
<td></td>
<td>42</td>
<td>PSf_Static_Report.PSF_Service_Rating__Very_Good@29f7cefd</td></tr>
<tr>
<td title='PSf_Static_Report.PSF_No_Raise_A_Complaint_Of_service_Rating.Check_Call_Dispostion_Service_Rating()'><b>Check_Call_Dispostion_Service_Rating</b><br>Test class: PSf_Static_Report.PSF_No_Raise_A_Complaint_Of_service_Rating</td>
<td></td>
<td>70</td>
<td>PSf_Static_Report.PSF_No_Raise_A_Complaint_Of_service_Rating@f58853c</td></tr>
</table><p>
</body>
</html>