<?xml version="1.0" encoding="UTF-8"?>
<!-- Generated by org.testng.reporters.JUnitXMLReporter -->
<testsuite ignored="0" hostname="DESKTOP-7SBKKJ1" failures="27" tests="206" name="PSF" time="2532.058" errors="0" timestamp="2024-11-20T10:38:40 IST">
  <testcase classname="PSf_Static_Report.Prelimnary_NPS_report" name="Username" time="1.655"/>
  <testcase classname="PSf_Static_Report.Prelimnary_NPS_report" name="Password" time="1.362"/>
  <testcase classname="PSf_Static_Report.Prelimnary_NPS_report" name="Captcha" time="2.248"/>
  <testcase classname="PSf_Static_Report.Prelimnary_NPS_report" name="SUBMIT_Button" time="2.21"/>
  <testcase classname="PSf_Static_Report.Prelimnary_NPS_report" name="Click_On_PSF" time="44.876"/>
  <testcase classname="PSf_Static_Report.Prelimnary_NPS_report" name="Remove_PouP" time="1.155"/>
  <testcase classname="PSf_Static_Report.Prelimnary_NPS_report" name="Click_On_Static_Reports" time="1.106"/>
  <testcase classname="PSf_Static_Report.Prelimnary_NPS_report" name="Click_On_Preliminary_NPS_Report" time="5.112"/>
  <testcase classname="PSf_Static_Report.Prelimnary_NPS_report" name="Click_On_Workshop" time="27.118">
    <failure type="java.lang.AssertionError" message="No Data Found for Workshop_Wise Tab In Premilinary_NPS_Report For input string: &amp;quot;0%&amp;quot;">
      <![CDATA[java.lang.AssertionError: No Data Found for Workshop_Wise Tab In Premilinary_NPS_Report For input string: "0%"
at PSf_Static_Report.Prelimnary_NPS_report.Click_On_Workshop(Prelimnary_NPS_report.java:227)
at java.base/java.util.ArrayList.forEach(ArrayList.java:1597)
... Removed 26 stack frames]]>
    </failure>
  </testcase> <!-- Click_On_Workshop -->
  <testcase classname="PSf_Static_Report.Prelimnary_NPS_report" name="Click_On_Day_Wise" time="24.779">
    <failure type="java.lang.AssertionError" message="No Data Found for Day_Wise Tab In Premilinary_NPS_Report For input string: &amp;quot;0 %&amp;quot;">
      <![CDATA[java.lang.AssertionError: No Data Found for Day_Wise Tab In Premilinary_NPS_Report For input string: "0 %"
at PSf_Static_Report.Prelimnary_NPS_report.Click_On_Day_Wise(Prelimnary_NPS_report.java:342)
at java.base/java.util.ArrayList.forEach(ArrayList.java:1597)
... Removed 26 stack frames]]>
    </failure>
  </testcase> <!-- Click_On_Day_Wise -->
  <testcase classname="PSf_Static_Report.Prelimnary_NPS_report" name="Click_On_Service_Type_Wise" time="24.834">
    <failure type="java.lang.AssertionError" message="No Data Found for Service_Type_Wise Tab In Premilinary_NPS_Report For input string: &amp;quot;0 %&amp;quot;">
      <![CDATA[java.lang.AssertionError: No Data Found for Service_Type_Wise Tab In Premilinary_NPS_Report For input string: "0 %"
at PSf_Static_Report.Prelimnary_NPS_report.Click_On_Service_Type_Wise(Prelimnary_NPS_report.java:284)
at java.base/java.util.ArrayList.forEach(ArrayList.java:1597)
... Removed 26 stack frames]]>
    </failure>
  </testcase> <!-- Click_On_Service_Type_Wise -->
  <testcase classname="PSf_Static_Report.Prelimnary_NPS_report" name="Comparison_0f_all_Data" time="0.003">
    <failure type="java.lang.AssertionError" message="Compare Percent_Promoter_of_workshopWise_With_dayWise expected [0 %] but found [0%]">
      <![CDATA[java.lang.AssertionError: Compare Percent_Promoter_of_workshopWise_With_dayWise expected [0 %] but found [0%]
at PSf_Static_Report.Prelimnary_NPS_report.Comparison_0f_all_Data(Prelimnary_NPS_report.java:366)
at java.base/java.util.ArrayList.forEach(ArrayList.java:1597)
... Removed 30 stack frames]]>
    </failure>
  </testcase> <!-- Comparison_0f_all_Data -->
  <testcase classname="PSf_Static_Report.Allocation_Rule_Log" name="Username" time="1.387"/>
  <testcase classname="PSf_Static_Report.Allocation_Rule_Log" name="Password" time="1.523"/>
  <testcase classname="PSf_Static_Report.Allocation_Rule_Log" name="Captcha" time="2.234"/>
  <testcase classname="PSf_Static_Report.Allocation_Rule_Log" name="SUBMIT_Button" time="2.257"/>
  <testcase classname="PSf_Static_Report.Allocation_Rule_Log" name="Click_On_PSF" time="23.04"/>
  <testcase classname="PSf_Static_Report.Allocation_Rule_Log" name="Remove_PouP" time="1.187"/>
  <testcase classname="PSf_Static_Report.Allocation_Rule_Log" name="Click_On_Static_Reports" time="1.083"/>
  <testcase classname="PSf_Static_Report.Allocation_Rule_Log" name="Click_On_Allocation_Rule_Log" time="5.108"/>
  <testcase classname="PSf_Static_Report.Allocation_Rule_Log" name="Data_Check_Of_Allocation_Rule_Log" time="0.049"/>
  <testcase classname="PSf_Static_Report.Complaint_Report" name="Username" time="1.278"/>
  <testcase classname="PSf_Static_Report.Complaint_Report" name="Password" time="1.485"/>
  <testcase classname="PSf_Static_Report.Complaint_Report" name="Captcha" time="2.212"/>
  <testcase classname="PSf_Static_Report.Complaint_Report" name="SUBMIT_Button" time="2.181"/>
  <testcase classname="PSf_Static_Report.Complaint_Report" name="Click_On_PSF" time="39.877"/>
  <testcase classname="PSf_Static_Report.Complaint_Report" name="Remove_PouP" time="1.158"/>
  <testcase classname="PSf_Static_Report.Complaint_Report" name="Click_On_Static_Reports" time="1.101"/>
  <testcase classname="PSf_Static_Report.Complaint_Report" name="Click_On_Complaint_Report" time="5.096"/>
  <testcase classname="PSf_Static_Report.Complaint_Report" name="Click_On_Workshop" time="22.905">
    <failure type="java.lang.AssertionError" message="No Data Found for Workshop_Wise In Complaints_Reports : 0">
      <![CDATA[java.lang.AssertionError: No Data Found for Workshop_Wise In Complaints_Reports : 0
at PSf_Static_Report.Complaint_Report.Click_On_Workshop(Complaint_Report.java:203)
at java.base/java.util.ArrayList.forEach(ArrayList.java:1597)
... Removed 26 stack frames]]>
    </failure>
  </testcase> <!-- Click_On_Workshop -->
  <testcase classname="PSf_Static_Report.Complaint_Report" name="Click_On_Day_Wise" time="22.22">
    <failure type="java.lang.AssertionError" message="No Data Found for Day_Wise In Complaints_Reports : 0">
      <![CDATA[java.lang.AssertionError: No Data Found for Day_Wise In Complaints_Reports : 0
at PSf_Static_Report.Complaint_Report.Click_On_Day_Wise(Complaint_Report.java:275)
at java.base/java.util.ArrayList.forEach(ArrayList.java:1597)
... Removed 26 stack frames]]>
    </failure>
  </testcase> <!-- Click_On_Day_Wise -->
  <testcase classname="PSf_Static_Report.Complaint_Report" name="Click_On_Service_Type_Wise" time="22.032">
    <failure type="java.lang.AssertionError" message="No Data Found for Service_Type_Wise In Complaints_Reports : 0">
      <![CDATA[java.lang.AssertionError: No Data Found for Service_Type_Wise In Complaints_Reports : 0
at PSf_Static_Report.Complaint_Report.Click_On_Service_Type_Wise(Complaint_Report.java:345)
at java.base/java.util.ArrayList.forEach(ArrayList.java:1597)
... Removed 26 stack frames]]>
    </failure>
  </testcase> <!-- Click_On_Service_Type_Wise -->
  <testcase classname="PSf_Static_Report.Complaint_Report" name="Comparison_0f_all_Data" time="0.001"/>
  <testcase classname="PSf_Static_Report.PSF_Last_Attempt_Report" name="Username" time="1.401"/>
  <testcase classname="PSf_Static_Report.PSF_Last_Attempt_Report" name="Password" time="1.377"/>
  <testcase classname="PSf_Static_Report.PSF_Last_Attempt_Report" name="Captcha" time="2.243"/>
  <testcase classname="PSf_Static_Report.PSF_Last_Attempt_Report" name="SUBMIT_Button" time="2.191"/>
  <testcase classname="PSf_Static_Report.PSF_Last_Attempt_Report" name="Click_On_PSF" time="30.822"/>
  <testcase classname="PSf_Static_Report.PSF_Last_Attempt_Report" name="Remove_PouP" time="1.167"/>
  <testcase classname="PSf_Static_Report.PSF_Last_Attempt_Report" name="Click_On_Static_Reports" time="1.102"/>
  <testcase classname="PSf_Static_Report.PSF_Last_Attempt_Report" name="Click_On_Last_Attempt_Report" time="3.1"/>
  <testcase classname="PSf_Static_Report.PSF_Last_Attempt_Report" name="Click_On_Generate" time="16.27"/>
  <testcase classname="PSf_Static_Report.PSF_Last_Attempt_Report" name="Click_On_Workshop" time="3.899">
    <failure type="java.lang.AssertionError" message="No Data Found for Workshop_Wise In Last_Attempt_Report : 0">
      <![CDATA[java.lang.AssertionError: No Data Found for Workshop_Wise In Last_Attempt_Report : 0
at PSf_Static_Report.PSF_Last_Attempt_Report.Click_On_Workshop(PSF_Last_Attempt_Report.java:206)
at java.base/java.util.ArrayList.forEach(ArrayList.java:1597)
... Removed 26 stack frames]]>
    </failure>
  </testcase> <!-- Click_On_Workshop -->
  <testcase classname="PSf_Static_Report.PSF_Last_Attempt_Report" name="Click_On_DayWise" time="21.966">
    <failure type="java.lang.AssertionError" message="No Data Found for Day Wise In Last_Attempt_Report : 0">
      <![CDATA[java.lang.AssertionError: No Data Found for Day Wise In Last_Attempt_Report : 0
at PSf_Static_Report.PSF_Last_Attempt_Report.Click_On_DayWise(PSF_Last_Attempt_Report.java:273)
at java.base/java.util.ArrayList.forEach(ArrayList.java:1597)
... Removed 26 stack frames]]>
    </failure>
  </testcase> <!-- Click_On_DayWise -->
  <testcase classname="PSf_Static_Report.PSF_Last_Attempt_Report" name="Click_On_Service_Type_Wise" time="21.923">
    <failure type="java.lang.AssertionError" message="No Data Found for Service_Type_Wise In Last_Attempt_Report : 0">
      <![CDATA[java.lang.AssertionError: No Data Found for Service_Type_Wise In Last_Attempt_Report : 0
at PSf_Static_Report.PSF_Last_Attempt_Report.Click_On_Service_Type_Wise(PSF_Last_Attempt_Report.java:339)
at java.base/java.util.ArrayList.forEach(ArrayList.java:1597)
... Removed 26 stack frames]]>
    </failure>
  </testcase> <!-- Click_On_Service_Type_Wise -->
  <testcase classname="PSf_Static_Report.PSF_Last_Attempt_Report" name="Comparison_0f_all_Data" time="0.0">
    <failure type="java.lang.AssertionError" message="Compare Psf_Calibration_done_of_workshopWise_With_Service_TypeWise expected [null] but found [0]">
      <![CDATA[java.lang.AssertionError: Compare Psf_Calibration_done_of_workshopWise_With_Service_TypeWise expected [null] but found [0]
at PSf_Static_Report.PSF_Last_Attempt_Report.Comparison_0f_all_Data(PSF_Last_Attempt_Report.java:375)
at java.base/java.util.ArrayList.forEach(ArrayList.java:1597)
... Removed 30 stack frames]]>
    </failure>
  </testcase> <!-- Comparison_0f_all_Data -->
  <testcase classname="PSf_Static_Report.PRF_Report" name="Username" time="1.441"/>
  <testcase classname="PSf_Static_Report.PRF_Report" name="Password" time="1.416"/>
  <testcase classname="PSf_Static_Report.PRF_Report" name="Captcha" time="2.24"/>
  <testcase classname="PSf_Static_Report.PRF_Report" name="SUBMIT_Button" time="2.228"/>
  <testcase classname="PSf_Static_Report.PRF_Report" name="Click_On_PSF" time="44.35"/>
  <testcase classname="PSf_Static_Report.PRF_Report" name="Remove_PouP" time="1.178"/>
  <testcase classname="PSf_Static_Report.PRF_Report" name="Click_On_Static_Reports" time="1.124"/>
  <testcase classname="PSf_Static_Report.PRF_Report" name="Click_On_PRF_Report" time="5.08"/>
  <testcase classname="PSf_Static_Report.PRF_Report" name="Click_On_Workshop" time="26.194">
    <failure type="java.lang.AssertionError" message="No Data Found for Workshop_Wise In PRF_Report : 0">
      <![CDATA[java.lang.AssertionError: No Data Found for Workshop_Wise In PRF_Report : 0
at PSf_Static_Report.PRF_Report.Click_On_Workshop(PRF_Report.java:229)
at java.base/java.util.ArrayList.forEach(ArrayList.java:1597)
... Removed 26 stack frames]]>
    </failure>
  </testcase> <!-- Click_On_Workshop -->
  <testcase classname="PSf_Static_Report.PRF_Report" name="Click_On_Day_Wise" time="22.151">
    <failure type="java.lang.AssertionError" message="No Data Found for Day_Wise In PRF_Report : 0">
      <![CDATA[java.lang.AssertionError: No Data Found for Day_Wise In PRF_Report : 0
at PSf_Static_Report.PRF_Report.Click_On_Day_Wise(PRF_Report.java:308)
at java.base/java.util.ArrayList.forEach(ArrayList.java:1597)
... Removed 26 stack frames]]>
    </failure>
  </testcase> <!-- Click_On_Day_Wise -->
  <testcase classname="PSf_Static_Report.PRF_Report" name="Click_On_Service_Type_Wise" time="22.137">
    <failure type="java.lang.AssertionError" message="No Data Found for Service_Type_Wise In PRF_Report : 0">
      <![CDATA[java.lang.AssertionError: No Data Found for Service_Type_Wise In PRF_Report : 0
at PSf_Static_Report.PRF_Report.Click_On_Service_Type_Wise(PRF_Report.java:385)
at java.base/java.util.ArrayList.forEach(ArrayList.java:1597)
... Removed 26 stack frames]]>
    </failure>
  </testcase> <!-- Click_On_Service_Type_Wise -->
  <testcase classname="PSf_Static_Report.PRF_Report" name="Comparison_0f_all_Data" time="0.0">
    <failure type="java.lang.AssertionError" message="Compare Complaints_closed_Percent_of_workshopWise_With_Service_TypeWise expected [0 %] but found [0%]">
      <![CDATA[java.lang.AssertionError: Compare Complaints_closed_Percent_of_workshopWise_With_Service_TypeWise expected [0 %] but found [0%]
at PSf_Static_Report.PRF_Report.Comparison_0f_all_Data(PRF_Report.java:423)
at java.base/java.util.ArrayList.forEach(ArrayList.java:1597)
... Removed 30 stack frames]]>
    </failure>
  </testcase> <!-- Comparison_0f_all_Data -->
  <testcase classname="PSf_Static_Report.PSF_Calibration_Report" name="Username" time="1.466"/>
  <testcase classname="PSf_Static_Report.PSF_Calibration_Report" name="Password" time="1.433"/>
  <testcase classname="PSf_Static_Report.PSF_Calibration_Report" name="Captcha" time="2.24"/>
  <testcase classname="PSf_Static_Report.PSF_Calibration_Report" name="SUBMIT_Button" time="2.218"/>
  <testcase classname="PSf_Static_Report.PSF_Calibration_Report" name="Click_On_PSF" time="20.046"/>
  <testcase classname="PSf_Static_Report.PSF_Calibration_Report" name="Remove_PouP" time="1.146"/>
  <testcase classname="PSf_Static_Report.PSF_Calibration_Report" name="Click_On_Static_Reports" time="1.098"/>
  <testcase classname="PSf_Static_Report.PSF_Calibration_Report" name="Click_On_PSF_Calibration_Report" time="5.123"/>
  <testcase classname="PSf_Static_Report.PSF_Calibration_Report" name="Click_On_Workshop" time="26.389">
    <failure type="java.lang.AssertionError" message="No Data Found for Workshop_Wise In PSF_Calibration_Reoport : 0">
      <![CDATA[java.lang.AssertionError: No Data Found for Workshop_Wise In PSF_Calibration_Reoport : 0
at PSf_Static_Report.PSF_Calibration_Report.Click_On_Workshop(PSF_Calibration_Report.java:241)
at java.base/java.util.ArrayList.forEach(ArrayList.java:1597)
... Removed 26 stack frames]]>
    </failure>
  </testcase> <!-- Click_On_Workshop -->
  <testcase classname="PSf_Static_Report.PSF_Calibration_Report" name="Click_On_Day_Wise" time="34.493">
    <failure type="org.openqa.selenium.NoSuchElementException" message="no such element: Unable to locate element: {&amp;quot;method&amp;quot;:&amp;quot;xpath&amp;quot;,&amp;quot;selector&amp;quot;:&amp;quot;(//tr[td[contains(., &amp;apos;Total&amp;apos;)]])[1]/td[5]&amp;quot;}
  (Session info: chrome=131.0.6778.70)
For documentation on this error, please visit: https://www.selenium.dev/documentation/webdriver/troubleshooting/errors#no-such-element-exception
Build info: version: &amp;apos;4.21.0&amp;apos;, revision: &amp;apos;79ed462ef4&amp;apos;
System info: os.name: &amp;apos;Windows 11&amp;apos;, os.arch: &amp;apos;amd64&amp;apos;, os.version: &amp;apos;10.0&amp;apos;, java.version: &amp;apos;22.0.1&amp;apos;
Driver info: org.openqa.selenium.chrome.ChromeDriver
Command: [4254ca6c22b0b65dcbee262d598f3ee1, findElement {value=(//tr[td[contains(., &amp;apos;Total&amp;apos;)]])[1]/td[5], using=xpath}]
Capabilities {acceptInsecureCerts: false, browserName: chrome, browserVersion: 131.0.6778.70, chrome: {chromedriverVersion: 131.0.6778.69 (77e2244bbcda..., userDataDir: C:\WINDOWS\TEMP\scoped_dir1...}, fedcm:accounts: true, goog:chromeOptions: {debuggerAddress: localhost:56442}, networkConnectionEnabled: false, pageLoadStrategy: normal, platformName: windows, proxy: Proxy(), se:cdp: ws://localhost:56442/devtoo..., se:cdpVersion: 131.0.6778.70, setWindowRect: true, strictFileInteractability: false, timeouts: {implicit: 0, pageLoad: 300000, script: 30000}, unhandledPromptBehavior: dismiss and notify, webauthn:extension:credBlob: true, webauthn:extension:largeBlob: true, webauthn:extension:minPinLength: true, webauthn:extension:prf: true, webauthn:virtualAuthenticators: true}
Session ID: 4254ca6c22b0b65dcbee262d598f3ee1">
      <![CDATA[org.openqa.selenium.NoSuchElementException: no such element: Unable to locate element: {"method":"xpath","selector":"(//tr[td[contains(., 'Total')]])[1]/td[5]"}
  (Session info: chrome=131.0.6778.70)
For documentation on this error, please visit: https://www.selenium.dev/documentation/webdriver/troubleshooting/errors#no-such-element-exception
Build info: version: '4.21.0', revision: '79ed462ef4'
System info: os.name: 'Windows 11', os.arch: 'amd64', os.version: '10.0', java.version: '22.0.1'
Driver info: org.openqa.selenium.chrome.ChromeDriver
Command: [4254ca6c22b0b65dcbee262d598f3ee1, findElement {value=(//tr[td[contains(., 'Total')]])[1]/td[5], using=xpath}]
Capabilities {acceptInsecureCerts: false, browserName: chrome, browserVersion: 131.0.6778.70, chrome: {chromedriverVersion: 131.0.6778.69 (77e2244bbcda..., userDataDir: C:\WINDOWS\TEMP\scoped_dir1...}, fedcm:accounts: true, goog:chromeOptions: {debuggerAddress: localhost:56442}, networkConnectionEnabled: false, pageLoadStrategy: normal, platformName: windows, proxy: Proxy(), se:cdp: ws://localhost:56442/devtoo..., se:cdpVersion: 131.0.6778.70, setWindowRect: true, strictFileInteractability: false, timeouts: {implicit: 0, pageLoad: 300000, script: 30000}, unhandledPromptBehavior: dismiss and notify, webauthn:extension:credBlob: true, webauthn:extension:largeBlob: true, webauthn:extension:minPinLength: true, webauthn:extension:prf: true, webauthn:virtualAuthenticators: true}
Session ID: 4254ca6c22b0b65dcbee262d598f3ee1
at org.openqa.selenium.remote.ErrorCodec.decode(ErrorCodec.java:167)
at org.openqa.selenium.remote.codec.w3c.W3CHttpResponseCodec.decode(W3CHttpResponseCodec.java:138)
at org.openqa.selenium.remote.codec.w3c.W3CHttpResponseCodec.decode(W3CHttpResponseCodec.java:50)
at org.openqa.selenium.remote.HttpCommandExecutor.execute(HttpCommandExecutor.java:190)
at org.openqa.selenium.remote.service.DriverCommandExecutor.invokeExecute(DriverCommandExecutor.java:216)
at org.openqa.selenium.remote.service.DriverCommandExecutor.execute(DriverCommandExecutor.java:174)
at org.openqa.selenium.remote.RemoteWebDriver.execute(RemoteWebDriver.java:518)
at org.openqa.selenium.remote.ElementLocation$ElementFinder$2.findElement(ElementLocation.java:165)
at org.openqa.selenium.remote.ElementLocation.findElement(ElementLocation.java:59)
at org.openqa.selenium.remote.RemoteWebDriver.findElement(RemoteWebDriver.java:355)
at org.openqa.selenium.remote.RemoteWebDriver.findElement(RemoteWebDriver.java:349)
at PSf_Static_Report.PSF_Calibration_Report.Click_On_Day_Wise(PSF_Calibration_Report.java:268)
at java.base/java.util.ArrayList.forEach(ArrayList.java:1597)
... Removed 28 stack frames]]>
    </failure>
  </testcase> <!-- Click_On_Day_Wise -->
  <testcase classname="PSf_Static_Report.PSF_Calibration_Report" name="Click_On_Service_Type_Wise" time="34.433">
    <failure type="org.openqa.selenium.NoSuchElementException" message="no such element: Unable to locate element: {&amp;quot;method&amp;quot;:&amp;quot;xpath&amp;quot;,&amp;quot;selector&amp;quot;:&amp;quot;(//tr[td[contains(., &amp;apos;Total&amp;apos;)]])[1]/td[5]&amp;quot;}
  (Session info: chrome=131.0.6778.70)
For documentation on this error, please visit: https://www.selenium.dev/documentation/webdriver/troubleshooting/errors#no-such-element-exception
Build info: version: &amp;apos;4.21.0&amp;apos;, revision: &amp;apos;79ed462ef4&amp;apos;
System info: os.name: &amp;apos;Windows 11&amp;apos;, os.arch: &amp;apos;amd64&amp;apos;, os.version: &amp;apos;10.0&amp;apos;, java.version: &amp;apos;22.0.1&amp;apos;
Driver info: org.openqa.selenium.chrome.ChromeDriver
Command: [4254ca6c22b0b65dcbee262d598f3ee1, findElement {value=(//tr[td[contains(., &amp;apos;Total&amp;apos;)]])[1]/td[5], using=xpath}]
Capabilities {acceptInsecureCerts: false, browserName: chrome, browserVersion: 131.0.6778.70, chrome: {chromedriverVersion: 131.0.6778.69 (77e2244bbcda..., userDataDir: C:\WINDOWS\TEMP\scoped_dir1...}, fedcm:accounts: true, goog:chromeOptions: {debuggerAddress: localhost:56442}, networkConnectionEnabled: false, pageLoadStrategy: normal, platformName: windows, proxy: Proxy(), se:cdp: ws://localhost:56442/devtoo..., se:cdpVersion: 131.0.6778.70, setWindowRect: true, strictFileInteractability: false, timeouts: {implicit: 0, pageLoad: 300000, script: 30000}, unhandledPromptBehavior: dismiss and notify, webauthn:extension:credBlob: true, webauthn:extension:largeBlob: true, webauthn:extension:minPinLength: true, webauthn:extension:prf: true, webauthn:virtualAuthenticators: true}
Session ID: 4254ca6c22b0b65dcbee262d598f3ee1">
      <![CDATA[org.openqa.selenium.NoSuchElementException: no such element: Unable to locate element: {"method":"xpath","selector":"(//tr[td[contains(., 'Total')]])[1]/td[5]"}
  (Session info: chrome=131.0.6778.70)
For documentation on this error, please visit: https://www.selenium.dev/documentation/webdriver/troubleshooting/errors#no-such-element-exception
Build info: version: '4.21.0', revision: '79ed462ef4'
System info: os.name: 'Windows 11', os.arch: 'amd64', os.version: '10.0', java.version: '22.0.1'
Driver info: org.openqa.selenium.chrome.ChromeDriver
Command: [4254ca6c22b0b65dcbee262d598f3ee1, findElement {value=(//tr[td[contains(., 'Total')]])[1]/td[5], using=xpath}]
Capabilities {acceptInsecureCerts: false, browserName: chrome, browserVersion: 131.0.6778.70, chrome: {chromedriverVersion: 131.0.6778.69 (77e2244bbcda..., userDataDir: C:\WINDOWS\TEMP\scoped_dir1...}, fedcm:accounts: true, goog:chromeOptions: {debuggerAddress: localhost:56442}, networkConnectionEnabled: false, pageLoadStrategy: normal, platformName: windows, proxy: Proxy(), se:cdp: ws://localhost:56442/devtoo..., se:cdpVersion: 131.0.6778.70, setWindowRect: true, strictFileInteractability: false, timeouts: {implicit: 0, pageLoad: 300000, script: 30000}, unhandledPromptBehavior: dismiss and notify, webauthn:extension:credBlob: true, webauthn:extension:largeBlob: true, webauthn:extension:minPinLength: true, webauthn:extension:prf: true, webauthn:virtualAuthenticators: true}
Session ID: 4254ca6c22b0b65dcbee262d598f3ee1
at org.openqa.selenium.remote.ErrorCodec.decode(ErrorCodec.java:167)
at org.openqa.selenium.remote.codec.w3c.W3CHttpResponseCodec.decode(W3CHttpResponseCodec.java:138)
at org.openqa.selenium.remote.codec.w3c.W3CHttpResponseCodec.decode(W3CHttpResponseCodec.java:50)
at org.openqa.selenium.remote.HttpCommandExecutor.execute(HttpCommandExecutor.java:190)
at org.openqa.selenium.remote.service.DriverCommandExecutor.invokeExecute(DriverCommandExecutor.java:216)
at org.openqa.selenium.remote.service.DriverCommandExecutor.execute(DriverCommandExecutor.java:174)
at org.openqa.selenium.remote.RemoteWebDriver.execute(RemoteWebDriver.java:518)
at org.openqa.selenium.remote.ElementLocation$ElementFinder$2.findElement(ElementLocation.java:165)
at org.openqa.selenium.remote.ElementLocation.findElement(ElementLocation.java:59)
at org.openqa.selenium.remote.RemoteWebDriver.findElement(RemoteWebDriver.java:355)
at org.openqa.selenium.remote.RemoteWebDriver.findElement(RemoteWebDriver.java:349)
at PSf_Static_Report.PSF_Calibration_Report.Click_On_Service_Type_Wise(PSF_Calibration_Report.java:357)
at java.base/java.util.ArrayList.forEach(ArrayList.java:1597)
... Removed 28 stack frames]]>
    </failure>
  </testcase> <!-- Click_On_Service_Type_Wise -->
  <testcase classname="PSf_Static_Report.PSF_Calibration_Report" name="Comparison_0f_all_Data" time="0.008">
    <failure type="java.lang.AssertionError" message="Compare Total_PSF_Due_of_workshopWise_With_dayWise expected [null] but found [0]">
      <![CDATA[java.lang.AssertionError: Compare Total_PSF_Due_of_workshopWise_With_dayWise expected [null] but found [0]
at PSf_Static_Report.PSF_Calibration_Report.Comparison_0f_all_Data(PSF_Calibration_Report.java:460)
at java.base/java.util.ArrayList.forEach(ArrayList.java:1597)
... Removed 30 stack frames]]>
    </failure>
  </testcase> <!-- Comparison_0f_all_Data -->
  <testcase classname="PSf_Static_Report.PSF_Due_Analysis" name="Username" time="1.348"/>
  <testcase classname="PSf_Static_Report.PSF_Due_Analysis" name="Password" time="1.35"/>
  <testcase classname="PSf_Static_Report.PSF_Due_Analysis" name="Captcha" time="2.201"/>
  <testcase classname="PSf_Static_Report.PSF_Due_Analysis" name="SUBMIT_Button" time="2.226"/>
  <testcase classname="PSf_Static_Report.PSF_Due_Analysis" name="Click_On_PSF" time="24.381"/>
  <testcase classname="PSf_Static_Report.PSF_Due_Analysis" name="Remove_PouP" time="1.188"/>
  <testcase classname="PSf_Static_Report.PSF_Due_Analysis" name="Click_On_Static_Reports" time="1.104"/>
  <testcase classname="PSf_Static_Report.PSF_Due_Analysis" name="Click_On_PSF_Due_Analysis_Report" time="3.096"/>
  <testcase classname="PSf_Static_Report.PSF_Due_Analysis" name="Click_On_Day_Wise" time="34.417">
    <failure type="org.openqa.selenium.NoSuchElementException" message="no such element: Unable to locate element: {&amp;quot;method&amp;quot;:&amp;quot;xpath&amp;quot;,&amp;quot;selector&amp;quot;:&amp;quot;(//tr[td[contains(., &amp;apos;Total&amp;apos;)]])[1]/td[2]&amp;quot;}
  (Session info: chrome=131.0.6778.70)
For documentation on this error, please visit: https://www.selenium.dev/documentation/webdriver/troubleshooting/errors#no-such-element-exception
Build info: version: &amp;apos;4.21.0&amp;apos;, revision: &amp;apos;79ed462ef4&amp;apos;
System info: os.name: &amp;apos;Windows 11&amp;apos;, os.arch: &amp;apos;amd64&amp;apos;, os.version: &amp;apos;10.0&amp;apos;, java.version: &amp;apos;22.0.1&amp;apos;
Driver info: org.openqa.selenium.chrome.ChromeDriver
Command: [ab802fbfd8198bda3dd7c407a4251cac, findElement {value=(//tr[td[contains(., &amp;apos;Total&amp;apos;)]])[1]/td[2], using=xpath}]
Capabilities {acceptInsecureCerts: false, browserName: chrome, browserVersion: 131.0.6778.70, chrome: {chromedriverVersion: 131.0.6778.69 (77e2244bbcda..., userDataDir: C:\WINDOWS\TEMP\scoped_dir1...}, fedcm:accounts: true, goog:chromeOptions: {debuggerAddress: localhost:56508}, networkConnectionEnabled: false, pageLoadStrategy: normal, platformName: windows, proxy: Proxy(), se:cdp: ws://localhost:56508/devtoo..., se:cdpVersion: 131.0.6778.70, setWindowRect: true, strictFileInteractability: false, timeouts: {implicit: 0, pageLoad: 300000, script: 30000}, unhandledPromptBehavior: dismiss and notify, webauthn:extension:credBlob: true, webauthn:extension:largeBlob: true, webauthn:extension:minPinLength: true, webauthn:extension:prf: true, webauthn:virtualAuthenticators: true}
Session ID: ab802fbfd8198bda3dd7c407a4251cac">
      <![CDATA[org.openqa.selenium.NoSuchElementException: no such element: Unable to locate element: {"method":"xpath","selector":"(//tr[td[contains(., 'Total')]])[1]/td[2]"}
  (Session info: chrome=131.0.6778.70)
For documentation on this error, please visit: https://www.selenium.dev/documentation/webdriver/troubleshooting/errors#no-such-element-exception
Build info: version: '4.21.0', revision: '79ed462ef4'
System info: os.name: 'Windows 11', os.arch: 'amd64', os.version: '10.0', java.version: '22.0.1'
Driver info: org.openqa.selenium.chrome.ChromeDriver
Command: [ab802fbfd8198bda3dd7c407a4251cac, findElement {value=(//tr[td[contains(., 'Total')]])[1]/td[2], using=xpath}]
Capabilities {acceptInsecureCerts: false, browserName: chrome, browserVersion: 131.0.6778.70, chrome: {chromedriverVersion: 131.0.6778.69 (77e2244bbcda..., userDataDir: C:\WINDOWS\TEMP\scoped_dir1...}, fedcm:accounts: true, goog:chromeOptions: {debuggerAddress: localhost:56508}, networkConnectionEnabled: false, pageLoadStrategy: normal, platformName: windows, proxy: Proxy(), se:cdp: ws://localhost:56508/devtoo..., se:cdpVersion: 131.0.6778.70, setWindowRect: true, strictFileInteractability: false, timeouts: {implicit: 0, pageLoad: 300000, script: 30000}, unhandledPromptBehavior: dismiss and notify, webauthn:extension:credBlob: true, webauthn:extension:largeBlob: true, webauthn:extension:minPinLength: true, webauthn:extension:prf: true, webauthn:virtualAuthenticators: true}
Session ID: ab802fbfd8198bda3dd7c407a4251cac
at org.openqa.selenium.remote.ErrorCodec.decode(ErrorCodec.java:167)
at org.openqa.selenium.remote.codec.w3c.W3CHttpResponseCodec.decode(W3CHttpResponseCodec.java:138)
at org.openqa.selenium.remote.codec.w3c.W3CHttpResponseCodec.decode(W3CHttpResponseCodec.java:50)
at org.openqa.selenium.remote.HttpCommandExecutor.execute(HttpCommandExecutor.java:190)
at org.openqa.selenium.remote.service.DriverCommandExecutor.invokeExecute(DriverCommandExecutor.java:216)
at org.openqa.selenium.remote.service.DriverCommandExecutor.execute(DriverCommandExecutor.java:174)
at org.openqa.selenium.remote.RemoteWebDriver.execute(RemoteWebDriver.java:518)
at org.openqa.selenium.remote.ElementLocation$ElementFinder$2.findElement(ElementLocation.java:165)
at org.openqa.selenium.remote.ElementLocation.findElement(ElementLocation.java:59)
at org.openqa.selenium.remote.RemoteWebDriver.findElement(RemoteWebDriver.java:355)
at org.openqa.selenium.remote.RemoteWebDriver.findElement(RemoteWebDriver.java:349)
at PSf_Static_Report.PSF_Due_Analysis.Click_On_Day_Wise(PSF_Due_Analysis.java:273)
at java.base/java.util.ArrayList.forEach(ArrayList.java:1597)
... Removed 28 stack frames]]>
    </failure>
  </testcase> <!-- Click_On_Day_Wise -->
  <testcase classname="PSf_Static_Report.PSF_Due_Analysis" name="Click_On_Workshop" time="25.753">
    <failure type="java.lang.AssertionError" message="No Data Found for Workshop_Wise In PSF_Due_Analysis : 0">
      <![CDATA[java.lang.AssertionError: No Data Found for Workshop_Wise In PSF_Due_Analysis : 0
at PSf_Static_Report.PSF_Due_Analysis.Click_On_Workshop(PSF_Due_Analysis.java:246)
at java.base/java.util.ArrayList.forEach(ArrayList.java:1597)
... Removed 26 stack frames]]>
    </failure>
  </testcase> <!-- Click_On_Workshop -->
  <testcase classname="PSf_Static_Report.PSF_Due_Analysis" name="Click_On_Service_Type_Wise" time="18.235">
    <failure type="org.openqa.selenium.TimeoutException" message="Expected condition failed: waiting for presence of element located by: By.xpath: //*[text()=&amp;quot; Generate &amp;quot;] (tried for 10 second(s) with 500 milliseconds interval)">
      <![CDATA[org.openqa.selenium.TimeoutException: Expected condition failed: waiting for presence of element located by: By.xpath: //*[text()=" Generate "] (tried for 10 second(s) with 500 milliseconds interval)
at org.openqa.selenium.support.ui.WebDriverWait.timeoutException(WebDriverWait.java:84)
at org.openqa.selenium.support.ui.FluentWait.until(FluentWait.java:228)
at PSf_Static_Report.PSF_Due_Analysis.Click_On_Service_Type_Wise(PSF_Due_Analysis.java:345)
at java.base/java.util.ArrayList.forEach(ArrayList.java:1597)
Caused by: org.openqa.selenium.NoSuchElementException: no such element: Unable to locate element: {"method":"xpath","selector":"//*[text()=" Generate "]"}
  (Session info: chrome=131.0.6778.70)
For documentation on this error, please visit: https://www.selenium.dev/documentation/webdriver/troubleshooting/errors#no-such-element-exception
Build info: version: '4.21.0', revision: '79ed462ef4'
System info: os.name: 'Windows 11', os.arch: 'amd64', os.version: '10.0', java.version: '22.0.1'
Driver info: org.openqa.selenium.chrome.ChromeDriver
Command: [ab802fbfd8198bda3dd7c407a4251cac, findElement {value=//*[text()=" Generate "], using=xpath}]
Capabilities {acceptInsecureCerts: false, browserName: chrome, browserVersion: 131.0.6778.70, chrome: {chromedriverVersion: 131.0.6778.69 (77e2244bbcda..., userDataDir: C:\WINDOWS\TEMP\scoped_dir1...}, fedcm:accounts: true, goog:chromeOptions: {debuggerAddress: localhost:56508}, networkConnectionEnabled: false, pageLoadStrategy: normal, platformName: windows, proxy: Proxy(), se:cdp: ws://localhost:56508/devtoo..., se:cdpVersion: 131.0.6778.70, setWindowRect: true, strictFileInteractability: false, timeouts: {implicit: 0, pageLoad: 300000, script: 30000}, unhandledPromptBehavior: dismiss and notify, webauthn:extension:credBlob: true, webauthn:extension:largeBlob: true, webauthn:extension:minPinLength: true, webauthn:extension:prf: true, webauthn:virtualAuthenticators: true}
Session ID: ab802fbfd8198bda3dd7c407a4251cac
at org.openqa.selenium.remote.ErrorCodec.decode(ErrorCodec.java:167)
at org.openqa.selenium.remote.codec.w3c.W3CHttpResponseCodec.decode(W3CHttpResponseCodec.java:138)
at org.openqa.selenium.remote.codec.w3c.W3CHttpResponseCodec.decode(W3CHttpResponseCodec.java:50)
at org.openqa.selenium.remote.HttpCommandExecutor.execute(HttpCommandExecutor.java:190)
at org.openqa.selenium.remote.service.DriverCommandExecutor.invokeExecute(DriverCommandExecutor.java:216)
at org.openqa.selenium.remote.service.DriverCommandExecutor.execute(DriverCommandExecutor.java:174)
at org.openqa.selenium.remote.RemoteWebDriver.execute(RemoteWebDriver.java:518)
at org.openqa.selenium.remote.ElementLocation$ElementFinder$2.findElement(ElementLocation.java:165)
at org.openqa.selenium.remote.ElementLocation.findElement(ElementLocation.java:59)
at org.openqa.selenium.remote.RemoteWebDriver.findElement(RemoteWebDriver.java:355)
at org.openqa.selenium.remote.RemoteWebDriver.findElement(RemoteWebDriver.java:349)
at org.openqa.selenium.support.ui.ExpectedConditions$6.apply(ExpectedConditions.java:171)
at org.openqa.selenium.support.ui.ExpectedConditions$6.apply(ExpectedConditions.java:168)
at org.openqa.selenium.support.ui.FluentWait.until(FluentWait.java:203)
... 27 more
... Removed 28 stack frames]]>
    </failure>
  </testcase> <!-- Click_On_Service_Type_Wise -->
  <testcase classname="PSf_Static_Report.PSF_Due_Analysis" name="Comparison_0f_all_Data" time="0.0">
    <failure type="java.lang.AssertionError" message="Compare Total_Psf_Due_of_workshopWise_With_dayWise expected [null] but found [0]">
      <![CDATA[java.lang.AssertionError: Compare Total_Psf_Due_of_workshopWise_With_dayWise expected [null] but found [0]
at PSf_Static_Report.PSF_Due_Analysis.Comparison_0f_all_Data(PSF_Due_Analysis.java:437)
at java.base/java.util.ArrayList.forEach(ArrayList.java:1597)
... Removed 30 stack frames]]>
    </failure>
  </testcase> <!-- Comparison_0f_all_Data -->
  <testcase classname="PSf_Static_Report.Psf_All_Fillter_Check" name="Username" time="1.527"/>
  <testcase classname="PSf_Static_Report.Psf_All_Fillter_Check" name="Password" time="1.38"/>
  <testcase classname="PSf_Static_Report.Psf_All_Fillter_Check" name="Captcha" time="2.216"/>
  <testcase classname="PSf_Static_Report.Psf_All_Fillter_Check" name="SUBMIT_Button" time="2.218"/>
  <testcase classname="PSf_Static_Report.Psf_All_Fillter_Check" name="Click_On_PSF" time="44.57"/>
  <testcase classname="PSf_Static_Report.Psf_All_Fillter_Check" name="Remove_PouP" time="1.203"/>
  <testcase classname="PSf_Static_Report.Psf_All_Fillter_Check" name="Fillters_check" time="6.137"/>
  <testcase classname="PSf_Static_Report.Psf_All_Fillter_Check" name="Service_Advisor_Name_Fillter" time="3.284"/>
  <testcase classname="PSf_Static_Report.Psf_All_Fillter_Check" name="removeFilterCheck" time="0.6"/>
  <testcase classname="PSf_Static_Report.Psf_All_Fillter_Check" name="Technician_Name_Name_Fillter" time="23.722">
    <failure type="org.openqa.selenium.ElementNotInteractableException" message="element not interactable
  (Session info: chrome=131.0.6778.70)
Build info: version: &amp;apos;4.21.0&amp;apos;, revision: &amp;apos;79ed462ef4&amp;apos;
System info: os.name: &amp;apos;Windows 11&amp;apos;, os.arch: &amp;apos;amd64&amp;apos;, os.version: &amp;apos;10.0&amp;apos;, java.version: &amp;apos;22.0.1&amp;apos;
Driver info: org.openqa.selenium.chrome.ChromeDriver
Command: [100337abd11da847681840b3c28bee49, clickElement {id=f.83C7788A93146886DE20409EBE1B47A5.d.DF04D3CE24C26F1A1EE7EE6B997E6A50.e.785}]
Capabilities {acceptInsecureCerts: false, browserName: chrome, browserVersion: 131.0.6778.70, chrome: {chromedriverVersion: 131.0.6778.69 (77e2244bbcda..., userDataDir: C:\WINDOWS\TEMP\scoped_dir1...}, fedcm:accounts: true, goog:chromeOptions: {debuggerAddress: localhost:56576}, networkConnectionEnabled: false, pageLoadStrategy: normal, platformName: windows, proxy: Proxy(), se:cdp: ws://localhost:56576/devtoo..., se:cdpVersion: 131.0.6778.70, setWindowRect: true, strictFileInteractability: false, timeouts: {implicit: 0, pageLoad: 300000, script: 30000}, unhandledPromptBehavior: dismiss and notify, webauthn:extension:credBlob: true, webauthn:extension:largeBlob: true, webauthn:extension:minPinLength: true, webauthn:extension:prf: true, webauthn:virtualAuthenticators: true}
Element: [[ChromeDriver: chrome on windows (100337abd11da847681840b3c28bee49)] -&amp;gt; xpath: (//*[@class=&amp;quot;mat-checkbox-inner-container&amp;quot;])[31]]
Session ID: 100337abd11da847681840b3c28bee49">
      <![CDATA[org.openqa.selenium.ElementNotInteractableException: element not interactable
  (Session info: chrome=131.0.6778.70)
Build info: version: '4.21.0', revision: '79ed462ef4'
System info: os.name: 'Windows 11', os.arch: 'amd64', os.version: '10.0', java.version: '22.0.1'
Driver info: org.openqa.selenium.chrome.ChromeDriver
Command: [100337abd11da847681840b3c28bee49, clickElement {id=f.83C7788A93146886DE20409EBE1B47A5.d.DF04D3CE24C26F1A1EE7EE6B997E6A50.e.785}]
Capabilities {acceptInsecureCerts: false, browserName: chrome, browserVersion: 131.0.6778.70, chrome: {chromedriverVersion: 131.0.6778.69 (77e2244bbcda..., userDataDir: C:\WINDOWS\TEMP\scoped_dir1...}, fedcm:accounts: true, goog:chromeOptions: {debuggerAddress: localhost:56576}, networkConnectionEnabled: false, pageLoadStrategy: normal, platformName: windows, proxy: Proxy(), se:cdp: ws://localhost:56576/devtoo..., se:cdpVersion: 131.0.6778.70, setWindowRect: true, strictFileInteractability: false, timeouts: {implicit: 0, pageLoad: 300000, script: 30000}, unhandledPromptBehavior: dismiss and notify, webauthn:extension:credBlob: true, webauthn:extension:largeBlob: true, webauthn:extension:minPinLength: true, webauthn:extension:prf: true, webauthn:virtualAuthenticators: true}
Element: [[ChromeDriver: chrome on windows (100337abd11da847681840b3c28bee49)] -> xpath: (//*[@class="mat-checkbox-inner-container"])[31]]
Session ID: 100337abd11da847681840b3c28bee49
at org.openqa.selenium.remote.ErrorCodec.decode(ErrorCodec.java:167)
at org.openqa.selenium.remote.codec.w3c.W3CHttpResponseCodec.decode(W3CHttpResponseCodec.java:138)
at org.openqa.selenium.remote.codec.w3c.W3CHttpResponseCodec.decode(W3CHttpResponseCodec.java:50)
at org.openqa.selenium.remote.HttpCommandExecutor.execute(HttpCommandExecutor.java:190)
at org.openqa.selenium.remote.service.DriverCommandExecutor.invokeExecute(DriverCommandExecutor.java:216)
at org.openqa.selenium.remote.service.DriverCommandExecutor.execute(DriverCommandExecutor.java:174)
at org.openqa.selenium.remote.RemoteWebDriver.execute(RemoteWebDriver.java:518)
at org.openqa.selenium.remote.RemoteWebElement.execute(RemoteWebElement.java:223)
at org.openqa.selenium.remote.RemoteWebElement.click(RemoteWebElement.java:76)
at PSf_Static_Report.Psf_All_Fillter_Check.clickCheckboxes(Psf_All_Fillter_Check.java:492)
at PSf_Static_Report.Psf_All_Fillter_Check.Technician_Name_Name_Fillter(Psf_All_Fillter_Check.java:245)
at java.base/java.util.ArrayList.forEach(ArrayList.java:1597)
... Removed 28 stack frames]]>
    </failure>
  </testcase> <!-- Technician_Name_Name_Fillter -->
  <testcase classname="PSf_Static_Report.Psf_All_Fillter_Check" name="removeFilterCheck2" time="0.56"/>
  <testcase classname="PSf_Static_Report.Psf_All_Fillter_Check" name="FuelType_Fillter" time="16.822">
    <failure type="org.openqa.selenium.ElementNotInteractableException" message="element not interactable
  (Session info: chrome=131.0.6778.70)
Build info: version: &amp;apos;4.21.0&amp;apos;, revision: &amp;apos;79ed462ef4&amp;apos;
System info: os.name: &amp;apos;Windows 11&amp;apos;, os.arch: &amp;apos;amd64&amp;apos;, os.version: &amp;apos;10.0&amp;apos;, java.version: &amp;apos;22.0.1&amp;apos;
Driver info: org.openqa.selenium.chrome.ChromeDriver
Command: [100337abd11da847681840b3c28bee49, clickElement {id=f.83C7788A93146886DE20409EBE1B47A5.d.DF04D3CE24C26F1A1EE7EE6B997E6A50.e.791}]
Capabilities {acceptInsecureCerts: false, browserName: chrome, browserVersion: 131.0.6778.70, chrome: {chromedriverVersion: 131.0.6778.69 (77e2244bbcda..., userDataDir: C:\WINDOWS\TEMP\scoped_dir1...}, fedcm:accounts: true, goog:chromeOptions: {debuggerAddress: localhost:56576}, networkConnectionEnabled: false, pageLoadStrategy: normal, platformName: windows, proxy: Proxy(), se:cdp: ws://localhost:56576/devtoo..., se:cdpVersion: 131.0.6778.70, setWindowRect: true, strictFileInteractability: false, timeouts: {implicit: 0, pageLoad: 300000, script: 30000}, unhandledPromptBehavior: dismiss and notify, webauthn:extension:credBlob: true, webauthn:extension:largeBlob: true, webauthn:extension:minPinLength: true, webauthn:extension:prf: true, webauthn:virtualAuthenticators: true}
Element: [[ChromeDriver: chrome on windows (100337abd11da847681840b3c28bee49)] -&amp;gt; xpath: (//*[@class=&amp;quot;mat-checkbox-inner-container&amp;quot;])[34]]
Session ID: 100337abd11da847681840b3c28bee49">
      <![CDATA[org.openqa.selenium.ElementNotInteractableException: element not interactable
  (Session info: chrome=131.0.6778.70)
Build info: version: '4.21.0', revision: '79ed462ef4'
System info: os.name: 'Windows 11', os.arch: 'amd64', os.version: '10.0', java.version: '22.0.1'
Driver info: org.openqa.selenium.chrome.ChromeDriver
Command: [100337abd11da847681840b3c28bee49, clickElement {id=f.83C7788A93146886DE20409EBE1B47A5.d.DF04D3CE24C26F1A1EE7EE6B997E6A50.e.791}]
Capabilities {acceptInsecureCerts: false, browserName: chrome, browserVersion: 131.0.6778.70, chrome: {chromedriverVersion: 131.0.6778.69 (77e2244bbcda..., userDataDir: C:\WINDOWS\TEMP\scoped_dir1...}, fedcm:accounts: true, goog:chromeOptions: {debuggerAddress: localhost:56576}, networkConnectionEnabled: false, pageLoadStrategy: normal, platformName: windows, proxy: Proxy(), se:cdp: ws://localhost:56576/devtoo..., se:cdpVersion: 131.0.6778.70, setWindowRect: true, strictFileInteractability: false, timeouts: {implicit: 0, pageLoad: 300000, script: 30000}, unhandledPromptBehavior: dismiss and notify, webauthn:extension:credBlob: true, webauthn:extension:largeBlob: true, webauthn:extension:minPinLength: true, webauthn:extension:prf: true, webauthn:virtualAuthenticators: true}
Element: [[ChromeDriver: chrome on windows (100337abd11da847681840b3c28bee49)] -> xpath: (//*[@class="mat-checkbox-inner-container"])[34]]
Session ID: 100337abd11da847681840b3c28bee49
at org.openqa.selenium.remote.ErrorCodec.decode(ErrorCodec.java:167)
at org.openqa.selenium.remote.codec.w3c.W3CHttpResponseCodec.decode(W3CHttpResponseCodec.java:138)
at org.openqa.selenium.remote.codec.w3c.W3CHttpResponseCodec.decode(W3CHttpResponseCodec.java:50)
at org.openqa.selenium.remote.HttpCommandExecutor.execute(HttpCommandExecutor.java:190)
at org.openqa.selenium.remote.service.DriverCommandExecutor.invokeExecute(DriverCommandExecutor.java:216)
at org.openqa.selenium.remote.service.DriverCommandExecutor.execute(DriverCommandExecutor.java:174)
at org.openqa.selenium.remote.RemoteWebDriver.execute(RemoteWebDriver.java:518)
at org.openqa.selenium.remote.RemoteWebElement.execute(RemoteWebElement.java:223)
at org.openqa.selenium.remote.RemoteWebElement.click(RemoteWebElement.java:76)
at PSf_Static_Report.Psf_All_Fillter_Check.clickCheckboxes(Psf_All_Fillter_Check.java:492)
at PSf_Static_Report.Psf_All_Fillter_Check.FuelType_Fillter(Psf_All_Fillter_Check.java:271)
at java.base/java.util.ArrayList.forEach(ArrayList.java:1597)
... Removed 28 stack frames]]>
    </failure>
  </testcase> <!-- FuelType_Fillter -->
  <testcase classname="PSf_Static_Report.Psf_All_Fillter_Check" name="removeFilterCheck3" time="16.03">
    <failure type="org.openqa.selenium.TimeoutException" message="Expected condition failed: waiting for element to be clickable: By.xpath: //*[text()=&amp;quot;close&amp;quot;] (tried for 10 second(s) with 500 milliseconds interval)
Build info: version: &amp;apos;4.21.0&amp;apos;, revision: &amp;apos;79ed462ef4&amp;apos;
System info: os.name: &amp;apos;Windows 11&amp;apos;, os.arch: &amp;apos;amd64&amp;apos;, os.version: &amp;apos;10.0&amp;apos;, java.version: &amp;apos;22.0.1&amp;apos;
Driver info: org.openqa.selenium.chrome.ChromeDriver
Capabilities {acceptInsecureCerts: false, browserName: chrome, browserVersion: 131.0.6778.70, chrome: {chromedriverVersion: 131.0.6778.69 (77e2244bbcda..., userDataDir: C:\WINDOWS\TEMP\scoped_dir1...}, fedcm:accounts: true, goog:chromeOptions: {debuggerAddress: localhost:56576}, networkConnectionEnabled: false, pageLoadStrategy: normal, platformName: windows, proxy: Proxy(), se:cdp: ws://localhost:56576/devtoo..., se:cdpVersion: 131.0.6778.70, setWindowRect: true, strictFileInteractability: false, timeouts: {implicit: 0, pageLoad: 300000, script: 30000}, unhandledPromptBehavior: dismiss and notify, webauthn:extension:credBlob: true, webauthn:extension:largeBlob: true, webauthn:extension:minPinLength: true, webauthn:extension:prf: true, webauthn:virtualAuthenticators: true}
Session ID: 100337abd11da847681840b3c28bee49">
      <![CDATA[org.openqa.selenium.TimeoutException: Expected condition failed: waiting for element to be clickable: By.xpath: //*[text()="close"] (tried for 10 second(s) with 500 milliseconds interval)
Build info: version: '4.21.0', revision: '79ed462ef4'
System info: os.name: 'Windows 11', os.arch: 'amd64', os.version: '10.0', java.version: '22.0.1'
Driver info: org.openqa.selenium.chrome.ChromeDriver
Capabilities {acceptInsecureCerts: false, browserName: chrome, browserVersion: 131.0.6778.70, chrome: {chromedriverVersion: 131.0.6778.69 (77e2244bbcda..., userDataDir: C:\WINDOWS\TEMP\scoped_dir1...}, fedcm:accounts: true, goog:chromeOptions: {debuggerAddress: localhost:56576}, networkConnectionEnabled: false, pageLoadStrategy: normal, platformName: windows, proxy: Proxy(), se:cdp: ws://localhost:56576/devtoo..., se:cdpVersion: 131.0.6778.70, setWindowRect: true, strictFileInteractability: false, timeouts: {implicit: 0, pageLoad: 300000, script: 30000}, unhandledPromptBehavior: dismiss and notify, webauthn:extension:credBlob: true, webauthn:extension:largeBlob: true, webauthn:extension:minPinLength: true, webauthn:extension:prf: true, webauthn:virtualAuthenticators: true}
Session ID: 100337abd11da847681840b3c28bee49
at org.openqa.selenium.support.ui.WebDriverWait.timeoutException(WebDriverWait.java:84)
at org.openqa.selenium.support.ui.FluentWait.until(FluentWait.java:228)
at PSf_Static_Report.Psf_All_Fillter_Check.clickElementWithWait(Psf_All_Fillter_Check.java:483)
at PSf_Static_Report.Psf_All_Fillter_Check.removeFilterCheck3(Psf_All_Fillter_Check.java:279)
at java.base/java.util.ArrayList.forEach(ArrayList.java:1597)
... Removed 25 stack frames]]>
    </failure>
  </testcase> <!-- removeFilterCheck3 -->
  <testcase classname="PSf_Static_Report.Psf_All_Fillter_Check" name="Model_name_Fillter" time="28.643">
    <failure type="org.openqa.selenium.ElementNotInteractableException" message="element not interactable
  (Session info: chrome=131.0.6778.70)
Build info: version: &amp;apos;4.21.0&amp;apos;, revision: &amp;apos;79ed462ef4&amp;apos;
System info: os.name: &amp;apos;Windows 11&amp;apos;, os.arch: &amp;apos;amd64&amp;apos;, os.version: &amp;apos;10.0&amp;apos;, java.version: &amp;apos;22.0.1&amp;apos;
Driver info: org.openqa.selenium.chrome.ChromeDriver
Command: [100337abd11da847681840b3c28bee49, clickElement {id=f.83C7788A93146886DE20409EBE1B47A5.d.DF04D3CE24C26F1A1EE7EE6B997E6A50.e.843}]
Capabilities {acceptInsecureCerts: false, browserName: chrome, browserVersion: 131.0.6778.70, chrome: {chromedriverVersion: 131.0.6778.69 (77e2244bbcda..., userDataDir: C:\WINDOWS\TEMP\scoped_dir1...}, fedcm:accounts: true, goog:chromeOptions: {debuggerAddress: localhost:56576}, networkConnectionEnabled: false, pageLoadStrategy: normal, platformName: windows, proxy: Proxy(), se:cdp: ws://localhost:56576/devtoo..., se:cdpVersion: 131.0.6778.70, setWindowRect: true, strictFileInteractability: false, timeouts: {implicit: 0, pageLoad: 300000, script: 30000}, unhandledPromptBehavior: dismiss and notify, webauthn:extension:credBlob: true, webauthn:extension:largeBlob: true, webauthn:extension:minPinLength: true, webauthn:extension:prf: true, webauthn:virtualAuthenticators: true}
Element: [[ChromeDriver: chrome on windows (100337abd11da847681840b3c28bee49)] -&amp;gt; xpath: (//*[@class=&amp;quot;mat-checkbox-inner-container&amp;quot;])[75]]
Session ID: 100337abd11da847681840b3c28bee49">
      <![CDATA[org.openqa.selenium.ElementNotInteractableException: element not interactable
  (Session info: chrome=131.0.6778.70)
Build info: version: '4.21.0', revision: '79ed462ef4'
System info: os.name: 'Windows 11', os.arch: 'amd64', os.version: '10.0', java.version: '22.0.1'
Driver info: org.openqa.selenium.chrome.ChromeDriver
Command: [100337abd11da847681840b3c28bee49, clickElement {id=f.83C7788A93146886DE20409EBE1B47A5.d.DF04D3CE24C26F1A1EE7EE6B997E6A50.e.843}]
Capabilities {acceptInsecureCerts: false, browserName: chrome, browserVersion: 131.0.6778.70, chrome: {chromedriverVersion: 131.0.6778.69 (77e2244bbcda..., userDataDir: C:\WINDOWS\TEMP\scoped_dir1...}, fedcm:accounts: true, goog:chromeOptions: {debuggerAddress: localhost:56576}, networkConnectionEnabled: false, pageLoadStrategy: normal, platformName: windows, proxy: Proxy(), se:cdp: ws://localhost:56576/devtoo..., se:cdpVersion: 131.0.6778.70, setWindowRect: true, strictFileInteractability: false, timeouts: {implicit: 0, pageLoad: 300000, script: 30000}, unhandledPromptBehavior: dismiss and notify, webauthn:extension:credBlob: true, webauthn:extension:largeBlob: true, webauthn:extension:minPinLength: true, webauthn:extension:prf: true, webauthn:virtualAuthenticators: true}
Element: [[ChromeDriver: chrome on windows (100337abd11da847681840b3c28bee49)] -> xpath: (//*[@class="mat-checkbox-inner-container"])[75]]
Session ID: 100337abd11da847681840b3c28bee49
at org.openqa.selenium.remote.ErrorCodec.decode(ErrorCodec.java:167)
at org.openqa.selenium.remote.codec.w3c.W3CHttpResponseCodec.decode(W3CHttpResponseCodec.java:138)
at org.openqa.selenium.remote.codec.w3c.W3CHttpResponseCodec.decode(W3CHttpResponseCodec.java:50)
at org.openqa.selenium.remote.HttpCommandExecutor.execute(HttpCommandExecutor.java:190)
at org.openqa.selenium.remote.service.DriverCommandExecutor.invokeExecute(DriverCommandExecutor.java:216)
at org.openqa.selenium.remote.service.DriverCommandExecutor.execute(DriverCommandExecutor.java:174)
at org.openqa.selenium.remote.RemoteWebDriver.execute(RemoteWebDriver.java:518)
at org.openqa.selenium.remote.RemoteWebElement.execute(RemoteWebElement.java:223)
at org.openqa.selenium.remote.RemoteWebElement.click(RemoteWebElement.java:76)
at PSf_Static_Report.Psf_All_Fillter_Check.clickCheckboxes(Psf_All_Fillter_Check.java:492)
at PSf_Static_Report.Psf_All_Fillter_Check.Model_name_Fillter(Psf_All_Fillter_Check.java:338)
at java.base/java.util.ArrayList.forEach(ArrayList.java:1597)
... Removed 28 stack frames]]>
    </failure>
  </testcase> <!-- Model_name_Fillter -->
  <testcase classname="PSf_Static_Report.Psf_All_Fillter_Check" name="removeFilterCheck4" time="0.544"/>
  <testcase classname="PSf_Static_Report.Psf_All_Fillter_Check" name="Model_Variant_Fillter" time="26.777"/>
  <testcase classname="PSf_Static_Report.Psf_All_Fillter_Check" name="removeFilterCheck5" time="0.749"/>
  <testcase classname="PSf_Static_Report.Psf_All_Fillter_Check" name="Click_On_Refresh" time="18.382"/>
  <testcase classname="PSf_Static_Report.Call_me_Later_for_Service_Rating" name="Username" time="1.371"/>
  <testcase classname="PSf_Static_Report.Call_me_Later_for_Service_Rating" name="Password" time="1.395"/>
  <testcase classname="PSf_Static_Report.Call_me_Later_for_Service_Rating" name="Captcha" time="2.214"/>
  <testcase classname="PSf_Static_Report.Call_me_Later_for_Service_Rating" name="SUBMIT_Button" time="2.247"/>
  <testcase classname="PSf_Static_Report.Call_me_Later_for_Service_Rating" name="Click_On_PSF" time="44.024"/>
  <testcase classname="PSf_Static_Report.Call_me_Later_for_Service_Rating" name="Remove_PouP" time="1.172"/>
  <testcase classname="PSf_Static_Report.Call_me_Later_for_Service_Rating" name="PSF_Calibration_Due" time="41.383"/>
  <testcase classname="PSf_Static_Report.Call_Me_Later" name="Username" time="1.483"/>
  <testcase classname="PSf_Static_Report.Call_Me_Later" name="Password" time="1.465"/>
  <testcase classname="PSf_Static_Report.Call_Me_Later" name="Captcha" time="2.243"/>
  <testcase classname="PSf_Static_Report.Call_Me_Later" name="SUBMIT_Button" time="2.262"/>
  <testcase classname="PSf_Static_Report.Call_Me_Later" name="Click_On_PSF" time="21.787"/>
  <testcase classname="PSf_Static_Report.Call_Me_Later" name="Remove_PouP" time="1.154"/>
  <testcase classname="PSf_Static_Report.Call_Me_Later" name="CAll_Me_Later" time="53.393"/>
  <testcase classname="PSf_Static_Report.Not_Intrested_In_Providing_Feedback" name="Username" time="1.261"/>
  <testcase classname="PSf_Static_Report.Not_Intrested_In_Providing_Feedback" name="Password" time="1.443"/>
  <testcase classname="PSf_Static_Report.Not_Intrested_In_Providing_Feedback" name="Captcha" time="2.242"/>
  <testcase classname="PSf_Static_Report.Not_Intrested_In_Providing_Feedback" name="SUBMIT_Button" time="2.17"/>
  <testcase classname="PSf_Static_Report.Not_Intrested_In_Providing_Feedback" name="Click_On_PSF" time="47.189"/>
  <testcase classname="PSf_Static_Report.Not_Intrested_In_Providing_Feedback" name="Remove_PouP" time="1.183"/>
  <testcase classname="PSf_Static_Report.Not_Intrested_In_Providing_Feedback" name="PSF_Calibration_Due" time="67.033"/>
  <testcase classname="PSf_Static_Report.Not_Picked_Up_of_Service_Rating" name="Username" time="1.4"/>
  <testcase classname="PSf_Static_Report.Not_Picked_Up_of_Service_Rating" name="Password" time="1.51"/>
  <testcase classname="PSf_Static_Report.Not_Picked_Up_of_Service_Rating" name="Captcha" time="2.276"/>
  <testcase classname="PSf_Static_Report.Not_Picked_Up_of_Service_Rating" name="SUBMIT_Button" time="2.18"/>
  <testcase classname="PSf_Static_Report.Not_Picked_Up_of_Service_Rating" name="Click_On_PSF" time="21.724"/>
  <testcase classname="PSf_Static_Report.Not_Picked_Up_of_Service_Rating" name="Remove_PouP" time="1.156"/>
  <testcase classname="PSf_Static_Report.Not_Picked_Up_of_Service_Rating" name="PSF_Calibration_Due" time="41.055"/>
  <testcase classname="PSf_Static_Report.Number_Busy_of_Service_Rating" name="Username" time="1.43"/>
  <testcase classname="PSf_Static_Report.Number_Busy_of_Service_Rating" name="Password" time="1.382"/>
  <testcase classname="PSf_Static_Report.Number_Busy_of_Service_Rating" name="Captcha" time="2.224"/>
  <testcase classname="PSf_Static_Report.Number_Busy_of_Service_Rating" name="SUBMIT_Button" time="2.284"/>
  <testcase classname="PSf_Static_Report.Number_Busy_of_Service_Rating" name="Click_On_PSF" time="41.125"/>
  <testcase classname="PSf_Static_Report.Number_Busy_of_Service_Rating" name="Remove_PouP" time="1.158"/>
  <testcase classname="PSf_Static_Report.Number_Busy_of_Service_Rating" name="PSF_Calibration_Due" time="41.072"/>
  <testcase classname="PSf_Static_Report.PSF_Customer_satisfied_With_service_Rating" name="Username" time="1.382"/>
  <testcase classname="PSf_Static_Report.PSF_Customer_satisfied_With_service_Rating" name="Password" time="1.428"/>
  <testcase classname="PSf_Static_Report.PSF_Customer_satisfied_With_service_Rating" name="Captcha" time="2.266"/>
  <testcase classname="PSf_Static_Report.PSF_Customer_satisfied_With_service_Rating" name="SUBMIT_Button" time="2.189"/>
  <testcase classname="PSf_Static_Report.PSF_Customer_satisfied_With_service_Rating" name="Click_On_PSF" time="44.167"/>
  <testcase classname="PSf_Static_Report.PSF_Customer_satisfied_With_service_Rating" name="Remove_PouP" time="1.168"/>
  <testcase classname="PSf_Static_Report.PSF_Customer_satisfied_With_service_Rating" name="Click_On_Total_Due_Psf" time="0.033"/>
  <testcase classname="PSf_Static_Report.PSF_Customer_satisfied_With_service_Rating" name="Check_Call_Dispostion_Service_Rating_Excellent" time="61.309"/>
  <testcase classname="PSf_Static_Report.PSF_No_Raise_A_Complaint_Of_service_Rating" name="Username" time="1.389"/>
  <testcase classname="PSf_Static_Report.PSF_No_Raise_A_Complaint_Of_service_Rating" name="Password" time="1.433"/>
  <testcase classname="PSf_Static_Report.PSF_No_Raise_A_Complaint_Of_service_Rating" name="Captcha" time="2.212"/>
  <testcase classname="PSf_Static_Report.PSF_No_Raise_A_Complaint_Of_service_Rating" name="SUBMIT_Button" time="2.276"/>
  <testcase classname="PSf_Static_Report.PSF_No_Raise_A_Complaint_Of_service_Rating" name="Click_On_PSF" time="41.855"/>
  <testcase classname="PSf_Static_Report.PSF_No_Raise_A_Complaint_Of_service_Rating" name="Remove_PouP" time="1.232"/>
  <testcase classname="PSf_Static_Report.PSF_No_Raise_A_Complaint_Of_service_Rating" name="Click_On_Total_Due_Psf" time="0.048"/>
  <testcase classname="PSf_Static_Report.PSF_No_Raise_A_Complaint_Of_service_Rating" name="Check_Call_Dispostion_Service_Rating" time="70.385"/>
  <testcase classname="PSf_Static_Report.PSF_No_Raise_A_Complaint_Of_service_Rating" name="Open_Complaint_Management_tab" time="28.954"/>
  <testcase classname="PSf_Static_Report.PSF_No_Raise_A_Complaint_Of_service_Rating" name="Upload_file" time="9.908"/>
  <testcase classname="PSf_Static_Report.PSF_No_Raise_A_Complaint_Of_service_Rating" name="Clcik_On_Resolved_Complaint" time="20.046"/>
  <testcase classname="PSf_Static_Report.PSF_No_Raise_A_Complaint_Of_service_Rating" name="Customer_Will_Be_Available_In_Closed_Complaints" time="6.364"/>
  <testcase classname="PSf_Static_Report.Wrong_Number" name="Username" time="1.501"/>
  <testcase classname="PSf_Static_Report.Wrong_Number" name="Password" time="1.4"/>
  <testcase classname="PSf_Static_Report.Wrong_Number" name="Captcha" time="2.235"/>
  <testcase classname="PSf_Static_Report.Wrong_Number" name="SUBMIT_Button" time="2.304"/>
  <testcase classname="PSf_Static_Report.Wrong_Number" name="Click_On_PSF" time="47.12"/>
  <testcase classname="PSf_Static_Report.Wrong_Number" name="Remove_PouP" time="1.173"/>
  <testcase classname="PSf_Static_Report.Wrong_Number" name="PSF_Calibration_Due" time="40.966"/>
  <testcase classname="PSf_Static_Report.PSF_Service_Rating__Very_Good" name="Username" time="1.26"/>
  <testcase classname="PSf_Static_Report.PSF_Service_Rating__Very_Good" name="Password" time="1.351"/>
  <testcase classname="PSf_Static_Report.PSF_Service_Rating__Very_Good" name="Captcha" time="2.242"/>
  <testcase classname="PSf_Static_Report.PSF_Service_Rating__Very_Good" name="SUBMIT_Button" time="2.181"/>
  <testcase classname="PSf_Static_Report.PSF_Service_Rating__Very_Good" name="Click_On_PSF" time="46.637"/>
  <testcase classname="PSf_Static_Report.PSF_Service_Rating__Very_Good" name="Remove_PouP" time="1.198"/>
  <testcase classname="PSf_Static_Report.PSF_Service_Rating__Very_Good" name="Click_On_Total_Due_Psf" time="0.084"/>
  <testcase classname="PSf_Static_Report.PSF_Service_Rating__Very_Good" name="Check_Call_Dispostion_Service_Rating_Very_Good" time="42.195"/>
  <testcase classname="PSf_Static_Report.PSF_Service_Rating__Very_Good" name="Check_Yes_Customer_Is_Satisfied" time="27.865"/>
  <testcase classname="PSf_Static_Report.Psf_Service_Rating_Select_Good" name="Username" time="1.479"/>
  <testcase classname="PSf_Static_Report.Psf_Service_Rating_Select_Good" name="Password" time="1.447"/>
  <testcase classname="PSf_Static_Report.Psf_Service_Rating_Select_Good" name="Captcha" time="2.239"/>
  <testcase classname="PSf_Static_Report.Psf_Service_Rating_Select_Good" name="SUBMIT_Button" time="2.211"/>
  <testcase classname="PSf_Static_Report.Psf_Service_Rating_Select_Good" name="Click_On_PSF" time="43.091"/>
  <testcase classname="PSf_Static_Report.Psf_Service_Rating_Select_Good" name="Remove_PouP" time="1.245"/>
  <testcase classname="PSf_Static_Report.Psf_Service_Rating_Select_Good" name="Click_On_Total_Due_Psf" time="0.031"/>
  <testcase classname="PSf_Static_Report.Psf_Service_Rating_Select_Good" name="Check_Call_Dispostion_Service_Rating__Good" time="42.135"/>
  <testcase classname="PSf_Static_Report.Psf_Service_Rating_Select_Good" name="Check_Yes_Customer_Is_Satisfied" time="21.026"/>
  <testcase classname="PSf_Static_Report.Psf_Service_Rating_Select_Average" name="Username" time="1.416"/>
  <testcase classname="PSf_Static_Report.Psf_Service_Rating_Select_Average" name="Password" time="1.465"/>
  <testcase classname="PSf_Static_Report.Psf_Service_Rating_Select_Average" name="Captcha" time="2.266"/>
  <testcase classname="PSf_Static_Report.Psf_Service_Rating_Select_Average" name="SUBMIT_Button" time="2.181"/>
  <testcase classname="PSf_Static_Report.Psf_Service_Rating_Select_Average" name="Click_On_PSF" time="22.931"/>
  <testcase classname="PSf_Static_Report.Psf_Service_Rating_Select_Average" name="Remove_PouP" time="1.178"/>
  <testcase classname="PSf_Static_Report.Psf_Service_Rating_Select_Average" name="Click_On_Total_Due_Psf" time="0.057"/>
  <testcase classname="PSf_Static_Report.Psf_Service_Rating_Select_Average" name="Check_Call_Dispostion_Service_Rating__Average" time="43.496"/>
  <testcase classname="PSf_Static_Report.Psf_Service_Rating_Select_Average" name="Click_Open_Complaint_Management" time="12.72"/>
  <testcase classname="PSf_Static_Report.Psf_Service_Rating_Select_Average" name="Click__On_InProgress_To_Update_Complaint_Status" time="24.408"/>
  <testcase classname="PSf_Static_Report.Psf_Service_Rating_Select_Average" name="Click__On_Resolved_Complaints_To_Update_Complaint_Status" time="19.605"/>
  <testcase classname="PSf_Static_Report.Psf_Service_Rating_Select_Average" name="Upload_file" time="9.369"/>
  <testcase classname="PSf_Static_Report.Psf_Service_Rating_Select_Average" name="Customer_Will_Be_Available_In_Resolved_Complaints" time="11.323"/>
  <testcase classname="PSf_Static_Report.Psf_Service_Rating_Select_Poor" name="Username" time="1.494"/>
  <testcase classname="PSf_Static_Report.Psf_Service_Rating_Select_Poor" name="Password" time="1.441"/>
  <testcase classname="PSf_Static_Report.Psf_Service_Rating_Select_Poor" name="Captcha" time="2.235"/>
  <testcase classname="PSf_Static_Report.Psf_Service_Rating_Select_Poor" name="SUBMIT_Button" time="2.212"/>
  <testcase classname="PSf_Static_Report.Psf_Service_Rating_Select_Poor" name="Click_On_PSF" time="23.194"/>
  <testcase classname="PSf_Static_Report.Psf_Service_Rating_Select_Poor" name="Remove_PouP" time="1.154"/>
  <testcase classname="PSf_Static_Report.Psf_Service_Rating_Select_Poor" name="Click_On_Total_Due_Psf" time="0.054"/>
  <testcase classname="PSf_Static_Report.Psf_Service_Rating_Select_Poor" name="Check_Call_Dispostion_Service_Rating__Poor" time="45.347"/>
  <testcase classname="PSf_Static_Report.Psf_Service_Rating_Select_Poor" name="Click_Open_Complaint_Management" time="12.564"/>
  <testcase classname="PSf_Static_Report.Psf_Service_Rating_Select_Poor" name="Click__On_InProgress_To_Update_Complaint_Status" time="24.306"/>
  <testcase classname="PSf_Static_Report.Psf_Service_Rating_Select_Poor" name="Click__On_Resolved_Complaints_To_Update_Complaint_Status" time="19.351"/>
  <testcase classname="PSf_Static_Report.Psf_Service_Rating_Select_Poor" name="Upload_file" time="9.382"/>
  <testcase classname="PSf_Static_Report.Psf_Service_Rating_Select_Poor" name="Customer_Will_Be_Available_In_Resolved_Complaints" time="20.391"/>
</testsuite> <!-- PSF -->
