<?xml version="1.0" encoding="UTF-8"?>
<!-- Generated by org.testng.reporters.JUnitReportReporter -->
<testsuite hostname="DESKTOP-N9F7EI8" failures="0" tests="24" name="extend_Login.Maruti_Insurance" time="17.812" errors="1" timestamp="2024-05-31T15:51:29 IST" skipped="23">
  <testcase classname="extend_Login.Maruti_Insurance" name="Setup" time="17.812">
    <error message="no such element: Unable to locate element: {&quot;method&quot;:&quot;css selector&quot;,&quot;selector&quot;:&quot;[class=&quot;dealer-business px-0 py-4&quot;]&quot;}
  (Session info: chrome=125.0.6422.141)
For documentation on this error, please visit: https://www.selenium.dev/documentation/webdriver/troubleshooting/errors#no-such-element-exception
Build info: version: &#039;4.20.0&#039;, revision: &#039;866c76ca80&#039;
System info: os.name: &#039;Windows 11&#039;, os.arch: &#039;amd64&#039;, os.version: &#039;10.0&#039;, java.version: &#039;20.0.2&#039;
Driver info: org.openqa.selenium.chrome.ChromeDriver
Command: [9f6e802d5dac378160b6e4d0244d8bf6, findElement {value=[class=&quot;dealer-business px-0 py-4&quot;], using=css selector}]
Capabilities {acceptInsecureCerts: false, browserName: chrome, browserVersion: 125.0.6422.141, chrome: {chromedriverVersion: 125.0.6422.141 (4b1e8393712..., userDataDir: C:\Users\Thinkpad\AppData\L...}, fedcm:accounts: true, goog:chromeOptions: {debuggerAddress: localhost:49989}, networkConnectionEnabled: false, pageLoadStrategy: normal, platformName: windows, proxy: Proxy(), se:cdp: ws://localhost:49989/devtoo..., se:cdpVersion: 125.0.6422.141, setWindowRect: true, strictFileInteractability: false, timeouts: {implicit: 0, pageLoad: 300000, script: 30000}, unhandledPromptBehavior: dismiss and notify, webauthn:extension:credBlob: true, webauthn:extension:largeBlob: true, webauthn:extension:minPinLength: true, webauthn:extension:prf: true, webauthn:virtualAuthenticators: true}
Session ID: 9f6e802d5dac378160b6e4d0244d8bf6" type="org.openqa.selenium.NoSuchElementException">
      <![CDATA[org.openqa.selenium.NoSuchElementException: no such element: Unable to locate element: {"method":"css selector","selector":"[class="dealer-business px-0 py-4"]"}
  (Session info: chrome=125.0.6422.141)
For documentation on this error, please visit: https://www.selenium.dev/documentation/webdriver/troubleshooting/errors#no-such-element-exception
Build info: version: '4.20.0', revision: '866c76ca80'
System info: os.name: 'Windows 11', os.arch: 'amd64', os.version: '10.0', java.version: '20.0.2'
Driver info: org.openqa.selenium.chrome.ChromeDriver
Command: [9f6e802d5dac378160b6e4d0244d8bf6, findElement {value=[class="dealer-business px-0 py-4"], using=css selector}]
Capabilities {acceptInsecureCerts: false, browserName: chrome, browserVersion: 125.0.6422.141, chrome: {chromedriverVersion: 125.0.6422.141 (4b1e8393712..., userDataDir: C:\Users\Thinkpad\AppData\L...}, fedcm:accounts: true, goog:chromeOptions: {debuggerAddress: localhost:49989}, networkConnectionEnabled: false, pageLoadStrategy: normal, platformName: windows, proxy: Proxy(), se:cdp: ws://localhost:49989/devtoo..., se:cdpVersion: 125.0.6422.141, setWindowRect: true, strictFileInteractability: false, timeouts: {implicit: 0, pageLoad: 300000, script: 30000}, unhandledPromptBehavior: dismiss and notify, webauthn:extension:credBlob: true, webauthn:extension:largeBlob: true, webauthn:extension:minPinLength: true, webauthn:extension:prf: true, webauthn:virtualAuthenticators: true}
Session ID: 9f6e802d5dac378160b6e4d0244d8bf6
at java.base/jdk.internal.reflect.DirectConstructorHandleAccessor.newInstance(DirectConstructorHandleAccessor.java:67)
at java.base/java.lang.reflect.Constructor.newInstanceWithCaller(Constructor.java:500)
at java.base/java.lang.reflect.Constructor.newInstance(Constructor.java:484)
at org.openqa.selenium.remote.ErrorCodec.decode(ErrorCodec.java:167)
at org.openqa.selenium.remote.codec.w3c.W3CHttpResponseCodec.decode(W3CHttpResponseCodec.java:138)
at org.openqa.selenium.remote.codec.w3c.W3CHttpResponseCodec.decode(W3CHttpResponseCodec.java:50)
at org.openqa.selenium.remote.HttpCommandExecutor.execute(HttpCommandExecutor.java:190)
at org.openqa.selenium.remote.service.DriverCommandExecutor.invokeExecute(DriverCommandExecutor.java:216)
at org.openqa.selenium.remote.service.DriverCommandExecutor.execute(DriverCommandExecutor.java:174)
at org.openqa.selenium.remote.RemoteWebDriver.execute(RemoteWebDriver.java:518)
at org.openqa.selenium.remote.ElementLocation$ElementFinder$2.findElement(ElementLocation.java:165)
at org.openqa.selenium.remote.ElementLocation.findElement(ElementLocation.java:59)
at org.openqa.selenium.remote.RemoteWebDriver.findElement(RemoteWebDriver.java:355)
at org.openqa.selenium.remote.RemoteWebDriver.findElement(RemoteWebDriver.java:349)
at extend_Login.Login_Page.Setup(Login_Page.java:42)
at java.base/jdk.internal.reflect.DirectMethodHandleAccessor.invoke(DirectMethodHandleAccessor.java:104)
at java.base/java.lang.reflect.Method.invoke(Method.java:578)
at org.testng.internal.MethodInvocationHelper.invokeMethod(MethodInvocationHelper.java:133)
at org.testng.internal.MethodInvocationHelper.invokeMethodConsideringTimeout(MethodInvocationHelper.java:62)
at org.testng.internal.ConfigInvoker.invokeConfigurationMethod(ConfigInvoker.java:385)
at org.testng.internal.ConfigInvoker.invokeConfigurations(ConfigInvoker.java:321)
at org.testng.internal.TestMethodWorker.invokeBeforeClassMethods(TestMethodWorker.java:176)
at org.testng.internal.TestMethodWorker.run(TestMethodWorker.java:122)
at java.base/java.util.ArrayList.forEach(ArrayList.java:1511)
at org.testng.TestRunner.privateRun(TestRunner.java:794)
at org.testng.TestRunner.run(TestRunner.java:596)
at org.testng.SuiteRunner.runTest(SuiteRunner.java:377)
at org.testng.SuiteRunner.runSequentially(SuiteRunner.java:371)
at org.testng.SuiteRunner.privateRun(SuiteRunner.java:332)
at org.testng.SuiteRunner.run(SuiteRunner.java:276)
at org.testng.SuiteRunnerWorker.runSuite(SuiteRunnerWorker.java:53)
at org.testng.SuiteRunnerWorker.run(SuiteRunnerWorker.java:96)
at org.testng.TestNG.runSuitesSequentially(TestNG.java:1212)
at org.testng.TestNG.runSuitesLocally(TestNG.java:1134)
at org.testng.TestNG.runSuites(TestNG.java:1063)
at org.testng.TestNG.run(TestNG.java:1031)
at org.testng.remote.AbstractRemoteTestNG.run(AbstractRemoteTestNG.java:115)
at org.testng.remote.RemoteTestNG.initAndRun(RemoteTestNG.java:251)
at org.testng.remote.RemoteTestNG.main(RemoteTestNG.java:77)
]]>
    </error>
  </testcase> <!-- Setup -->
  <system-out/>
  <testcase classname="extend_Login.Maruti_Insurance" name="Click_on_NewCars" time="0.000">
    <skipped/>
  </testcase> <!-- Click_on_NewCars -->
  <system-out/>
  <testcase classname="extend_Login.Maruti_Insurance" name="Click_on_Manpower_Cost" time="0.000">
    <skipped/>
  </testcase> <!-- Click_on_Manpower_Cost -->
  <system-out/>
  <testcase classname="extend_Login.Maruti_Insurance" name="click_on_IntrestCost" time="0.000">
    <skipped/>
  </testcase> <!-- click_on_IntrestCost -->
  <system-out/>
  <testcase classname="extend_Login.Maruti_Insurance" name="clearData" time="0.000">
    <skipped/>
  </testcase> <!-- clearData -->
  <system-out/>
  <testcase classname="extend_Login.Maruti_Insurance" name="Save_the_Data" time="0.000">
    <skipped/>
  </testcase> <!-- Save_the_Data -->
  <system-out/>
  <testcase classname="extend_Login.Maruti_Insurance" name="Insurance_Renewal_Income_QTY" time="0.000">
    <skipped/>
  </testcase> <!-- Insurance_Renewal_Income_QTY -->
  <system-out/>
  <testcase classname="extend_Login.Maruti_Insurance" name="Insurance_Renewal_Income_Amount" time="0.000">
    <skipped/>
  </testcase> <!-- Insurance_Renewal_Income_Amount -->
  <system-out/>
  <testcase classname="extend_Login.Maruti_Insurance" name="Insurance_Renewal_Commission_Amount" time="0.000">
    <skipped/>
  </testcase> <!-- Insurance_Renewal_Commission_Amount -->
  <system-out/>
  <testcase classname="extend_Login.Maruti_Insurance" name="Any_other_Income_amount" time="0.000">
    <skipped/>
  </testcase> <!-- Any_other_Income_amount -->
  <system-out/>
  <testcase classname="extend_Login.Maruti_Insurance" name="Any_other_Expense_Amount" time="0.000">
    <skipped/>
  </testcase> <!-- Any_other_Expense_Amount -->
  <system-out/>
  <testcase classname="extend_Login.Maruti_Insurance" name="Per_new_cars__Income_Of_MDS_Enrollment" time="0.000">
    <skipped/>
  </testcase> <!-- Per_new_cars__Income_Of_MDS_Enrollment -->
  <system-out/>
  <testcase classname="extend_Login.Maruti_Insurance" name="Per_new_cars__Income_Of_MDS_Incentives" time="0.000">
    <skipped/>
  </testcase> <!-- Per_new_cars__Income_Of_MDS_Incentives -->
  <system-out/>
  <testcase classname="extend_Login.Maruti_Insurance" name="Per_new_cars__Income_Of_Any_other_Income" time="0.000">
    <skipped/>
  </testcase> <!-- Per_new_cars__Income_Of_Any_other_Income -->
  <system-out/>
  <testcase classname="extend_Login.Maruti_Insurance" name="click_on_MI_again" time="0.000">
    <skipped/>
  </testcase> <!-- click_on_MI_again -->
  <system-out/>
  <testcase classname="extend_Login.Maruti_Insurance" name="Per_New_Car_Expense_Of_ManpowerCost_Salary_and_Incentives" time="0.000">
    <skipped/>
  </testcase> <!-- Per_New_Car_Expense_Of_ManpowerCost_Salary_and_Incentives -->
  <system-out/>
  <testcase classname="extend_Login.Maruti_Insurance" name="Per_New_Car_Expense_Of_Short_term_Interest_Cost" time="0.000">
    <skipped/>
  </testcase> <!-- Per_New_Car_Expense_Of_Short_term_Interest_Cost -->
  <system-out/>
  <testcase classname="extend_Login.Maruti_Insurance" name="Per_New_Car_Expense_Of_Any_other_Expense" time="0.000">
    <skipped/>
  </testcase> <!-- Per_New_Car_Expense_Of_Any_other_Expense -->
  <system-out/>
  <testcase classname="extend_Login.Maruti_Insurance" name="Total_MI_Renewal_Income_A" time="0.000">
    <skipped/>
  </testcase> <!-- Total_MI_Renewal_Income_A -->
  <system-out/>
  <testcase classname="extend_Login.Maruti_Insurance" name="Net_Earning_MI_Renewal_A_B" time="0.000">
    <skipped/>
  </testcase> <!-- Net_Earning_MI_Renewal_A_B -->
  <system-out/>
  <testcase classname="extend_Login.Maruti_Insurance" name="Net_Earning_MI_Renewal_A_B_Per_New_Cars_Income" time="0.000">
    <skipped/>
  </testcase> <!-- Net_Earning_MI_Renewal_A_B_Per_New_Cars_Income -->
  <system-out/>
  <testcase classname="extend_Login.Maruti_Insurance" name="Total_MI_Direct_Expense_B" time="0.000">
    <skipped/>
  </testcase> <!-- Total_MI_Direct_Expense_B -->
  <system-out/>
  <testcase classname="extend_Login.Maruti_Insurance" name="Total_MI_Direct_Expense_B_per_new_Cars_Expenses" time="0.000">
    <skipped/>
  </testcase> <!-- Total_MI_Direct_Expense_B_per_new_Cars_Expenses -->
  <system-out/>
  <testcase classname="extend_Login.Maruti_Insurance" name="Total_MI_Renewal_Income_A_Per_New_Cars_Income" time="0.000">
    <skipped/>
  </testcase> <!-- Total_MI_Renewal_Income_A_Per_New_Cars_Income -->
  <system-out/>
</testsuite> <!-- extend_Login.Maruti_Insurance -->
