<?xml version="1.0" encoding="UTF-8"?>
<!-- Generated by org.testng.reporters.JUnitReportReporter -->
<testsuite hostname="DESKTOP-N9F7EI8" failures="0" tests="25" name="Import_DATA_Of_DBP.Maruti_Insurance" time="24.714" errors="1" timestamp="2024-06-04T15:43:14 IST" skipped="24">
  <testcase classname="Import_DATA_Of_DBP.Maruti_Insurance" name="Setup" time="24.714">
    <error message="Expected condition failed: waiting for presence of element located by: By.cssSelector: [class=&quot;dealer-business px-0 py-4&quot;] (tried for 15 second(s) with 500 milliseconds interval)" type="org.openqa.selenium.TimeoutException">
      <![CDATA[org.openqa.selenium.TimeoutException: Expected condition failed: waiting for presence of element located by: By.cssSelector: [class="dealer-business px-0 py-4"] (tried for 15 second(s) with 500 milliseconds interval)
at org.openqa.selenium.support.ui.WebDriverWait.timeoutException(WebDriverWait.java:84)
at org.openqa.selenium.support.ui.FluentWait.until(FluentWait.java:228)
at Import_DATA_Of_DBP.Login_Page.Setup(Login_Page.java:52)
at java.base/jdk.internal.reflect.DirectMethodHandleAccessor.invoke(DirectMethodHandleAccessor.java:104)
at java.base/java.lang.reflect.Method.invoke(Method.java:578)
at org.testng.internal.MethodInvocationHelper.invokeMethod(MethodInvocationHelper.java:133)
at org.testng.internal.MethodInvocationHelper.invokeMethodConsideringTimeout(MethodInvocationHelper.java:62)
at org.testng.internal.ConfigInvoker.invokeConfigurationMethod(ConfigInvoker.java:385)
at org.testng.internal.ConfigInvoker.invokeConfigurations(ConfigInvoker.java:321)
at org.testng.internal.TestMethodWorker.invokeBeforeClassMethods(TestMethodWorker.java:176)
at org.testng.internal.TestMethodWorker.run(TestMethodWorker.java:122)
at java.base/java.util.ArrayList.forEach(ArrayList.java:1511)
at org.testng.TestRunner.privateRun(TestRunner.java:794)
at org.testng.TestRunner.run(TestRunner.java:596)
at org.testng.SuiteRunner.runTest(SuiteRunner.java:377)
at org.testng.SuiteRunner.runSequentially(SuiteRunner.java:371)
at org.testng.SuiteRunner.privateRun(SuiteRunner.java:332)
at org.testng.SuiteRunner.run(SuiteRunner.java:276)
at org.testng.SuiteRunnerWorker.runSuite(SuiteRunnerWorker.java:53)
at org.testng.SuiteRunnerWorker.run(SuiteRunnerWorker.java:96)
at org.testng.TestNG.runSuitesSequentially(TestNG.java:1212)
at org.testng.TestNG.runSuitesLocally(TestNG.java:1134)
at org.testng.TestNG.runSuites(TestNG.java:1063)
at org.testng.TestNG.run(TestNG.java:1031)
at org.testng.remote.AbstractRemoteTestNG.run(AbstractRemoteTestNG.java:115)
at org.testng.remote.RemoteTestNG.initAndRun(RemoteTestNG.java:251)
at org.testng.remote.RemoteTestNG.main(RemoteTestNG.java:77)
Caused by: org.openqa.selenium.NoSuchElementException: no such element: Unable to locate element: {"method":"css selector","selector":"[class="dealer-business px-0 py-4"]"}
  (Session info: chrome=125.0.6422.141)
For documentation on this error, please visit: https://www.selenium.dev/documentation/webdriver/troubleshooting/errors#no-such-element-exception
Build info: version: '4.20.0', revision: '866c76ca80'
System info: os.name: 'Windows 11', os.arch: 'amd64', os.version: '10.0', java.version: '20.0.2'
Driver info: org.openqa.selenium.chrome.ChromeDriver
Command: [9c342fecd3dea28da84dbec746cd6cba, findElement {using=css selector, value=[class="dealer-business px-0 py-4"]}]
Capabilities {acceptInsecureCerts: false, browserName: chrome, browserVersion: 125.0.6422.141, chrome: {chromedriverVersion: 125.0.6422.141 (4b1e8393712..., userDataDir: C:\Users\Thinkpad\AppData\L...}, fedcm:accounts: true, goog:chromeOptions: {debuggerAddress: localhost:52127}, networkConnectionEnabled: false, pageLoadStrategy: normal, platformName: windows, proxy: Proxy(), se:cdp: ws://localhost:52127/devtoo..., se:cdpVersion: 125.0.6422.141, setWindowRect: true, strictFileInteractability: false, timeouts: {implicit: 0, pageLoad: 300000, script: 30000}, unhandledPromptBehavior: dismiss and notify, webauthn:extension:credBlob: true, webauthn:extension:largeBlob: true, webauthn:extension:minPinLength: true, webauthn:extension:prf: true, webauthn:virtualAuthenticators: true}
Session ID: 9c342fecd3dea28da84dbec746cd6cba
at java.base/jdk.internal.reflect.DirectConstructorHandleAccessor.newInstance(DirectConstructorHandleAccessor.java:67)
at java.base/java.lang.reflect.Constructor.newInstanceWithCaller(Constructor.java:500)
at java.base/java.lang.reflect.Constructor.newInstance(Constructor.java:484)
at org.openqa.selenium.remote.ErrorCodec.decode(ErrorCodec.java:167)
at org.openqa.selenium.remote.codec.w3c.W3CHttpResponseCodec.decode(W3CHttpResponseCodec.java:138)
at org.openqa.selenium.remote.codec.w3c.W3CHttpResponseCodec.decode(W3CHttpResponseCodec.java:50)
at org.openqa.selenium.remote.HttpCommandExecutor.execute(HttpCommandExecutor.java:190)
at org.openqa.selenium.remote.service.DriverCommandExecutor.invokeExecute(DriverCommandExecutor.java:216)
at org.openqa.selenium.remote.service.DriverCommandExecutor.execute(DriverCommandExecutor.java:174)
at org.openqa.selenium.remote.RemoteWebDriver.execute(RemoteWebDriver.java:518)
at org.openqa.selenium.remote.ElementLocation$ElementFinder$2.findElement(ElementLocation.java:165)
at org.openqa.selenium.remote.ElementLocation.findElement(ElementLocation.java:59)
at org.openqa.selenium.remote.RemoteWebDriver.findElement(RemoteWebDriver.java:355)
at org.openqa.selenium.remote.RemoteWebDriver.findElement(RemoteWebDriver.java:349)
at org.openqa.selenium.support.ui.ExpectedConditions$6.apply(ExpectedConditions.java:171)
at org.openqa.selenium.support.ui.ExpectedConditions$6.apply(ExpectedConditions.java:168)
at org.openqa.selenium.support.ui.FluentWait.until(FluentWait.java:203)
... 25 more
]]>
    </error>
  </testcase> <!-- Setup -->
  <system-out/>
  <testcase classname="Import_DATA_Of_DBP.Maruti_Insurance" name="Click_on_NewCars" time="0.000">
    <skipped/>
  </testcase> <!-- Click_on_NewCars -->
  <system-out/>
  <testcase classname="Import_DATA_Of_DBP.Maruti_Insurance" name="Click_on_Manpower_Cost" time="0.000">
    <skipped/>
  </testcase> <!-- Click_on_Manpower_Cost -->
  <system-out/>
  <testcase classname="Import_DATA_Of_DBP.Maruti_Insurance" name="click_on_IntrestCost" time="0.000">
    <skipped/>
  </testcase> <!-- click_on_IntrestCost -->
  <system-out/>
  <testcase classname="Import_DATA_Of_DBP.Maruti_Insurance" name="clearData" time="0.000">
    <skipped/>
  </testcase> <!-- clearData -->
  <system-out/>
  <testcase classname="Import_DATA_Of_DBP.Maruti_Insurance" name="Insurance_Renewal_Income_QTY" time="0.000">
    <skipped/>
  </testcase> <!-- Insurance_Renewal_Income_QTY -->
  <system-out/>
  <testcase classname="Import_DATA_Of_DBP.Maruti_Insurance" name="Insurance_Renewal_Income_Amount" time="0.000">
    <skipped/>
  </testcase> <!-- Insurance_Renewal_Income_Amount -->
  <system-out/>
  <testcase classname="Import_DATA_Of_DBP.Maruti_Insurance" name="Insurance_Renewal_Commission_Amount" time="0.000">
    <skipped/>
  </testcase> <!-- Insurance_Renewal_Commission_Amount -->
  <system-out/>
  <testcase classname="Import_DATA_Of_DBP.Maruti_Insurance" name="Any_other_Income_amount" time="0.000">
    <skipped/>
  </testcase> <!-- Any_other_Income_amount -->
  <system-out/>
  <testcase classname="Import_DATA_Of_DBP.Maruti_Insurance" name="Any_other_Expense_Amount" time="0.000">
    <skipped/>
  </testcase> <!-- Any_other_Expense_Amount -->
  <system-out/>
  <testcase classname="Import_DATA_Of_DBP.Maruti_Insurance" name="Per_new_cars__Income_Of_MDS_Enrollment" time="0.000">
    <skipped/>
  </testcase> <!-- Per_new_cars__Income_Of_MDS_Enrollment -->
  <system-out/>
  <testcase classname="Import_DATA_Of_DBP.Maruti_Insurance" name="Per_new_cars__Income_Of_MDS_Incentives" time="0.000">
    <skipped/>
  </testcase> <!-- Per_new_cars__Income_Of_MDS_Incentives -->
  <system-out/>
  <testcase classname="Import_DATA_Of_DBP.Maruti_Insurance" name="Per_new_cars__Income_Of_Any_other_Income" time="0.000">
    <skipped/>
  </testcase> <!-- Per_new_cars__Income_Of_Any_other_Income -->
  <system-out/>
  <testcase classname="Import_DATA_Of_DBP.Maruti_Insurance" name="click_on_MI_again" time="0.000">
    <skipped/>
  </testcase> <!-- click_on_MI_again -->
  <system-out/>
  <testcase classname="Import_DATA_Of_DBP.Maruti_Insurance" name="Per_New_Car_Expense_Of_ManpowerCost_Salary_and_Incentives" time="0.000">
    <skipped/>
  </testcase> <!-- Per_New_Car_Expense_Of_ManpowerCost_Salary_and_Incentives -->
  <system-out/>
  <testcase classname="Import_DATA_Of_DBP.Maruti_Insurance" name="Per_New_Car_Expense_Of_Short_term_Interest_Cost" time="0.000">
    <skipped/>
  </testcase> <!-- Per_New_Car_Expense_Of_Short_term_Interest_Cost -->
  <system-out/>
  <testcase classname="Import_DATA_Of_DBP.Maruti_Insurance" name="Per_New_Car_Expense_Of_Any_other_Expense" time="0.000">
    <skipped/>
  </testcase> <!-- Per_New_Car_Expense_Of_Any_other_Expense -->
  <system-out/>
  <testcase classname="Import_DATA_Of_DBP.Maruti_Insurance" name="Total_MI_Renewal_Income_A" time="0.000">
    <skipped/>
  </testcase> <!-- Total_MI_Renewal_Income_A -->
  <system-out/>
  <testcase classname="Import_DATA_Of_DBP.Maruti_Insurance" name="Net_Earning_MI_Renewal_A_B" time="0.000">
    <skipped/>
  </testcase> <!-- Net_Earning_MI_Renewal_A_B -->
  <system-out/>
  <testcase classname="Import_DATA_Of_DBP.Maruti_Insurance" name="Net_Earning_MI_Renewal_A_B_Per_New_Cars_Income" time="0.000">
    <skipped/>
  </testcase> <!-- Net_Earning_MI_Renewal_A_B_Per_New_Cars_Income -->
  <system-out/>
  <testcase classname="Import_DATA_Of_DBP.Maruti_Insurance" name="Total_MI_Direct_Expense_B" time="0.000">
    <skipped/>
  </testcase> <!-- Total_MI_Direct_Expense_B -->
  <system-out/>
  <testcase classname="Import_DATA_Of_DBP.Maruti_Insurance" name="Total_MI_Direct_Expense_B_per_new_Cars_Expenses" time="0.000">
    <skipped/>
  </testcase> <!-- Total_MI_Direct_Expense_B_per_new_Cars_Expenses -->
  <system-out/>
  <testcase classname="Import_DATA_Of_DBP.Maruti_Insurance" name="Total_MI_Renewal_Income_A_Per_New_Cars_Income" time="0.000">
    <skipped/>
  </testcase> <!-- Total_MI_Renewal_Income_A_Per_New_Cars_Income -->
  <system-out/>
  <testcase classname="Import_DATA_Of_DBP.Maruti_Insurance" name="Manpower_Cost_Salary_and_Incentives_matches_from_ManpowerCOST_Modules" time="0.000">
    <skipped/>
  </testcase> <!-- Manpower_Cost_Salary_and_Incentives_matches_from_ManpowerCOST_Modules -->
  <system-out/>
  <testcase classname="Import_DATA_Of_DBP.Maruti_Insurance" name="Short_term_Interest_Cost_Matches_from_Intrest_Cost_MODULES" time="0.000">
    <skipped/>
  </testcase> <!-- Short_term_Interest_Cost_Matches_from_Intrest_Cost_MODULES -->
  <system-out/>
</testsuite> <!-- Import_DATA_Of_DBP.Maruti_Insurance -->
