<?xml version="1.0" encoding="UTF-8"?>
<!-- Generated by org.testng.reporters.JUnitReportReporter -->
<testsuite hostname="DESKTOP-N9F7EI8" failures="6" tests="81" name="aLLLogin.New_Car_TestNG" time="62.376" errors="1" timestamp="2024-06-05T10:53:29 IST" skipped="0">
  <testcase classname="aLLLogin.New_Car_TestNG" name="Clear_Data" time="22.798"/>
  <system-out/>
  <testcase classname="aLLLogin.New_Car_TestNG" name="Save_Data" time="12.787"/>
  <system-out/>
  <testcase classname="aLLLogin.New_Car_TestNG" name="ClickOn_StockSheet" time="3.533">
    <error message="For input string: &quot;&quot;" type="java.lang.NumberFormatException">
      <![CDATA[java.lang.NumberFormatException: For input string: ""
at java.base/java.lang.NumberFormatException.forInputString(NumberFormatException.java:67)
at java.base/java.lang.Long.parseLong(Long.java:718)
at java.base/java.lang.Long.parseLong(Long.java:831)
at aLLLogin.New_Car_TestNG.ClickOn_StockSheet(New_Car_TestNG.java:371)
at java.base/jdk.internal.reflect.DirectMethodHandleAccessor.invoke(DirectMethodHandleAccessor.java:104)
at java.base/java.lang.reflect.Method.invoke(Method.java:578)
at org.testng.internal.MethodInvocationHelper.invokeMethod(MethodInvocationHelper.java:133)
at org.testng.internal.TestInvoker.invokeMethod(TestInvoker.java:598)
at org.testng.internal.TestInvoker.invokeTestMethod(TestInvoker.java:173)
at org.testng.internal.MethodRunner.runInSequence(MethodRunner.java:46)
at org.testng.internal.TestInvoker$MethodInvocationAgent.invoke(TestInvoker.java:824)
at org.testng.internal.TestInvoker.invokeTestMethods(TestInvoker.java:146)
at org.testng.internal.TestMethodWorker.invokeTestMethods(TestMethodWorker.java:146)
at org.testng.internal.TestMethodWorker.run(TestMethodWorker.java:128)
at java.base/java.util.ArrayList.forEach(ArrayList.java:1511)
at org.testng.TestRunner.privateRun(TestRunner.java:794)
at org.testng.TestRunner.run(TestRunner.java:596)
at org.testng.SuiteRunner.runTest(SuiteRunner.java:377)
at org.testng.SuiteRunner.runSequentially(SuiteRunner.java:371)
at org.testng.SuiteRunner.privateRun(SuiteRunner.java:332)
at org.testng.SuiteRunner.run(SuiteRunner.java:276)
at org.testng.SuiteRunnerWorker.runSuite(SuiteRunnerWorker.java:53)
at org.testng.SuiteRunnerWorker.run(SuiteRunnerWorker.java:96)
at org.testng.TestNG.runSuitesSequentially(TestNG.java:1212)
at org.testng.TestNG.runSuitesLocally(TestNG.java:1134)
at org.testng.TestNG.runSuites(TestNG.java:1063)
at org.testng.TestNG.run(TestNG.java:1031)
at org.testng.remote.AbstractRemoteTestNG.run(AbstractRemoteTestNG.java:115)
at org.testng.remote.RemoteTestNG.initAndRun(RemoteTestNG.java:251)
at org.testng.remote.RemoteTestNG.main(RemoteTestNG.java:77)
]]>
    </error>
  </testcase> <!-- ClickOn_StockSheet -->
  <system-out/>
  <testcase classname="aLLLogin.New_Car_TestNG" name="ClickOn_Manpower_Cost" time="6.301"/>
  <system-out/>
  <testcase classname="aLLLogin.New_Car_TestNG" name="ClickOn_Interest_Cost" time="6.381"/>
  <system-out/>
  <testcase classname="aLLLogin.New_Car_TestNG" name="ClickOn_NewCar" time="6.424"/>
  <system-out/>
  <testcase classname="aLLLogin.New_Car_TestNG" name="NewCar_RetailSales_Quantity" time="0.000">
    <failure message="expected [0.0] but found [535.0]" type="java.lang.AssertionError">
      <![CDATA[java.lang.AssertionError: expected [0.0] but found [535.0]
at org.testng.Assert.fail(Assert.java:99)
at org.testng.Assert.failNotEquals(Assert.java:1037)
at org.testng.Assert.assertEquals(Assert.java:701)
at org.testng.Assert.assertEquals(Assert.java:712)
at aLLLogin.New_Car_TestNG.NewCar_RetailSales_Quantity(New_Car_TestNG.java:463)
at java.base/jdk.internal.reflect.DirectMethodHandleAccessor.invoke(DirectMethodHandleAccessor.java:104)
at java.base/java.lang.reflect.Method.invoke(Method.java:578)
at org.testng.internal.MethodInvocationHelper.invokeMethod(MethodInvocationHelper.java:133)
at org.testng.internal.TestInvoker.invokeMethod(TestInvoker.java:598)
at org.testng.internal.TestInvoker.invokeTestMethod(TestInvoker.java:173)
at org.testng.internal.MethodRunner.runInSequence(MethodRunner.java:46)
at org.testng.internal.TestInvoker$MethodInvocationAgent.invoke(TestInvoker.java:824)
at org.testng.internal.TestInvoker.invokeTestMethods(TestInvoker.java:146)
at org.testng.internal.TestMethodWorker.invokeTestMethods(TestMethodWorker.java:146)
at org.testng.internal.TestMethodWorker.run(TestMethodWorker.java:128)
at java.base/java.util.ArrayList.forEach(ArrayList.java:1511)
at org.testng.TestRunner.privateRun(TestRunner.java:794)
at org.testng.TestRunner.run(TestRunner.java:596)
at org.testng.SuiteRunner.runTest(SuiteRunner.java:377)
at org.testng.SuiteRunner.runSequentially(SuiteRunner.java:371)
at org.testng.SuiteRunner.privateRun(SuiteRunner.java:332)
at org.testng.SuiteRunner.run(SuiteRunner.java:276)
at org.testng.SuiteRunnerWorker.runSuite(SuiteRunnerWorker.java:53)
at org.testng.SuiteRunnerWorker.run(SuiteRunnerWorker.java:96)
at org.testng.TestNG.runSuitesSequentially(TestNG.java:1212)
at org.testng.TestNG.runSuitesLocally(TestNG.java:1134)
at org.testng.TestNG.runSuites(TestNG.java:1063)
at org.testng.TestNG.run(TestNG.java:1031)
at org.testng.remote.AbstractRemoteTestNG.run(AbstractRemoteTestNG.java:115)
at org.testng.remote.RemoteTestNG.initAndRun(RemoteTestNG.java:251)
at org.testng.remote.RemoteTestNG.main(RemoteTestNG.java:77)
]]>
    </failure>
  </testcase> <!-- NewCar_RetailSales_Quantity -->
  <system-out/>
  <testcase classname="aLLLogin.New_Car_TestNG" name="NewCar_RetailSales_Amount" time="0.000">
    <failure message="expected [0] but found [6554817]" type="java.lang.AssertionError">
      <![CDATA[java.lang.AssertionError: expected [0] but found [6554817]
at org.testng.Assert.fail(Assert.java:99)
at org.testng.Assert.failNotEquals(Assert.java:1037)
at org.testng.Assert.assertEqualsImpl(Assert.java:140)
at org.testng.Assert.assertEquals(Assert.java:122)
at org.testng.Assert.assertEquals(Assert.java:797)
at org.testng.Assert.assertEquals(Assert.java:807)
at aLLLogin.New_Car_TestNG.NewCar_RetailSales_Amount(New_Car_TestNG.java:469)
at java.base/jdk.internal.reflect.DirectMethodHandleAccessor.invoke(DirectMethodHandleAccessor.java:104)
at java.base/java.lang.reflect.Method.invoke(Method.java:578)
at org.testng.internal.MethodInvocationHelper.invokeMethod(MethodInvocationHelper.java:133)
at org.testng.internal.TestInvoker.invokeMethod(TestInvoker.java:598)
at org.testng.internal.TestInvoker.invokeTestMethod(TestInvoker.java:173)
at org.testng.internal.MethodRunner.runInSequence(MethodRunner.java:46)
at org.testng.internal.TestInvoker$MethodInvocationAgent.invoke(TestInvoker.java:824)
at org.testng.internal.TestInvoker.invokeTestMethods(TestInvoker.java:146)
at org.testng.internal.TestMethodWorker.invokeTestMethods(TestMethodWorker.java:146)
at org.testng.internal.TestMethodWorker.run(TestMethodWorker.java:128)
at java.base/java.util.ArrayList.forEach(ArrayList.java:1511)
at org.testng.TestRunner.privateRun(TestRunner.java:794)
at org.testng.TestRunner.run(TestRunner.java:596)
at org.testng.SuiteRunner.runTest(SuiteRunner.java:377)
at org.testng.SuiteRunner.runSequentially(SuiteRunner.java:371)
at org.testng.SuiteRunner.privateRun(SuiteRunner.java:332)
at org.testng.SuiteRunner.run(SuiteRunner.java:276)
at org.testng.SuiteRunnerWorker.runSuite(SuiteRunnerWorker.java:53)
at org.testng.SuiteRunnerWorker.run(SuiteRunnerWorker.java:96)
at org.testng.TestNG.runSuitesSequentially(TestNG.java:1212)
at org.testng.TestNG.runSuitesLocally(TestNG.java:1134)
at org.testng.TestNG.runSuites(TestNG.java:1063)
at org.testng.TestNG.run(TestNG.java:1031)
at org.testng.remote.AbstractRemoteTestNG.run(AbstractRemoteTestNG.java:115)
at org.testng.remote.RemoteTestNG.initAndRun(RemoteTestNG.java:251)
at org.testng.remote.RemoteTestNG.main(RemoteTestNG.java:77)
]]>
    </failure>
  </testcase> <!-- NewCar_RetailSales_Amount -->
  <system-out/>
  <testcase classname="aLLLogin.New_Car_TestNG" name="NewCar_Margin_Amount" time="0.000">
    <failure message="expected [0] but found [-20009927953]" type="java.lang.AssertionError">
      <![CDATA[java.lang.AssertionError: expected [0] but found [-20009927953]
at org.testng.Assert.fail(Assert.java:99)
at org.testng.Assert.failNotEquals(Assert.java:1037)
at org.testng.Assert.assertEqualsImpl(Assert.java:140)
at org.testng.Assert.assertEquals(Assert.java:122)
at org.testng.Assert.assertEquals(Assert.java:797)
at org.testng.Assert.assertEquals(Assert.java:807)
at aLLLogin.New_Car_TestNG.NewCar_Margin_Amount(New_Car_TestNG.java:475)
at java.base/jdk.internal.reflect.DirectMethodHandleAccessor.invoke(DirectMethodHandleAccessor.java:104)
at java.base/java.lang.reflect.Method.invoke(Method.java:578)
at org.testng.internal.MethodInvocationHelper.invokeMethod(MethodInvocationHelper.java:133)
at org.testng.internal.TestInvoker.invokeMethod(TestInvoker.java:598)
at org.testng.internal.TestInvoker.invokeTestMethod(TestInvoker.java:173)
at org.testng.internal.MethodRunner.runInSequence(MethodRunner.java:46)
at org.testng.internal.TestInvoker$MethodInvocationAgent.invoke(TestInvoker.java:824)
at org.testng.internal.TestInvoker.invokeTestMethods(TestInvoker.java:146)
at org.testng.internal.TestMethodWorker.invokeTestMethods(TestMethodWorker.java:146)
at org.testng.internal.TestMethodWorker.run(TestMethodWorker.java:128)
at java.base/java.util.ArrayList.forEach(ArrayList.java:1511)
at org.testng.TestRunner.privateRun(TestRunner.java:794)
at org.testng.TestRunner.run(TestRunner.java:596)
at org.testng.SuiteRunner.runTest(SuiteRunner.java:377)
at org.testng.SuiteRunner.runSequentially(SuiteRunner.java:371)
at org.testng.SuiteRunner.privateRun(SuiteRunner.java:332)
at org.testng.SuiteRunner.run(SuiteRunner.java:276)
at org.testng.SuiteRunnerWorker.runSuite(SuiteRunnerWorker.java:53)
at org.testng.SuiteRunnerWorker.run(SuiteRunnerWorker.java:96)
at org.testng.TestNG.runSuitesSequentially(TestNG.java:1212)
at org.testng.TestNG.runSuitesLocally(TestNG.java:1134)
at org.testng.TestNG.runSuites(TestNG.java:1063)
at org.testng.TestNG.run(TestNG.java:1031)
at org.testng.remote.AbstractRemoteTestNG.run(AbstractRemoteTestNG.java:115)
at org.testng.remote.RemoteTestNG.initAndRun(RemoteTestNG.java:251)
at org.testng.remote.RemoteTestNG.main(RemoteTestNG.java:77)
]]>
    </failure>
  </testcase> <!-- NewCar_Margin_Amount -->
  <system-out/>
  <testcase classname="aLLLogin.New_Car_TestNG" name="NewCar_Margin_PerNewCar" time="0.016"/>
  <system-out/>
  <testcase classname="aLLLogin.New_Car_TestNG" name="TotalDRF_Amount" time="0.000">
    <failure message="expected [0] but found [3143782]" type="java.lang.AssertionError">
      <![CDATA[java.lang.AssertionError: expected [0] but found [3143782]
at org.testng.Assert.fail(Assert.java:99)
at org.testng.Assert.failNotEquals(Assert.java:1037)
at org.testng.Assert.assertEqualsImpl(Assert.java:140)
at org.testng.Assert.assertEquals(Assert.java:122)
at org.testng.Assert.assertEquals(Assert.java:797)
at org.testng.Assert.assertEquals(Assert.java:807)
at aLLLogin.New_Car_TestNG.TotalDRF_Amount(New_Car_TestNG.java:489)
at java.base/jdk.internal.reflect.DirectMethodHandleAccessor.invoke(DirectMethodHandleAccessor.java:104)
at java.base/java.lang.reflect.Method.invoke(Method.java:578)
at org.testng.internal.MethodInvocationHelper.invokeMethod(MethodInvocationHelper.java:133)
at org.testng.internal.TestInvoker.invokeMethod(TestInvoker.java:598)
at org.testng.internal.TestInvoker.invokeTestMethod(TestInvoker.java:173)
at org.testng.internal.MethodRunner.runInSequence(MethodRunner.java:46)
at org.testng.internal.TestInvoker$MethodInvocationAgent.invoke(TestInvoker.java:824)
at org.testng.internal.TestInvoker.invokeTestMethods(TestInvoker.java:146)
at org.testng.internal.TestMethodWorker.invokeTestMethods(TestMethodWorker.java:146)
at org.testng.internal.TestMethodWorker.run(TestMethodWorker.java:128)
at java.base/java.util.ArrayList.forEach(ArrayList.java:1511)
at org.testng.TestRunner.privateRun(TestRunner.java:794)
at org.testng.TestRunner.run(TestRunner.java:596)
at org.testng.SuiteRunner.runTest(SuiteRunner.java:377)
at org.testng.SuiteRunner.runSequentially(SuiteRunner.java:371)
at org.testng.SuiteRunner.privateRun(SuiteRunner.java:332)
at org.testng.SuiteRunner.run(SuiteRunner.java:276)
at org.testng.SuiteRunnerWorker.runSuite(SuiteRunnerWorker.java:53)
at org.testng.SuiteRunnerWorker.run(SuiteRunnerWorker.java:96)
at org.testng.TestNG.runSuitesSequentially(TestNG.java:1212)
at org.testng.TestNG.runSuitesLocally(TestNG.java:1134)
at org.testng.TestNG.runSuites(TestNG.java:1063)
at org.testng.TestNG.run(TestNG.java:1031)
at org.testng.remote.AbstractRemoteTestNG.run(AbstractRemoteTestNG.java:115)
at org.testng.remote.RemoteTestNG.initAndRun(RemoteTestNG.java:251)
at org.testng.remote.RemoteTestNG.main(RemoteTestNG.java:77)
]]>
    </failure>
  </testcase> <!-- TotalDRF_Amount -->
  <system-out/>
  <testcase classname="aLLLogin.New_Car_TestNG" name="Total_DRFAmount_PerNewCar" time="0.000"/>
  <system-out/>
  <testcase classname="aLLLogin.New_Car_TestNG" name="SPOT_Value_On_MSILInvoice" time="2.046"/>
  <system-out/>
  <testcase classname="aLLLogin.New_Car_TestNG" name="SPOT_Value_PerNewCar" time="0.000"/>
  <system-out/>
  <testcase classname="aLLLogin.New_Car_TestNG" name="RIPS_Support_ISL_RMK" time="0.048"/>
  <system-out/>
  <testcase classname="aLLLogin.New_Car_TestNG" name="RIPS_Support_PerNewCar" time="0.000"/>
  <system-out/>
  <testcase classname="aLLLogin.New_Car_TestNG" name="Wholesale_Incentives_MACNAC" time="0.063"/>
  <system-out/>
  <testcase classname="aLLLogin.New_Car_TestNG" name="Wholesale_Incentives_MAC_NAC_PerNewCar" time="0.000"/>
  <system-out/>
  <testcase classname="aLLLogin.New_Car_TestNG" name="Wholesale_Incentives_Trade_Discount" time="0.039"/>
  <system-out/>
  <testcase classname="aLLLogin.New_Car_TestNG" name="Wholesale_Incentives_TradeDiscount_PerNewCar" time="0.000"/>
  <system-out/>
  <testcase classname="aLLLogin.New_Car_TestNG" name="BSC_NSC_Payout" time="0.039"/>
  <system-out/>
  <testcase classname="aLLLogin.New_Car_TestNG" name="BSC_NSC_Payout_PerNewCar" time="0.000"/>
  <system-out/>
  <testcase classname="aLLLogin.New_Car_TestNG" name="RO_ZO_HO_Incentive_Scheme" time="0.064"/>
  <system-out/>
  <testcase classname="aLLLogin.New_Car_TestNG" name="RO_ZO_HO_Incentive_Scheme_PerNewCar" time="0.000"/>
  <system-out/>
  <testcase classname="aLLLogin.New_Car_TestNG" name="Demo_Vehicle_Claims" time="0.095"/>
  <system-out/>
  <testcase classname="aLLLogin.New_Car_TestNG" name="Demo_Vehicle_Claims_PerNewCar" time="0.000"/>
  <system-out/>
  <testcase classname="aLLLogin.New_Car_TestNG" name="DGS_D_Payout_Incentive" time="0.108"/>
  <system-out/>
  <testcase classname="aLLLogin.New_Car_TestNG" name="DGS_D_Payout_Incentive_PerNewCar" time="0.000"/>
  <system-out/>
  <testcase classname="aLLLogin.New_Car_TestNG" name="JASP_Claims" time="0.142"/>
  <system-out/>
  <testcase classname="aLLLogin.New_Car_TestNG" name="JASP_Claims_PerNewCar" time="0.000"/>
  <system-out/>
  <testcase classname="aLLLogin.New_Car_TestNG" name="Finance_Commission_Quantity" time="0.050"/>
  <system-out/>
  <testcase classname="aLLLogin.New_Car_TestNG" name="Finance_Commission_Amount" time="0.048"/>
  <system-out/>
  <testcase classname="aLLLogin.New_Car_TestNG" name="Finance_Commission_Amount_PerNewCar" time="0.000"/>
  <system-out/>
  <testcase classname="aLLLogin.New_Car_TestNG" name="Insurance_Commission_Quantity" time="0.064"/>
  <system-out/>
  <testcase classname="aLLLogin.New_Car_TestNG" name="Insurance_Commission_Amount" time="0.047"/>
  <system-out/>
  <testcase classname="aLLLogin.New_Car_TestNG" name="Insurance_Commission_Amount_PerNewCar" time="0.000"/>
  <system-out/>
  <testcase classname="aLLLogin.New_Car_TestNG" name="MSR_Loyalty_Reward_Card_Quantity" time="0.095"/>
  <system-out/>
  <testcase classname="aLLLogin.New_Car_TestNG" name="MSR_Loyalty_Reward_Card_Amount" time="0.110"/>
  <system-out/>
  <testcase classname="aLLLogin.New_Car_TestNG" name="MSR_Loyalty_Reward_Card_Amount_PerNewCar" time="0.000"/>
  <system-out/>
  <testcase classname="aLLLogin.New_Car_TestNG" name="Extended_Warranty_Commission_Quantity" time="0.056"/>
  <system-out/>
  <testcase classname="aLLLogin.New_Car_TestNG" name="Extended_Warranty_Commission_Amount" time="0.032"/>
  <system-out/>
  <testcase classname="aLLLogin.New_Car_TestNG" name="Extended_Warranty_Commission_Amount_PerNewCar" time="0.000"/>
  <system-out/>
  <testcase classname="aLLLogin.New_Car_TestNG" name="CCP_Commission_Quantity" time="0.063"/>
  <system-out/>
  <testcase classname="aLLLogin.New_Car_TestNG" name="CCP_Commission_Amount" time="0.047"/>
  <system-out/>
  <testcase classname="aLLLogin.New_Car_TestNG" name="CCP_Commission_Amount_PerNewCar" time="0.016"/>
  <system-out/>
  <testcase classname="aLLLogin.New_Car_TestNG" name="IncomeFromIssuanceOfFitnessCertificate_Amount" time="0.062"/>
  <system-out/>
  <testcase classname="aLLLogin.New_Car_TestNG" name="IncomeFromIssuanceOfFitnessCertificate_PerNewCar" time="0.000"/>
  <system-out/>
  <testcase classname="aLLLogin.New_Car_TestNG" name="Interest_Receipt_from_MSIL_Amount" time="0.065"/>
  <system-out/>
  <testcase classname="aLLLogin.New_Car_TestNG" name="Interest_Receipt_from_MSIL_Amount_PerNewCar" time="0.000"/>
  <system-out/>
  <testcase classname="aLLLogin.New_Car_TestNG" name="NewCar_Other_income_Amount" time="0.093"/>
  <system-out/>
  <testcase classname="aLLLogin.New_Car_TestNG" name="NewCar_Other_income_Amount_PerNewCar" time="0.000"/>
  <system-out/>
  <testcase classname="aLLLogin.New_Car_TestNG" name="Any_other_Income_Amount" time="0.063"/>
  <system-out/>
  <testcase classname="aLLLogin.New_Car_TestNG" name="Any_other_Income_Amount_PerNewCar" time="0.000"/>
  <system-out/>
  <testcase classname="aLLLogin.New_Car_TestNG" name="NewCar_Manpower_Cost" time="0.000">
    <failure message="expected [465000] but found [34000]" type="java.lang.AssertionError">
      <![CDATA[java.lang.AssertionError: expected [465000] but found [34000]
at org.testng.Assert.fail(Assert.java:99)
at org.testng.Assert.failNotEquals(Assert.java:1037)
at org.testng.Assert.assertEqualsImpl(Assert.java:140)
at org.testng.Assert.assertEquals(Assert.java:122)
at org.testng.Assert.assertEquals(Assert.java:797)
at org.testng.Assert.assertEquals(Assert.java:807)
at aLLLogin.New_Car_TestNG.NewCar_Manpower_Cost(New_Car_TestNG.java:878)
at java.base/jdk.internal.reflect.DirectMethodHandleAccessor.invoke(DirectMethodHandleAccessor.java:104)
at java.base/java.lang.reflect.Method.invoke(Method.java:578)
at org.testng.internal.MethodInvocationHelper.invokeMethod(MethodInvocationHelper.java:133)
at org.testng.internal.TestInvoker.invokeMethod(TestInvoker.java:598)
at org.testng.internal.TestInvoker.invokeTestMethod(TestInvoker.java:173)
at org.testng.internal.MethodRunner.runInSequence(MethodRunner.java:46)
at org.testng.internal.TestInvoker$MethodInvocationAgent.invoke(TestInvoker.java:824)
at org.testng.internal.TestInvoker.invokeTestMethods(TestInvoker.java:146)
at org.testng.internal.TestMethodWorker.invokeTestMethods(TestMethodWorker.java:146)
at org.testng.internal.TestMethodWorker.run(TestMethodWorker.java:128)
at java.base/java.util.ArrayList.forEach(ArrayList.java:1511)
at org.testng.TestRunner.privateRun(TestRunner.java:794)
at org.testng.TestRunner.run(TestRunner.java:596)
at org.testng.SuiteRunner.runTest(SuiteRunner.java:377)
at org.testng.SuiteRunner.runSequentially(SuiteRunner.java:371)
at org.testng.SuiteRunner.privateRun(SuiteRunner.java:332)
at org.testng.SuiteRunner.run(SuiteRunner.java:276)
at org.testng.SuiteRunnerWorker.runSuite(SuiteRunnerWorker.java:53)
at org.testng.SuiteRunnerWorker.run(SuiteRunnerWorker.java:96)
at org.testng.TestNG.runSuitesSequentially(TestNG.java:1212)
at org.testng.TestNG.runSuitesLocally(TestNG.java:1134)
at org.testng.TestNG.runSuites(TestNG.java:1063)
at org.testng.TestNG.run(TestNG.java:1031)
at org.testng.remote.AbstractRemoteTestNG.run(AbstractRemoteTestNG.java:115)
at org.testng.remote.RemoteTestNG.initAndRun(RemoteTestNG.java:251)
at org.testng.remote.RemoteTestNG.main(RemoteTestNG.java:77)
]]>
    </failure>
  </testcase> <!-- NewCar_Manpower_Cost -->
  <system-out/>
  <testcase classname="aLLLogin.New_Car_TestNG" name="Manpower_Cost_PerNewCar" time="0.016"/>
  <system-out/>
  <testcase classname="aLLLogin.New_Car_TestNG" name="NewCar_Total_Discount" time="0.000">
    <failure message="expected [0] but found [85120941]" type="java.lang.AssertionError">
      <![CDATA[java.lang.AssertionError: expected [0] but found [85120941]
at org.testng.Assert.fail(Assert.java:99)
at org.testng.Assert.failNotEquals(Assert.java:1037)
at org.testng.Assert.assertEqualsImpl(Assert.java:140)
at org.testng.Assert.assertEquals(Assert.java:122)
at org.testng.Assert.assertEquals(Assert.java:797)
at org.testng.Assert.assertEquals(Assert.java:807)
at aLLLogin.New_Car_TestNG.NewCar_Total_Discount(New_Car_TestNG.java:892)
at java.base/jdk.internal.reflect.DirectMethodHandleAccessor.invoke(DirectMethodHandleAccessor.java:104)
at java.base/java.lang.reflect.Method.invoke(Method.java:578)
at org.testng.internal.MethodInvocationHelper.invokeMethod(MethodInvocationHelper.java:133)
at org.testng.internal.TestInvoker.invokeMethod(TestInvoker.java:598)
at org.testng.internal.TestInvoker.invokeTestMethod(TestInvoker.java:173)
at org.testng.internal.MethodRunner.runInSequence(MethodRunner.java:46)
at org.testng.internal.TestInvoker$MethodInvocationAgent.invoke(TestInvoker.java:824)
at org.testng.internal.TestInvoker.invokeTestMethods(TestInvoker.java:146)
at org.testng.internal.TestMethodWorker.invokeTestMethods(TestMethodWorker.java:146)
at org.testng.internal.TestMethodWorker.run(TestMethodWorker.java:128)
at java.base/java.util.ArrayList.forEach(ArrayList.java:1511)
at org.testng.TestRunner.privateRun(TestRunner.java:794)
at org.testng.TestRunner.run(TestRunner.java:596)
at org.testng.SuiteRunner.runTest(SuiteRunner.java:377)
at org.testng.SuiteRunner.runSequentially(SuiteRunner.java:371)
at org.testng.SuiteRunner.privateRun(SuiteRunner.java:332)
at org.testng.SuiteRunner.run(SuiteRunner.java:276)
at org.testng.SuiteRunnerWorker.runSuite(SuiteRunnerWorker.java:53)
at org.testng.SuiteRunnerWorker.run(SuiteRunnerWorker.java:96)
at org.testng.TestNG.runSuitesSequentially(TestNG.java:1212)
at org.testng.TestNG.runSuitesLocally(TestNG.java:1134)
at org.testng.TestNG.runSuites(TestNG.java:1063)
at org.testng.TestNG.run(TestNG.java:1031)
at org.testng.remote.AbstractRemoteTestNG.run(AbstractRemoteTestNG.java:115)
at org.testng.remote.RemoteTestNG.initAndRun(RemoteTestNG.java:251)
at org.testng.remote.RemoteTestNG.main(RemoteTestNG.java:77)
]]>
    </failure>
  </testcase> <!-- NewCar_Total_Discount -->
  <system-out/>
  <testcase classname="aLLLogin.New_Car_TestNG" name="Total_Discount_PerNewCar" time="0.000"/>
  <system-out/>
  <testcase classname="aLLLogin.New_Car_TestNG" name="NewCar_Short_term_Interest_Cost" time="0.000"/>
  <system-out/>
  <testcase classname="aLLLogin.New_Car_TestNG" name="Short_term_Interest_Cost_PerNewCar" time="0.000"/>
  <system-out/>
  <testcase classname="aLLLogin.New_Car_TestNG" name="Delivery_Expenses_Amount" time="0.062"/>
  <system-out/>
  <testcase classname="aLLLogin.New_Car_TestNG" name="Delivery_Expenses_PerNewCar" time="0.000"/>
  <system-out/>
  <testcase classname="aLLLogin.New_Car_TestNG" name="Fuel_expenses_Amount" time="0.063"/>
  <system-out/>
  <testcase classname="aLLLogin.New_Car_TestNG" name="Fuel_expenses_PerNewCar" time="0.000"/>
  <system-out/>
  <testcase classname="aLLLogin.New_Car_TestNG" name="Advertisement_Marketing_Promotional_Expenses_Amount" time="0.079"/>
  <system-out/>
  <testcase classname="aLLLogin.New_Car_TestNG" name="Advertisement_Marketing_Promotional_Expenses_PerNewCar" time="0.000"/>
  <system-out/>
  <testcase classname="aLLLogin.New_Car_TestNG" name="Hyperlocal_Expense_Amount" time="0.097"/>
  <system-out/>
  <testcase classname="aLLLogin.New_Car_TestNG" name="Hyperlocal_Expense_PerNewCar" time="0.000"/>
  <system-out/>
  <testcase classname="aLLLogin.New_Car_TestNG" name="Pool_Lifting_Charges_Amount" time="0.080"/>
  <system-out/>
  <testcase classname="aLLLogin.New_Car_TestNG" name="Pool_Lifting_Charges_PerNewCar" time="0.000"/>
  <system-out/>
  <testcase classname="aLLLogin.New_Car_TestNG" name="DSA_DMA_Commission_Amount" time="0.058"/>
  <system-out/>
  <testcase classname="aLLLogin.New_Car_TestNG" name="DSA_DMA_Commission_PerNewCar" time="0.000"/>
  <system-out/>
  <testcase classname="aLLLogin.New_Car_TestNG" name="Lease_Rental_on_Demo_Vehicles_Amount" time="0.063"/>
  <system-out/>
  <testcase classname="aLLLogin.New_Car_TestNG" name="Lease_Rental_on_Demo_Vehicles_PerNewCar" time="0.000"/>
  <system-out/>
  <testcase classname="aLLLogin.New_Car_TestNG" name="Any_other_Expense_Amount" time="0.063"/>
  <system-out/>
  <testcase classname="aLLLogin.New_Car_TestNG" name="Any_other_Expense_PerNewCar" time="0.000"/>
  <system-out/>
  <testcase classname="aLLLogin.New_Car_TestNG" name="Total_New_Car_Income" time="0.000"/>
  <system-out/>
  <testcase classname="aLLLogin.New_Car_TestNG" name="Total_New_Car_Income_PerNewCar" time="0.000"/>
  <system-out/>
  <testcase classname="aLLLogin.New_Car_TestNG" name="Total_New_Car_Direct_Expense" time="0.000"/>
  <system-out/>
  <testcase classname="aLLLogin.New_Car_TestNG" name="Total_New_Car_Direct_Expense_PerNewCar" time="0.000"/>
  <system-out/>
  <testcase classname="aLLLogin.New_Car_TestNG" name="Net_Earning_New_car_PerNewCar" time="0.000"/>
  <system-out/>
  <testcase classname="aLLLogin.New_Car_TestNG" name="Net_Earning_New_car" time="0.000"/>
  <system-out/>
</testsuite> <!-- aLLLogin.New_Car_TestNG -->
