<?xml version="1.0" encoding="UTF-8"?>
<!-- Generated by org.testng.reporters.JUnitReportReporter -->
<testsuite hostname="DESKTOP-N9F7EI8" failures="0" tests="69" name="dbp_Login_Extends.Submit" time="24.619" errors="1" timestamp="2024-06-06T10:19:57 IST" skipped="68">
  <testcase classname="dbp_Login_Extends.Submit" name="Setup" time="24.619">
    <error message="Expected condition failed: waiting for presence of element located by: By.xpath: (//*[@type=&quot;button&quot;])[2] (tried for 15 second(s) with 500 milliseconds interval)" type="org.openqa.selenium.TimeoutException">
      <![CDATA[org.openqa.selenium.TimeoutException: Expected condition failed: waiting for presence of element located by: By.xpath: (//*[@type="button"])[2] (tried for 15 second(s) with 500 milliseconds interval)
at org.openqa.selenium.support.ui.WebDriverWait.timeoutException(WebDriverWait.java:84)
at org.openqa.selenium.support.ui.FluentWait.until(FluentWait.java:228)
at dbp_Login_Extends.Login_Page.Setup(Login_Page.java:48)
at java.base/jdk.internal.reflect.DirectMethodHandleAccessor.invoke(DirectMethodHandleAccessor.java:104)
at java.base/java.lang.reflect.Method.invoke(Method.java:578)
at org.testng.internal.MethodInvocationHelper.invokeMethod(MethodInvocationHelper.java:133)
at org.testng.internal.MethodInvocationHelper.invokeMethodConsideringTimeout(MethodInvocationHelper.java:62)
at org.testng.internal.ConfigInvoker.invokeConfigurationMethod(ConfigInvoker.java:385)
at org.testng.internal.ConfigInvoker.invokeConfigurations(ConfigInvoker.java:321)
at org.testng.internal.TestMethodWorker.invokeBeforeClassMethods(TestMethodWorker.java:176)
at org.testng.internal.TestMethodWorker.run(TestMethodWorker.java:122)
at java.base/java.util.ArrayList.forEach(ArrayList.java:1511)
at org.testng.TestRunner.privateRun(TestRunner.java:794)
at org.testng.TestRunner.run(TestRunner.java:596)
at org.testng.SuiteRunner.runTest(SuiteRunner.java:377)
at org.testng.SuiteRunner.runSequentially(SuiteRunner.java:371)
at org.testng.SuiteRunner.privateRun(SuiteRunner.java:332)
at org.testng.SuiteRunner.run(SuiteRunner.java:276)
at org.testng.SuiteRunnerWorker.runSuite(SuiteRunnerWorker.java:53)
at org.testng.SuiteRunnerWorker.run(SuiteRunnerWorker.java:96)
at org.testng.TestNG.runSuitesSequentially(TestNG.java:1212)
at org.testng.TestNG.runSuitesLocally(TestNG.java:1134)
at org.testng.TestNG.runSuites(TestNG.java:1063)
at org.testng.TestNG.run(TestNG.java:1031)
at org.testng.remote.AbstractRemoteTestNG.run(AbstractRemoteTestNG.java:115)
at org.testng.remote.RemoteTestNG.initAndRun(RemoteTestNG.java:251)
at org.testng.remote.RemoteTestNG.main(RemoteTestNG.java:77)
Caused by: org.openqa.selenium.NoSuchWindowException: no such window: target window already closed
from unknown error: web view not found
  (Session info: chrome=125.0.6422.142)
Build info: version: '4.20.0', revision: '866c76ca80'
System info: os.name: 'Windows 11', os.arch: 'amd64', os.version: '10.0', java.version: '20.0.2'
Driver info: org.openqa.selenium.chrome.ChromeDriver
Command: [50a38c6035857f969031a3cf4b273f95, findElement {value=(//*[@type="button"])[2], using=xpath}]
Capabilities {acceptInsecureCerts: false, browserName: chrome, browserVersion: 125.0.6422.142, chrome: {chromedriverVersion: 125.0.6422.141 (4b1e8393712..., userDataDir: C:\Users\Thinkpad\AppData\L...}, fedcm:accounts: true, goog:chromeOptions: {debuggerAddress: localhost:57525}, networkConnectionEnabled: false, pageLoadStrategy: normal, platformName: windows, proxy: Proxy(), se:cdp: ws://localhost:57525/devtoo..., se:cdpVersion: 125.0.6422.142, setWindowRect: true, strictFileInteractability: false, timeouts: {implicit: 0, pageLoad: 300000, script: 30000}, unhandledPromptBehavior: dismiss and notify, webauthn:extension:credBlob: true, webauthn:extension:largeBlob: true, webauthn:extension:minPinLength: true, webauthn:extension:prf: true, webauthn:virtualAuthenticators: true}
Session ID: 50a38c6035857f969031a3cf4b273f95
at java.base/jdk.internal.reflect.DirectConstructorHandleAccessor.newInstance(DirectConstructorHandleAccessor.java:67)
at java.base/java.lang.reflect.Constructor.newInstanceWithCaller(Constructor.java:500)
at java.base/java.lang.reflect.Constructor.newInstance(Constructor.java:484)
at org.openqa.selenium.remote.ErrorCodec.decode(ErrorCodec.java:167)
at org.openqa.selenium.remote.codec.w3c.W3CHttpResponseCodec.decode(W3CHttpResponseCodec.java:138)
at org.openqa.selenium.remote.codec.w3c.W3CHttpResponseCodec.decode(W3CHttpResponseCodec.java:50)
at org.openqa.selenium.remote.HttpCommandExecutor.execute(HttpCommandExecutor.java:190)
at org.openqa.selenium.remote.service.DriverCommandExecutor.invokeExecute(DriverCommandExecutor.java:216)
at org.openqa.selenium.remote.service.DriverCommandExecutor.execute(DriverCommandExecutor.java:174)
at org.openqa.selenium.remote.RemoteWebDriver.execute(RemoteWebDriver.java:518)
at org.openqa.selenium.remote.ElementLocation$ElementFinder$2.findElement(ElementLocation.java:165)
at org.openqa.selenium.remote.ElementLocation.findElement(ElementLocation.java:59)
at org.openqa.selenium.remote.RemoteWebDriver.findElement(RemoteWebDriver.java:355)
at org.openqa.selenium.remote.RemoteWebDriver.findElement(RemoteWebDriver.java:349)
at org.openqa.selenium.support.ui.ExpectedConditions$6.apply(ExpectedConditions.java:171)
at org.openqa.selenium.support.ui.ExpectedConditions$6.apply(ExpectedConditions.java:168)
at org.openqa.selenium.support.ui.FluentWait.until(FluentWait.java:203)
... 25 more
]]>
    </error>
  </testcase> <!-- Setup -->
  <system-out/>
  <testcase classname="dbp_Login_Extends.Submit" name="ClickOn_NewCar" time="0.000">
    <skipped/>
  </testcase> <!-- ClickOn_NewCar -->
  <system-out/>
  <testcase classname="dbp_Login_Extends.Submit" name="ElementsOf_NewCar" time="0.000">
    <skipped/>
  </testcase> <!-- ElementsOf_NewCar -->
  <system-out/>
  <testcase classname="dbp_Login_Extends.Submit" name="ClickOn_StockSheet" time="0.000">
    <skipped/>
  </testcase> <!-- ClickOn_StockSheet -->
  <system-out/>
  <testcase classname="dbp_Login_Extends.Submit" name="ElementsOf_StockSheet" time="0.000">
    <skipped/>
  </testcase> <!-- ElementsOf_StockSheet -->
  <system-out/>
  <testcase classname="dbp_Login_Extends.Submit" name="ClickOn_MDS" time="0.000">
    <skipped/>
  </testcase> <!-- ClickOn_MDS -->
  <system-out/>
  <testcase classname="dbp_Login_Extends.Submit" name="ElementsOf_MDS" time="0.000">
    <skipped/>
  </testcase> <!-- ElementsOf_MDS -->
  <system-out/>
  <testcase classname="dbp_Login_Extends.Submit" name="ClickOn_MI_Renewal" time="0.000">
    <skipped/>
  </testcase> <!-- ClickOn_MI_Renewal -->
  <system-out/>
  <testcase classname="dbp_Login_Extends.Submit" name="ElementsOf_MI_Renewal" time="0.000">
    <skipped/>
  </testcase> <!-- ElementsOf_MI_Renewal -->
  <system-out/>
  <testcase classname="dbp_Login_Extends.Submit" name="ClickOn_MSGA" time="0.000">
    <skipped/>
  </testcase> <!-- ClickOn_MSGA -->
  <system-out/>
  <testcase classname="dbp_Login_Extends.Submit" name="ElementsOf_MSGA" time="0.000">
    <skipped/>
  </testcase> <!-- ElementsOf_MSGA -->
  <system-out/>
  <testcase classname="dbp_Login_Extends.Submit" name="ClickOn_TrueValue" time="0.000">
    <skipped/>
  </testcase> <!-- ClickOn_TrueValue -->
  <system-out/>
  <testcase classname="dbp_Login_Extends.Submit" name="ElementsOf_TrueValue" time="0.000">
    <skipped/>
  </testcase> <!-- ElementsOf_TrueValue -->
  <system-out/>
  <testcase classname="dbp_Login_Extends.Submit" name="ClickOn_Spares" time="0.000">
    <skipped/>
  </testcase> <!-- ClickOn_Spares -->
  <system-out/>
  <testcase classname="dbp_Login_Extends.Submit" name="ElementsOf_Spares" time="0.000">
    <skipped/>
  </testcase> <!-- ElementsOf_Spares -->
  <system-out/>
  <testcase classname="dbp_Login_Extends.Submit" name="ClickOn_Service" time="0.000">
    <skipped/>
  </testcase> <!-- ClickOn_Service -->
  <system-out/>
  <testcase classname="dbp_Login_Extends.Submit" name="ElementsOf_Service" time="0.000">
    <skipped/>
  </testcase> <!-- ElementsOf_Service -->
  <system-out/>
  <testcase classname="dbp_Login_Extends.Submit" name="ClickOn_CommonExpense" time="0.000">
    <skipped/>
  </testcase> <!-- ClickOn_CommonExpense -->
  <system-out/>
  <testcase classname="dbp_Login_Extends.Submit" name="ElementsOf_CommonExpense" time="0.000">
    <skipped/>
  </testcase> <!-- ElementsOf_CommonExpense -->
  <system-out/>
  <testcase classname="dbp_Login_Extends.Submit" name="click_On_submit" time="0.000">
    <skipped/>
  </testcase> <!-- click_On_submit -->
  <system-out/>
  <testcase classname="dbp_Login_Extends.Submit" name="ElementsOf_View_P_L_Summary" time="0.000">
    <skipped/>
  </testcase> <!-- ElementsOf_View_P_L_Summary -->
  <system-out/>
  <testcase classname="dbp_Login_Extends.Submit" name="New_Car_Volume" time="0.000">
    <skipped/>
  </testcase> <!-- New_Car_Volume -->
  <system-out/>
  <testcase classname="dbp_Login_Extends.Submit" name="MDS_Volume" time="0.000">
    <skipped/>
  </testcase> <!-- MDS_Volume -->
  <system-out/>
  <testcase classname="dbp_Login_Extends.Submit" name="MI_Renewal_Volume" time="0.000">
    <skipped/>
  </testcase> <!-- MI_Renewal_Volume -->
  <system-out/>
  <testcase classname="dbp_Login_Extends.Submit" name="True_Value_Volume" time="0.000">
    <skipped/>
  </testcase> <!-- True_Value_Volume -->
  <system-out/>
  <testcase classname="dbp_Login_Extends.Submit" name="Free_Service_Load_Volume" time="0.000">
    <skipped/>
  </testcase> <!-- Free_Service_Load_Volume -->
  <system-out/>
  <testcase classname="dbp_Login_Extends.Submit" name="Paid_And_Running_Load_Volume" time="0.000">
    <skipped/>
  </testcase> <!-- Paid_And_Running_Load_Volume -->
  <system-out/>
  <testcase classname="dbp_Login_Extends.Submit" name="Bodyshop_Load_Volume" time="0.000">
    <skipped/>
  </testcase> <!-- Bodyshop_Load_Volume -->
  <system-out/>
  <testcase classname="dbp_Login_Extends.Submit" name="New_Car_Turnover" time="0.000">
    <skipped/>
  </testcase> <!-- New_Car_Turnover -->
  <system-out/>
  <testcase classname="dbp_Login_Extends.Submit" name="MDS_Turnover" time="0.000">
    <skipped/>
  </testcase> <!-- MDS_Turnover -->
  <system-out/>
  <testcase classname="dbp_Login_Extends.Submit" name="MI_Renewal_Turnover" time="0.000">
    <skipped/>
  </testcase> <!-- MI_Renewal_Turnover -->
  <system-out/>
  <testcase classname="dbp_Login_Extends.Submit" name="MSGA_Turnover" time="0.000">
    <skipped/>
  </testcase> <!-- MSGA_Turnover -->
  <system-out/>
  <testcase classname="dbp_Login_Extends.Submit" name="True_Value_Turnover" time="0.000">
    <skipped/>
  </testcase> <!-- True_Value_Turnover -->
  <system-out/>
  <testcase classname="dbp_Login_Extends.Submit" name="Spares_Turnover" time="0.000">
    <skipped/>
  </testcase> <!-- Spares_Turnover -->
  <system-out/>
  <testcase classname="dbp_Login_Extends.Submit" name="Service_Turnover" time="0.000">
    <skipped/>
  </testcase> <!-- Service_Turnover -->
  <system-out/>
  <testcase classname="dbp_Login_Extends.Submit" name="Total_Turnover" time="0.000">
    <skipped/>
  </testcase> <!-- Total_Turnover -->
  <system-out/>
  <testcase classname="dbp_Login_Extends.Submit" name="New_Car_COGS" time="0.000">
    <skipped/>
  </testcase> <!-- New_Car_COGS -->
  <system-out/>
  <testcase classname="dbp_Login_Extends.Submit" name="MSGA_COGS" time="0.000">
    <skipped/>
  </testcase> <!-- MSGA_COGS -->
  <system-out/>
  <testcase classname="dbp_Login_Extends.Submit" name="True_Value_COGS" time="0.000">
    <skipped/>
  </testcase> <!-- True_Value_COGS -->
  <system-out/>
  <testcase classname="dbp_Login_Extends.Submit" name="Spares_COGS" time="0.000">
    <skipped/>
  </testcase> <!-- Spares_COGS -->
  <system-out/>
  <testcase classname="dbp_Login_Extends.Submit" name="Total_COGS" time="0.000">
    <skipped/>
  </testcase> <!-- Total_COGS -->
  <system-out/>
  <testcase classname="dbp_Login_Extends.Submit" name="New_Car_Gross_Margin" time="0.000">
    <skipped/>
  </testcase> <!-- New_Car_Gross_Margin -->
  <system-out/>
  <testcase classname="dbp_Login_Extends.Submit" name="MDS_Gross_Margin" time="0.000">
    <skipped/>
  </testcase> <!-- MDS_Gross_Margin -->
  <system-out/>
  <testcase classname="dbp_Login_Extends.Submit" name="MI_Renewal_Gross_Margin" time="0.000">
    <skipped/>
  </testcase> <!-- MI_Renewal_Gross_Margin -->
  <system-out/>
  <testcase classname="dbp_Login_Extends.Submit" name="MSGA_Gross_Margin" time="0.000">
    <skipped/>
  </testcase> <!-- MSGA_Gross_Margin -->
  <system-out/>
  <testcase classname="dbp_Login_Extends.Submit" name="True_Value_Gross_Margin" time="0.000">
    <skipped/>
  </testcase> <!-- True_Value_Gross_Margin -->
  <system-out/>
  <testcase classname="dbp_Login_Extends.Submit" name="Spares_Gross_Margin" time="0.000">
    <skipped/>
  </testcase> <!-- Spares_Gross_Margin -->
  <system-out/>
  <testcase classname="dbp_Login_Extends.Submit" name="Service_Gross_Margin" time="0.000">
    <skipped/>
  </testcase> <!-- Service_Gross_Margin -->
  <system-out/>
  <testcase classname="dbp_Login_Extends.Submit" name="Total_Gross_Margin" time="0.000">
    <skipped/>
  </testcase> <!-- Total_Gross_Margin -->
  <system-out/>
  <testcase classname="dbp_Login_Extends.Submit" name="New_Car_Direct_Expense" time="0.000">
    <skipped/>
  </testcase> <!-- New_Car_Direct_Expense -->
  <system-out/>
  <testcase classname="dbp_Login_Extends.Submit" name="MDS_Direct_Expense" time="0.000">
    <skipped/>
  </testcase> <!-- MDS_Direct_Expense -->
  <system-out/>
  <testcase classname="dbp_Login_Extends.Submit" name="MI_Renewal_Direct_Expense" time="0.000">
    <skipped/>
  </testcase> <!-- MI_Renewal_Direct_Expense -->
  <system-out/>
  <testcase classname="dbp_Login_Extends.Submit" name="MSGA_Direct_Expense" time="0.000">
    <skipped/>
  </testcase> <!-- MSGA_Direct_Expense -->
  <system-out/>
  <testcase classname="dbp_Login_Extends.Submit" name="True_Value_Direct_Expense" time="0.000">
    <skipped/>
  </testcase> <!-- True_Value_Direct_Expense -->
  <system-out/>
  <testcase classname="dbp_Login_Extends.Submit" name="Spares_Direct_Expense" time="0.000">
    <skipped/>
  </testcase> <!-- Spares_Direct_Expense -->
  <system-out/>
  <testcase classname="dbp_Login_Extends.Submit" name="Service_Direct_Expense" time="0.000">
    <skipped/>
  </testcase> <!-- Service_Direct_Expense -->
  <system-out/>
  <testcase classname="dbp_Login_Extends.Submit" name="Total_Direct_Expense" time="0.000">
    <skipped/>
  </testcase> <!-- Total_Direct_Expense -->
  <system-out/>
  <testcase classname="dbp_Login_Extends.Submit" name="New_Car_Contribution_Margin" time="0.000">
    <skipped/>
  </testcase> <!-- New_Car_Contribution_Margin -->
  <system-out/>
  <testcase classname="dbp_Login_Extends.Submit" name="MDS_Contribution_Margin" time="0.000">
    <skipped/>
  </testcase> <!-- MDS_Contribution_Margin -->
  <system-out/>
  <testcase classname="dbp_Login_Extends.Submit" name="MI_Renewal_Contribution_Margin" time="0.000">
    <skipped/>
  </testcase> <!-- MI_Renewal_Contribution_Margin -->
  <system-out/>
  <testcase classname="dbp_Login_Extends.Submit" name="MSGA_Contribution_Margin" time="0.000">
    <skipped/>
  </testcase> <!-- MSGA_Contribution_Margin -->
  <system-out/>
  <testcase classname="dbp_Login_Extends.Submit" name="True_Value_Contribution_Margin" time="0.000">
    <skipped/>
  </testcase> <!-- True_Value_Contribution_Margin -->
  <system-out/>
  <testcase classname="dbp_Login_Extends.Submit" name="Spares_Contribution_Margin" time="0.000">
    <skipped/>
  </testcase> <!-- Spares_Contribution_Margin -->
  <system-out/>
  <testcase classname="dbp_Login_Extends.Submit" name="Service_Contribution_Margin" time="0.000">
    <skipped/>
  </testcase> <!-- Service_Contribution_Margin -->
  <system-out/>
  <testcase classname="dbp_Login_Extends.Submit" name="Total_Contribution_Margin" time="0.000">
    <skipped/>
  </testcase> <!-- Total_Contribution_Margin -->
  <system-out/>
  <testcase classname="dbp_Login_Extends.Submit" name="Total_Common_Expense_And_Overheads" time="0.000">
    <skipped/>
  </testcase> <!-- Total_Common_Expense_And_Overheads -->
  <system-out/>
  <testcase classname="dbp_Login_Extends.Submit" name="Total_PBT_In_Rs_Lacs" time="0.000">
    <skipped/>
  </testcase> <!-- Total_PBT_In_Rs_Lacs -->
  <system-out/>
  <testcase classname="dbp_Login_Extends.Submit" name="PBT_Per_Car" time="0.000">
    <skipped/>
  </testcase> <!-- PBT_Per_Car -->
  <system-out/>
  <testcase classname="dbp_Login_Extends.Submit" name="Absorption_Ratio" time="0.000">
    <skipped/>
  </testcase> <!-- Absorption_Ratio -->
  <system-out/>
</testsuite> <!-- dbp_Login_Extends.Submit -->
