<?xml version="1.0" encoding="UTF-8"?>
<!-- Generated by org.testng.reporters.JUnitReportReporter -->
<testsuite hostname="DESKTOP-N9F7EI8" failures="1" tests="24" name="dBP_all_Modules.New_CARS" time="8.062" errors="0" timestamp="2024-05-28T17:15:35 IST" skipped="0">
  <testcase classname="dBP_all_Modules.New_CARS" name="clearData" time="6.153"/>
  <system-out/>
  <testcase classname="dBP_all_Modules.New_CARS" name="Save_the_Data" time="1.405"/>
  <system-out/>
  <testcase classname="dBP_all_Modules.New_CARS" name="POC_Sales_Amount" time="0.031"/>
  <system-out/>
  <testcase classname="dBP_all_Modules.New_CARS" name="POC_Sales_COGS_QTY" time="0.034"/>
  <system-out/>
  <testcase classname="dBP_all_Modules.New_CARS" name="POC_Sales_COGS____Opening_Stocks____A____QTY" time="0.026"/>
  <system-out/>
  <testcase classname="dBP_all_Modules.New_CARS" name="POC_Sales_COGS____Opening_Stocks____A____Amount" time="0.026"/>
  <system-out/>
  <testcase classname="dBP_all_Modules.New_CARS" name="POC_Sales_COGS____Purchase____B____QTY" time="0.023"/>
  <system-out/>
  <testcase classname="dBP_all_Modules.New_CARS" name="POC_Sales_COGS____Purchase____B____amount" time="0.025"/>
  <system-out/>
  <testcase classname="dBP_all_Modules.New_CARS" name="POC_Sales_COGS____Closing_Stock____C____Qty" time="0.024"/>
  <system-out/>
  <testcase classname="dBP_all_Modules.New_CARS" name="POC_Sales_COGS____Closing_Stock____C____Amount" time="0.022"/>
  <system-out/>
  <testcase classname="dBP_all_Modules.New_CARS" name="POC_Sales_Incentive_amount_In_Income" time="0.024"/>
  <system-out/>
  <testcase classname="dBP_all_Modules.New_CARS" name="Finance_Commission_Amount_In_Income" time="0.022"/>
  <system-out/>
  <testcase classname="dBP_all_Modules.New_CARS" name="Insurance_Commission_Amount_In_Income" time="0.022"/>
  <system-out/>
  <testcase classname="dBP_all_Modules.New_CARS" name="Net_Earnings_from_registration_Amount_In_Income" time="0.037"/>
  <system-out/>
  <testcase classname="dBP_all_Modules.New_CARS" name="Any_other_POC_Sales_Income_Amount_In_Income" time="0.024"/>
  <system-out/>
  <testcase classname="dBP_all_Modules.New_CARS" name="Refurbishment_Cost_Amount_In_Expense" time="0.022"/>
  <system-out/>
  <testcase classname="dBP_all_Modules.New_CARS" name="Free_Service_Cost_Amount_In_Expense" time="0.027"/>
  <system-out/>
  <testcase classname="dBP_all_Modules.New_CARS" name="Advertisement_Marketing_Promotional_Amount_In_Expense" time="0.026"/>
  <system-out/>
  <testcase classname="dBP_all_Modules.New_CARS" name="Hyperlocal_Expense_Amount_In_Expense" time="0.023"/>
  <system-out/>
  <testcase classname="dBP_all_Modules.New_CARS" name="Management_Fees_to_MSIL_Amount_In_Expense" time="0.021"/>
  <system-out/>
  <testcase classname="dBP_all_Modules.New_CARS" name="Warranty_Cost_Amount_In_Expense" time="0.024"/>
  <system-out/>
  <testcase classname="dBP_all_Modules.New_CARS" name="Any_Other_Expense_Amount_In_Expense" time="0.020"/>
  <system-out/>
  <testcase classname="dBP_all_Modules.New_CARS" name="POC_Sales_Quantity" time="0.001"/>
  <system-out/>
  <testcase classname="dBP_all_Modules.New_CARS" name="Per_POC_Sales_Rs" time="0.000">
    <failure message="Values are INVALID   ..[ Per_POC_Sales_Rs. ] in NEW Cars&gt;&gt;&gt;&gt;&gt;&gt;&gt;&gt;&gt; expected [0] but found [-70891900]" type="java.lang.AssertionError">
      <![CDATA[java.lang.AssertionError: Values are INVALID   ..[ Per_POC_Sales_Rs. ] in NEW Cars>>>>>>>>> expected [0] but found [-70891900]
at org.testng.Assert.fail(Assert.java:99)
at org.testng.Assert.failNotEquals(Assert.java:1037)
at org.testng.Assert.assertEqualsImpl(Assert.java:140)
at org.testng.Assert.assertEquals(Assert.java:122)
at org.testng.Assert.assertEquals(Assert.java:797)
at dBP_all_Modules.New_CARS.Per_POC_Sales_Rs(New_CARS.java:522)
at java.base/jdk.internal.reflect.DirectMethodHandleAccessor.invoke(DirectMethodHandleAccessor.java:104)
at java.base/java.lang.reflect.Method.invoke(Method.java:578)
at org.testng.internal.MethodInvocationHelper.invokeMethod(MethodInvocationHelper.java:133)
at org.testng.internal.TestInvoker.invokeMethod(TestInvoker.java:598)
at org.testng.internal.TestInvoker.invokeTestMethod(TestInvoker.java:173)
at org.testng.internal.MethodRunner.runInSequence(MethodRunner.java:46)
at org.testng.internal.TestInvoker$MethodInvocationAgent.invoke(TestInvoker.java:824)
at org.testng.internal.TestInvoker.invokeTestMethods(TestInvoker.java:146)
at org.testng.internal.TestMethodWorker.invokeTestMethods(TestMethodWorker.java:146)
at org.testng.internal.TestMethodWorker.run(TestMethodWorker.java:128)
at java.base/java.util.ArrayList.forEach(ArrayList.java:1511)
at org.testng.TestRunner.privateRun(TestRunner.java:794)
at org.testng.TestRunner.run(TestRunner.java:596)
at org.testng.SuiteRunner.runTest(SuiteRunner.java:377)
at org.testng.SuiteRunner.runSequentially(SuiteRunner.java:371)
at org.testng.SuiteRunner.privateRun(SuiteRunner.java:332)
at org.testng.SuiteRunner.run(SuiteRunner.java:276)
at org.testng.SuiteRunnerWorker.runSuite(SuiteRunnerWorker.java:53)
at org.testng.SuiteRunnerWorker.run(SuiteRunnerWorker.java:96)
at org.testng.TestNG.runSuitesSequentially(TestNG.java:1212)
at org.testng.TestNG.runSuitesLocally(TestNG.java:1134)
at org.testng.TestNG.runSuites(TestNG.java:1063)
at org.testng.TestNG.run(TestNG.java:1031)
at org.testng.remote.AbstractRemoteTestNG.run(AbstractRemoteTestNG.java:115)
at org.testng.remote.RemoteTestNG.initAndRun(RemoteTestNG.java:251)
at org.testng.remote.RemoteTestNG.main(RemoteTestNG.java:77)
]]>
    </failure>
  </testcase> <!-- Per_POC_Sales_Rs -->
  <system-out/>
</testsuite> <!-- dBP_all_Modules.New_CARS -->
