<?xml version="1.0" encoding="UTF-8"?>
<!-- Generated by org.testng.reporters.JUnitReportReporter -->
<testsuite hostname="DESKTOP-7SBKKJ1" failures="0" tests="99" name="mergeSMR_North_Zone.Cross_sell_Intrest_cost" time="98.359" errors="5" timestamp="2024-09-30T16:24:00 IST" skipped="0">
  <testcase classname="mergeSMR_North_Zone.Cross_sell_Intrest_cost" name="Click_On_Report" time="3.156"/>
  <system-out/>
  <testcase classname="mergeSMR_North_Zone.Cross_sell_Intrest_cost" name="Click_On_The_Cross_sell_Intrest" time="3.150"/>
  <system-out/>
  <testcase classname="mergeSMR_North_Zone.Cross_sell_Intrest_cost" name="Zone_Region_Wise" time="59.443">
    <error message="no such element: Unable to locate element: {&quot;method&quot;:&quot;xpath&quot;,&quot;selector&quot;:&quot;//*[@id=&quot;tableId&quot;]/tbody/tr[1]/td[2]&quot;}
  (Session info: chrome=129.0.6668.70)
For documentation on this error, please visit: https://www.selenium.dev/documentation/webdriver/troubleshooting/errors#no-such-element-exception
Build info: version: &#039;4.21.0&#039;, revision: &#039;79ed462ef4&#039;
System info: os.name: &#039;Windows 11&#039;, os.arch: &#039;amd64&#039;, os.version: &#039;10.0&#039;, java.version: &#039;22.0.1&#039;
Driver info: org.openqa.selenium.chrome.ChromeDriver
Command: [7a54829e5588adcb3177c090b15f1ac6, findElement {using=xpath, value=//*[@id=&quot;tableId&quot;]/tbody/tr[1]/td[2]}]
Capabilities {acceptInsecureCerts: false, browserName: chrome, browserVersion: 129.0.6668.70, chrome: {chromedriverVersion: 129.0.6668.70 (df87d5cf12b1..., userDataDir: C:\WINDOWS\TEMP\scoped_dir8...}, fedcm:accounts: true, goog:chromeOptions: {debuggerAddress: localhost:51802}, networkConnectionEnabled: false, pageLoadStrategy: normal, platformName: windows, proxy: Proxy(), se:cdp: ws://localhost:51802/devtoo..., se:cdpVersion: 129.0.6668.70, setWindowRect: true, strictFileInteractability: false, timeouts: {implicit: 0, pageLoad: 300000, script: 30000}, unhandledPromptBehavior: dismiss and notify, webauthn:extension:credBlob: true, webauthn:extension:largeBlob: true, webauthn:extension:minPinLength: true, webauthn:extension:prf: true, webauthn:virtualAuthenticators: true}
Session ID: 7a54829e5588adcb3177c090b15f1ac6" type="org.openqa.selenium.NoSuchElementException">
      <![CDATA[org.openqa.selenium.NoSuchElementException: no such element: Unable to locate element: {"method":"xpath","selector":"//*[@id="tableId"]/tbody/tr[1]/td[2]"}
  (Session info: chrome=129.0.6668.70)
For documentation on this error, please visit: https://www.selenium.dev/documentation/webdriver/troubleshooting/errors#no-such-element-exception
Build info: version: '4.21.0', revision: '79ed462ef4'
System info: os.name: 'Windows 11', os.arch: 'amd64', os.version: '10.0', java.version: '22.0.1'
Driver info: org.openqa.selenium.chrome.ChromeDriver
Command: [7a54829e5588adcb3177c090b15f1ac6, findElement {using=xpath, value=//*[@id="tableId"]/tbody/tr[1]/td[2]}]
Capabilities {acceptInsecureCerts: false, browserName: chrome, browserVersion: 129.0.6668.70, chrome: {chromedriverVersion: 129.0.6668.70 (df87d5cf12b1..., userDataDir: C:\WINDOWS\TEMP\scoped_dir8...}, fedcm:accounts: true, goog:chromeOptions: {debuggerAddress: localhost:51802}, networkConnectionEnabled: false, pageLoadStrategy: normal, platformName: windows, proxy: Proxy(), se:cdp: ws://localhost:51802/devtoo..., se:cdpVersion: 129.0.6668.70, setWindowRect: true, strictFileInteractability: false, timeouts: {implicit: 0, pageLoad: 300000, script: 30000}, unhandledPromptBehavior: dismiss and notify, webauthn:extension:credBlob: true, webauthn:extension:largeBlob: true, webauthn:extension:minPinLength: true, webauthn:extension:prf: true, webauthn:virtualAuthenticators: true}
Session ID: 7a54829e5588adcb3177c090b15f1ac6
at java.base/jdk.internal.reflect.DirectConstructorHandleAccessor.newInstance(DirectConstructorHandleAccessor.java:62)
at java.base/java.lang.reflect.Constructor.newInstanceWithCaller(Constructor.java:502)
at java.base/java.lang.reflect.Constructor.newInstance(Constructor.java:486)
at org.openqa.selenium.remote.ErrorCodec.decode(ErrorCodec.java:167)
at org.openqa.selenium.remote.codec.w3c.W3CHttpResponseCodec.decode(W3CHttpResponseCodec.java:138)
at org.openqa.selenium.remote.codec.w3c.W3CHttpResponseCodec.decode(W3CHttpResponseCodec.java:50)
at org.openqa.selenium.remote.HttpCommandExecutor.execute(HttpCommandExecutor.java:190)
at org.openqa.selenium.remote.service.DriverCommandExecutor.invokeExecute(DriverCommandExecutor.java:216)
at org.openqa.selenium.remote.service.DriverCommandExecutor.execute(DriverCommandExecutor.java:174)
at org.openqa.selenium.remote.RemoteWebDriver.execute(RemoteWebDriver.java:518)
at org.openqa.selenium.remote.ElementLocation$ElementFinder$2.findElement(ElementLocation.java:165)
at org.openqa.selenium.remote.ElementLocation.findElement(ElementLocation.java:59)
at org.openqa.selenium.remote.RemoteWebDriver.findElement(RemoteWebDriver.java:355)
at org.openqa.selenium.remote.RemoteWebDriver.findElement(RemoteWebDriver.java:349)
at mergeSMR_North_Zone.Cross_sell_Intrest_cost.Zone_Region_Wise(Cross_sell_Intrest_cost.java:212)
at java.base/jdk.internal.reflect.DirectMethodHandleAccessor.invoke(DirectMethodHandleAccessor.java:103)
at java.base/java.lang.reflect.Method.invoke(Method.java:580)
at org.testng.internal.MethodInvocationHelper.invokeMethod(MethodInvocationHelper.java:133)
at org.testng.internal.TestInvoker.invokeMethod(TestInvoker.java:598)
at org.testng.internal.TestInvoker.invokeTestMethod(TestInvoker.java:173)
at org.testng.internal.MethodRunner.runInSequence(MethodRunner.java:46)
at org.testng.internal.TestInvoker$MethodInvocationAgent.invoke(TestInvoker.java:824)
at org.testng.internal.TestInvoker.invokeTestMethods(TestInvoker.java:146)
at org.testng.internal.TestMethodWorker.invokeTestMethods(TestMethodWorker.java:146)
at org.testng.internal.TestMethodWorker.run(TestMethodWorker.java:128)
at java.base/java.util.ArrayList.forEach(ArrayList.java:1597)
at org.testng.TestRunner.privateRun(TestRunner.java:794)
at org.testng.TestRunner.run(TestRunner.java:596)
at org.testng.SuiteRunner.runTest(SuiteRunner.java:377)
at org.testng.SuiteRunner.runSequentially(SuiteRunner.java:371)
at org.testng.SuiteRunner.privateRun(SuiteRunner.java:332)
at org.testng.SuiteRunner.run(SuiteRunner.java:276)
at org.testng.SuiteRunnerWorker.runSuite(SuiteRunnerWorker.java:53)
at org.testng.SuiteRunnerWorker.run(SuiteRunnerWorker.java:96)
at org.testng.TestNG.runSuitesSequentially(TestNG.java:1212)
at org.testng.TestNG.runSuitesLocally(TestNG.java:1134)
at org.testng.TestNG.runSuites(TestNG.java:1063)
at org.testng.TestNG.run(TestNG.java:1031)
at org.testng.remote.AbstractRemoteTestNG.run(AbstractRemoteTestNG.java:115)
at org.testng.remote.RemoteTestNG.initAndRun(RemoteTestNG.java:293)
at org.testng.remote.RemoteTestNG.main(RemoteTestNG.java:91)
]]>
    </error>
  </testcase> <!-- Zone_Region_Wise -->
  <system-out/>
  <testcase classname="mergeSMR_North_Zone.Cross_sell_Intrest_cost" name="Dealer_Parent_Group_Wise" time="8.152">
    <error message="element click intercepted: Element &lt;button _ngcontent-lnh-c304=&quot;&quot; class=&quot;report-btn dump-btn ng-tns-c304-116 ng-star-inserted&quot; style=&quot;margin-left: 20px; font-weight: bold;&quot;&gt;...&lt;/button&gt; is not clickable at point (361, 91). Other element would receive the click: &lt;mat-card _ngcontent-lnh-c304=&quot;&quot; class=&quot;mat-card mat-focus-indicator ng-tns-c304-116 ng-star-inserted&quot; style=&quot;display: flex; justify-content: center; align-items: center; width: 100%; background: #ffffffd6; position: fixed; top: 0; height: 100%; left: 0;&quot;&gt;...&lt;/mat-card&gt;
  (Session info: chrome=129.0.6668.70)
Build info: version: &#039;4.21.0&#039;, revision: &#039;79ed462ef4&#039;
System info: os.name: &#039;Windows 11&#039;, os.arch: &#039;amd64&#039;, os.version: &#039;10.0&#039;, java.version: &#039;22.0.1&#039;
Driver info: org.openqa.selenium.chrome.ChromeDriver
Command: [7a54829e5588adcb3177c090b15f1ac6, clickElement {id=f.351D33B2A6157084A0875F9058B06C14.d.CD7F09E226D034B8F6CB8DADC13CDD5A.e.1676}]
Capabilities {acceptInsecureCerts: false, browserName: chrome, browserVersion: 129.0.6668.70, chrome: {chromedriverVersion: 129.0.6668.70 (df87d5cf12b1..., userDataDir: C:\WINDOWS\TEMP\scoped_dir8...}, fedcm:accounts: true, goog:chromeOptions: {debuggerAddress: localhost:51802}, networkConnectionEnabled: false, pageLoadStrategy: normal, platformName: windows, proxy: Proxy(), se:cdp: ws://localhost:51802/devtoo..., se:cdpVersion: 129.0.6668.70, setWindowRect: true, strictFileInteractability: false, timeouts: {implicit: 0, pageLoad: 300000, script: 30000}, unhandledPromptBehavior: dismiss and notify, webauthn:extension:credBlob: true, webauthn:extension:largeBlob: true, webauthn:extension:minPinLength: true, webauthn:extension:prf: true, webauthn:virtualAuthenticators: true}
Element: [[ChromeDriver: chrome on windows (7a54829e5588adcb3177c090b15f1ac6)] -&gt; xpath: //*[text()=&quot; Dealer Parent Group Wise &quot;]]
Session ID: 7a54829e5588adcb3177c090b15f1ac6" type="org.openqa.selenium.ElementClickInterceptedException">
      <![CDATA[org.openqa.selenium.ElementClickInterceptedException: element click intercepted: Element <button _ngcontent-lnh-c304="" class="report-btn dump-btn ng-tns-c304-116 ng-star-inserted" style="margin-left: 20px; font-weight: bold;">...</button> is not clickable at point (361, 91). Other element would receive the click: <mat-card _ngcontent-lnh-c304="" class="mat-card mat-focus-indicator ng-tns-c304-116 ng-star-inserted" style="display: flex; justify-content: center; align-items: center; width: 100%; background: #ffffffd6; position: fixed; top: 0; height: 100%; left: 0;">...</mat-card>
  (Session info: chrome=129.0.6668.70)
Build info: version: '4.21.0', revision: '79ed462ef4'
System info: os.name: 'Windows 11', os.arch: 'amd64', os.version: '10.0', java.version: '22.0.1'
Driver info: org.openqa.selenium.chrome.ChromeDriver
Command: [7a54829e5588adcb3177c090b15f1ac6, clickElement {id=f.351D33B2A6157084A0875F9058B06C14.d.CD7F09E226D034B8F6CB8DADC13CDD5A.e.1676}]
Capabilities {acceptInsecureCerts: false, browserName: chrome, browserVersion: 129.0.6668.70, chrome: {chromedriverVersion: 129.0.6668.70 (df87d5cf12b1..., userDataDir: C:\WINDOWS\TEMP\scoped_dir8...}, fedcm:accounts: true, goog:chromeOptions: {debuggerAddress: localhost:51802}, networkConnectionEnabled: false, pageLoadStrategy: normal, platformName: windows, proxy: Proxy(), se:cdp: ws://localhost:51802/devtoo..., se:cdpVersion: 129.0.6668.70, setWindowRect: true, strictFileInteractability: false, timeouts: {implicit: 0, pageLoad: 300000, script: 30000}, unhandledPromptBehavior: dismiss and notify, webauthn:extension:credBlob: true, webauthn:extension:largeBlob: true, webauthn:extension:minPinLength: true, webauthn:extension:prf: true, webauthn:virtualAuthenticators: true}
Element: [[ChromeDriver: chrome on windows (7a54829e5588adcb3177c090b15f1ac6)] -> xpath: //*[text()=" Dealer Parent Group Wise "]]
Session ID: 7a54829e5588adcb3177c090b15f1ac6
at java.base/jdk.internal.reflect.DirectConstructorHandleAccessor.newInstance(DirectConstructorHandleAccessor.java:62)
at java.base/java.lang.reflect.Constructor.newInstanceWithCaller(Constructor.java:502)
at java.base/java.lang.reflect.Constructor.newInstance(Constructor.java:486)
at org.openqa.selenium.remote.ErrorCodec.decode(ErrorCodec.java:167)
at org.openqa.selenium.remote.codec.w3c.W3CHttpResponseCodec.decode(W3CHttpResponseCodec.java:138)
at org.openqa.selenium.remote.codec.w3c.W3CHttpResponseCodec.decode(W3CHttpResponseCodec.java:50)
at org.openqa.selenium.remote.HttpCommandExecutor.execute(HttpCommandExecutor.java:190)
at org.openqa.selenium.remote.service.DriverCommandExecutor.invokeExecute(DriverCommandExecutor.java:216)
at org.openqa.selenium.remote.service.DriverCommandExecutor.execute(DriverCommandExecutor.java:174)
at org.openqa.selenium.remote.RemoteWebDriver.execute(RemoteWebDriver.java:518)
at org.openqa.selenium.remote.RemoteWebElement.execute(RemoteWebElement.java:223)
at org.openqa.selenium.remote.RemoteWebElement.click(RemoteWebElement.java:76)
at mergeSMR_North_Zone.Cross_sell_Intrest_cost.Dealer_Parent_Group_Wise(Cross_sell_Intrest_cost.java:313)
at java.base/jdk.internal.reflect.DirectMethodHandleAccessor.invoke(DirectMethodHandleAccessor.java:103)
at java.base/java.lang.reflect.Method.invoke(Method.java:580)
at org.testng.internal.MethodInvocationHelper.invokeMethod(MethodInvocationHelper.java:133)
at org.testng.internal.TestInvoker.invokeMethod(TestInvoker.java:598)
at org.testng.internal.TestInvoker.invokeTestMethod(TestInvoker.java:173)
at org.testng.internal.MethodRunner.runInSequence(MethodRunner.java:46)
at org.testng.internal.TestInvoker$MethodInvocationAgent.invoke(TestInvoker.java:824)
at org.testng.internal.TestInvoker.invokeTestMethods(TestInvoker.java:146)
at org.testng.internal.TestMethodWorker.invokeTestMethods(TestMethodWorker.java:146)
at org.testng.internal.TestMethodWorker.run(TestMethodWorker.java:128)
at java.base/java.util.ArrayList.forEach(ArrayList.java:1597)
at org.testng.TestRunner.privateRun(TestRunner.java:794)
at org.testng.TestRunner.run(TestRunner.java:596)
at org.testng.SuiteRunner.runTest(SuiteRunner.java:377)
at org.testng.SuiteRunner.runSequentially(SuiteRunner.java:371)
at org.testng.SuiteRunner.privateRun(SuiteRunner.java:332)
at org.testng.SuiteRunner.run(SuiteRunner.java:276)
at org.testng.SuiteRunnerWorker.runSuite(SuiteRunnerWorker.java:53)
at org.testng.SuiteRunnerWorker.run(SuiteRunnerWorker.java:96)
at org.testng.TestNG.runSuitesSequentially(TestNG.java:1212)
at org.testng.TestNG.runSuitesLocally(TestNG.java:1134)
at org.testng.TestNG.runSuites(TestNG.java:1063)
at org.testng.TestNG.run(TestNG.java:1031)
at org.testng.remote.AbstractRemoteTestNG.run(AbstractRemoteTestNG.java:115)
at org.testng.remote.RemoteTestNG.initAndRun(RemoteTestNG.java:293)
at org.testng.remote.RemoteTestNG.main(RemoteTestNG.java:91)
]]>
    </error>
  </testcase> <!-- Dealer_Parent_Group_Wise -->
  <system-out/>
  <testcase classname="mergeSMR_North_Zone.Cross_sell_Intrest_cost" name="workshop_Wise" time="8.119">
    <error message="element click intercepted: Element &lt;button _ngcontent-lnh-c304=&quot;&quot; class=&quot;report-btn dump-btn ng-tns-c304-116&quot; style=&quot;margin-left: 20px; font-weight: bold;&quot;&gt;...&lt;/button&gt; is not clickable at point (565, 91). Other element would receive the click: &lt;mat-card _ngcontent-lnh-c304=&quot;&quot; class=&quot;mat-card mat-focus-indicator ng-tns-c304-116 ng-star-inserted&quot; style=&quot;display: flex; justify-content: center; align-items: center; width: 100%; background: #ffffffd6; position: fixed; top: 0; height: 100%; left: 0;&quot;&gt;...&lt;/mat-card&gt;
  (Session info: chrome=129.0.6668.70)
Build info: version: &#039;4.21.0&#039;, revision: &#039;79ed462ef4&#039;
System info: os.name: &#039;Windows 11&#039;, os.arch: &#039;amd64&#039;, os.version: &#039;10.0&#039;, java.version: &#039;22.0.1&#039;
Driver info: org.openqa.selenium.chrome.ChromeDriver
Command: [7a54829e5588adcb3177c090b15f1ac6, clickElement {id=f.351D33B2A6157084A0875F9058B06C14.d.CD7F09E226D034B8F6CB8DADC13CDD5A.e.1677}]
Capabilities {acceptInsecureCerts: false, browserName: chrome, browserVersion: 129.0.6668.70, chrome: {chromedriverVersion: 129.0.6668.70 (df87d5cf12b1..., userDataDir: C:\WINDOWS\TEMP\scoped_dir8...}, fedcm:accounts: true, goog:chromeOptions: {debuggerAddress: localhost:51802}, networkConnectionEnabled: false, pageLoadStrategy: normal, platformName: windows, proxy: Proxy(), se:cdp: ws://localhost:51802/devtoo..., se:cdpVersion: 129.0.6668.70, setWindowRect: true, strictFileInteractability: false, timeouts: {implicit: 0, pageLoad: 300000, script: 30000}, unhandledPromptBehavior: dismiss and notify, webauthn:extension:credBlob: true, webauthn:extension:largeBlob: true, webauthn:extension:minPinLength: true, webauthn:extension:prf: true, webauthn:virtualAuthenticators: true}
Element: [[ChromeDriver: chrome on windows (7a54829e5588adcb3177c090b15f1ac6)] -&gt; xpath: //*[text()=&quot; Workshop Wise &quot;]]
Session ID: 7a54829e5588adcb3177c090b15f1ac6" type="org.openqa.selenium.ElementClickInterceptedException">
      <![CDATA[org.openqa.selenium.ElementClickInterceptedException: element click intercepted: Element <button _ngcontent-lnh-c304="" class="report-btn dump-btn ng-tns-c304-116" style="margin-left: 20px; font-weight: bold;">...</button> is not clickable at point (565, 91). Other element would receive the click: <mat-card _ngcontent-lnh-c304="" class="mat-card mat-focus-indicator ng-tns-c304-116 ng-star-inserted" style="display: flex; justify-content: center; align-items: center; width: 100%; background: #ffffffd6; position: fixed; top: 0; height: 100%; left: 0;">...</mat-card>
  (Session info: chrome=129.0.6668.70)
Build info: version: '4.21.0', revision: '79ed462ef4'
System info: os.name: 'Windows 11', os.arch: 'amd64', os.version: '10.0', java.version: '22.0.1'
Driver info: org.openqa.selenium.chrome.ChromeDriver
Command: [7a54829e5588adcb3177c090b15f1ac6, clickElement {id=f.351D33B2A6157084A0875F9058B06C14.d.CD7F09E226D034B8F6CB8DADC13CDD5A.e.1677}]
Capabilities {acceptInsecureCerts: false, browserName: chrome, browserVersion: 129.0.6668.70, chrome: {chromedriverVersion: 129.0.6668.70 (df87d5cf12b1..., userDataDir: C:\WINDOWS\TEMP\scoped_dir8...}, fedcm:accounts: true, goog:chromeOptions: {debuggerAddress: localhost:51802}, networkConnectionEnabled: false, pageLoadStrategy: normal, platformName: windows, proxy: Proxy(), se:cdp: ws://localhost:51802/devtoo..., se:cdpVersion: 129.0.6668.70, setWindowRect: true, strictFileInteractability: false, timeouts: {implicit: 0, pageLoad: 300000, script: 30000}, unhandledPromptBehavior: dismiss and notify, webauthn:extension:credBlob: true, webauthn:extension:largeBlob: true, webauthn:extension:minPinLength: true, webauthn:extension:prf: true, webauthn:virtualAuthenticators: true}
Element: [[ChromeDriver: chrome on windows (7a54829e5588adcb3177c090b15f1ac6)] -> xpath: //*[text()=" Workshop Wise "]]
Session ID: 7a54829e5588adcb3177c090b15f1ac6
at java.base/jdk.internal.reflect.DirectConstructorHandleAccessor.newInstance(DirectConstructorHandleAccessor.java:62)
at java.base/java.lang.reflect.Constructor.newInstanceWithCaller(Constructor.java:502)
at java.base/java.lang.reflect.Constructor.newInstance(Constructor.java:486)
at org.openqa.selenium.remote.ErrorCodec.decode(ErrorCodec.java:167)
at org.openqa.selenium.remote.codec.w3c.W3CHttpResponseCodec.decode(W3CHttpResponseCodec.java:138)
at org.openqa.selenium.remote.codec.w3c.W3CHttpResponseCodec.decode(W3CHttpResponseCodec.java:50)
at org.openqa.selenium.remote.HttpCommandExecutor.execute(HttpCommandExecutor.java:190)
at org.openqa.selenium.remote.service.DriverCommandExecutor.invokeExecute(DriverCommandExecutor.java:216)
at org.openqa.selenium.remote.service.DriverCommandExecutor.execute(DriverCommandExecutor.java:174)
at org.openqa.selenium.remote.RemoteWebDriver.execute(RemoteWebDriver.java:518)
at org.openqa.selenium.remote.RemoteWebElement.execute(RemoteWebElement.java:223)
at org.openqa.selenium.remote.RemoteWebElement.click(RemoteWebElement.java:76)
at mergeSMR_North_Zone.Cross_sell_Intrest_cost.workshop_Wise(Cross_sell_Intrest_cost.java:449)
at java.base/jdk.internal.reflect.DirectMethodHandleAccessor.invoke(DirectMethodHandleAccessor.java:103)
at java.base/java.lang.reflect.Method.invoke(Method.java:580)
at org.testng.internal.MethodInvocationHelper.invokeMethod(MethodInvocationHelper.java:133)
at org.testng.internal.TestInvoker.invokeMethod(TestInvoker.java:598)
at org.testng.internal.TestInvoker.invokeTestMethod(TestInvoker.java:173)
at org.testng.internal.MethodRunner.runInSequence(MethodRunner.java:46)
at org.testng.internal.TestInvoker$MethodInvocationAgent.invoke(TestInvoker.java:824)
at org.testng.internal.TestInvoker.invokeTestMethods(TestInvoker.java:146)
at org.testng.internal.TestMethodWorker.invokeTestMethods(TestMethodWorker.java:146)
at org.testng.internal.TestMethodWorker.run(TestMethodWorker.java:128)
at java.base/java.util.ArrayList.forEach(ArrayList.java:1597)
at org.testng.TestRunner.privateRun(TestRunner.java:794)
at org.testng.TestRunner.run(TestRunner.java:596)
at org.testng.SuiteRunner.runTest(SuiteRunner.java:377)
at org.testng.SuiteRunner.runSequentially(SuiteRunner.java:371)
at org.testng.SuiteRunner.privateRun(SuiteRunner.java:332)
at org.testng.SuiteRunner.run(SuiteRunner.java:276)
at org.testng.SuiteRunnerWorker.runSuite(SuiteRunnerWorker.java:53)
at org.testng.SuiteRunnerWorker.run(SuiteRunnerWorker.java:96)
at org.testng.TestNG.runSuitesSequentially(TestNG.java:1212)
at org.testng.TestNG.runSuitesLocally(TestNG.java:1134)
at org.testng.TestNG.runSuites(TestNG.java:1063)
at org.testng.TestNG.run(TestNG.java:1031)
at org.testng.remote.AbstractRemoteTestNG.run(AbstractRemoteTestNG.java:115)
at org.testng.remote.RemoteTestNG.initAndRun(RemoteTestNG.java:293)
at org.testng.remote.RemoteTestNG.main(RemoteTestNG.java:91)
]]>
    </error>
  </testcase> <!-- workshop_Wise -->
  <system-out/>
  <testcase classname="mergeSMR_North_Zone.Cross_sell_Intrest_cost" name="Day_Wise" time="8.165">
    <error message="element click intercepted: Element &lt;button _ngcontent-lnh-c304=&quot;&quot; class=&quot;report-btn dump-btn ng-tns-c304-116&quot; style=&quot;margin-left: 20px; font-weight: bold;&quot;&gt;...&lt;/button&gt; is not clickable at point (721, 91). Other element would receive the click: &lt;mat-card _ngcontent-lnh-c304=&quot;&quot; class=&quot;mat-card mat-focus-indicator ng-tns-c304-116 ng-star-inserted&quot; style=&quot;display: flex; justify-content: center; align-items: center; width: 100%; background: #ffffffd6; position: fixed; top: 0; height: 100%; left: 0;&quot;&gt;...&lt;/mat-card&gt;
  (Session info: chrome=129.0.6668.70)
Build info: version: &#039;4.21.0&#039;, revision: &#039;79ed462ef4&#039;
System info: os.name: &#039;Windows 11&#039;, os.arch: &#039;amd64&#039;, os.version: &#039;10.0&#039;, java.version: &#039;22.0.1&#039;
Driver info: org.openqa.selenium.chrome.ChromeDriver
Command: [7a54829e5588adcb3177c090b15f1ac6, clickElement {id=f.351D33B2A6157084A0875F9058B06C14.d.CD7F09E226D034B8F6CB8DADC13CDD5A.e.1678}]
Capabilities {acceptInsecureCerts: false, browserName: chrome, browserVersion: 129.0.6668.70, chrome: {chromedriverVersion: 129.0.6668.70 (df87d5cf12b1..., userDataDir: C:\WINDOWS\TEMP\scoped_dir8...}, fedcm:accounts: true, goog:chromeOptions: {debuggerAddress: localhost:51802}, networkConnectionEnabled: false, pageLoadStrategy: normal, platformName: windows, proxy: Proxy(), se:cdp: ws://localhost:51802/devtoo..., se:cdpVersion: 129.0.6668.70, setWindowRect: true, strictFileInteractability: false, timeouts: {implicit: 0, pageLoad: 300000, script: 30000}, unhandledPromptBehavior: dismiss and notify, webauthn:extension:credBlob: true, webauthn:extension:largeBlob: true, webauthn:extension:minPinLength: true, webauthn:extension:prf: true, webauthn:virtualAuthenticators: true}
Element: [[ChromeDriver: chrome on windows (7a54829e5588adcb3177c090b15f1ac6)] -&gt; xpath: //*[text()=&quot; Day Wise &quot;]]
Session ID: 7a54829e5588adcb3177c090b15f1ac6" type="org.openqa.selenium.ElementClickInterceptedException">
      <![CDATA[org.openqa.selenium.ElementClickInterceptedException: element click intercepted: Element <button _ngcontent-lnh-c304="" class="report-btn dump-btn ng-tns-c304-116" style="margin-left: 20px; font-weight: bold;">...</button> is not clickable at point (721, 91). Other element would receive the click: <mat-card _ngcontent-lnh-c304="" class="mat-card mat-focus-indicator ng-tns-c304-116 ng-star-inserted" style="display: flex; justify-content: center; align-items: center; width: 100%; background: #ffffffd6; position: fixed; top: 0; height: 100%; left: 0;">...</mat-card>
  (Session info: chrome=129.0.6668.70)
Build info: version: '4.21.0', revision: '79ed462ef4'
System info: os.name: 'Windows 11', os.arch: 'amd64', os.version: '10.0', java.version: '22.0.1'
Driver info: org.openqa.selenium.chrome.ChromeDriver
Command: [7a54829e5588adcb3177c090b15f1ac6, clickElement {id=f.351D33B2A6157084A0875F9058B06C14.d.CD7F09E226D034B8F6CB8DADC13CDD5A.e.1678}]
Capabilities {acceptInsecureCerts: false, browserName: chrome, browserVersion: 129.0.6668.70, chrome: {chromedriverVersion: 129.0.6668.70 (df87d5cf12b1..., userDataDir: C:\WINDOWS\TEMP\scoped_dir8...}, fedcm:accounts: true, goog:chromeOptions: {debuggerAddress: localhost:51802}, networkConnectionEnabled: false, pageLoadStrategy: normal, platformName: windows, proxy: Proxy(), se:cdp: ws://localhost:51802/devtoo..., se:cdpVersion: 129.0.6668.70, setWindowRect: true, strictFileInteractability: false, timeouts: {implicit: 0, pageLoad: 300000, script: 30000}, unhandledPromptBehavior: dismiss and notify, webauthn:extension:credBlob: true, webauthn:extension:largeBlob: true, webauthn:extension:minPinLength: true, webauthn:extension:prf: true, webauthn:virtualAuthenticators: true}
Element: [[ChromeDriver: chrome on windows (7a54829e5588adcb3177c090b15f1ac6)] -> xpath: //*[text()=" Day Wise "]]
Session ID: 7a54829e5588adcb3177c090b15f1ac6
at java.base/jdk.internal.reflect.DirectConstructorHandleAccessor.newInstance(DirectConstructorHandleAccessor.java:62)
at java.base/java.lang.reflect.Constructor.newInstanceWithCaller(Constructor.java:502)
at java.base/java.lang.reflect.Constructor.newInstance(Constructor.java:486)
at org.openqa.selenium.remote.ErrorCodec.decode(ErrorCodec.java:167)
at org.openqa.selenium.remote.codec.w3c.W3CHttpResponseCodec.decode(W3CHttpResponseCodec.java:138)
at org.openqa.selenium.remote.codec.w3c.W3CHttpResponseCodec.decode(W3CHttpResponseCodec.java:50)
at org.openqa.selenium.remote.HttpCommandExecutor.execute(HttpCommandExecutor.java:190)
at org.openqa.selenium.remote.service.DriverCommandExecutor.invokeExecute(DriverCommandExecutor.java:216)
at org.openqa.selenium.remote.service.DriverCommandExecutor.execute(DriverCommandExecutor.java:174)
at org.openqa.selenium.remote.RemoteWebDriver.execute(RemoteWebDriver.java:518)
at org.openqa.selenium.remote.RemoteWebElement.execute(RemoteWebElement.java:223)
at org.openqa.selenium.remote.RemoteWebElement.click(RemoteWebElement.java:76)
at mergeSMR_North_Zone.Cross_sell_Intrest_cost.Day_Wise(Cross_sell_Intrest_cost.java:585)
at java.base/jdk.internal.reflect.DirectMethodHandleAccessor.invoke(DirectMethodHandleAccessor.java:103)
at java.base/java.lang.reflect.Method.invoke(Method.java:580)
at org.testng.internal.MethodInvocationHelper.invokeMethod(MethodInvocationHelper.java:133)
at org.testng.internal.TestInvoker.invokeMethod(TestInvoker.java:598)
at org.testng.internal.TestInvoker.invokeTestMethod(TestInvoker.java:173)
at org.testng.internal.MethodRunner.runInSequence(MethodRunner.java:46)
at org.testng.internal.TestInvoker$MethodInvocationAgent.invoke(TestInvoker.java:824)
at org.testng.internal.TestInvoker.invokeTestMethods(TestInvoker.java:146)
at org.testng.internal.TestMethodWorker.invokeTestMethods(TestMethodWorker.java:146)
at org.testng.internal.TestMethodWorker.run(TestMethodWorker.java:128)
at java.base/java.util.ArrayList.forEach(ArrayList.java:1597)
at org.testng.TestRunner.privateRun(TestRunner.java:794)
at org.testng.TestRunner.run(TestRunner.java:596)
at org.testng.SuiteRunner.runTest(SuiteRunner.java:377)
at org.testng.SuiteRunner.runSequentially(SuiteRunner.java:371)
at org.testng.SuiteRunner.privateRun(SuiteRunner.java:332)
at org.testng.SuiteRunner.run(SuiteRunner.java:276)
at org.testng.SuiteRunnerWorker.runSuite(SuiteRunnerWorker.java:53)
at org.testng.SuiteRunnerWorker.run(SuiteRunnerWorker.java:96)
at org.testng.TestNG.runSuitesSequentially(TestNG.java:1212)
at org.testng.TestNG.runSuitesLocally(TestNG.java:1134)
at org.testng.TestNG.runSuites(TestNG.java:1063)
at org.testng.TestNG.run(TestNG.java:1031)
at org.testng.remote.AbstractRemoteTestNG.run(AbstractRemoteTestNG.java:115)
at org.testng.remote.RemoteTestNG.initAndRun(RemoteTestNG.java:293)
at org.testng.remote.RemoteTestNG.main(RemoteTestNG.java:91)
]]>
    </error>
  </testcase> <!-- Day_Wise -->
  <system-out/>
  <testcase classname="mergeSMR_North_Zone.Cross_sell_Intrest_cost" name="service_Type_Wise" time="8.149">
    <error message="element click intercepted: Element &lt;button _ngcontent-lnh-c304=&quot;&quot; class=&quot;report-btn dump-btn ng-tns-c304-116&quot; style=&quot;margin-left: 20px; font-weight: bold;&quot;&gt;...&lt;/button&gt; is not clickable at point (884, 91). Other element would receive the click: &lt;mat-card _ngcontent-lnh-c304=&quot;&quot; class=&quot;mat-card mat-focus-indicator ng-tns-c304-116 ng-star-inserted&quot; style=&quot;display: flex; justify-content: center; align-items: center; width: 100%; background: #ffffffd6; position: fixed; top: 0; height: 100%; left: 0;&quot;&gt;...&lt;/mat-card&gt;
  (Session info: chrome=129.0.6668.70)
Build info: version: &#039;4.21.0&#039;, revision: &#039;79ed462ef4&#039;
System info: os.name: &#039;Windows 11&#039;, os.arch: &#039;amd64&#039;, os.version: &#039;10.0&#039;, java.version: &#039;22.0.1&#039;
Driver info: org.openqa.selenium.chrome.ChromeDriver
Command: [7a54829e5588adcb3177c090b15f1ac6, clickElement {id=f.351D33B2A6157084A0875F9058B06C14.d.CD7F09E226D034B8F6CB8DADC13CDD5A.e.1679}]
Capabilities {acceptInsecureCerts: false, browserName: chrome, browserVersion: 129.0.6668.70, chrome: {chromedriverVersion: 129.0.6668.70 (df87d5cf12b1..., userDataDir: C:\WINDOWS\TEMP\scoped_dir8...}, fedcm:accounts: true, goog:chromeOptions: {debuggerAddress: localhost:51802}, networkConnectionEnabled: false, pageLoadStrategy: normal, platformName: windows, proxy: Proxy(), se:cdp: ws://localhost:51802/devtoo..., se:cdpVersion: 129.0.6668.70, setWindowRect: true, strictFileInteractability: false, timeouts: {implicit: 0, pageLoad: 300000, script: 30000}, unhandledPromptBehavior: dismiss and notify, webauthn:extension:credBlob: true, webauthn:extension:largeBlob: true, webauthn:extension:minPinLength: true, webauthn:extension:prf: true, webauthn:virtualAuthenticators: true}
Element: [[ChromeDriver: chrome on windows (7a54829e5588adcb3177c090b15f1ac6)] -&gt; xpath: //*[text()=&quot; Service Type Wise &quot;]]
Session ID: 7a54829e5588adcb3177c090b15f1ac6" type="org.openqa.selenium.ElementClickInterceptedException">
      <![CDATA[org.openqa.selenium.ElementClickInterceptedException: element click intercepted: Element <button _ngcontent-lnh-c304="" class="report-btn dump-btn ng-tns-c304-116" style="margin-left: 20px; font-weight: bold;">...</button> is not clickable at point (884, 91). Other element would receive the click: <mat-card _ngcontent-lnh-c304="" class="mat-card mat-focus-indicator ng-tns-c304-116 ng-star-inserted" style="display: flex; justify-content: center; align-items: center; width: 100%; background: #ffffffd6; position: fixed; top: 0; height: 100%; left: 0;">...</mat-card>
  (Session info: chrome=129.0.6668.70)
Build info: version: '4.21.0', revision: '79ed462ef4'
System info: os.name: 'Windows 11', os.arch: 'amd64', os.version: '10.0', java.version: '22.0.1'
Driver info: org.openqa.selenium.chrome.ChromeDriver
Command: [7a54829e5588adcb3177c090b15f1ac6, clickElement {id=f.351D33B2A6157084A0875F9058B06C14.d.CD7F09E226D034B8F6CB8DADC13CDD5A.e.1679}]
Capabilities {acceptInsecureCerts: false, browserName: chrome, browserVersion: 129.0.6668.70, chrome: {chromedriverVersion: 129.0.6668.70 (df87d5cf12b1..., userDataDir: C:\WINDOWS\TEMP\scoped_dir8...}, fedcm:accounts: true, goog:chromeOptions: {debuggerAddress: localhost:51802}, networkConnectionEnabled: false, pageLoadStrategy: normal, platformName: windows, proxy: Proxy(), se:cdp: ws://localhost:51802/devtoo..., se:cdpVersion: 129.0.6668.70, setWindowRect: true, strictFileInteractability: false, timeouts: {implicit: 0, pageLoad: 300000, script: 30000}, unhandledPromptBehavior: dismiss and notify, webauthn:extension:credBlob: true, webauthn:extension:largeBlob: true, webauthn:extension:minPinLength: true, webauthn:extension:prf: true, webauthn:virtualAuthenticators: true}
Element: [[ChromeDriver: chrome on windows (7a54829e5588adcb3177c090b15f1ac6)] -> xpath: //*[text()=" Service Type Wise "]]
Session ID: 7a54829e5588adcb3177c090b15f1ac6
at java.base/jdk.internal.reflect.DirectConstructorHandleAccessor.newInstance(DirectConstructorHandleAccessor.java:62)
at java.base/java.lang.reflect.Constructor.newInstanceWithCaller(Constructor.java:502)
at java.base/java.lang.reflect.Constructor.newInstance(Constructor.java:486)
at org.openqa.selenium.remote.ErrorCodec.decode(ErrorCodec.java:167)
at org.openqa.selenium.remote.codec.w3c.W3CHttpResponseCodec.decode(W3CHttpResponseCodec.java:138)
at org.openqa.selenium.remote.codec.w3c.W3CHttpResponseCodec.decode(W3CHttpResponseCodec.java:50)
at org.openqa.selenium.remote.HttpCommandExecutor.execute(HttpCommandExecutor.java:190)
at org.openqa.selenium.remote.service.DriverCommandExecutor.invokeExecute(DriverCommandExecutor.java:216)
at org.openqa.selenium.remote.service.DriverCommandExecutor.execute(DriverCommandExecutor.java:174)
at org.openqa.selenium.remote.RemoteWebDriver.execute(RemoteWebDriver.java:518)
at org.openqa.selenium.remote.RemoteWebElement.execute(RemoteWebElement.java:223)
at org.openqa.selenium.remote.RemoteWebElement.click(RemoteWebElement.java:76)
at mergeSMR_North_Zone.Cross_sell_Intrest_cost.service_Type_Wise(Cross_sell_Intrest_cost.java:721)
at java.base/jdk.internal.reflect.DirectMethodHandleAccessor.invoke(DirectMethodHandleAccessor.java:103)
at java.base/java.lang.reflect.Method.invoke(Method.java:580)
at org.testng.internal.MethodInvocationHelper.invokeMethod(MethodInvocationHelper.java:133)
at org.testng.internal.TestInvoker.invokeMethod(TestInvoker.java:598)
at org.testng.internal.TestInvoker.invokeTestMethod(TestInvoker.java:173)
at org.testng.internal.MethodRunner.runInSequence(MethodRunner.java:46)
at org.testng.internal.TestInvoker$MethodInvocationAgent.invoke(TestInvoker.java:824)
at org.testng.internal.TestInvoker.invokeTestMethods(TestInvoker.java:146)
at org.testng.internal.TestMethodWorker.invokeTestMethods(TestMethodWorker.java:146)
at org.testng.internal.TestMethodWorker.run(TestMethodWorker.java:128)
at java.base/java.util.ArrayList.forEach(ArrayList.java:1597)
at org.testng.TestRunner.privateRun(TestRunner.java:794)
at org.testng.TestRunner.run(TestRunner.java:596)
at org.testng.SuiteRunner.runTest(SuiteRunner.java:377)
at org.testng.SuiteRunner.runSequentially(SuiteRunner.java:371)
at org.testng.SuiteRunner.privateRun(SuiteRunner.java:332)
at org.testng.SuiteRunner.run(SuiteRunner.java:276)
at org.testng.SuiteRunnerWorker.runSuite(SuiteRunnerWorker.java:53)
at org.testng.SuiteRunnerWorker.run(SuiteRunnerWorker.java:96)
at org.testng.TestNG.runSuitesSequentially(TestNG.java:1212)
at org.testng.TestNG.runSuitesLocally(TestNG.java:1134)
at org.testng.TestNG.runSuites(TestNG.java:1063)
at org.testng.TestNG.run(TestNG.java:1031)
at org.testng.remote.AbstractRemoteTestNG.run(AbstractRemoteTestNG.java:115)
at org.testng.remote.RemoteTestNG.initAndRun(RemoteTestNG.java:293)
at org.testng.remote.RemoteTestNG.main(RemoteTestNG.java:91)
]]>
    </error>
  </testcase> <!-- service_Type_Wise -->
  <system-out/>
  <testcase classname="mergeSMR_North_Zone.Cross_sell_Intrest_cost" name="Compare_Total_dispostion_Of_ZONE_Region_Wise_from__Dealer_Parent_Wise" time="0.002"/>
  <system-out/>
  <testcase classname="mergeSMR_North_Zone.Cross_sell_Intrest_cost" name="Compare_Total_dispostion_Of_ZONE_Region_Wise_from_Worshop_Wise" time="0.001"/>
  <system-out/>
  <testcase classname="mergeSMR_North_Zone.Cross_sell_Intrest_cost" name="Compare_Total_dispostion_Of_ZONE_Region_Wise_from_Day_Wise" time="0.001"/>
  <system-out/>
  <testcase classname="mergeSMR_North_Zone.Cross_sell_Intrest_cost" name="Compare_Total_dispostion_Of_ZONE_Region_Wise_from_Service_Type_Wise" time="0.000"/>
  <system-out/>
  <testcase classname="mergeSMR_North_Zone.Cross_sell_Intrest_cost" name="Compare_Total_Intrest_dispostion_Of_ZONE_Region_Wise_from_Dealer_parent_group_Wise" time="0.000"/>
  <system-out/>
  <testcase classname="mergeSMR_North_Zone.Cross_sell_Intrest_cost" name="Compare_Total_Intrest_dispostion_Of_ZONE_Region_Wise_from_workshop__Wise" time="0.003"/>
  <system-out/>
  <testcase classname="mergeSMR_North_Zone.Cross_sell_Intrest_cost" name="Compare_Total_Intrest_dispostion_Of_ZONE_Region_Wise_from_Day_Wise" time="0.001"/>
  <system-out/>
  <testcase classname="mergeSMR_North_Zone.Cross_sell_Intrest_cost" name="Compare_Total_Intrest_dispostion_Of_ZONE_Region_Wise_from_Service_Type_Wise" time="0.000"/>
  <system-out/>
  <testcase classname="mergeSMR_North_Zone.Cross_sell_Intrest_cost" name="Compare_Not_Intrest_dispostion_Of_ZONE_Region_Wise_from_Dealer_parent_Group_Wise" time="0.000"/>
  <system-out/>
  <testcase classname="mergeSMR_North_Zone.Cross_sell_Intrest_cost" name="Compare_Not_Intrest_dispostion_Of_ZONE_Region_Wise_from_workshop__Wise" time="0.000"/>
  <system-out/>
  <testcase classname="mergeSMR_North_Zone.Cross_sell_Intrest_cost" name="Compare_Not_Intrest_dispostion_Of_ZONE_Region_Wise_from_Day_Wise" time="0.000"/>
  <system-out/>
  <testcase classname="mergeSMR_North_Zone.Cross_sell_Intrest_cost" name="Compare_Not_Intrest_dispostion_Of_ZONE_Region_Wise_from_Service_Type_Wise" time="0.001"/>
  <system-out/>
  <testcase classname="mergeSMR_North_Zone.Cross_sell_Intrest_cost" name="Compare_Not_confiremed_dispostion_Of_ZONE_Region_Wise_from_Dealer_parent_Group_Wise" time="0.000"/>
  <system-out/>
  <testcase classname="mergeSMR_North_Zone.Cross_sell_Intrest_cost" name="Compare_Not_confiremed_dispostion_Of_ZONE_Region_Wise_from_workshop__Wise" time="0.002"/>
  <system-out/>
  <testcase classname="mergeSMR_North_Zone.Cross_sell_Intrest_cost" name="Compare_Not_confiremed_dispostion_Of_ZONE_Region_Wise_from_Day_Wise" time="0.000"/>
  <system-out/>
  <testcase classname="mergeSMR_North_Zone.Cross_sell_Intrest_cost" name="Compare_Not_confiremed_dispostion_Of_ZONE_Region_Wise_from_Service_Type_Wise" time="0.000"/>
  <system-out/>
  <testcase classname="mergeSMR_North_Zone.Cross_sell_Intrest_cost" name="Compare_Total_Intrested_Of_ZONE_Region_Wise_from_Dealer_parent_Group_Wise" time="0.001"/>
  <system-out/>
  <testcase classname="mergeSMR_North_Zone.Cross_sell_Intrest_cost" name="Compare_Total_Intrested_Of_ZONE_Region_Wise_from_workshop__Wise" time="0.001"/>
  <system-out/>
  <testcase classname="mergeSMR_North_Zone.Cross_sell_Intrest_cost" name="Compare_Total_Intrested_Of_ZONE_Region_Wise_from_Day_Wise" time="0.000"/>
  <system-out/>
  <testcase classname="mergeSMR_North_Zone.Cross_sell_Intrest_cost" name="Compare_Total_Intrested_Of_ZONE_Region_Wise_from_Service_Type_Wise" time="0.000"/>
  <system-out/>
  <testcase classname="mergeSMR_North_Zone.Cross_sell_Intrest_cost" name="Compare_YES_Of_ZONE_Region_Wise_from_Dealer_parent_Group_Wise" time="0.000"/>
  <system-out/>
  <testcase classname="mergeSMR_North_Zone.Cross_sell_Intrest_cost" name="Compare_YES_Of_ZONE_Region_Wise_from_workshop__Wise" time="0.000"/>
  <system-out/>
  <testcase classname="mergeSMR_North_Zone.Cross_sell_Intrest_cost" name="Compare_YES_Of_ZONE_Region_Wise_from_Day_Wise" time="0.000"/>
  <system-out/>
  <testcase classname="mergeSMR_North_Zone.Cross_sell_Intrest_cost" name="Compare_YES_Of_ZONE_Region_Wise_from_Service_Type_Wise" time="0.000"/>
  <system-out/>
  <testcase classname="mergeSMR_North_Zone.Cross_sell_Intrest_cost" name="Compare_GOLD_Of_ZONE_Region_Wise_from_Dealer_parent_Group_Wise" time="0.000"/>
  <system-out/>
  <testcase classname="mergeSMR_North_Zone.Cross_sell_Intrest_cost" name="Compare_GOLD_Of_ZONE_Region_Wise_from_workshop__Wise" time="0.001"/>
  <system-out/>
  <testcase classname="mergeSMR_North_Zone.Cross_sell_Intrest_cost" name="Compare_GOLD_Of_ZONE_Region_Wise_from_Day_Wise" time="0.000"/>
  <system-out/>
  <testcase classname="mergeSMR_North_Zone.Cross_sell_Intrest_cost" name="Compare_GOLD_Of_ZONE_Region_Wise_from_Service_Type_Wise" time="0.000"/>
  <system-out/>
  <testcase classname="mergeSMR_North_Zone.Cross_sell_Intrest_cost" name="Compare_PLATINUM_Of_ZONE_Region_Wise_from_Dealer_parent_Group_Wise" time="0.000"/>
  <system-out/>
  <testcase classname="mergeSMR_North_Zone.Cross_sell_Intrest_cost" name="Compare_PLATINUM_Of_ZONE_Region_Wise_from_workshop__Wise" time="0.000"/>
  <system-out/>
  <testcase classname="mergeSMR_North_Zone.Cross_sell_Intrest_cost" name="Compare_PLATINUM_Of_ZONE_Region_Wise_from_Day_Wise" time="0.000"/>
  <system-out/>
  <testcase classname="mergeSMR_North_Zone.Cross_sell_Intrest_cost" name="Compare_PLATINUM_Of_ZONE_Region_Wise_from_Service_Type_Wise" time="0.001"/>
  <system-out/>
  <testcase classname="mergeSMR_North_Zone.Cross_sell_Intrest_cost" name="Compare_Royal_PLATINUM_Of_ZONE_Region_Wise_from_Dealer_parent_Group_Wise" time="0.000"/>
  <system-out/>
  <testcase classname="mergeSMR_North_Zone.Cross_sell_Intrest_cost" name="Compare_Royal_PLATINUM_Of_ZONE_Region_Wise_from_workshop__Wise" time="0.002"/>
  <system-out/>
  <testcase classname="mergeSMR_North_Zone.Cross_sell_Intrest_cost" name="Compare_Royal_PLATINUM_Of_ZONE_Region_Wise_from_Day_Wise" time="0.000"/>
  <system-out/>
  <testcase classname="mergeSMR_North_Zone.Cross_sell_Intrest_cost" name="Compare_Royal_PLATINUM_Of_ZONE_Region_Wise_from_Service_Type_Wise" time="0.000"/>
  <system-out/>
  <testcase classname="mergeSMR_North_Zone.Cross_sell_Intrest_cost" name="Compare_Total_intrested_sale2_Of_ZONE_Region_Wise_from_Dealer_parent_Group_Wise" time="0.000"/>
  <system-out/>
  <testcase classname="mergeSMR_North_Zone.Cross_sell_Intrest_cost" name="Compare_Total_intrested_sale2_Of_ZONE_Region_Wise_from_workshop__Wise" time="0.000"/>
  <system-out/>
  <testcase classname="mergeSMR_North_Zone.Cross_sell_Intrest_cost" name="Compare_Total_intrested_sale2_Of_ZONE_Region_Wise_from_Day_Wise" time="0.001"/>
  <system-out/>
  <testcase classname="mergeSMR_North_Zone.Cross_sell_Intrest_cost" name="Compare_Total_intrested_sale2_Of_ZONE_Region_Wise_from_Service_Type_Wise" time="0.000"/>
  <system-out/>
  <testcase classname="mergeSMR_North_Zone.Cross_sell_Intrest_cost" name="Compare_YES2_Of_ZONE_Region_Wise_from_Dealer_parent_Group_Wise" time="0.000"/>
  <system-out/>
  <testcase classname="mergeSMR_North_Zone.Cross_sell_Intrest_cost" name="Compare_YES2_Of_ZONE_Region_Wise_from_workshop__Wise" time="0.000"/>
  <system-out/>
  <testcase classname="mergeSMR_North_Zone.Cross_sell_Intrest_cost" name="Compare_YES2_Of_ZONE_Region_Wise_from_Day_Wise" time="0.000"/>
  <system-out/>
  <testcase classname="mergeSMR_North_Zone.Cross_sell_Intrest_cost" name="Compare_YES2_Of_ZONE_Region_Wise_from_Service_Type_Wise" time="0.001"/>
  <system-out/>
  <testcase classname="mergeSMR_North_Zone.Cross_sell_Intrest_cost" name="Compare_Ccp_Hydro_Of_ZONE_Region_Wise_from_Dealer_parent_Group_Wise" time="0.000"/>
  <system-out/>
  <testcase classname="mergeSMR_North_Zone.Cross_sell_Intrest_cost" name="Compare_Ccp_Hydro_Of_ZONE_Region_Wise_from_workshop__Wise" time="0.000"/>
  <system-out/>
  <testcase classname="mergeSMR_North_Zone.Cross_sell_Intrest_cost" name="Compare_Ccp_Hydro_Of_ZONE_Region_Wise_from_Day_Wise" time="0.000"/>
  <system-out/>
  <testcase classname="mergeSMR_North_Zone.Cross_sell_Intrest_cost" name="Compare_Ccp_Hydro_Of_ZONE_Region_Wise_from_Service_Type_Wise" time="0.000"/>
  <system-out/>
  <testcase classname="mergeSMR_North_Zone.Cross_sell_Intrest_cost" name="Compare_Ccp_FUEL_Of_ZONE_Region_Wise_from_Dealer_parent_Group_Wise" time="0.000"/>
  <system-out/>
  <testcase classname="mergeSMR_North_Zone.Cross_sell_Intrest_cost" name="Compare_Ccp_FUEL_Of_ZONE_Region_Wise_from_workshop__Wise" time="0.000"/>
  <system-out/>
  <testcase classname="mergeSMR_North_Zone.Cross_sell_Intrest_cost" name="Compare_Ccp_FUEL_Of_ZONE_Region_Wise_from_Day_Wise" time="0.000"/>
  <system-out/>
  <testcase classname="mergeSMR_North_Zone.Cross_sell_Intrest_cost" name="Compare_Ccp_FUEL_Of_ZONE_Region_Wise_from_Service_Type_Wise" time="0.000"/>
  <system-out/>
  <testcase classname="mergeSMR_North_Zone.Cross_sell_Intrest_cost" name="Compare_Ccp_plus_Of_ZONE_Region_Wise_from_Dealer_parent_Group_Wise" time="0.000"/>
  <system-out/>
  <testcase classname="mergeSMR_North_Zone.Cross_sell_Intrest_cost" name="Compare_Ccp_plus_Of_ZONE_Region_Wise_from_workshop__Wise" time="0.000"/>
  <system-out/>
  <testcase classname="mergeSMR_North_Zone.Cross_sell_Intrest_cost" name="Compare_Ccp_plus_Of_ZONE_Region_Wise_from_Day_Wise" time="0.000"/>
  <system-out/>
  <testcase classname="mergeSMR_North_Zone.Cross_sell_Intrest_cost" name="Compare_Ccp_plus_Of_ZONE_Region_Wise_from_Service_Type_Wise" time="0.000"/>
  <system-out/>
  <testcase classname="mergeSMR_North_Zone.Cross_sell_Intrest_cost" name="Compare_Total_Intrested3_Of_ZONE_Region_Wise_from_Dealer_parent_Group_Wise" time="0.000"/>
  <system-out/>
  <testcase classname="mergeSMR_North_Zone.Cross_sell_Intrest_cost" name="Compare_Total_Intrested3_Of_ZONE_Region_Wise_from_workshop__Wise" time="0.000"/>
  <system-out/>
  <testcase classname="mergeSMR_North_Zone.Cross_sell_Intrest_cost" name="Compare_Total_Intrested3_Of_ZONE_Region_Wise_from_Day_Wise" time="0.000"/>
  <system-out/>
  <testcase classname="mergeSMR_North_Zone.Cross_sell_Intrest_cost" name="Compare_Total_Intrested3_Of_ZONE_Region_Wise_from_Service_Type_Wise" time="0.000"/>
  <system-out/>
  <testcase classname="mergeSMR_North_Zone.Cross_sell_Intrest_cost" name="Compare_Yes3_Of_ZONE_Region_Wise_from_Dealer_parent_Group_Wise" time="0.000"/>
  <system-out/>
  <testcase classname="mergeSMR_North_Zone.Cross_sell_Intrest_cost" name="Compare_Yes3_Of_ZONE_Region_Wise_from_workshop__Wise" time="0.000"/>
  <system-out/>
  <testcase classname="mergeSMR_North_Zone.Cross_sell_Intrest_cost" name="Compare_Yes3_Of_ZONE_Region_Wise_from_Day_Wise" time="0.000"/>
  <system-out/>
  <testcase classname="mergeSMR_North_Zone.Cross_sell_Intrest_cost" name="Compare_Yes3_Of_ZONE_Region_Wise_from_Service_Type_Wise" time="0.001"/>
  <system-out/>
  <testcase classname="mergeSMR_North_Zone.Cross_sell_Intrest_cost" name="Compare_Platinum2_Of_ZONE_Region_Wise_from_Dealer_parent_Group_Wise" time="0.000"/>
  <system-out/>
  <testcase classname="mergeSMR_North_Zone.Cross_sell_Intrest_cost" name="Compare_Platinum2_Of_ZONE_Region_Wise_from_workshop__Wise" time="0.000"/>
  <system-out/>
  <testcase classname="mergeSMR_North_Zone.Cross_sell_Intrest_cost" name="Compare_Platinum2_Of_ZONE_Region_Wise_from_Day_Wise" time="0.000"/>
  <system-out/>
  <testcase classname="mergeSMR_North_Zone.Cross_sell_Intrest_cost" name="Compare_Platinum2_Of_ZONE_Region_Wise_from_Service_Type_Wise" time="0.000"/>
  <system-out/>
  <testcase classname="mergeSMR_North_Zone.Cross_sell_Intrest_cost" name="Compare__Royal_Platinum2_Of_ZONE_Region_Wise_from_Dealer_parent_Group_Wise" time="0.000"/>
  <system-out/>
  <testcase classname="mergeSMR_North_Zone.Cross_sell_Intrest_cost" name="Compare_Royal_Platinum2_Of_ZONE_Region_Wise_from_workshop__Wise" time="0.000"/>
  <system-out/>
  <testcase classname="mergeSMR_North_Zone.Cross_sell_Intrest_cost" name="Compare_Royal_Platinum2_Of_ZONE_Region_Wise_from_Day_Wise" time="0.000"/>
  <system-out/>
  <testcase classname="mergeSMR_North_Zone.Cross_sell_Intrest_cost" name="Compare_Royal_Platinum2_Of_ZONE_Region_Wise_from_Service_Type_Wise" time="0.000"/>
  <system-out/>
  <testcase classname="mergeSMR_North_Zone.Cross_sell_Intrest_cost" name="Compare__Total_intrest_Of_ZONE_Region_Wise_from_Dealer_parent_Group_Wise" time="0.002"/>
  <system-out/>
  <testcase classname="mergeSMR_North_Zone.Cross_sell_Intrest_cost" name="Compare_Total_intrest_Of_ZONE_Region_Wise_from_workshop__Wise" time="0.000"/>
  <system-out/>
  <testcase classname="mergeSMR_North_Zone.Cross_sell_Intrest_cost" name="Compare_Total_intrest_Of_ZONE_Region_Wise_from_Day_Wise" time="0.000"/>
  <system-out/>
  <testcase classname="mergeSMR_North_Zone.Cross_sell_Intrest_cost" name="Compare_Total_intrest_Of_ZONE_Region_Wise_from_Service_Type_Wise" time="0.000"/>
  <system-out/>
  <testcase classname="mergeSMR_North_Zone.Cross_sell_Intrest_cost" name="Compare__YES4_Of_ZONE_Region_Wise_from_Dealer_parent_Group_Wise" time="0.000"/>
  <system-out/>
  <testcase classname="mergeSMR_North_Zone.Cross_sell_Intrest_cost" name="Compare_YES4_Of_ZONE_Region_Wise_from_workshop__Wise" time="0.001"/>
  <system-out/>
  <testcase classname="mergeSMR_North_Zone.Cross_sell_Intrest_cost" name="Compare_YES4_Of_ZONE_Region_Wise_from_Day_Wise" time="0.000"/>
  <system-out/>
  <testcase classname="mergeSMR_North_Zone.Cross_sell_Intrest_cost" name="Compare_YES4_Of_ZONE_Region_Wise_from_Service_Type_Wise" time="0.000"/>
  <system-out/>
  <testcase classname="mergeSMR_North_Zone.Cross_sell_Intrest_cost" name="Compare__CCP_Hydro2_Of_ZONE_Region_Wise_from_Dealer_parent_Group_Wise" time="0.000"/>
  <system-out/>
  <testcase classname="mergeSMR_North_Zone.Cross_sell_Intrest_cost" name="Compare_CCP_Hydro2_Of_ZONE_Region_Wise_from_workshop__Wise" time="0.000"/>
  <system-out/>
  <testcase classname="mergeSMR_North_Zone.Cross_sell_Intrest_cost" name="Compare_CCP_Hydro2_Of_ZONE_Region_Wise_from_Day_Wise" time="0.001"/>
  <system-out/>
  <testcase classname="mergeSMR_North_Zone.Cross_sell_Intrest_cost" name="Compare_CCP_Hydro2_Of_ZONE_Region_Wise_from_Service_Type_Wise" time="0.000"/>
  <system-out/>
  <testcase classname="mergeSMR_North_Zone.Cross_sell_Intrest_cost" name="Compare__CCP_Fuel2_Of_ZONE_Region_Wise_from_Dealer_parent_Group_Wise" time="0.000"/>
  <system-out/>
  <testcase classname="mergeSMR_North_Zone.Cross_sell_Intrest_cost" name="Compare_CCP_Fuel2_Of_ZONE_Region_Wise_from_workshop__Wise" time="0.000"/>
  <system-out/>
  <testcase classname="mergeSMR_North_Zone.Cross_sell_Intrest_cost" name="Compare_CCP_Fuel2_Of_ZONE_Region_Wise_from_Day_Wise" time="0.000"/>
  <system-out/>
  <testcase classname="mergeSMR_North_Zone.Cross_sell_Intrest_cost" name="Compare_CCP_Fuel2_Of_ZONE_Region_Wise_from_Service_Type_Wise" time="0.000"/>
  <system-out/>
  <testcase classname="mergeSMR_North_Zone.Cross_sell_Intrest_cost" name="Compare__CCP_PLUS2_Of_ZONE_Region_Wise_from_Dealer_parent_Group_Wise" time="0.000"/>
  <system-out/>
  <testcase classname="mergeSMR_North_Zone.Cross_sell_Intrest_cost" name="Compare_CCP_PLUS2_Of_ZONE_Region_Wise_from_workshop__Wise" time="0.000"/>
  <system-out/>
  <testcase classname="mergeSMR_North_Zone.Cross_sell_Intrest_cost" name="Compare_CCP_PLUS2_Of_ZONE_Region_Wise_from_Day_Wise" time="0.000"/>
  <system-out/>
  <testcase classname="mergeSMR_North_Zone.Cross_sell_Intrest_cost" name="Compare_CCP_PLUS2_Of_ZONE_Region_Wise_from_Service_Type_Wise" time="0.001"/>
  <system-out/>
</testsuite> <!-- mergeSMR_North_Zone.Cross_sell_Intrest_cost -->
