<?xml version="1.0" encoding="UTF-8"?>
<!-- Generated by org.testng.reporters.JUnitReportReporter -->
<testsuite hostname="DESKTOP-7SBKKJ1" failures="1" tests="12" name="MergeCCM_Reports.SMR_due_Datewise" time="143.515" errors="0" timestamp="2024-11-08T17:26:29 IST" skipped="0">
  <testcase classname="MergeCCM_Reports.SMR_due_Datewise" name="Username" time="1.355"/>
  <system-out/>
  <testcase classname="MergeCCM_Reports.SMR_due_Datewise" name="Password" time="1.395"/>
  <system-out/>
  <testcase classname="MergeCCM_Reports.SMR_due_Datewise" name="Captcha" time="2.272"/>
  <system-out/>
  <testcase classname="MergeCCM_Reports.SMR_due_Datewise" name="SUBMIT_Button" time="2.200"/>
  <system-out/>
  <testcase classname="MergeCCM_Reports.SMR_due_Datewise" name="Click_On_SMR" time="17.582"/>
  <system-out/>
  <testcase classname="MergeCCM_Reports.SMR_due_Datewise" name="Click_Reports" time="7.821"/>
  <system-out/>
  <testcase classname="MergeCCM_Reports.SMR_due_Datewise" name="Click_On_The_Dealer_Parent_Wise" time="25.573"/>
  <system-out/>
  <testcase classname="MergeCCM_Reports.SMR_due_Datewise" name="WorkShop_Wise" time="22.050"/>
  <system-out/>
  <testcase classname="MergeCCM_Reports.SMR_due_Datewise" name="Day_Wise" time="23.152"/>
  <system-out/>
  <testcase classname="MergeCCM_Reports.SMR_due_Datewise" name="Service_Type_Wise" time="20.090"/>
  <system-out/>
  <testcase classname="MergeCCM_Reports.SMR_due_Datewise" name="SMRE_Wise" time="20.017"/>
  <system-out/>
  <testcase classname="MergeCCM_Reports.SMR_due_Datewise" name="Comparison_0f_all_Data" time="0.008">
    <failure message="Compare Reported_Other_of_DealerParentWise_With_Workshop_Wise expected [0] but found [17]" type="java.lang.AssertionError">
      <![CDATA[java.lang.AssertionError: Compare Reported_Other_of_DealerParentWise_With_Workshop_Wise expected [0] but found [17]
at org.testng.Assert.fail(Assert.java:99)
at org.testng.Assert.failNotEquals(Assert.java:1037)
at org.testng.Assert.assertEqualsImpl(Assert.java:140)
at org.testng.Assert.assertEquals(Assert.java:122)
at org.testng.Assert.assertEquals(Assert.java:629)
at MergeCCM_Reports.SMR_due_Datewise.Comparison_0f_all_Data(SMR_due_Datewise.java:396)
at java.base/jdk.internal.reflect.DirectMethodHandleAccessor.invoke(DirectMethodHandleAccessor.java:103)
at java.base/java.lang.reflect.Method.invoke(Method.java:580)
at org.testng.internal.MethodInvocationHelper.invokeMethod(MethodInvocationHelper.java:133)
at org.testng.internal.TestInvoker.invokeMethod(TestInvoker.java:598)
at org.testng.internal.TestInvoker.invokeTestMethod(TestInvoker.java:173)
at org.testng.internal.MethodRunner.runInSequence(MethodRunner.java:46)
at org.testng.internal.TestInvoker$MethodInvocationAgent.invoke(TestInvoker.java:824)
at org.testng.internal.TestInvoker.invokeTestMethods(TestInvoker.java:146)
at org.testng.internal.TestMethodWorker.invokeTestMethods(TestMethodWorker.java:146)
at org.testng.internal.TestMethodWorker.run(TestMethodWorker.java:128)
at java.base/java.util.ArrayList.forEach(ArrayList.java:1597)
at org.testng.TestRunner.privateRun(TestRunner.java:794)
at org.testng.TestRunner.run(TestRunner.java:596)
at org.testng.SuiteRunner.runTest(SuiteRunner.java:377)
at org.testng.SuiteRunner.runSequentially(SuiteRunner.java:371)
at org.testng.SuiteRunner.privateRun(SuiteRunner.java:332)
at org.testng.SuiteRunner.run(SuiteRunner.java:276)
at org.testng.SuiteRunnerWorker.runSuite(SuiteRunnerWorker.java:53)
at org.testng.SuiteRunnerWorker.run(SuiteRunnerWorker.java:96)
at org.testng.TestNG.runSuitesSequentially(TestNG.java:1212)
at org.testng.TestNG.runSuitesLocally(TestNG.java:1134)
at org.testng.TestNG.runSuites(TestNG.java:1063)
at org.testng.TestNG.run(TestNG.java:1031)
at org.testng.remote.AbstractRemoteTestNG.run(AbstractRemoteTestNG.java:115)
at org.testng.remote.RemoteTestNG.initAndRun(RemoteTestNG.java:293)
at org.testng.remote.RemoteTestNG.main(RemoteTestNG.java:91)
]]>
    </failure>
  </testcase> <!-- Comparison_0f_all_Data -->
  <system-out/>
</testsuite> <!-- MergeCCM_Reports.SMR_due_Datewise -->
