<?xml version="1.0" encoding="UTF-8"?>
<!-- Generated by org.testng.reporters.JUnitReportReporter -->
<testsuite hostname="DESKTOP-7SBKKJ1" failures="2" tests="12" name="cCM_Reports.Smart_Eye_Overall_Performace" time="129.080" errors="0" timestamp="2024-10-24T10:28:08 IST" skipped="0">
  <testcase classname="cCM_Reports.Smart_Eye_Overall_Performace" name="Username" time="1.441"/>
  <system-out/>
  <testcase classname="cCM_Reports.Smart_Eye_Overall_Performace" name="Password" time="1.415"/>
  <system-out/>
  <testcase classname="cCM_Reports.Smart_Eye_Overall_Performace" name="Captcha" time="2.303"/>
  <system-out/>
  <testcase classname="cCM_Reports.Smart_Eye_Overall_Performace" name="SUBMIT_Button" time="2.198"/>
  <system-out/>
  <testcase classname="cCM_Reports.Smart_Eye_Overall_Performace" name="Click_On_SMR" time="23.202"/>
  <system-out/>
  <testcase classname="cCM_Reports.Smart_Eye_Overall_Performace" name="Click_Reports" time="3.244"/>
  <system-out/>
  <testcase classname="cCM_Reports.Smart_Eye_Overall_Performace" name="Click_On_Smart_Eye_Overall_Performace" time="16.143"/>
  <system-out/>
  <testcase classname="cCM_Reports.Smart_Eye_Overall_Performace" name="Workshop_Wise_Tab" time="21.979"/>
  <system-out/>
  <testcase classname="cCM_Reports.Smart_Eye_Overall_Performace" name="Day_Wise_Tab" time="21.817"/>
  <system-out/>
  <testcase classname="cCM_Reports.Smart_Eye_Overall_Performace" name="Dealer_Parent_Group_Wise_Tab" time="6.590">
    <failure message="No Data Found for Dealer Parent Group Wise In-Smart_Eye_Overall_Performance  empty String" type="java.lang.AssertionError">
      <![CDATA[java.lang.AssertionError: No Data Found for Dealer Parent Group Wise In-Smart_Eye_Overall_Performance  empty String
at org.testng.Assert.fail(Assert.java:99)
at cCM_Reports.Smart_Eye_Overall_Performace.Dealer_Parent_Group_Wise_Tab(Smart_Eye_Overall_Performace.java:187)
at java.base/jdk.internal.reflect.DirectMethodHandleAccessor.invoke(DirectMethodHandleAccessor.java:103)
at java.base/java.lang.reflect.Method.invoke(Method.java:580)
at org.testng.internal.MethodInvocationHelper.invokeMethod(MethodInvocationHelper.java:133)
at org.testng.internal.TestInvoker.invokeMethod(TestInvoker.java:598)
at org.testng.internal.TestInvoker.invokeTestMethod(TestInvoker.java:173)
at org.testng.internal.MethodRunner.runInSequence(MethodRunner.java:46)
at org.testng.internal.TestInvoker$MethodInvocationAgent.invoke(TestInvoker.java:824)
at org.testng.internal.TestInvoker.invokeTestMethods(TestInvoker.java:146)
at org.testng.internal.TestMethodWorker.invokeTestMethods(TestMethodWorker.java:146)
at org.testng.internal.TestMethodWorker.run(TestMethodWorker.java:128)
at java.base/java.util.ArrayList.forEach(ArrayList.java:1597)
at org.testng.TestRunner.privateRun(TestRunner.java:794)
at org.testng.TestRunner.run(TestRunner.java:596)
at org.testng.SuiteRunner.runTest(SuiteRunner.java:377)
at org.testng.SuiteRunner.runSequentially(SuiteRunner.java:371)
at org.testng.SuiteRunner.privateRun(SuiteRunner.java:332)
at org.testng.SuiteRunner.run(SuiteRunner.java:276)
at org.testng.SuiteRunnerWorker.runSuite(SuiteRunnerWorker.java:53)
at org.testng.SuiteRunnerWorker.run(SuiteRunnerWorker.java:96)
at org.testng.TestNG.runSuitesSequentially(TestNG.java:1212)
at org.testng.TestNG.runSuitesLocally(TestNG.java:1134)
at org.testng.TestNG.runSuites(TestNG.java:1063)
at org.testng.TestNG.run(TestNG.java:1031)
at org.testng.remote.AbstractRemoteTestNG.run(AbstractRemoteTestNG.java:115)
at org.testng.remote.RemoteTestNG.initAndRun(RemoteTestNG.java:293)
at org.testng.remote.RemoteTestNG.main(RemoteTestNG.java:91)
]]>
    </failure>
  </testcase> <!-- Dealer_Parent_Group_Wise_Tab -->
  <system-out/>
  <testcase classname="cCM_Reports.Smart_Eye_Overall_Performace" name="Service_Type_Wise_Tab" time="28.748"/>
  <system-out/>
  <testcase classname="cCM_Reports.Smart_Eye_Overall_Performace" name="Comparison_0f_all_Data" time="0.000">
    <failure message="Compare TotalJCOpen_A_of_DealerParentWise_With_Workshop_Wise expected [158] but found []" type="java.lang.AssertionError">
      <![CDATA[java.lang.AssertionError: Compare TotalJCOpen_A_of_DealerParentWise_With_Workshop_Wise expected [158] but found []
at org.testng.Assert.fail(Assert.java:99)
at org.testng.Assert.failNotEquals(Assert.java:1037)
at org.testng.Assert.assertEqualsImpl(Assert.java:140)
at org.testng.Assert.assertEquals(Assert.java:122)
at org.testng.Assert.assertEquals(Assert.java:629)
at cCM_Reports.Smart_Eye_Overall_Performace.Comparison_0f_all_Data(Smart_Eye_Overall_Performace.java:392)
at java.base/jdk.internal.reflect.DirectMethodHandleAccessor.invoke(DirectMethodHandleAccessor.java:103)
at java.base/java.lang.reflect.Method.invoke(Method.java:580)
at org.testng.internal.MethodInvocationHelper.invokeMethod(MethodInvocationHelper.java:133)
at org.testng.internal.TestInvoker.invokeMethod(TestInvoker.java:598)
at org.testng.internal.TestInvoker.invokeTestMethod(TestInvoker.java:173)
at org.testng.internal.MethodRunner.runInSequence(MethodRunner.java:46)
at org.testng.internal.TestInvoker$MethodInvocationAgent.invoke(TestInvoker.java:824)
at org.testng.internal.TestInvoker.invokeTestMethods(TestInvoker.java:146)
at org.testng.internal.TestMethodWorker.invokeTestMethods(TestMethodWorker.java:146)
at org.testng.internal.TestMethodWorker.run(TestMethodWorker.java:128)
at java.base/java.util.ArrayList.forEach(ArrayList.java:1597)
at org.testng.TestRunner.privateRun(TestRunner.java:794)
at org.testng.TestRunner.run(TestRunner.java:596)
at org.testng.SuiteRunner.runTest(SuiteRunner.java:377)
at org.testng.SuiteRunner.runSequentially(SuiteRunner.java:371)
at org.testng.SuiteRunner.privateRun(SuiteRunner.java:332)
at org.testng.SuiteRunner.run(SuiteRunner.java:276)
at org.testng.SuiteRunnerWorker.runSuite(SuiteRunnerWorker.java:53)
at org.testng.SuiteRunnerWorker.run(SuiteRunnerWorker.java:96)
at org.testng.TestNG.runSuitesSequentially(TestNG.java:1212)
at org.testng.TestNG.runSuitesLocally(TestNG.java:1134)
at org.testng.TestNG.runSuites(TestNG.java:1063)
at org.testng.TestNG.run(TestNG.java:1031)
at org.testng.remote.AbstractRemoteTestNG.run(AbstractRemoteTestNG.java:115)
at org.testng.remote.RemoteTestNG.initAndRun(RemoteTestNG.java:293)
at org.testng.remote.RemoteTestNG.main(RemoteTestNG.java:91)
]]>
    </failure>
  </testcase> <!-- Comparison_0f_all_Data -->
  <system-out/>
</testsuite> <!-- cCM_Reports.Smart_Eye_Overall_Performace -->
