<?xml version="1.0" encoding="UTF-8"?>
<!-- Generated by org.testng.reporters.JUnitReportReporter -->
<testsuite hostname="DESKTOP-7SBKKJ1" failures="1" tests="12" name="PSf_Static_Report_and_Call_Dispostion.Prelimnary_NPS_report_DEMO" time="136.878" errors="0" timestamp="2024-11-25T12:35:23 IST" skipped="0">
  <testcase classname="PSf_Static_Report_and_Call_Dispostion.Prelimnary_NPS_report_DEMO" name="Username" time="1.121"/>
  <system-out/>
  <testcase classname="PSf_Static_Report_and_Call_Dispostion.Prelimnary_NPS_report_DEMO" name="Password" time="1.223"/>
  <system-out/>
  <testcase classname="PSf_Static_Report_and_Call_Dispostion.Prelimnary_NPS_report_DEMO" name="Captcha" time="2.134"/>
  <system-out/>
  <testcase classname="PSf_Static_Report_and_Call_Dispostion.Prelimnary_NPS_report_DEMO" name="SUBMIT_Button" time="2.091"/>
  <system-out/>
  <testcase classname="PSf_Static_Report_and_Call_Dispostion.Prelimnary_NPS_report_DEMO" name="Click_On_PSF" time="43.736"/>
  <system-out/>
  <testcase classname="PSf_Static_Report_and_Call_Dispostion.Prelimnary_NPS_report_DEMO" name="Remove_PouP" time="1.102"/>
  <system-out/>
  <testcase classname="PSf_Static_Report_and_Call_Dispostion.Prelimnary_NPS_report_DEMO" name="Click_On_Static_Reports" time="1.108"/>
  <system-out/>
  <testcase classname="PSf_Static_Report_and_Call_Dispostion.Prelimnary_NPS_report_DEMO" name="Click_On_Preliminary_NPS_Report" time="5.104"/>
  <system-out/>
  <testcase classname="PSf_Static_Report_and_Call_Dispostion.Prelimnary_NPS_report_DEMO" name="Click_On_Workshop" time="29.988"/>
  <system-out/>
  <testcase classname="PSf_Static_Report_and_Call_Dispostion.Prelimnary_NPS_report_DEMO" name="Click_On_Day_Wise" time="24.616"/>
  <system-out/>
  <testcase classname="PSf_Static_Report_and_Call_Dispostion.Prelimnary_NPS_report_DEMO" name="Click_On_Service_Type_Wise" time="24.640"/>
  <system-out/>
  <testcase classname="PSf_Static_Report_and_Call_Dispostion.Prelimnary_NPS_report_DEMO" name="Comparison_0f_all_Data" time="0.015">
    <failure message="Compare Percent_Promoter_of_workshopWise_With_dayWise expected [50 %] but found [50%]" type="java.lang.AssertionError">
      <![CDATA[java.lang.AssertionError: Compare Percent_Promoter_of_workshopWise_With_dayWise expected [50 %] but found [50%]
at org.testng.Assert.fail(Assert.java:99)
at org.testng.Assert.failNotEquals(Assert.java:1037)
at org.testng.Assert.assertEqualsImpl(Assert.java:140)
at org.testng.Assert.assertEquals(Assert.java:122)
at org.testng.Assert.assertEquals(Assert.java:629)
at PSf_Static_Report_and_Call_Dispostion.Prelimnary_NPS_report_DEMO.Comparison_0f_all_Data(Prelimnary_NPS_report_DEMO.java:310)
at java.base/jdk.internal.reflect.DirectMethodHandleAccessor.invoke(DirectMethodHandleAccessor.java:103)
at java.base/java.lang.reflect.Method.invoke(Method.java:580)
at org.testng.internal.MethodInvocationHelper.invokeMethod(MethodInvocationHelper.java:133)
at org.testng.internal.TestInvoker.invokeMethod(TestInvoker.java:598)
at org.testng.internal.TestInvoker.invokeTestMethod(TestInvoker.java:173)
at org.testng.internal.MethodRunner.runInSequence(MethodRunner.java:46)
at org.testng.internal.TestInvoker$MethodInvocationAgent.invoke(TestInvoker.java:824)
at org.testng.internal.TestInvoker.invokeTestMethods(TestInvoker.java:146)
at org.testng.internal.TestMethodWorker.invokeTestMethods(TestMethodWorker.java:146)
at org.testng.internal.TestMethodWorker.run(TestMethodWorker.java:128)
at java.base/java.util.ArrayList.forEach(ArrayList.java:1597)
at org.testng.TestRunner.privateRun(TestRunner.java:794)
at org.testng.TestRunner.run(TestRunner.java:596)
at org.testng.SuiteRunner.runTest(SuiteRunner.java:377)
at org.testng.SuiteRunner.runSequentially(SuiteRunner.java:371)
at org.testng.SuiteRunner.privateRun(SuiteRunner.java:332)
at org.testng.SuiteRunner.run(SuiteRunner.java:276)
at org.testng.SuiteRunnerWorker.runSuite(SuiteRunnerWorker.java:53)
at org.testng.SuiteRunnerWorker.run(SuiteRunnerWorker.java:96)
at org.testng.TestNG.runSuitesSequentially(TestNG.java:1212)
at org.testng.TestNG.runSuitesLocally(TestNG.java:1134)
at org.testng.TestNG.runSuites(TestNG.java:1063)
at org.testng.TestNG.run(TestNG.java:1031)
at org.testng.remote.AbstractRemoteTestNG.run(AbstractRemoteTestNG.java:115)
at org.testng.remote.RemoteTestNG.initAndRun(RemoteTestNG.java:293)
at org.testng.remote.RemoteTestNG.main(RemoteTestNG.java:91)
]]>
    </failure>
  </testcase> <!-- Comparison_0f_all_Data -->
  <system-out/>
</testsuite> <!-- PSf_Static_Report_and_Call_Dispostion.Prelimnary_NPS_report_DEMO -->
