<?xml version="1.0" encoding="UTF-8"?>
<!-- Generated by org.testng.reporters.JUnitReportReporter -->
<testsuite hostname="DESKTOP-7SBKKJ1" failures="0" tests="7" name="PSf_Static_Report_and_Call_Dispostion.Not_Picked_Up_of_Service_Rating" time="53.475" errors="1" timestamp="2024-11-25T14:09:34 IST" skipped="0">
  <testcase classname="PSf_Static_Report_and_Call_Dispostion.Not_Picked_Up_of_Service_Rating" name="Username" time="1.266"/>
  <system-out/>
  <testcase classname="PSf_Static_Report_and_Call_Dispostion.Not_Picked_Up_of_Service_Rating" name="Password" time="1.578"/>
  <system-out/>
  <testcase classname="PSf_Static_Report_and_Call_Dispostion.Not_Picked_Up_of_Service_Rating" name="Captcha" time="2.257"/>
  <system-out/>
  <testcase classname="PSf_Static_Report_and_Call_Dispostion.Not_Picked_Up_of_Service_Rating" name="SUBMIT_Button" time="2.217"/>
  <system-out/>
  <testcase classname="PSf_Static_Report_and_Call_Dispostion.Not_Picked_Up_of_Service_Rating" name="Click_On_PSF" time="22.719"/>
  <system-out/>
  <testcase classname="PSf_Static_Report_and_Call_Dispostion.Not_Picked_Up_of_Service_Rating" name="Remove_PouP" time="1.160"/>
  <system-out/>
  <testcase classname="PSf_Static_Report_and_Call_Dispostion.Not_Picked_Up_of_Service_Rating" name="PSF_Calibration_Due" time="22.278">
    <error message="element click intercepted: Element &lt;span _ngcontent-vkn-c188=&quot;&quot; style=&quot;transform: rotateZ(-600deg);&quot;&gt;...&lt;/span&gt; is not clickable at point (578, 300). Other element would receive the click: &lt;div _ngcontent-vkn-c188=&quot;&quot; class=&quot;clock-face__number clock-face__number--inner ng-star-inserted&quot; style=&quot;height: 85px; transform: rotateZ(630deg) translateX(-50%);&quot;&gt;...&lt;/div&gt;
  (Session info: chrome=131.0.6778.86)
Build info: version: &#039;4.21.0&#039;, revision: &#039;79ed462ef4&#039;
System info: os.name: &#039;Windows 11&#039;, os.arch: &#039;amd64&#039;, os.version: &#039;10.0&#039;, java.version: &#039;22.0.1&#039;
Driver info: org.openqa.selenium.chrome.ChromeDriver
Command: [3be3ddd978f3a910ad9ebbaebf73e294, clickElement {id=f.A86C4AE7FA185FB20FCAAEBF2FBA86FD.d.58C0E6C8AC3CE8B7EF32C21A5B29021A.e.964}]
Capabilities {acceptInsecureCerts: false, browserName: chrome, browserVersion: 131.0.6778.86, chrome: {chromedriverVersion: 131.0.6778.85 (3d81e41b6f3a..., userDataDir: C:\WINDOWS\TEMP\scoped_dir2...}, fedcm:accounts: true, goog:chromeOptions: {debuggerAddress: localhost:61488}, networkConnectionEnabled: false, pageLoadStrategy: normal, platformName: windows, proxy: Proxy(), se:cdp: ws://localhost:61488/devtoo..., se:cdpVersion: 131.0.6778.86, setWindowRect: true, strictFileInteractability: false, timeouts: {implicit: 0, pageLoad: 300000, script: 30000}, unhandledPromptBehavior: dismiss and notify, webauthn:extension:credBlob: true, webauthn:extension:largeBlob: true, webauthn:extension:minPinLength: true, webauthn:extension:prf: true, webauthn:virtualAuthenticators: true}
Element: [[ChromeDriver: chrome on windows (3be3ddd978f3a910ad9ebbaebf73e294)] -&gt; xpath: //*[text()=&quot; 20&quot;]]
Session ID: 3be3ddd978f3a910ad9ebbaebf73e294" type="org.openqa.selenium.ElementClickInterceptedException">
      <![CDATA[org.openqa.selenium.ElementClickInterceptedException: element click intercepted: Element <span _ngcontent-vkn-c188="" style="transform: rotateZ(-600deg);">...</span> is not clickable at point (578, 300). Other element would receive the click: <div _ngcontent-vkn-c188="" class="clock-face__number clock-face__number--inner ng-star-inserted" style="height: 85px; transform: rotateZ(630deg) translateX(-50%);">...</div>
  (Session info: chrome=131.0.6778.86)
Build info: version: '4.21.0', revision: '79ed462ef4'
System info: os.name: 'Windows 11', os.arch: 'amd64', os.version: '10.0', java.version: '22.0.1'
Driver info: org.openqa.selenium.chrome.ChromeDriver
Command: [3be3ddd978f3a910ad9ebbaebf73e294, clickElement {id=f.A86C4AE7FA185FB20FCAAEBF2FBA86FD.d.58C0E6C8AC3CE8B7EF32C21A5B29021A.e.964}]
Capabilities {acceptInsecureCerts: false, browserName: chrome, browserVersion: 131.0.6778.86, chrome: {chromedriverVersion: 131.0.6778.85 (3d81e41b6f3a..., userDataDir: C:\WINDOWS\TEMP\scoped_dir2...}, fedcm:accounts: true, goog:chromeOptions: {debuggerAddress: localhost:61488}, networkConnectionEnabled: false, pageLoadStrategy: normal, platformName: windows, proxy: Proxy(), se:cdp: ws://localhost:61488/devtoo..., se:cdpVersion: 131.0.6778.86, setWindowRect: true, strictFileInteractability: false, timeouts: {implicit: 0, pageLoad: 300000, script: 30000}, unhandledPromptBehavior: dismiss and notify, webauthn:extension:credBlob: true, webauthn:extension:largeBlob: true, webauthn:extension:minPinLength: true, webauthn:extension:prf: true, webauthn:virtualAuthenticators: true}
Element: [[ChromeDriver: chrome on windows (3be3ddd978f3a910ad9ebbaebf73e294)] -> xpath: //*[text()=" 20"]]
Session ID: 3be3ddd978f3a910ad9ebbaebf73e294
at java.base/jdk.internal.reflect.DirectConstructorHandleAccessor.newInstance(DirectConstructorHandleAccessor.java:62)
at java.base/java.lang.reflect.Constructor.newInstanceWithCaller(Constructor.java:502)
at java.base/java.lang.reflect.Constructor.newInstance(Constructor.java:486)
at org.openqa.selenium.remote.ErrorCodec.decode(ErrorCodec.java:167)
at org.openqa.selenium.remote.codec.w3c.W3CHttpResponseCodec.decode(W3CHttpResponseCodec.java:138)
at org.openqa.selenium.remote.codec.w3c.W3CHttpResponseCodec.decode(W3CHttpResponseCodec.java:50)
at org.openqa.selenium.remote.HttpCommandExecutor.execute(HttpCommandExecutor.java:190)
at org.openqa.selenium.remote.service.DriverCommandExecutor.invokeExecute(DriverCommandExecutor.java:216)
at org.openqa.selenium.remote.service.DriverCommandExecutor.execute(DriverCommandExecutor.java:174)
at org.openqa.selenium.remote.RemoteWebDriver.execute(RemoteWebDriver.java:518)
at org.openqa.selenium.remote.RemoteWebElement.execute(RemoteWebElement.java:223)
at org.openqa.selenium.remote.RemoteWebElement.click(RemoteWebElement.java:76)
at PSf_Static_Report_and_Call_Dispostion.Not_Picked_Up_of_Service_Rating.PSF_Calibration_Due(Not_Picked_Up_of_Service_Rating.java:75)
at java.base/jdk.internal.reflect.DirectMethodHandleAccessor.invoke(DirectMethodHandleAccessor.java:103)
at java.base/java.lang.reflect.Method.invoke(Method.java:580)
at org.testng.internal.MethodInvocationHelper.invokeMethod(MethodInvocationHelper.java:133)
at org.testng.internal.TestInvoker.invokeMethod(TestInvoker.java:598)
at org.testng.internal.TestInvoker.invokeTestMethod(TestInvoker.java:173)
at org.testng.internal.MethodRunner.runInSequence(MethodRunner.java:46)
at org.testng.internal.TestInvoker$MethodInvocationAgent.invoke(TestInvoker.java:824)
at org.testng.internal.TestInvoker.invokeTestMethods(TestInvoker.java:146)
at org.testng.internal.TestMethodWorker.invokeTestMethods(TestMethodWorker.java:146)
at org.testng.internal.TestMethodWorker.run(TestMethodWorker.java:128)
at java.base/java.util.ArrayList.forEach(ArrayList.java:1597)
at org.testng.TestRunner.privateRun(TestRunner.java:794)
at org.testng.TestRunner.run(TestRunner.java:596)
at org.testng.SuiteRunner.runTest(SuiteRunner.java:377)
at org.testng.SuiteRunner.runSequentially(SuiteRunner.java:371)
at org.testng.SuiteRunner.privateRun(SuiteRunner.java:332)
at org.testng.SuiteRunner.run(SuiteRunner.java:276)
at org.testng.SuiteRunnerWorker.runSuite(SuiteRunnerWorker.java:53)
at org.testng.SuiteRunnerWorker.run(SuiteRunnerWorker.java:96)
at org.testng.TestNG.runSuitesSequentially(TestNG.java:1212)
at org.testng.TestNG.runSuitesLocally(TestNG.java:1134)
at org.testng.TestNG.runSuites(TestNG.java:1063)
at org.testng.TestNG.run(TestNG.java:1031)
at org.testng.remote.AbstractRemoteTestNG.run(AbstractRemoteTestNG.java:115)
at org.testng.remote.RemoteTestNG.initAndRun(RemoteTestNG.java:293)
at org.testng.remote.RemoteTestNG.main(RemoteTestNG.java:91)
]]>
    </error>
  </testcase> <!-- PSF_Calibration_Due -->
  <system-out/>
</testsuite> <!-- PSf_Static_Report_and_Call_Dispostion.Not_Picked_Up_of_Service_Rating -->
