<?xml version="1.0" encoding="UTF-8"?>
<!-- Generated by org.testng.reporters.JUnitReportReporter -->
<testsuite hostname="DESKTOP-7SBKKJ1" failures="3" tests="11" name="cCM_Reports.Ew_CCp_Bot_Lead_Conversion" time="102.639" errors="0" timestamp="2024-10-23T10:00:48 IST" skipped="0">
  <testcase classname="cCM_Reports.Ew_CCp_Bot_Lead_Conversion" name="Username" time="1.484"/>
  <system-out/>
  <testcase classname="cCM_Reports.Ew_CCp_Bot_Lead_Conversion" name="Password" time="1.374"/>
  <system-out/>
  <testcase classname="cCM_Reports.Ew_CCp_Bot_Lead_Conversion" name="Captcha" time="2.251"/>
  <system-out/>
  <testcase classname="cCM_Reports.Ew_CCp_Bot_Lead_Conversion" name="SUBMIT_Button" time="2.151"/>
  <system-out/>
  <testcase classname="cCM_Reports.Ew_CCp_Bot_Lead_Conversion" name="Click_On_SMR" time="22.710"/>
  <system-out/>
  <testcase classname="cCM_Reports.Ew_CCp_Bot_Lead_Conversion" name="Click_Reports" time="1.094"/>
  <system-out/>
  <testcase classname="cCM_Reports.Ew_CCp_Bot_Lead_Conversion" name="Click_On_EW_CCP_bot_Lead_CONVERSION_REPORT" time="4.096"/>
  <system-out/>
  <testcase classname="cCM_Reports.Ew_CCp_Bot_Lead_Conversion" name="Dealer_Parent_Group_Wise_Tab" time="22.018">
    <failure message="No Data Found for Dealer Parent Group Wise In EW-CCP-lead conversion_Report : 0" type="java.lang.AssertionError">
      <![CDATA[java.lang.AssertionError: No Data Found for Dealer Parent Group Wise In EW-CCP-lead conversion_Report : 0
at org.testng.Assert.fail(Assert.java:99)
at cCM_Reports.Ew_CCp_Bot_Lead_Conversion.Dealer_Parent_Group_Wise_Tab(Ew_CCp_Bot_Lead_Conversion.java:178)
at java.base/jdk.internal.reflect.DirectMethodHandleAccessor.invoke(DirectMethodHandleAccessor.java:103)
at java.base/java.lang.reflect.Method.invoke(Method.java:580)
at org.testng.internal.MethodInvocationHelper.invokeMethod(MethodInvocationHelper.java:133)
at org.testng.internal.TestInvoker.invokeMethod(TestInvoker.java:598)
at org.testng.internal.TestInvoker.invokeTestMethod(TestInvoker.java:173)
at org.testng.internal.MethodRunner.runInSequence(MethodRunner.java:46)
at org.testng.internal.TestInvoker$MethodInvocationAgent.invoke(TestInvoker.java:824)
at org.testng.internal.TestInvoker.invokeTestMethods(TestInvoker.java:146)
at org.testng.internal.TestMethodWorker.invokeTestMethods(TestMethodWorker.java:146)
at org.testng.internal.TestMethodWorker.run(TestMethodWorker.java:128)
at java.base/java.util.ArrayList.forEach(ArrayList.java:1597)
at org.testng.TestRunner.privateRun(TestRunner.java:794)
at org.testng.TestRunner.run(TestRunner.java:596)
at org.testng.SuiteRunner.runTest(SuiteRunner.java:377)
at org.testng.SuiteRunner.runSequentially(SuiteRunner.java:371)
at org.testng.SuiteRunner.privateRun(SuiteRunner.java:332)
at org.testng.SuiteRunner.run(SuiteRunner.java:276)
at org.testng.SuiteRunnerWorker.runSuite(SuiteRunnerWorker.java:53)
at org.testng.SuiteRunnerWorker.run(SuiteRunnerWorker.java:96)
at org.testng.TestNG.runSuitesSequentially(TestNG.java:1212)
at org.testng.TestNG.runSuitesLocally(TestNG.java:1134)
at org.testng.TestNG.runSuites(TestNG.java:1063)
at org.testng.TestNG.run(TestNG.java:1031)
at org.testng.remote.AbstractRemoteTestNG.run(AbstractRemoteTestNG.java:115)
at org.testng.remote.RemoteTestNG.initAndRun(RemoteTestNG.java:293)
at org.testng.remote.RemoteTestNG.main(RemoteTestNG.java:91)
]]>
    </failure>
  </testcase> <!-- Dealer_Parent_Group_Wise_Tab -->
  <system-out/>
  <testcase classname="cCM_Reports.Ew_CCp_Bot_Lead_Conversion" name="Workshop_Wise_Tab" time="22.689">
    <failure message="No Data Found for Workshop_Wise Wise In EW-CCP-lead conversion_Report : 0" type="java.lang.AssertionError">
      <![CDATA[java.lang.AssertionError: No Data Found for Workshop_Wise Wise In EW-CCP-lead conversion_Report : 0
at org.testng.Assert.fail(Assert.java:99)
at cCM_Reports.Ew_CCp_Bot_Lead_Conversion.Workshop_Wise_Tab(Ew_CCp_Bot_Lead_Conversion.java:229)
at java.base/jdk.internal.reflect.DirectMethodHandleAccessor.invoke(DirectMethodHandleAccessor.java:103)
at java.base/java.lang.reflect.Method.invoke(Method.java:580)
at org.testng.internal.MethodInvocationHelper.invokeMethod(MethodInvocationHelper.java:133)
at org.testng.internal.TestInvoker.invokeMethod(TestInvoker.java:598)
at org.testng.internal.TestInvoker.invokeTestMethod(TestInvoker.java:173)
at org.testng.internal.MethodRunner.runInSequence(MethodRunner.java:46)
at org.testng.internal.TestInvoker$MethodInvocationAgent.invoke(TestInvoker.java:824)
at org.testng.internal.TestInvoker.invokeTestMethods(TestInvoker.java:146)
at org.testng.internal.TestMethodWorker.invokeTestMethods(TestMethodWorker.java:146)
at org.testng.internal.TestMethodWorker.run(TestMethodWorker.java:128)
at java.base/java.util.ArrayList.forEach(ArrayList.java:1597)
at org.testng.TestRunner.privateRun(TestRunner.java:794)
at org.testng.TestRunner.run(TestRunner.java:596)
at org.testng.SuiteRunner.runTest(SuiteRunner.java:377)
at org.testng.SuiteRunner.runSequentially(SuiteRunner.java:371)
at org.testng.SuiteRunner.privateRun(SuiteRunner.java:332)
at org.testng.SuiteRunner.run(SuiteRunner.java:276)
at org.testng.SuiteRunnerWorker.runSuite(SuiteRunnerWorker.java:53)
at org.testng.SuiteRunnerWorker.run(SuiteRunnerWorker.java:96)
at org.testng.TestNG.runSuitesSequentially(TestNG.java:1212)
at org.testng.TestNG.runSuitesLocally(TestNG.java:1134)
at org.testng.TestNG.runSuites(TestNG.java:1063)
at org.testng.TestNG.run(TestNG.java:1031)
at org.testng.remote.AbstractRemoteTestNG.run(AbstractRemoteTestNG.java:115)
at org.testng.remote.RemoteTestNG.initAndRun(RemoteTestNG.java:293)
at org.testng.remote.RemoteTestNG.main(RemoteTestNG.java:91)
]]>
    </failure>
  </testcase> <!-- Workshop_Wise_Tab -->
  <system-out/>
  <testcase classname="cCM_Reports.Ew_CCp_Bot_Lead_Conversion" name="Day_Wise_Tab" time="22.770">
    <failure message="No Data Found for Day_Wise Wise In EW-CCP-lead conversion_Report : 0" type="java.lang.AssertionError">
      <![CDATA[java.lang.AssertionError: No Data Found for Day_Wise Wise In EW-CCP-lead conversion_Report : 0
at org.testng.Assert.fail(Assert.java:99)
at cCM_Reports.Ew_CCp_Bot_Lead_Conversion.Day_Wise_Tab(Ew_CCp_Bot_Lead_Conversion.java:279)
at java.base/jdk.internal.reflect.DirectMethodHandleAccessor.invoke(DirectMethodHandleAccessor.java:103)
at java.base/java.lang.reflect.Method.invoke(Method.java:580)
at org.testng.internal.MethodInvocationHelper.invokeMethod(MethodInvocationHelper.java:133)
at org.testng.internal.TestInvoker.invokeMethod(TestInvoker.java:598)
at org.testng.internal.TestInvoker.invokeTestMethod(TestInvoker.java:173)
at org.testng.internal.MethodRunner.runInSequence(MethodRunner.java:46)
at org.testng.internal.TestInvoker$MethodInvocationAgent.invoke(TestInvoker.java:824)
at org.testng.internal.TestInvoker.invokeTestMethods(TestInvoker.java:146)
at org.testng.internal.TestMethodWorker.invokeTestMethods(TestMethodWorker.java:146)
at org.testng.internal.TestMethodWorker.run(TestMethodWorker.java:128)
at java.base/java.util.ArrayList.forEach(ArrayList.java:1597)
at org.testng.TestRunner.privateRun(TestRunner.java:794)
at org.testng.TestRunner.run(TestRunner.java:596)
at org.testng.SuiteRunner.runTest(SuiteRunner.java:377)
at org.testng.SuiteRunner.runSequentially(SuiteRunner.java:371)
at org.testng.SuiteRunner.privateRun(SuiteRunner.java:332)
at org.testng.SuiteRunner.run(SuiteRunner.java:276)
at org.testng.SuiteRunnerWorker.runSuite(SuiteRunnerWorker.java:53)
at org.testng.SuiteRunnerWorker.run(SuiteRunnerWorker.java:96)
at org.testng.TestNG.runSuitesSequentially(TestNG.java:1212)
at org.testng.TestNG.runSuitesLocally(TestNG.java:1134)
at org.testng.TestNG.runSuites(TestNG.java:1063)
at org.testng.TestNG.run(TestNG.java:1031)
at org.testng.remote.AbstractRemoteTestNG.run(AbstractRemoteTestNG.java:115)
at org.testng.remote.RemoteTestNG.initAndRun(RemoteTestNG.java:293)
at org.testng.remote.RemoteTestNG.main(RemoteTestNG.java:91)
]]>
    </failure>
  </testcase> <!-- Day_Wise_Tab -->
  <system-out/>
  <testcase classname="cCM_Reports.Ew_CCp_Bot_Lead_Conversion" name="Comparison_0f_all_Data" time="0.002"/>
  <system-out/>
</testsuite> <!-- cCM_Reports.Ew_CCp_Bot_Lead_Conversion -->
